Copyright 1986-2016 Xilinx, Inc. All Rights Reserved.
---------------------------------------------------------------------------------------------
| Tool Version : Vivado v.2016.4 (lin64) Build 1733598 Wed Dec 14 22:35:42 MST 2016
| Date         : Thu Jun  8 11:19:44 2017
| Host         : HyperSilicon running 64-bit CentOS release 6.4 (Final)
| Command      : report_control_sets -verbose -file zynq_iic_wrapper_control_sets_placed.rpt
| Design       : zynq_iic_wrapper
| Device       : xc7z045
---------------------------------------------------------------------------------------------

Control Set Information

Table of Contents
-----------------
1. Summary
2. Flip-Flop Distribution
3. Detailed Control Set Information

1. Summary
----------

+----------------------------------------------------------+-------+
|                          Status                          | Count |
+----------------------------------------------------------+-------+
| Number of unique control sets                            |    44 |
| Unused register locations in slices containing registers |   131 |
+----------------------------------------------------------+-------+


2. Flip-Flop Distribution
-------------------------

+--------------+-----------------------+------------------------+-----------------+--------------+
| Clock Enable | Synchronous Set/Reset | Asynchronous Set/Reset | Total Registers | Total Slices |
+--------------+-----------------------+------------------------+-----------------+--------------+
| No           | No                    | No                     |             153 |           46 |
| No           | No                    | Yes                    |               0 |            0 |
| No           | Yes                   | No                     |             153 |           49 |
| Yes          | No                    | No                     |             423 |           94 |
| Yes          | No                    | Yes                    |               0 |            0 |
| Yes          | Yes                   | No                     |              68 |           20 |
+--------------+-----------------------+------------------------+-----------------+--------------+


3. Detailed Control Set Information
-----------------------------------

+-------------------------------------------------+-----------------------------------------------------------------------------------------------------------------------------------------------------------------+--------------------------------------------------------------------------------------------------------------------------------------------+------------------+----------------+
|                   Clock Signal                  |                                                                          Enable Signal                                                                          |                                                              Set/Reset Signal                                                              | Slice Load Count | Bel Load Count |
+-------------------------------------------------+-----------------------------------------------------------------------------------------------------------------------------------------------------------------+--------------------------------------------------------------------------------------------------------------------------------------------+------------------+----------------+
|  zynq_iic_i/processing_system7_0/inst/FCLK_CLK0 | zynq_iic_i/ps7_0_axi_periph_1/s00_couplers/auto_pc/inst/gen_axilite.gen_b2s_conv.axilite_b2s/WR.b_channel_0/bid_fifo_0/bresp_push                               |                                                                                                                                            |                1 |              2 |
|  zynq_iic_i/processing_system7_0/inst/FCLK_CLK0 |                                                                                                                                                                 | zynq_iic_i/axi_gpio_0/U0/AXI_LITE_IPIF_I/I_SLAVE_ATTACHMENT/clear                                                                          |                1 |              4 |
|  zynq_iic_i/processing_system7_0/inst/FCLK_CLK0 | zynq_iic_i/ps7_0_axi_periph_1/s00_couplers/auto_pc/inst/gen_axilite.gen_b2s_conv.axilite_b2s/WR.aw_channel_0/aw_cmd_fsm_0/E[0]                                  | zynq_iic_i/ps7_0_axi_periph_1/s00_couplers/auto_pc/inst/gen_axilite.gen_b2s_conv.axilite_b2s/WR.aw_channel_0/aw_cmd_fsm_0/axlen_cnt_reg[7] |                1 |              4 |
|  zynq_iic_i/processing_system7_0/inst/FCLK_CLK0 | zynq_iic_i/axi_uartlite_0/U0/AXI_LITE_IPIF_I/I_SLAVE_ATTACHMENT/start2                                                                                          | zynq_iic_i/axi_uartlite_0/U0/AXI_LITE_IPIF_I/I_SLAVE_ATTACHMENT/I_DECODER/cs_ce_clr                                                        |                1 |              4 |
|  zynq_iic_i/processing_system7_0/inst/FCLK_CLK0 | zynq_iic_i/axi_uartlite_0/U0/UARTLITE_CORE_I/BAUD_RATE_I/en_16x_Baud                                                                                            |                                                                                                                                            |                2 |              4 |
|  zynq_iic_i/processing_system7_0/inst/FCLK_CLK0 |                                                                                                                                                                 | zynq_iic_i/ps7_0_axi_periph_1/s00_couplers/auto_pc/inst/gen_axilite.gen_b2s_conv.axilite_b2s/SI_REG/ar_pipe/m_valid_i_reg_0                |                1 |              4 |
|  zynq_iic_i/processing_system7_0/inst/FCLK_CLK0 |                                                                                                                                                                 | zynq_iic_i/ps7_0_axi_periph_1/s00_couplers/auto_pc/inst/gen_axilite.gen_b2s_conv.axilite_b2s/SI_REG/aw_pipe/s_ready_i_reg_0                |                1 |              4 |
|  zynq_iic_i/processing_system7_0/inst/FCLK_CLK0 | zynq_iic_i/ps7_0_axi_periph_1/s00_couplers/auto_pc/inst/gen_axilite.gen_b2s_conv.axilite_b2s/RD.ar_channel_0/ar_cmd_fsm_0/axlen_cnt_reg[3][0]                   | zynq_iic_i/ps7_0_axi_periph_1/s00_couplers/auto_pc/inst/gen_axilite.gen_b2s_conv.axilite_b2s/RD.ar_channel_0/ar_cmd_fsm_0/axlen_cnt_reg[7] |                2 |              4 |
|  zynq_iic_i/processing_system7_0/inst/FCLK_CLK0 | zynq_iic_i/axi_gpio_0/U0/AXI_LITE_IPIF_I/I_SLAVE_ATTACHMENT/bus2ip_addr_i[8]_i_1_n_0                                                                            | zynq_iic_i/axi_gpio_0/U0/AXI_LITE_IPIF_I/I_SLAVE_ATTACHMENT/SR                                                                             |                2 |              4 |
|  zynq_iic_i/processing_system7_0/inst/FCLK_CLK0 |                                                                                                                                                                 | zynq_iic_i/proc_sys_reset_0/U0/EXT_LPF/lpf_int                                                                                             |                3 |              5 |
|  zynq_iic_i/processing_system7_0/inst/FCLK_CLK0 |                                                                                                                                                                 | zynq_iic_i/axi_uartlite_0/U0/UARTLITE_CORE_I/UARTLITE_TX_I/SRL_FIFO_I/I_SRL_FIFO_RBU_F/CNTR_INCR_DECR_ADDN_F_I/SS[0]                       |                3 |              6 |
|  zynq_iic_i/processing_system7_0/inst/FCLK_CLK0 |                                                                                                                                                                 | zynq_iic_i/axi_uartlite_0/U0/UARTLITE_CORE_I/UARTLITE_RX_I/SRL_FIFO_I/I_SRL_FIFO_RBU_F/CNTR_INCR_DECR_ADDN_F_I/SS[0]                       |                2 |              6 |
|  zynq_iic_i/processing_system7_0/inst/FCLK_CLK0 | zynq_iic_i/proc_sys_reset_0/U0/SEQ/seq_cnt_en                                                                                                                   | zynq_iic_i/proc_sys_reset_0/U0/SEQ/SEQ_COUNTER/clear                                                                                       |                1 |              6 |
|  zynq_iic_i/processing_system7_0/inst/FCLK_CLK0 | zynq_iic_i/ps7_0_axi_periph_1/s00_couplers/auto_pc/inst/gen_axilite.gen_b2s_conv.axilite_b2s/WR.b_channel_0/mhandshake_r                                        | zynq_iic_i/ps7_0_axi_periph_1/s00_couplers/auto_pc/inst/gen_axilite.gen_b2s_conv.axilite_b2s/WR.b_channel_0/bid_fifo_0/SR[0]               |                2 |              8 |
|  zynq_iic_i/processing_system7_0/inst/FCLK_CLK0 | zynq_iic_i/axi_uartlite_0/U0/UARTLITE_CORE_I/UARTLITE_RX_I/SRL_FIFO_I/I_SRL_FIFO_RBU_F/DYNSHREG_F_I/fifo_wr                                                     |                                                                                                                                            |                1 |              8 |
|  zynq_iic_i/processing_system7_0/inst/FCLK_CLK0 | zynq_iic_i/axi_uartlite_0/U0/AXI_LITE_IPIF_I/I_SLAVE_ATTACHMENT/I_DECODER/fifo_wr                                                                               |                                                                                                                                            |                1 |              8 |
|  zynq_iic_i/processing_system7_0/inst/FCLK_CLK0 | zynq_iic_i/ps7_0_axi_periph_1/xbar/inst/gen_sasd.crossbar_sasd_0/reg_slice_r/aa_rready                                                                          |                                                                                                                                            |                3 |              8 |
|  zynq_iic_i/processing_system7_0/inst/FCLK_CLK0 |                                                                                                                                                                 | zynq_iic_i/axi_uartlite_0/U0/AXI_LITE_IPIF_I/I_SLAVE_ATTACHMENT/rst                                                                        |                4 |              9 |
|  zynq_iic_i/processing_system7_0/inst/FCLK_CLK0 | zynq_iic_i/axi_uartlite_0/U0/AXI_LITE_IPIF_I/I_SLAVE_ATTACHMENT/s_axi_rdata_i                                                                                   | zynq_iic_i/axi_uartlite_0/U0/AXI_LITE_IPIF_I/I_SLAVE_ATTACHMENT/rst                                                                        |                3 |              9 |
|  zynq_iic_i/processing_system7_0/inst/FCLK_CLK0 | zynq_iic_i/axi_uartlite_0/U0/UARTLITE_CORE_I/BAUD_RATE_I/en_16x_Baud                                                                                            | zynq_iic_i/axi_uartlite_0/U0/UARTLITE_CORE_I/UARTLITE_RX_I/SR[0]                                                                           |                2 |             10 |
|  zynq_iic_i/processing_system7_0/inst/FCLK_CLK0 | zynq_iic_i/ps7_0_axi_periph_1/xbar/inst/gen_sasd.crossbar_sasd_0/addr_arbiter_inst/E[0]                                                                         |                                                                                                                                            |                3 |             11 |
|  zynq_iic_i/processing_system7_0/inst/FCLK_CLK0 |                                                                                                                                                                 | zynq_iic_i/ps7_0_axi_periph_1/xbar/inst/gen_sasd.crossbar_sasd_0/addr_arbiter_inst/SR[0]                                                   |                3 |             11 |
|  zynq_iic_i/processing_system7_0/inst/FCLK_CLK0 | zynq_iic_i/ps7_0_axi_periph_1/s00_couplers/auto_pc/inst/gen_axilite.gen_b2s_conv.axilite_b2s/RD.ar_channel_0/ar_cmd_fsm_0/E[0]                                  |                                                                                                                                            |                4 |             12 |
|  zynq_iic_i/processing_system7_0/inst/FCLK_CLK0 | zynq_iic_i/ps7_0_axi_periph_1/s00_couplers/auto_pc/inst/gen_axilite.gen_b2s_conv.axilite_b2s/WR.aw_channel_0/aw_cmd_fsm_0/wrap_boundary_axaddr_r_reg[0][0]      |                                                                                                                                            |                5 |             12 |
|  zynq_iic_i/processing_system7_0/inst/FCLK_CLK0 | zynq_iic_i/ps7_0_axi_periph_1/s00_couplers/auto_pc/inst/gen_axilite.gen_b2s_conv.axilite_b2s/RD.ar_channel_0/ar_cmd_fsm_0/axaddr_incr_reg[11]                   |                                                                                                                                            |                3 |             12 |
|  zynq_iic_i/processing_system7_0/inst/FCLK_CLK0 | zynq_iic_i/ps7_0_axi_periph_1/s00_couplers/auto_pc/inst/gen_axilite.gen_b2s_conv.axilite_b2s/WR.aw_channel_0/cmd_translator_0/incr_cmd_0/axaddr_incr[0]_i_1_n_0 |                                                                                                                                            |                3 |             12 |
|  zynq_iic_i/processing_system7_0/inst/FCLK_CLK0 | zynq_iic_i/ps7_0_axi_periph_1/s00_couplers/auto_pc/inst/gen_axilite.gen_b2s_conv.axilite_b2s/RD.r_channel_0/r_push_r                                            |                                                                                                                                            |                4 |             13 |
|  zynq_iic_i/processing_system7_0/inst/FCLK_CLK0 | zynq_iic_i/ps7_0_axi_periph_1/s00_couplers/auto_pc/inst/gen_axilite.gen_b2s_conv.axilite_b2s/SI_REG/b_pipe/p_1_in                                               |                                                                                                                                            |                3 |             14 |
|  zynq_iic_i/processing_system7_0/inst/FCLK_CLK0 | zynq_iic_i/ps7_0_axi_periph_1/s00_couplers/auto_pc/inst/gen_axilite.gen_b2s_conv.axilite_b2s/SI_REG/b_pipe/skid_buffer_reg[0]_0                                 |                                                                                                                                            |                3 |             14 |
|  zynq_iic_i/processing_system7_0/inst/FCLK_CLK0 | zynq_iic_i/ps7_0_axi_periph_1/s00_couplers/auto_pc/inst/gen_axilite.gen_b2s_conv.axilite_b2s/WR.aw_channel_0/aw_cmd_fsm_0/b_push                                |                                                                                                                                            |                3 |             16 |
|  zynq_iic_i/processing_system7_0/inst/FCLK_CLK0 |                                                                                                                                                                 | zynq_iic_i/axi_gpio_0/U0/AXI_LITE_IPIF_I/I_SLAVE_ATTACHMENT/SR                                                                             |                5 |             19 |
|  zynq_iic_i/processing_system7_0/inst/FCLK_CLK0 | zynq_iic_i/ps7_0_axi_periph_1/xbar/inst/gen_sasd.crossbar_sasd_0/addr_arbiter_inst/p_0_in1_in                                                                   | zynq_iic_i/ps7_0_axi_periph_1/xbar/inst/gen_sasd.crossbar_sasd_0/addr_arbiter_inst/SR[0]                                                   |                6 |             19 |
|  zynq_iic_i/processing_system7_0/inst/FCLK_CLK0 | zynq_iic_i/ps7_0_axi_periph_1/s00_couplers/auto_pc/inst/gen_axilite.gen_b2s_conv.axilite_b2s/WR.aw_channel_0/aw_cmd_fsm_0/E[0]                                  |                                                                                                                                            |                8 |             20 |
|  zynq_iic_i/processing_system7_0/inst/FCLK_CLK0 | zynq_iic_i/ps7_0_axi_periph_1/s00_couplers/auto_pc/inst/gen_axilite.gen_b2s_conv.axilite_b2s/RD.ar_channel_0/ar_cmd_fsm_0/axlen_cnt_reg[3][0]                   |                                                                                                                                            |                7 |             20 |
|  zynq_iic_i/processing_system7_0/inst/FCLK_CLK0 |                                                                                                                                                                 | zynq_iic_i/axi_uartlite_0/U0/UARTLITE_CORE_I/UARTLITE_RX_I/SR[0]                                                                           |                9 |             28 |
|  zynq_iic_i/processing_system7_0/inst/FCLK_CLK0 | zynq_iic_i/ps7_0_axi_periph_1/s00_couplers/auto_pc/inst/gen_axilite.gen_b2s_conv.axilite_b2s/RD.r_channel_0/rd_data_fifo_0/wr_en0                               |                                                                                                                                            |                9 |             34 |
|  zynq_iic_i/processing_system7_0/inst/FCLK_CLK0 | zynq_iic_i/ps7_0_axi_periph_1/s00_couplers/auto_pc/inst/gen_axilite.gen_b2s_conv.axilite_b2s/SI_REG/r_pipe/skid_buffer_reg[0]_0                                 |                                                                                                                                            |                7 |             47 |
|  zynq_iic_i/processing_system7_0/inst/FCLK_CLK0 | zynq_iic_i/ps7_0_axi_periph_1/s00_couplers/auto_pc/inst/gen_axilite.gen_b2s_conv.axilite_b2s/SI_REG/r_pipe/p_1_in                                               |                                                                                                                                            |                7 |             47 |
|  zynq_iic_i/processing_system7_0/inst/FCLK_CLK0 | zynq_iic_i/ps7_0_axi_periph_1/s00_couplers/auto_pc/inst/gen_axilite.gen_b2s_conv.axilite_b2s/SI_REG/ar_pipe/s_axi_arready                                       |                                                                                                                                            |                9 |             48 |
|  zynq_iic_i/processing_system7_0/inst/FCLK_CLK0 | zynq_iic_i/ps7_0_axi_periph_1/s00_couplers/auto_pc/inst/gen_axilite.gen_b2s_conv.axilite_b2s/WR.aw_channel_0/aw_cmd_fsm_0/m_payload_i_reg[0][0]                 |                                                                                                                                            |                9 |             48 |
|  zynq_iic_i/processing_system7_0/inst/FCLK_CLK0 | zynq_iic_i/ps7_0_axi_periph_1/s00_couplers/auto_pc/inst/gen_axilite.gen_b2s_conv.axilite_b2s/SI_REG/aw_pipe/s_axi_awready                                       |                                                                                                                                            |               10 |             48 |
|  zynq_iic_i/processing_system7_0/inst/FCLK_CLK0 | zynq_iic_i/ps7_0_axi_periph_1/s00_couplers/auto_pc/inst/gen_axilite.gen_b2s_conv.axilite_b2s/RD.ar_channel_0/ar_cmd_fsm_0/m_payload_i_reg[0]_1[0]               |                                                                                                                                            |                9 |             48 |
|  zynq_iic_i/processing_system7_0/inst/FCLK_CLK0 |                                                                                                                                                                 | zynq_iic_i/ps7_0_axi_periph_1/s00_couplers/auto_pc/inst/gen_axilite.gen_b2s_conv.axilite_b2s/areset_d1                                     |               17 |             57 |
|  zynq_iic_i/processing_system7_0/inst/FCLK_CLK0 |                                                                                                                                                                 |                                                                                                                                            |               47 |            154 |
+-------------------------------------------------+-----------------------------------------------------------------------------------------------------------------------------------------------------------------+--------------------------------------------------------------------------------------------------------------------------------------------+------------------+----------------+


+--------+-----------------------+
| Fanout | Number of ControlSets |
+--------+-----------------------+
| 2      |                     1 |
| 4      |                     8 |
| 5      |                     1 |
| 6      |                     3 |
| 8      |                     4 |
| 9      |                     2 |
| 10     |                     1 |
| 11     |                     2 |
| 12     |                     4 |
| 13     |                     1 |
| 14     |                     2 |
| 16+    |                    15 |
+--------+-----------------------+


