Copyright 1986-2016 Xilinx, Inc. All Rights Reserved.
-----------------------------------------------------------------------------------------------------
| Tool Version : Vivado v.2016.4 (lin64) Build 1733598 Wed Dec 14 22:35:42 MST 2016
| Date         : Thu Jun 15 16:24:31 2017
| Host         : HyperSilicon running 64-bit CentOS release 6.4 (Final)
| Command      : report_clock_utilization -file b2000t_c2c_bram_wrapper_clock_utilization_routed.rpt
| Design       : b2000t_c2c_bram_wrapper
| Device       : 7v2000t-flg1925
| Speed File   : -1  PRODUCTION 1.10 2014-09-11
-----------------------------------------------------------------------------------------------------

Clock Utilization Report

Table of Contents
-----------------
1. Clock Primitive Utilization
2. Global Clock Resources
3. Global Clock Source Details
4. Clock Regions: Key Resource Utilization
5. Clock Regions : Global Clock Summary
6. Cell Type Counts per Global Clock: Region X0Y1
7. Cell Type Counts per Global Clock: Region X1Y1
8. Cell Type Counts per Global Clock: Region X1Y2
9. Cell Type Counts per Global Clock: Region X0Y10
10. Load Cell Placement Summary for Global Clock g0
11. Load Cell Placement Summary for Global Clock g1
12. Load Cell Placement Summary for Global Clock g2
13. Load Cell Placement Summary for Global Clock g3
14. Load Cell Placement Summary for Global Clock g4
15. Load Cell Placement Summary for Global Clock g5
16. Load Cell Placement Summary for Global Clock g6
17. Load Cell Placement Summary for Global Clock g7

1. Clock Primitive Utilization
------------------------------

+----------+------+-----------+-----+--------------+--------+
| Type     | Used | Available | LOC | Clock Region | Pblock |
+----------+------+-----------+-----+--------------+--------+
| BUFGCTRL |    8 |       128 |   0 |            0 |      0 |
| BUFH     |    0 |       288 |   0 |            0 |      0 |
| BUFIO    |    0 |        96 |   0 |            0 |      0 |
| BUFMR    |    0 |        48 |   0 |            0 |      0 |
| BUFR     |    0 |        96 |   0 |            0 |      0 |
| MMCM     |    2 |        24 |   0 |            0 |      0 |
| PLL      |    0 |        24 |   0 |            0 |      0 |
+----------+------+-----------+-----+--------------+--------+


2. Global Clock Resources
-------------------------

+-----------+-----------+-----------------+------------+-----------------+--------------+------+-------------------+-------------------+-------------+-----------------+--------------+--------------------------------------------------------------------------------------------------------------------------------------------------------------------------------------------------------------------------------------+-----------------------------------------------------------------------------------------------------------------------------------------------+--------------------------------------------------------------------------------------------------------------------------------------------------+
| Global Id | Source Id | Driver Type/Pin | Constraint | Site            | Clock Region | Root | Clock Delay Group | Load Clock Region | Clock Loads | Non-Clock Loads | Clock Period | Clock                                                                                                                                                                                                                                | Driver Pin                                                                                                                                    | Net                                                                                                                                              |
+-----------+-----------+-----------------+------------+-----------------+--------------+------+-------------------+-------------------+-------------+-----------------+--------------+--------------------------------------------------------------------------------------------------------------------------------------------------------------------------------------------------------------------------------------+-----------------------------------------------------------------------------------------------------------------------------------------------+--------------------------------------------------------------------------------------------------------------------------------------------------+
| g0        | src0      | BUFG/O          | None       | BUFGCTRL_X0Y96  | n/a          |      |                   |                 2 |        7544 |               0 |       10.000 | clk_out1_b2000t_c2c_bram_clk_wiz_0                                                                                                                                                                                                   | b2000t_c2c_bram_i/clk_wiz/inst/clkout1_buf/O                                                                                                  | b2000t_c2c_bram_i/clk_wiz/inst/clk_out1                                                                                                          |
| g1        | src1      | BUFG/O          | None       | BUFGCTRL_X0Y2   | n/a          |      |                   |                 2 |        2345 |               0 |       20.480 | user_clk_i                                                                                                                                                                                                                           | b2000t_c2c_bram_i/aurora_64b66b_0/inst/clock_module_i/user_clk_net_i/O                                                                        | b2000t_c2c_bram_i/aurora_64b66b_0/inst/clock_module_i/user_clk_i_0                                                                               |
| g2        | src2      | BUFGCTRL/O      | None       | BUFGCTRL_X0Y16  | n/a          |      |                   |                 2 |         605 |               0 |       10.240 | b2000t_c2c_bram_i/aurora_64b66b_0/inst/b2000t_c2c_bram_aurora_64b66b_0_0_core_i/b2000t_c2c_bram_aurora_64b66b_0_0_wrapper_i/b2000t_c2c_bram_aurora_64b66b_0_0_multi_gt_i/b2000t_c2c_bram_aurora_64b66b_0_0_gtx_inst/gtxe2_i/RXOUTCLK | b2000t_c2c_bram_i/aurora_64b66b_0/inst/b2000t_c2c_bram_aurora_64b66b_0_0_core_i/b2000t_c2c_bram_aurora_64b66b_0_0_wrapper_i/rxrecclk_bufg_i/O | b2000t_c2c_bram_i/aurora_64b66b_0/inst/b2000t_c2c_bram_aurora_64b66b_0_0_core_i/b2000t_c2c_bram_aurora_64b66b_0_0_wrapper_i/rxrecclk_to_fabric_i |
| g3        | src3      | BUFG/O          | None       | BUFGCTRL_X0Y4   | n/a          |      |                   |                 1 |         373 |               0 |       33.000 | dbg_hub/inst/SWITCH_N_EXT_BSCAN.bscan_inst/SERIES7_BSCAN.bscan_inst/TCK                                                                                                                                                              | dbg_hub/inst/SWITCH_N_EXT_BSCAN.u_bufg_icon_tck/O                                                                                             | dbg_hub/inst/itck_i                                                                                                                              |
| g4        | src4      | BUFG/O          | None       | BUFGCTRL_X0Y97  | n/a          |      |                   |                 2 |         301 |               0 |       10.000 | INIT_DIFF_CLK_clk_p                                                                                                                                                                                                                  | b2000t_c2c_bram_i/aurora_64b66b_0/inst/clock_module_i/initclk_bufg_i/O                                                                        | b2000t_c2c_bram_i/aurora_64b66b_0/inst/clock_module_i/INIT_CLK_i                                                                                 |
| g5        | src1      | BUFG/O          | None       | BUFGCTRL_X0Y3   | n/a          |      |                   |                 2 |          34 |               0 |       10.240 | sync_clk_i                                                                                                                                                                                                                           | b2000t_c2c_bram_i/aurora_64b66b_0/inst/clock_module_i/sync_clock_net_i/O                                                                      | b2000t_c2c_bram_i/aurora_64b66b_0/inst/clock_module_i/sync_clk_i_0                                                                               |
| g6        | src2      | BUFG/O          | None       | BUFGCTRL_X0Y17  | n/a          |      |                   |                 1 |           1 |               0 |       10.240 | b2000t_c2c_bram_i/aurora_64b66b_0/inst/b2000t_c2c_bram_aurora_64b66b_0_0_core_i/b2000t_c2c_bram_aurora_64b66b_0_0_wrapper_i/b2000t_c2c_bram_aurora_64b66b_0_0_multi_gt_i/b2000t_c2c_bram_aurora_64b66b_0_0_gtx_inst/gtxe2_i/TXOUTCLK | b2000t_c2c_bram_i/aurora_64b66b_0/inst/clock_module_i/txout_clock_net_i/O                                                                     | b2000t_c2c_bram_i/aurora_64b66b_0/inst/clock_module_i/clk_in_i                                                                                   |
| g7        | src0      | BUFG/O          | None       | BUFGCTRL_X0Y101 | n/a          |      |                   |                 1 |           1 |               0 |       10.000 | clkfbout_b2000t_c2c_bram_clk_wiz_0                                                                                                                                                                                                   | b2000t_c2c_bram_i/clk_wiz/inst/clkf_buf/O                                                                                                     | b2000t_c2c_bram_i/clk_wiz/inst/clkfbout_buf_b2000t_c2c_bram_clk_wiz_0                                                                            |
+-----------+-----------+-----------------+------------+-----------------+--------------+------+-------------------+-------------------+-------------+-----------------+--------------+--------------------------------------------------------------------------------------------------------------------------------------------------------------------------------------------------------------------------------------+-----------------------------------------------------------------------------------------------------------------------------------------------+--------------------------------------------------------------------------------------------------------------------------------------------------+
* Clock Loads column represents the clock pin loads (pin count)
** Non-Clock Loads column represents the non-clock pin loads (pin count)


3. Global Clock Source Details
------------------------------

+-----------+-----------+------------------------+--------------------+--------------------+--------------+-------------+-----------------+---------------------+--------------------------------------------------------------------------------------------------------------------------------------------------------------------------------------------------------------------------------------+--------------------------------------------------------------------------------------------------------------------------------------------------------------------------------------------------------------------------------------+-----------------------------------------------------------------------------------------------------------------------------------------------------------------------------------------------------------------------------------------+
| Source Id | Global Id | Driver Type/Pin        | Constraint         | Site               | Clock Region | Clock Loads | Non-Clock Loads | Source Clock Period | Source Clock                                                                                                                                                                                                                         | Driver Pin                                                                                                                                                                                                                           | Net                                                                                                                                                                                                                                     |
+-----------+-----------+------------------------+--------------------+--------------------+--------------+-------------+-----------------+---------------------+--------------------------------------------------------------------------------------------------------------------------------------------------------------------------------------------------------------------------------------+--------------------------------------------------------------------------------------------------------------------------------------------------------------------------------------------------------------------------------------+-----------------------------------------------------------------------------------------------------------------------------------------------------------------------------------------------------------------------------------------+
| src0      | g0        | MMCME2_ADV/CLKOUT0     | None               | MMCME2_ADV_X0Y10   | X0Y10        |           1 |               0 |              10.000 | clk_out1_b2000t_c2c_bram_clk_wiz_0                                                                                                                                                                                                   | b2000t_c2c_bram_i/clk_wiz/inst/mmcm_adv_inst/CLKOUT0                                                                                                                                                                                 | b2000t_c2c_bram_i/clk_wiz/inst/clk_out1_b2000t_c2c_bram_clk_wiz_0                                                                                                                                                                       |
| src0      | g7        | MMCME2_ADV/CLKFBOUT    | None               | MMCME2_ADV_X0Y10   | X0Y10        |           1 |               0 |              10.000 | clkfbout_b2000t_c2c_bram_clk_wiz_0                                                                                                                                                                                                   | b2000t_c2c_bram_i/clk_wiz/inst/mmcm_adv_inst/CLKFBOUT                                                                                                                                                                                | b2000t_c2c_bram_i/clk_wiz/inst/clkfbout_b2000t_c2c_bram_clk_wiz_0                                                                                                                                                                       |
| src1      | g5        | MMCME2_ADV/CLKOUT1     | None               | MMCME2_ADV_X0Y1    | X0Y1         |           1 |               0 |              10.240 | sync_clk_i                                                                                                                                                                                                                           | b2000t_c2c_bram_i/aurora_64b66b_0/inst/clock_module_i/mmcm_adv_inst/CLKOUT1                                                                                                                                                          | b2000t_c2c_bram_i/aurora_64b66b_0/inst/clock_module_i/sync_clk_i                                                                                                                                                                        |
| src1      | g1        | MMCME2_ADV/CLKOUT0     | None               | MMCME2_ADV_X0Y1    | X0Y1         |           1 |               0 |              20.480 | user_clk_i                                                                                                                                                                                                                           | b2000t_c2c_bram_i/aurora_64b66b_0/inst/clock_module_i/mmcm_adv_inst/CLKOUT0                                                                                                                                                          | b2000t_c2c_bram_i/aurora_64b66b_0/inst/clock_module_i/user_clk_i                                                                                                                                                                        |
| src2      | g2        | GTXE2_CHANNEL/RXOUTCLK | GTXE2_CHANNEL_X0Y8 | GTXE2_CHANNEL_X0Y8 | X1Y2         |           1 |               0 |              10.240 | b2000t_c2c_bram_i/aurora_64b66b_0/inst/b2000t_c2c_bram_aurora_64b66b_0_0_core_i/b2000t_c2c_bram_aurora_64b66b_0_0_wrapper_i/b2000t_c2c_bram_aurora_64b66b_0_0_multi_gt_i/b2000t_c2c_bram_aurora_64b66b_0_0_gtx_inst/gtxe2_i/RXOUTCLK | b2000t_c2c_bram_i/aurora_64b66b_0/inst/b2000t_c2c_bram_aurora_64b66b_0_0_core_i/b2000t_c2c_bram_aurora_64b66b_0_0_wrapper_i/b2000t_c2c_bram_aurora_64b66b_0_0_multi_gt_i/b2000t_c2c_bram_aurora_64b66b_0_0_gtx_inst/gtxe2_i/RXOUTCLK | b2000t_c2c_bram_i/aurora_64b66b_0/inst/b2000t_c2c_bram_aurora_64b66b_0_0_core_i/b2000t_c2c_bram_aurora_64b66b_0_0_wrapper_i/b2000t_c2c_bram_aurora_64b66b_0_0_multi_gt_i/b2000t_c2c_bram_aurora_64b66b_0_0_gtx_inst/rxrecclk_from_gtx_i |
| src2      | g6        | GTXE2_CHANNEL/TXOUTCLK | GTXE2_CHANNEL_X0Y8 | GTXE2_CHANNEL_X0Y8 | X1Y2         |           1 |               0 |              10.240 | b2000t_c2c_bram_i/aurora_64b66b_0/inst/b2000t_c2c_bram_aurora_64b66b_0_0_core_i/b2000t_c2c_bram_aurora_64b66b_0_0_wrapper_i/b2000t_c2c_bram_aurora_64b66b_0_0_multi_gt_i/b2000t_c2c_bram_aurora_64b66b_0_0_gtx_inst/gtxe2_i/TXOUTCLK | b2000t_c2c_bram_i/aurora_64b66b_0/inst/b2000t_c2c_bram_aurora_64b66b_0_0_core_i/b2000t_c2c_bram_aurora_64b66b_0_0_wrapper_i/b2000t_c2c_bram_aurora_64b66b_0_0_multi_gt_i/b2000t_c2c_bram_aurora_64b66b_0_0_gtx_inst/gtxe2_i/TXOUTCLK | b2000t_c2c_bram_i/aurora_64b66b_0/inst/b2000t_c2c_bram_aurora_64b66b_0_0_core_i/b2000t_c2c_bram_aurora_64b66b_0_0_wrapper_i/b2000t_c2c_bram_aurora_64b66b_0_0_multi_gt_i/b2000t_c2c_bram_aurora_64b66b_0_0_gtx_inst/tx_out_clk          |
| src3      | g3        | BSCANE2/TCK            | None               | BSCAN_X0Y4         | X0Y3         |           1 |               0 |              33.000 | dbg_hub/inst/SWITCH_N_EXT_BSCAN.bscan_inst/SERIES7_BSCAN.bscan_inst/TCK                                                                                                                                                              | dbg_hub/inst/SWITCH_N_EXT_BSCAN.bscan_inst/SERIES7_BSCAN.bscan_inst/TCK                                                                                                                                                              | dbg_hub/inst/SWITCH_N_EXT_BSCAN.bscan_inst/tck_bs                                                                                                                                                                                       |
| src4      | g4        | IBUFDS/O               | IOB_X0Y524         | IOB_X0Y524         | X0Y10        |           1 |               0 |              10.000 | INIT_DIFF_CLK_clk_p                                                                                                                                                                                                                  | b2000t_c2c_bram_i/aurora_64b66b_0/inst/clock_module_i/IBUFDS_INIT_CLK/O                                                                                                                                                              | b2000t_c2c_bram_i/aurora_64b66b_0/inst/clock_module_i/INIT_CLK_IN                                                                                                                                                                       |
+-----------+-----------+------------------------+--------------------+--------------------+--------------+-------------+-----------------+---------------------+--------------------------------------------------------------------------------------------------------------------------------------------------------------------------------------------------------------------------------------+--------------------------------------------------------------------------------------------------------------------------------------------------------------------------------------------------------------------------------------+-----------------------------------------------------------------------------------------------------------------------------------------------------------------------------------------------------------------------------------------+
* Clock Loads column represents the clock pin loads (pin count)
** Non-Clock Loads column represents the non-clock pin loads (pin count)


4. Clock Regions: Key Resource Utilization
------------------------------------------

+-------------------+--------------+--------------+--------------+--------------+--------------+--------------+--------------+--------------+--------------+--------------+--------------+--------------+--------------+--------------+--------------+
|                   | Global Clock |     BUFRs    |    BUFMRs    |    BUFIOs    |     MMCM     |      PLL     |      GT      |      PCI     |    ILOGIC    |    OLOGIC    |      FF      |     LUTM     |    RAMB18    |    RAMB36    |    DSP48E2   |
+-------------------+------+-------+------+-------+------+-------+------+-------+------+-------+------+-------+------+-------+------+-------+------+-------+------+-------+------+-------+------+-------+------+-------+------+-------+------+-------+
| Clock Region Name | Used | Avail | Used | Avail | Used | Avail | Used | Avail | Used | Avail | Used | Avail | Used | Avail | Used | Avail | Used | Avail | Used | Avail | Used | Avail | Used | Avail | Used | Avail | Used | Avail | Used | Avail |
+-------------------+------+-------+------+-------+------+-------+------+-------+------+-------+------+-------+------+-------+------+-------+------+-------+------+-------+------+-------+------+-------+------+-------+------+-------+------+-------+
| X0Y0              |    0 |    12 |    0 |     4 |    0 |     2 |    0 |     4 |    0 |     1 |    0 |     1 |    0 |     0 |    0 |     0 |    0 |    50 |    0 |    50 |    0 | 12000 |    0 |  3500 |    0 |    98 |    0 |    49 |    0 |   100 |
| X1Y0              |    0 |    12 |    0 |     4 |    0 |     2 |    0 |     4 |    0 |     1 |    0 |     1 |    0 |     4 |    0 |     0 |    0 |    50 |    0 |    50 |    0 | 13300 |    0 |  3700 |    0 |   120 |    0 |    60 |    0 |    80 |
| X0Y1              |    1 |    12 |    0 |     4 |    0 |     2 |    0 |     4 |    1 |     1 |    0 |     1 |    0 |     0 |    0 |     0 |    0 |    50 |    0 |    50 |    0 | 12000 |    0 |  3500 |    0 |   100 |    0 |    50 |    0 |   100 |
| X1Y1              |    5 |    12 |    0 |     4 |    0 |     2 |    0 |     4 |    0 |     1 |    0 |     1 |    0 |     4 |    0 |     1 |    0 |    50 |    0 |    50 | 2094 | 13150 |  818 |  3650 |    0 |   110 |   14 |    55 |    0 |    80 |
| X0Y2              |    0 |    12 |    0 |     4 |    0 |     2 |    0 |     4 |    0 |     1 |    0 |     1 |    0 |     0 |    0 |     0 |    0 |    50 |    0 |    50 |    0 | 12600 |    0 |  3500 |    0 |    98 |    0 |    49 |    0 |   100 |
| X1Y2              |    6 |    12 |    0 |     4 |    0 |     2 |    0 |     4 |    0 |     1 |    0 |     1 |    1 |     4 |    0 |     0 |    0 |    50 |    0 |    50 | 8200 | 13300 | 2634 |  3700 |    0 |   120 |   17 |    60 |    0 |    80 |
| X0Y3              |    0 |    12 |    0 |     4 |    0 |     2 |    0 |     4 |    0 |     1 |    0 |     1 |    0 |     0 |    0 |     0 |    0 |    50 |    0 |    50 |    0 | 12000 |    0 |  3500 |    0 |    98 |    0 |    49 |    0 |   100 |
| X1Y3              |    0 |    12 |    0 |     4 |    0 |     2 |    0 |     4 |    0 |     1 |    0 |     1 |    0 |     4 |    0 |     0 |    0 |    50 |    0 |    50 |    0 | 13300 |    0 |  3700 |    0 |   120 |    0 |    60 |    0 |    80 |
| X0Y4              |    0 |    12 |    0 |     4 |    0 |     2 |    0 |     4 |    0 |     1 |    0 |     1 |    0 |     0 |    0 |     0 |    0 |    50 |    0 |    50 |    0 | 12000 |    0 |  3500 |    0 |   100 |    0 |    50 |    0 |   100 |
| X1Y4              |    0 |    12 |    0 |     4 |    0 |     2 |    0 |     4 |    0 |     1 |    0 |     1 |    0 |     4 |    0 |     1 |    0 |    50 |    0 |    50 |    0 | 13150 |    0 |  3650 |    0 |   110 |    0 |    55 |    0 |    80 |
| X0Y5              |    0 |    12 |    0 |     4 |    0 |     2 |    0 |     4 |    0 |     1 |    0 |     1 |    0 |     0 |    0 |     0 |    0 |    50 |    0 |    50 |    0 | 12600 |    0 |  3500 |    0 |    98 |    0 |    49 |    0 |   100 |
| X1Y5              |    0 |    12 |    0 |     4 |    0 |     2 |    0 |     4 |    0 |     1 |    0 |     1 |    0 |     4 |    0 |     0 |    0 |    50 |    0 |    50 |    0 | 13300 |    0 |  3700 |    0 |   120 |    0 |    60 |    0 |    80 |
| X0Y6              |    0 |    12 |    0 |     4 |    0 |     2 |    0 |     4 |    0 |     1 |    0 |     1 |    0 |     0 |    0 |     0 |    0 |    50 |    0 |    50 |    0 | 12000 |    0 |  3500 |    0 |    98 |    0 |    49 |    0 |   100 |
| X1Y6              |    0 |    12 |    0 |     4 |    0 |     2 |    0 |     4 |    0 |     1 |    0 |     1 |    0 |     4 |    0 |     0 |    0 |    50 |    0 |    50 |    0 | 13300 |    0 |  3700 |    0 |   120 |    0 |    60 |    0 |    80 |
| X0Y7              |    0 |    12 |    0 |     4 |    0 |     2 |    0 |     4 |    0 |     1 |    0 |     1 |    0 |     0 |    0 |     0 |    0 |    50 |    0 |    50 |    0 | 12000 |    0 |  3500 |    0 |   100 |    0 |    50 |    0 |   100 |
| X1Y7              |    0 |    12 |    0 |     4 |    0 |     2 |    0 |     4 |    0 |     1 |    0 |     1 |    0 |     4 |    0 |     1 |    0 |    50 |    0 |    50 |    0 | 13150 |    0 |  3650 |    0 |   110 |    0 |    55 |    0 |    80 |
| X0Y8              |    0 |    12 |    0 |     4 |    0 |     2 |    0 |     4 |    0 |     1 |    0 |     1 |    0 |     0 |    0 |     0 |    0 |    50 |    0 |    50 |    0 | 12600 |    0 |  3500 |    0 |    98 |    0 |    49 |    0 |   100 |
| X1Y8              |    0 |    12 |    0 |     4 |    0 |     2 |    0 |     4 |    0 |     1 |    0 |     1 |    0 |     4 |    0 |     0 |    0 |    50 |    0 |    50 |    0 | 13300 |    0 |  3700 |    0 |   120 |    0 |    60 |    0 |    80 |
| X0Y9              |    0 |    12 |    0 |     4 |    0 |     2 |    0 |     4 |    0 |     1 |    0 |     1 |    0 |     0 |    0 |     0 |    0 |    50 |    0 |    50 |    0 | 12000 |    0 |  3500 |    0 |    98 |    0 |    49 |    0 |   100 |
| X1Y9              |    0 |    12 |    0 |     4 |    0 |     2 |    0 |     4 |    0 |     1 |    0 |     1 |    0 |     4 |    0 |     0 |    0 |    50 |    0 |    50 |    0 | 13300 |    0 |  3700 |    0 |   120 |    0 |    60 |    0 |    80 |
| X0Y10             |    1 |    12 |    0 |     4 |    0 |     2 |    0 |     4 |    1 |     1 |    0 |     1 |    0 |     0 |    0 |     0 |    0 |    50 |    0 |    50 |    0 | 12000 |    0 |  3500 |    0 |   100 |    0 |    50 |    0 |   100 |
| X1Y10             |    0 |    12 |    0 |     4 |    0 |     2 |    0 |     4 |    0 |     1 |    0 |     1 |    0 |     4 |    0 |     1 |    0 |    50 |    0 |    50 |    0 | 13150 |    0 |  3650 |    0 |   110 |    0 |    55 |    0 |    80 |
| X0Y11             |    0 |    12 |    0 |     4 |    0 |     2 |    0 |     4 |    0 |     1 |    0 |     1 |    0 |     0 |    0 |     0 |    0 |    50 |    0 |    50 |    0 | 12600 |    0 |  3500 |    0 |    98 |    0 |    49 |    0 |   100 |
| X1Y11             |    0 |    12 |    0 |     4 |    0 |     2 |    0 |     4 |    0 |     1 |    0 |     1 |    0 |     4 |    0 |     0 |    0 |    50 |    0 |    50 |    0 | 13300 |    0 |  3700 |    0 |   120 |    0 |    60 |    0 |    80 |
+-------------------+------+-------+------+-------+------+-------+------+-------+------+-------+------+-------+------+-------+------+-------+------+-------+------+-------+------+-------+------+-------+------+-------+------+-------+------+-------+
* Global Clock column represents track count; while other columns represents cell counts


5. Clock Regions : Global Clock Summary
---------------------------------------

+-----+----+----+
|     | X0 | X1 |
+-----+----+----+
| Y11 |  0 |  0 |
| Y10 |  1 |  0 |
| Y9  |  0 |  0 |
| Y8  |  0 |  0 |
| Y7  |  0 |  0 |
| Y6  |  0 |  0 |
| Y5  |  0 |  0 |
| Y4  |  0 |  0 |
| Y3  |  0 |  0 |
| Y2  |  0 |  6 |
| Y1  |  1 |  5 |
| Y0  |  0 |  0 |
+-----+----+----+


6. Cell Type Counts per Global Clock: Region X0Y1
-------------------------------------------------

+-----------+-------+-----------------+------------+-------------+-----------------+----+--------+------+-----+----+------+-----+---------+----------------------------------------------------------------+
| Global Id | Track | Driver Type/Pin | Constraint | Clock Loads | Non-Clock Loads | FF | LUTRAM | RAMB | DSP | GT | MMCM | PLL | Hard IP | Net                                                            |
+-----------+-------+-----------------+------------+-------------+-----------------+----+--------+------+-----+----+------+-----+---------+----------------------------------------------------------------+
| g6        | n/a   | BUFG/O          | None       |           1 |               0 |  0 |      0 |    0 |   0 |  0 |    1 |   0 |       0 | b2000t_c2c_bram_i/aurora_64b66b_0/inst/clock_module_i/clk_in_i |
+-----------+-------+-----------------+------------+-------------+-----------------+----+--------+------+-----+----+------+-----+---------+----------------------------------------------------------------+
* Clock Loads column represents the clock pin loads (pin count)
** Non-Clock Loads column represents the non-clock pin loads (pin count)
*** Columns FF, LUTRAM, RAMB through 'Hard IP' represents load cell counts


7. Cell Type Counts per Global Clock: Region X1Y1
-------------------------------------------------

+-----------+-------+-----------------+------------+-------------+-----------------+------+--------+------+-----+----+------+-----+---------+--------------------------------------------------------------------------------------------------------------------------------------------------+
| Global Id | Track | Driver Type/Pin | Constraint | Clock Loads | Non-Clock Loads | FF   | LUTRAM | RAMB | DSP | GT | MMCM | PLL | Hard IP | Net                                                                                                                                              |
+-----------+-------+-----------------+------------+-------------+-----------------+------+--------+------+-----+----+------+-----+---------+--------------------------------------------------------------------------------------------------------------------------------------------------+
| g0        | n/a   | BUFG/O          | None       |        1686 |               0 | 1576 |     94 |   14 |   0 |  0 |    0 |   0 |       0 | b2000t_c2c_bram_i/clk_wiz/inst/clk_out1                                                                                                          |
| g1        | n/a   | BUFG/O          | None       |         485 |               0 |  483 |      0 |    1 |   0 |  0 |    0 |   0 |       0 | b2000t_c2c_bram_i/aurora_64b66b_0/inst/clock_module_i/user_clk_i_0                                                                               |
| g2        | n/a   | BUFGCTRL/O      | None       |          10 |               0 |   10 |      0 |    0 |   0 |  0 |    0 |   0 |       0 | b2000t_c2c_bram_i/aurora_64b66b_0/inst/b2000t_c2c_bram_aurora_64b66b_0_0_core_i/b2000t_c2c_bram_aurora_64b66b_0_0_wrapper_i/rxrecclk_to_fabric_i |
| g4        | n/a   | BUFG/O          | None       |          20 |               0 |   20 |      0 |    0 |   0 |  0 |    0 |   0 |       0 | b2000t_c2c_bram_i/aurora_64b66b_0/inst/clock_module_i/INIT_CLK_i                                                                                 |
| g5        | n/a   | BUFG/O          | None       |           5 |               0 |    5 |      0 |    0 |   0 |  0 |    0 |   0 |       0 | b2000t_c2c_bram_i/aurora_64b66b_0/inst/clock_module_i/sync_clk_i_0                                                                               |
+-----------+-------+-----------------+------------+-------------+-----------------+------+--------+------+-----+----+------+-----+---------+--------------------------------------------------------------------------------------------------------------------------------------------------+
* Clock Loads column represents the clock pin loads (pin count)
** Non-Clock Loads column represents the non-clock pin loads (pin count)
*** Columns FF, LUTRAM, RAMB through 'Hard IP' represents load cell counts


8. Cell Type Counts per Global Clock: Region X1Y2
-------------------------------------------------

+-----------+-------+-----------------+------------+-------------+-----------------+------+--------+------+-----+----+------+-----+---------+--------------------------------------------------------------------------------------------------------------------------------------------------+
| Global Id | Track | Driver Type/Pin | Constraint | Clock Loads | Non-Clock Loads | FF   | LUTRAM | RAMB | DSP | GT | MMCM | PLL | Hard IP | Net                                                                                                                                              |
+-----------+-------+-----------------+------------+-------------+-----------------+------+--------+------+-----+----+------+-----+---------+--------------------------------------------------------------------------------------------------------------------------------------------------+
| g0        | n/a   | BUFG/O          | None       |        5491 |               0 | 5298 |    175 |   16 |   0 |  1 |    0 |   0 |       0 | b2000t_c2c_bram_i/clk_wiz/inst/clk_out1                                                                                                          |
| g1        | n/a   | BUFG/O          | None       |        1860 |               0 | 1716 |    136 |    7 |   0 |  1 |    0 |   0 |       0 | b2000t_c2c_bram_i/aurora_64b66b_0/inst/clock_module_i/user_clk_i_0                                                                               |
| g2        | n/a   | BUFGCTRL/O      | None       |         594 |               0 |  515 |     77 |    1 |   0 |  1 |    0 |   0 |       0 | b2000t_c2c_bram_i/aurora_64b66b_0/inst/b2000t_c2c_bram_aurora_64b66b_0_0_core_i/b2000t_c2c_bram_aurora_64b66b_0_0_wrapper_i/rxrecclk_to_fabric_i |
| g3        | n/a   | BUFG/O          | None       |         370 |               0 |  370 |      0 |    0 |   0 |  0 |    0 |   0 |       0 | dbg_hub/inst/itck_i                                                                                                                              |
| g4        | n/a   | BUFG/O          | None       |         281 |               0 |  273 |      6 |    0 |   0 |  1 |    0 |   0 |       0 | b2000t_c2c_bram_i/aurora_64b66b_0/inst/clock_module_i/INIT_CLK_i                                                                                 |
| g5        | n/a   | BUFG/O          | None       |          29 |               0 |   28 |      0 |    0 |   0 |  1 |    0 |   0 |       0 | b2000t_c2c_bram_i/aurora_64b66b_0/inst/clock_module_i/sync_clk_i_0                                                                               |
+-----------+-------+-----------------+------------+-------------+-----------------+------+--------+------+-----+----+------+-----+---------+--------------------------------------------------------------------------------------------------------------------------------------------------+
* Clock Loads column represents the clock pin loads (pin count)
** Non-Clock Loads column represents the non-clock pin loads (pin count)
*** Columns FF, LUTRAM, RAMB through 'Hard IP' represents load cell counts


9. Cell Type Counts per Global Clock: Region X0Y10
--------------------------------------------------

+-----------+-------+-----------------+------------+-------------+-----------------+----+--------+------+-----+----+------+-----+---------+-----------------------------------------------------------------------+
| Global Id | Track | Driver Type/Pin | Constraint | Clock Loads | Non-Clock Loads | FF | LUTRAM | RAMB | DSP | GT | MMCM | PLL | Hard IP | Net                                                                   |
+-----------+-------+-----------------+------------+-------------+-----------------+----+--------+------+-----+----+------+-----+---------+-----------------------------------------------------------------------+
| g7        | n/a   | BUFG/O          | None       |           1 |               0 |  0 |      0 |    0 |   0 |  0 |    1 |   0 |       0 | b2000t_c2c_bram_i/clk_wiz/inst/clkfbout_buf_b2000t_c2c_bram_clk_wiz_0 |
+-----------+-------+-----------------+------------+-------------+-----------------+----+--------+------+-----+----+------+-----+---------+-----------------------------------------------------------------------+
* Clock Loads column represents the clock pin loads (pin count)
** Non-Clock Loads column represents the non-clock pin loads (pin count)
*** Columns FF, LUTRAM, RAMB through 'Hard IP' represents load cell counts


10. Load Cell Placement Summary for Global Clock g0
---------------------------------------------------

+-----------+-----------------+-------------------+------------------------------------+-------------+---------------+----------+-------------+----------+----------------+----------+-----------------------------------------+
| Global Id | Driver Type/Pin | Driver Region (D) | Clock                              | Period (ns) | Waveform (ns) | Root (R) | Slice Loads | IO Loads | Clocking Loads | GT Loads | Net                                     |
+-----------+-----------------+-------------------+------------------------------------+-------------+---------------+----------+-------------+----------+----------------+----------+-----------------------------------------+
| g0        | BUFG/O          | n/a               | clk_out1_b2000t_c2c_bram_clk_wiz_0 |      10.000 | {0.000 5.000} |          |        7175 |        0 |              0 |        2 | b2000t_c2c_bram_i/clk_wiz/inst/clk_out1 |
+-----------+-----------------+-------------------+------------------------------------+-------------+---------------+----------+-------------+----------+----------------+----------+-----------------------------------------+
* Slice Loads column represents load cell count of all cell types other than IO, GT and clock resources
** IO Loads column represents load cell count of IO types
*** Clocking Loads column represents load cell count that are clock resources (global clock buffer, MMCM, PLL, etc)
**** GT Loads column represents load cell count of GT types


+-----+----+-------+
|     | X0 | X1    |
+-----+----+-------+
| Y11 |  0 |     0 |
| Y10 |  0 |     0 |
| Y9  |  0 |     0 |
| Y8  |  0 |     0 |
| Y7  |  0 |     0 |
| Y6  |  0 |     0 |
| Y5  |  0 |     0 |
| Y4  |  0 |     0 |
| Y3  |  0 |     0 |
| Y2  |  0 |  5491 |
| Y1  |  0 |  1686 |
| Y0  |  0 |     0 |
+-----+----+-------+


11. Load Cell Placement Summary for Global Clock g1
---------------------------------------------------

+-----------+-----------------+-------------------+------------+-------------+----------------+----------+-------------+----------+----------------+----------+--------------------------------------------------------------------+
| Global Id | Driver Type/Pin | Driver Region (D) | Clock      | Period (ns) | Waveform (ns)  | Root (R) | Slice Loads | IO Loads | Clocking Loads | GT Loads | Net                                                                |
+-----------+-----------------+-------------------+------------+-------------+----------------+----------+-------------+----------+----------------+----------+--------------------------------------------------------------------+
| g1        | BUFG/O          | n/a               | user_clk_i |      20.480 | {0.000 10.240} |          |        2344 |        0 |              0 |        1 | b2000t_c2c_bram_i/aurora_64b66b_0/inst/clock_module_i/user_clk_i_0 |
+-----------+-----------------+-------------------+------------+-------------+----------------+----------+-------------+----------+----------------+----------+--------------------------------------------------------------------+
* Slice Loads column represents load cell count of all cell types other than IO, GT and clock resources
** IO Loads column represents load cell count of IO types
*** Clocking Loads column represents load cell count that are clock resources (global clock buffer, MMCM, PLL, etc)
**** GT Loads column represents load cell count of GT types


+-----+----+-------+
|     | X0 | X1    |
+-----+----+-------+
| Y11 |  0 |     0 |
| Y10 |  0 |     0 |
| Y9  |  0 |     0 |
| Y8  |  0 |     0 |
| Y7  |  0 |     0 |
| Y6  |  0 |     0 |
| Y5  |  0 |     0 |
| Y4  |  0 |     0 |
| Y3  |  0 |     0 |
| Y2  |  0 |  1860 |
| Y1  |  0 |   485 |
| Y0  |  0 |     0 |
+-----+----+-------+


12. Load Cell Placement Summary for Global Clock g2
---------------------------------------------------

+-----------+-----------------+-------------------+--------------------------------------------------------------------------------------------------------------------------------------------------------------------------------------------------------------------------------------+-------------+---------------+----------+-------------+----------+----------------+----------+--------------------------------------------------------------------------------------------------------------------------------------------------+
| Global Id | Driver Type/Pin | Driver Region (D) | Clock                                                                                                                                                                                                                                | Period (ns) | Waveform (ns) | Root (R) | Slice Loads | IO Loads | Clocking Loads | GT Loads | Net                                                                                                                                              |
+-----------+-----------------+-------------------+--------------------------------------------------------------------------------------------------------------------------------------------------------------------------------------------------------------------------------------+-------------+---------------+----------+-------------+----------+----------------+----------+--------------------------------------------------------------------------------------------------------------------------------------------------+
| g2        | BUFGCTRL/O      | n/a               | b2000t_c2c_bram_i/aurora_64b66b_0/inst/b2000t_c2c_bram_aurora_64b66b_0_0_core_i/b2000t_c2c_bram_aurora_64b66b_0_0_wrapper_i/b2000t_c2c_bram_aurora_64b66b_0_0_multi_gt_i/b2000t_c2c_bram_aurora_64b66b_0_0_gtx_inst/gtxe2_i/RXOUTCLK |      10.240 | {0.000 5.120} |          |         603 |        0 |              0 |        1 | b2000t_c2c_bram_i/aurora_64b66b_0/inst/b2000t_c2c_bram_aurora_64b66b_0_0_core_i/b2000t_c2c_bram_aurora_64b66b_0_0_wrapper_i/rxrecclk_to_fabric_i |
+-----------+-----------------+-------------------+--------------------------------------------------------------------------------------------------------------------------------------------------------------------------------------------------------------------------------------+-------------+---------------+----------+-------------+----------+----------------+----------+--------------------------------------------------------------------------------------------------------------------------------------------------+
* Slice Loads column represents load cell count of all cell types other than IO, GT and clock resources
** IO Loads column represents load cell count of IO types
*** Clocking Loads column represents load cell count that are clock resources (global clock buffer, MMCM, PLL, etc)
**** GT Loads column represents load cell count of GT types


+-----+----+------+
|     | X0 | X1   |
+-----+----+------+
| Y11 |  0 |    0 |
| Y10 |  0 |    0 |
| Y9  |  0 |    0 |
| Y8  |  0 |    0 |
| Y7  |  0 |    0 |
| Y6  |  0 |    0 |
| Y5  |  0 |    0 |
| Y4  |  0 |    0 |
| Y3  |  0 |    0 |
| Y2  |  0 |  594 |
| Y1  |  0 |   10 |
| Y0  |  0 |    0 |
+-----+----+------+


13. Load Cell Placement Summary for Global Clock g3
---------------------------------------------------

+-----------+-----------------+-------------------+-------------------------------------------------------------------------+-------------+----------------+----------+-------------+----------+----------------+----------+---------------------+
| Global Id | Driver Type/Pin | Driver Region (D) | Clock                                                                   | Period (ns) | Waveform (ns)  | Root (R) | Slice Loads | IO Loads | Clocking Loads | GT Loads | Net                 |
+-----------+-----------------+-------------------+-------------------------------------------------------------------------+-------------+----------------+----------+-------------+----------+----------------+----------+---------------------+
| g3        | BUFG/O          | n/a               | dbg_hub/inst/SWITCH_N_EXT_BSCAN.bscan_inst/SERIES7_BSCAN.bscan_inst/TCK |      33.000 | {0.000 16.500} |          |         370 |        0 |              0 |        0 | dbg_hub/inst/itck_i |
+-----------+-----------------+-------------------+-------------------------------------------------------------------------+-------------+----------------+----------+-------------+----------+----------------+----------+---------------------+
* Slice Loads column represents load cell count of all cell types other than IO, GT and clock resources
** IO Loads column represents load cell count of IO types
*** Clocking Loads column represents load cell count that are clock resources (global clock buffer, MMCM, PLL, etc)
**** GT Loads column represents load cell count of GT types


+-----+----+------+
|     | X0 | X1   |
+-----+----+------+
| Y11 |  0 |    0 |
| Y10 |  0 |    0 |
| Y9  |  0 |    0 |
| Y8  |  0 |    0 |
| Y7  |  0 |    0 |
| Y6  |  0 |    0 |
| Y5  |  0 |    0 |
| Y4  |  0 |    0 |
| Y3  |  0 |    0 |
| Y2  |  0 |  370 |
| Y1  |  0 |    0 |
| Y0  |  0 |    0 |
+-----+----+------+


14. Load Cell Placement Summary for Global Clock g4
---------------------------------------------------

+-----------+-----------------+-------------------+---------------------+-------------+---------------+----------+-------------+----------+----------------+----------+------------------------------------------------------------------+
| Global Id | Driver Type/Pin | Driver Region (D) | Clock               | Period (ns) | Waveform (ns) | Root (R) | Slice Loads | IO Loads | Clocking Loads | GT Loads | Net                                                              |
+-----------+-----------------+-------------------+---------------------+-------------+---------------+----------+-------------+----------+----------------+----------+------------------------------------------------------------------+
| g4        | BUFG/O          | n/a               | INIT_DIFF_CLK_clk_p |      10.000 | {0.000 5.000} |          |         299 |        0 |              0 |        2 | b2000t_c2c_bram_i/aurora_64b66b_0/inst/clock_module_i/INIT_CLK_i |
+-----------+-----------------+-------------------+---------------------+-------------+---------------+----------+-------------+----------+----------------+----------+------------------------------------------------------------------+
* Slice Loads column represents load cell count of all cell types other than IO, GT and clock resources
** IO Loads column represents load cell count of IO types
*** Clocking Loads column represents load cell count that are clock resources (global clock buffer, MMCM, PLL, etc)
**** GT Loads column represents load cell count of GT types


+-----+----+------+
|     | X0 | X1   |
+-----+----+------+
| Y11 |  0 |    0 |
| Y10 |  0 |    0 |
| Y9  |  0 |    0 |
| Y8  |  0 |    0 |
| Y7  |  0 |    0 |
| Y6  |  0 |    0 |
| Y5  |  0 |    0 |
| Y4  |  0 |    0 |
| Y3  |  0 |    0 |
| Y2  |  0 |  281 |
| Y1  |  0 |   20 |
| Y0  |  0 |    0 |
+-----+----+------+


15. Load Cell Placement Summary for Global Clock g5
---------------------------------------------------

+-----------+-----------------+-------------------+------------+-------------+---------------+----------+-------------+----------+----------------+----------+--------------------------------------------------------------------+
| Global Id | Driver Type/Pin | Driver Region (D) | Clock      | Period (ns) | Waveform (ns) | Root (R) | Slice Loads | IO Loads | Clocking Loads | GT Loads | Net                                                                |
+-----------+-----------------+-------------------+------------+-------------+---------------+----------+-------------+----------+----------------+----------+--------------------------------------------------------------------+
| g5        | BUFG/O          | n/a               | sync_clk_i |      10.240 | {0.000 5.120} |          |          33 |        0 |              0 |        1 | b2000t_c2c_bram_i/aurora_64b66b_0/inst/clock_module_i/sync_clk_i_0 |
+-----------+-----------------+-------------------+------------+-------------+---------------+----------+-------------+----------+----------------+----------+--------------------------------------------------------------------+
* Slice Loads column represents load cell count of all cell types other than IO, GT and clock resources
** IO Loads column represents load cell count of IO types
*** Clocking Loads column represents load cell count that are clock resources (global clock buffer, MMCM, PLL, etc)
**** GT Loads column represents load cell count of GT types


+-----+----+-----+
|     | X0 | X1  |
+-----+----+-----+
| Y11 |  0 |   0 |
| Y10 |  0 |   0 |
| Y9  |  0 |   0 |
| Y8  |  0 |   0 |
| Y7  |  0 |   0 |
| Y6  |  0 |   0 |
| Y5  |  0 |   0 |
| Y4  |  0 |   0 |
| Y3  |  0 |   0 |
| Y2  |  0 |  29 |
| Y1  |  0 |   5 |
| Y0  |  0 |   0 |
+-----+----+-----+


16. Load Cell Placement Summary for Global Clock g6
---------------------------------------------------

+-----------+-----------------+-------------------+--------------------------------------------------------------------------------------------------------------------------------------------------------------------------------------------------------------------------------------+-------------+---------------+----------+-------------+----------+----------------+----------+----------------------------------------------------------------+
| Global Id | Driver Type/Pin | Driver Region (D) | Clock                                                                                                                                                                                                                                | Period (ns) | Waveform (ns) | Root (R) | Slice Loads | IO Loads | Clocking Loads | GT Loads | Net                                                            |
+-----------+-----------------+-------------------+--------------------------------------------------------------------------------------------------------------------------------------------------------------------------------------------------------------------------------------+-------------+---------------+----------+-------------+----------+----------------+----------+----------------------------------------------------------------+
| g6        | BUFG/O          | n/a               | b2000t_c2c_bram_i/aurora_64b66b_0/inst/b2000t_c2c_bram_aurora_64b66b_0_0_core_i/b2000t_c2c_bram_aurora_64b66b_0_0_wrapper_i/b2000t_c2c_bram_aurora_64b66b_0_0_multi_gt_i/b2000t_c2c_bram_aurora_64b66b_0_0_gtx_inst/gtxe2_i/TXOUTCLK |      10.240 | {0.000 5.120} |          |           0 |        0 |              1 |        0 | b2000t_c2c_bram_i/aurora_64b66b_0/inst/clock_module_i/clk_in_i |
+-----------+-----------------+-------------------+--------------------------------------------------------------------------------------------------------------------------------------------------------------------------------------------------------------------------------------+-------------+---------------+----------+-------------+----------+----------------+----------+----------------------------------------------------------------+
* Slice Loads column represents load cell count of all cell types other than IO, GT and clock resources
** IO Loads column represents load cell count of IO types
*** Clocking Loads column represents load cell count that are clock resources (global clock buffer, MMCM, PLL, etc)
**** GT Loads column represents load cell count of GT types


+-----+----+----+
|     | X0 | X1 |
+-----+----+----+
| Y11 |  0 |  0 |
| Y10 |  0 |  0 |
| Y9  |  0 |  0 |
| Y8  |  0 |  0 |
| Y7  |  0 |  0 |
| Y6  |  0 |  0 |
| Y5  |  0 |  0 |
| Y4  |  0 |  0 |
| Y3  |  0 |  0 |
| Y2  |  0 |  0 |
| Y1  |  1 |  0 |
| Y0  |  0 |  0 |
+-----+----+----+


17. Load Cell Placement Summary for Global Clock g7
---------------------------------------------------

+-----------+-----------------+-------------------+------------------------------------+-------------+---------------+----------+-------------+----------+----------------+----------+-----------------------------------------------------------------------+
| Global Id | Driver Type/Pin | Driver Region (D) | Clock                              | Period (ns) | Waveform (ns) | Root (R) | Slice Loads | IO Loads | Clocking Loads | GT Loads | Net                                                                   |
+-----------+-----------------+-------------------+------------------------------------+-------------+---------------+----------+-------------+----------+----------------+----------+-----------------------------------------------------------------------+
| g7        | BUFG/O          | n/a               | clkfbout_b2000t_c2c_bram_clk_wiz_0 |      10.000 | {0.000 5.000} |          |           0 |        0 |              1 |        0 | b2000t_c2c_bram_i/clk_wiz/inst/clkfbout_buf_b2000t_c2c_bram_clk_wiz_0 |
+-----------+-----------------+-------------------+------------------------------------+-------------+---------------+----------+-------------+----------+----------------+----------+-----------------------------------------------------------------------+
* Slice Loads column represents load cell count of all cell types other than IO, GT and clock resources
** IO Loads column represents load cell count of IO types
*** Clocking Loads column represents load cell count that are clock resources (global clock buffer, MMCM, PLL, etc)
**** GT Loads column represents load cell count of GT types


+-----+----+----+
|     | X0 | X1 |
+-----+----+----+
| Y11 |  0 |  0 |
| Y10 |  1 |  0 |
| Y9  |  0 |  0 |
| Y8  |  0 |  0 |
| Y7  |  0 |  0 |
| Y6  |  0 |  0 |
| Y5  |  0 |  0 |
| Y4  |  0 |  0 |
| Y3  |  0 |  0 |
| Y2  |  0 |  0 |
| Y1  |  0 |  0 |
| Y0  |  0 |  0 |
+-----+----+----+



# Location of BUFG Primitives 
set_property LOC BUFGCTRL_X0Y4 [get_cells dbg_hub/inst/SWITCH_N_EXT_BSCAN.u_bufg_icon_tck]
set_property LOC BUFGCTRL_X0Y101 [get_cells b2000t_c2c_bram_i/clk_wiz/inst/clkf_buf]
set_property LOC BUFGCTRL_X0Y96 [get_cells b2000t_c2c_bram_i/clk_wiz/inst/clkout1_buf]
set_property LOC BUFGCTRL_X0Y2 [get_cells b2000t_c2c_bram_i/aurora_64b66b_0/inst/clock_module_i/user_clk_net_i]
set_property LOC BUFGCTRL_X0Y3 [get_cells b2000t_c2c_bram_i/aurora_64b66b_0/inst/clock_module_i/sync_clock_net_i]
set_property LOC BUFGCTRL_X0Y17 [get_cells b2000t_c2c_bram_i/aurora_64b66b_0/inst/clock_module_i/txout_clock_net_i]
set_property LOC BUFGCTRL_X0Y97 [get_cells b2000t_c2c_bram_i/aurora_64b66b_0/inst/clock_module_i/initclk_bufg_i]
set_property LOC BUFGCTRL_X0Y16 [get_cells b2000t_c2c_bram_i/aurora_64b66b_0/inst/b2000t_c2c_bram_aurora_64b66b_0_0_core_i/b2000t_c2c_bram_aurora_64b66b_0_0_wrapper_i/rxrecclk_bufg_i]

# Location of IO Primitives which is load of clock spine

# Location of clock ports
set_property LOC IOB_X0Y521 [get_ports CLK_IN1_D_clk_n]
set_property LOC IOB_X0Y522 [get_ports CLK_IN1_D_clk_p]
set_property LOC IOB_X0Y523 [get_ports INIT_DIFF_CLK_clk_n]
set_property LOC IOB_X0Y524 [get_ports INIT_DIFF_CLK_clk_p]

# Clock net "dbg_hub/inst/itck_i" driven by instance "dbg_hub/inst/SWITCH_N_EXT_BSCAN.u_bufg_icon_tck" located at site "BUFGCTRL_X0Y4"
#startgroup
create_pblock {CLKAG_dbg_hub/inst/itck_i}
add_cells_to_pblock [get_pblocks  {CLKAG_dbg_hub/inst/itck_i}] [get_cells -filter { PRIMITIVE_GROUP != I/O && IS_PRIMITIVE==1 && PRIMITIVE_LEVEL !=INTERNAL } -of_object [get_pins -filter {DIRECTION==IN} -of_objects [get_nets -hierarchical -filter {PARENT=="dbg_hub/inst/itck_i"}]]]
resize_pblock [get_pblocks {CLKAG_dbg_hub/inst/itck_i}] -add {CLOCKREGION_X1Y2:CLOCKREGION_X1Y2}
#endgroup

# Clock net "b2000t_c2c_bram_i/clk_wiz/inst/clk_out1" driven by instance "b2000t_c2c_bram_i/clk_wiz/inst/clkout1_buf" located at site "BUFGCTRL_X0Y96"
#startgroup
create_pblock {CLKAG_b2000t_c2c_bram_i/clk_wiz/inst/clk_out1}
add_cells_to_pblock [get_pblocks  {CLKAG_b2000t_c2c_bram_i/clk_wiz/inst/clk_out1}] [get_cells -filter { PRIMITIVE_GROUP != I/O && IS_PRIMITIVE==1 && PRIMITIVE_LEVEL !=INTERNAL } -of_object [get_pins -filter {DIRECTION==IN} -of_objects [get_nets -hierarchical -filter {PARENT=="b2000t_c2c_bram_i/clk_wiz/inst/clk_out1"}]]]
resize_pblock [get_pblocks {CLKAG_b2000t_c2c_bram_i/clk_wiz/inst/clk_out1}] -add {CLOCKREGION_X1Y1:CLOCKREGION_X1Y1 CLOCKREGION_X1Y2:CLOCKREGION_X1Y2}
#endgroup

# Clock net "b2000t_c2c_bram_i/aurora_64b66b_0/inst/clock_module_i/user_clk_i_0" driven by instance "b2000t_c2c_bram_i/aurora_64b66b_0/inst/clock_module_i/user_clk_net_i" located at site "BUFGCTRL_X0Y2"
#startgroup
create_pblock {CLKAG_b2000t_c2c_bram_i/aurora_64b66b_0/inst/clock_module_i/user_clk_i_0}
add_cells_to_pblock [get_pblocks  {CLKAG_b2000t_c2c_bram_i/aurora_64b66b_0/inst/clock_module_i/user_clk_i_0}] [get_cells -filter { PRIMITIVE_GROUP != I/O && IS_PRIMITIVE==1 && PRIMITIVE_LEVEL !=INTERNAL } -of_object [get_pins -filter {DIRECTION==IN} -of_objects [get_nets -hierarchical -filter {PARENT=="b2000t_c2c_bram_i/aurora_64b66b_0/inst/clock_module_i/user_clk_i_0"}]]]
resize_pblock [get_pblocks {CLKAG_b2000t_c2c_bram_i/aurora_64b66b_0/inst/clock_module_i/user_clk_i_0}] -add {CLOCKREGION_X1Y1:CLOCKREGION_X1Y1 CLOCKREGION_X1Y2:CLOCKREGION_X1Y2}
#endgroup

# Clock net "b2000t_c2c_bram_i/aurora_64b66b_0/inst/clock_module_i/sync_clk_i_0" driven by instance "b2000t_c2c_bram_i/aurora_64b66b_0/inst/clock_module_i/sync_clock_net_i" located at site "BUFGCTRL_X0Y3"
#startgroup
create_pblock {CLKAG_b2000t_c2c_bram_i/aurora_64b66b_0/inst/clock_module_i/sync_clk_i_0}
add_cells_to_pblock [get_pblocks  {CLKAG_b2000t_c2c_bram_i/aurora_64b66b_0/inst/clock_module_i/sync_clk_i_0}] [get_cells -filter { PRIMITIVE_GROUP != I/O && IS_PRIMITIVE==1 && PRIMITIVE_LEVEL !=INTERNAL } -of_object [get_pins -filter {DIRECTION==IN} -of_objects [get_nets -hierarchical -filter {PARENT=="b2000t_c2c_bram_i/aurora_64b66b_0/inst/clock_module_i/sync_clk_i_0"}]]]
resize_pblock [get_pblocks {CLKAG_b2000t_c2c_bram_i/aurora_64b66b_0/inst/clock_module_i/sync_clk_i_0}] -add {CLOCKREGION_X1Y1:CLOCKREGION_X1Y1 CLOCKREGION_X1Y2:CLOCKREGION_X1Y2}
#endgroup

# Clock net "b2000t_c2c_bram_i/aurora_64b66b_0/inst/clock_module_i/INIT_CLK_i" driven by instance "b2000t_c2c_bram_i/aurora_64b66b_0/inst/clock_module_i/initclk_bufg_i" located at site "BUFGCTRL_X0Y97"
#startgroup
create_pblock {CLKAG_b2000t_c2c_bram_i/aurora_64b66b_0/inst/clock_module_i/INIT_CLK_i}
add_cells_to_pblock [get_pblocks  {CLKAG_b2000t_c2c_bram_i/aurora_64b66b_0/inst/clock_module_i/INIT_CLK_i}] [get_cells -filter { PRIMITIVE_GROUP != I/O && IS_PRIMITIVE==1 && PRIMITIVE_LEVEL !=INTERNAL } -of_object [get_pins -filter {DIRECTION==IN} -of_objects [get_nets -hierarchical -filter {PARENT=="b2000t_c2c_bram_i/aurora_64b66b_0/inst/clock_module_i/INIT_CLK_i"}]]]
resize_pblock [get_pblocks {CLKAG_b2000t_c2c_bram_i/aurora_64b66b_0/inst/clock_module_i/INIT_CLK_i}] -add {CLOCKREGION_X1Y1:CLOCKREGION_X1Y1 CLOCKREGION_X1Y2:CLOCKREGION_X1Y2}
#endgroup

# Clock net "b2000t_c2c_bram_i/aurora_64b66b_0/inst/b2000t_c2c_bram_aurora_64b66b_0_0_core_i/b2000t_c2c_bram_aurora_64b66b_0_0_wrapper_i/rxrecclk_to_fabric_i" driven by instance "b2000t_c2c_bram_i/aurora_64b66b_0/inst/b2000t_c2c_bram_aurora_64b66b_0_0_core_i/b2000t_c2c_bram_aurora_64b66b_0_0_wrapper_i/rxrecclk_bufg_i" located at site "BUFGCTRL_X0Y16"
#startgroup
create_pblock {CLKAG_b2000t_c2c_bram_i/aurora_64b66b_0/inst/b2000t_c2c_bram_aurora_64b66b_0_0_core_i/b2000t_c2c_bram_aurora_64b66b_0_0_wrapper_i/rxrecclk_to_fabric_i}
add_cells_to_pblock [get_pblocks  {CLKAG_b2000t_c2c_bram_i/aurora_64b66b_0/inst/b2000t_c2c_bram_aurora_64b66b_0_0_core_i/b2000t_c2c_bram_aurora_64b66b_0_0_wrapper_i/rxrecclk_to_fabric_i}] [get_cells -filter { PRIMITIVE_GROUP != I/O && IS_PRIMITIVE==1 && PRIMITIVE_LEVEL !=INTERNAL } -of_object [get_pins -filter {DIRECTION==IN} -of_objects [get_nets -hierarchical -filter {PARENT=="b2000t_c2c_bram_i/aurora_64b66b_0/inst/b2000t_c2c_bram_aurora_64b66b_0_0_core_i/b2000t_c2c_bram_aurora_64b66b_0_0_wrapper_i/rxrecclk_to_fabric_i"}]]]
resize_pblock [get_pblocks {CLKAG_b2000t_c2c_bram_i/aurora_64b66b_0/inst/b2000t_c2c_bram_aurora_64b66b_0_0_core_i/b2000t_c2c_bram_aurora_64b66b_0_0_wrapper_i/rxrecclk_to_fabric_i}] -add {CLOCKREGION_X1Y1:CLOCKREGION_X1Y1 CLOCKREGION_X1Y2:CLOCKREGION_X1Y2}
#endgroup
