Copyright 1986-2016 Xilinx, Inc. All Rights Reserved.
-----------------------------------------------------------------------------------------------------------------------------------------------------
| Tool Version : Vivado v.2016.4 (lin64) Build 1733598 Wed Dec 14 22:35:42 MST 2016
| Date         : Thu Jun 15 16:24:15 2017
| Host         : HyperSilicon running 64-bit CentOS release 6.4 (Final)
| Command      : report_methodology -file b2000t_c2c_bram_wrapper_methodology_drc_routed.rpt -rpx b2000t_c2c_bram_wrapper_methodology_drc_routed.rpx
| Design       : b2000t_c2c_bram_wrapper
| Device       : xc7v2000tflg1925-1
| Speed File   : -1
| Design State : Routed
-----------------------------------------------------------------------------------------------------------------------------------------------------

Report Methodology

Table of Contents
-----------------
1. REPORT SUMMARY
2. REPORT DETAILS

1. REPORT SUMMARY
-----------------
            Netlist: netlist
          Floorplan: design_1
      Design limits: <entire design considered>
             Max violations: <unlimited>
             Violations found: 45
+-----------+----------+--------------------------------------------------------+------------+
| Rule      | Severity | Description                                            | Violations |
+-----------+----------+--------------------------------------------------------+------------+
| PDRC-190  | Warning  | Suboptimally placed synchronized register chain        | 29         |
| TIMING-6  | Warning  | No common primary clock between related clocks         | 2          |
| TIMING-7  | Warning  | No common node between related clocks                  | 2          |
| TIMING-9  | Warning  | Unknown CDC Logic                                      | 1          |
| TIMING-16 | Warning  | Large setup violation                                  | 6          |
| TIMING-18 | Warning  | Missing input or output delay                          | 3          |
| XDCC-1    | Warning  | Scoped Clock constraint overwritten with the same name | 1          |
| XDCC-7    | Warning  | Scoped Clock constraint overwritten on the same source | 1          |
+-----------+----------+--------------------------------------------------------+------------+

2. REPORT DETAILS
-----------------
PDRC-190#1 Warning
Suboptimally placed synchronized register chain  
The FDPE cell b2000t_c2c_bram_i/axi_chip2chip_0/inst/slave_fpga_gen.axi_chip2chip_slave_inst/axi_chip2chip_ar_fifo_inst/axi_chip2chip_async_fifo_inst/U0/inst_fifo_gen/gconvfifo.rf/grf.rf/rstblk/ngwrdrst.grst.g7serrst.rst_wr_reg2_reg in site SLICE_X487Y96 is part of a synchronized register chain that is suboptimally placed as the load FDRE cell b2000t_c2c_bram_i/axi_chip2chip_0/inst/slave_fpga_gen.axi_chip2chip_slave_inst/axi_chip2chip_ar_fifo_inst/axi_chip2chip_async_fifo_inst/U0/inst_fifo_gen/gconvfifo.rf/grf.rf/rstblk/ngwrdrst.grst.g7serrst.gsckt_wrst.garst_sync[1].arst_sync_inst/Q_reg_reg[0] is not placed in the same (SLICE) site.
Related violations: <none>

PDRC-190#2 Warning
Suboptimally placed synchronized register chain  
The FDPE cell b2000t_c2c_bram_i/axi_chip2chip_0/inst/slave_fpga_gen.axi_chip2chip_slave_inst/axi_chip2chip_aw_fifo_inst/axi_chip2chip_async_fifo_inst/U0/inst_fifo_gen/gconvfifo.rf/grf.rf/rstblk/ngwrdrst.grst.g7serrst.rst_wr_reg2_reg in site SLICE_X485Y99 is part of a synchronized register chain that is suboptimally placed as the load FDRE cell b2000t_c2c_bram_i/axi_chip2chip_0/inst/slave_fpga_gen.axi_chip2chip_slave_inst/axi_chip2chip_aw_fifo_inst/axi_chip2chip_async_fifo_inst/U0/inst_fifo_gen/gconvfifo.rf/grf.rf/rstblk/ngwrdrst.grst.g7serrst.gsckt_wrst.garst_sync[1].arst_sync_inst/Q_reg_reg[0] is not placed in the same (SLICE) site.
Related violations: <none>

PDRC-190#3 Warning
Suboptimally placed synchronized register chain  
The FDPE cell b2000t_c2c_bram_i/axi_chip2chip_0/inst/slave_fpga_gen.axi_chip2chip_slave_inst/axi_chip2chip_r_fifo_inst/axi_chip2chip_async_fifo_inst/U0/inst_fifo_gen/gconvfifo.rf/grf.rf/rstblk/ngwrdrst.grst.g7serrst.rst_wr_reg2_reg in site SLICE_X490Y94 is part of a synchronized register chain that is suboptimally placed as the load FDRE cell b2000t_c2c_bram_i/axi_chip2chip_0/inst/slave_fpga_gen.axi_chip2chip_slave_inst/axi_chip2chip_r_fifo_inst/axi_chip2chip_async_fifo_inst/U0/inst_fifo_gen/gconvfifo.rf/grf.rf/rstblk/ngwrdrst.grst.g7serrst.gsckt_wrst.garst_sync[1].arst_sync_inst/Q_reg_reg[0] is not placed in the same (SLICE) site.
Related violations: <none>

PDRC-190#4 Warning
Suboptimally placed synchronized register chain  
The FDPE cell b2000t_c2c_bram_i/axi_chip2chip_0/inst/slave_fpga_gen.axi_chip2chip_slave_inst/axi_chip2chip_w_fifo_inst/axi_chip2chip_async_fifo_inst/U0/inst_fifo_gen/gconvfifo.rf/grf.rf/rstblk/ngwrdrst.grst.g7serrst.rst_wr_reg2_reg in site SLICE_X488Y103 is part of a synchronized register chain that is suboptimally placed as the load FDRE cell b2000t_c2c_bram_i/axi_chip2chip_0/inst/slave_fpga_gen.axi_chip2chip_slave_inst/axi_chip2chip_w_fifo_inst/axi_chip2chip_async_fifo_inst/U0/inst_fifo_gen/gconvfifo.rf/grf.rf/rstblk/ngwrdrst.grst.g7serrst.gsckt_wrst.garst_sync[1].arst_sync_inst/Q_reg_reg[0] is not placed in the same (SLICE) site.
Related violations: <none>

PDRC-190#5 Warning
Suboptimally placed synchronized register chain  
The FDPE cell b2000t_c2c_bram_i/axi_chip2chip_0/inst/slave_fpga_gen.axi_chip2chip_slave_phy_inst/axi_chip2chip_phy_init_inst/auro_phy_init.aurora_rst_out_r2_reg in site SLICE_X488Y108 is part of a synchronized register chain that is suboptimally placed as the load FDRE cell b2000t_c2c_bram_i/aurora_64b66b_0/inst/reset_pb_sync/stg1_b2000t_c2c_bram_aurora_64b66b_0_0_cdc_to_reg is not placed in the same (SLICE) site.
Related violations: <none>

PDRC-190#6 Warning
Suboptimally placed synchronized register chain  
The FDRE cell b2000t_c2c_bram_i/aurora_64b66b_0/inst/b2000t_c2c_bram_aurora_64b66b_0_0_core_i/b2000t_c2c_bram_aurora_64b66b_0_0_wrapper_i/b2000t_c2c_bram_aurora_64b66b_0_0_multi_gt_i/b2000t_c2c_bram_aurora_64b66b_0_0_gtx_inst/data_sync_reg6 in site SLICE_X517Y98 is part of a synchronized register chain that is suboptimally placed as the load FDRE cell b2000t_c2c_bram_i/aurora_64b66b_0/inst/b2000t_c2c_bram_aurora_64b66b_0_0_core_i/b2000t_c2c_bram_aurora_64b66b_0_0_wrapper_i/b2000t_c2c_bram_aurora_64b66b_0_0_multi_gt_i/b2000t_c2c_bram_aurora_64b66b_0_0_gtx_inst/ack_sync_reg1 is not placed in the same (SLICE) site.
Related violations: <none>

PDRC-190#7 Warning
Suboptimally placed synchronized register chain  
The FDRE cell b2000t_c2c_bram_i/aurora_64b66b_0/inst/b2000t_c2c_bram_aurora_64b66b_0_0_core_i/b2000t_c2c_bram_aurora_64b66b_0_0_wrapper_i/rxresetfsm_i/time_out_wait_bypass_reg in site SLICE_X517Y113 is part of a synchronized register chain that is suboptimally placed as the load FDRE cell b2000t_c2c_bram_i/aurora_64b66b_0/inst/b2000t_c2c_bram_aurora_64b66b_0_0_core_i/b2000t_c2c_bram_aurora_64b66b_0_0_wrapper_i/rxresetfsm_i/u_rst_sync_time_out_wait_bypass/stg1_b2000t_c2c_bram_aurora_64b66b_0_0_cdc_to_reg is not placed in the same (SLICE) site.
Related violations: <none>

PDRC-190#8 Warning
Suboptimally placed synchronized register chain  
The FDRE cell b2000t_c2c_bram_i/aurora_64b66b_0/inst/b2000t_c2c_bram_aurora_64b66b_0_0_core_i/b2000t_c2c_bram_aurora_64b66b_0_0_wrapper_i/u_cdc_gt_cplllock_i/s_level_out_d5_reg in site SLICE_X515Y105 is part of a synchronized register chain that is suboptimally placed as the load FDRE cell b2000t_c2c_bram_i/aurora_64b66b_0/inst/b2000t_c2c_bram_aurora_64b66b_0_0_core_i/b2000t_c2c_bram_aurora_64b66b_0_0_wrapper_i/txresetfsm_i/u_rst_sync_plllock/stg1_b2000t_c2c_bram_aurora_64b66b_0_0_cdc_to_reg is not placed in the same (SLICE) site.
Related violations: <none>

PDRC-190#9 Warning
Suboptimally placed synchronized register chain  
The FDRE cell b2000t_c2c_bram_i/axi_chip2chip_0/inst/slave_fpga_gen.axi_chip2chip_slave_inst/axi_chip2chip_ar_fifo_inst/axi_chip2chip_async_fifo_inst/U0/inst_fifo_gen/gconvfifo.rf/grf.rf/rstblk/ngwrdrst.grst.g7serrst.gsckt_wrst.gic_rst.garst_sync_ic[3].rd_rst_inst/Q_reg_reg[0] in site SLICE_X485Y96 is part of a synchronized register chain that is suboptimally placed as the load FDRE cell b2000t_c2c_bram_i/axi_chip2chip_0/inst/slave_fpga_gen.axi_chip2chip_slave_inst/axi_chip2chip_ar_fifo_inst/axi_chip2chip_async_fifo_inst/U0/inst_fifo_gen/gconvfifo.rf/grf.rf/rstblk/ngwrdrst.grst.g7serrst.gsckt_wrst.gic_rst.garst_sync_ic[1].rd_rst_wr_inst/Q_reg_reg[0] is not placed in the same (SLICE) site.
Related violations: <none>

PDRC-190#10 Warning
Suboptimally placed synchronized register chain  
The FDRE cell b2000t_c2c_bram_i/axi_chip2chip_0/inst/slave_fpga_gen.axi_chip2chip_slave_inst/axi_chip2chip_aw_fifo_inst/axi_chip2chip_async_fifo_inst/U0/inst_fifo_gen/gconvfifo.rf/grf.rf/rstblk/ngwrdrst.grst.g7serrst.gsckt_wrst.gic_rst.garst_sync_ic[3].rd_rst_inst/Q_reg_reg[0] in site SLICE_X487Y99 is part of a synchronized register chain that is suboptimally placed as the load FDRE cell b2000t_c2c_bram_i/axi_chip2chip_0/inst/slave_fpga_gen.axi_chip2chip_slave_inst/axi_chip2chip_aw_fifo_inst/axi_chip2chip_async_fifo_inst/U0/inst_fifo_gen/gconvfifo.rf/grf.rf/rstblk/ngwrdrst.grst.g7serrst.gsckt_wrst.gic_rst.garst_sync_ic[1].rd_rst_wr_inst/Q_reg_reg[0] is not placed in the same (SLICE) site.
Related violations: <none>

PDRC-190#11 Warning
Suboptimally placed synchronized register chain  
The FDRE cell b2000t_c2c_bram_i/axi_chip2chip_0/inst/slave_fpga_gen.axi_chip2chip_slave_inst/axi_chip2chip_r_fifo_inst/axi_chip2chip_async_fifo_inst/U0/inst_fifo_gen/gconvfifo.rf/grf.rf/rstblk/ngwrdrst.grst.g7serrst.gsckt_wrst.gic_rst.garst_sync_ic[3].rd_rst_inst/Q_reg_reg[0] in site SLICE_X487Y94 is part of a synchronized register chain that is suboptimally placed as the load FDRE cell b2000t_c2c_bram_i/axi_chip2chip_0/inst/slave_fpga_gen.axi_chip2chip_slave_inst/axi_chip2chip_r_fifo_inst/axi_chip2chip_async_fifo_inst/U0/inst_fifo_gen/gconvfifo.rf/grf.rf/rstblk/ngwrdrst.grst.g7serrst.gsckt_wrst.gic_rst.garst_sync_ic[1].rd_rst_wr_inst/Q_reg_reg[0] is not placed in the same (SLICE) site.
Related violations: <none>

PDRC-190#12 Warning
Suboptimally placed synchronized register chain  
The FDRE cell b2000t_c2c_bram_i/axi_chip2chip_0/inst/slave_fpga_gen.axi_chip2chip_slave_inst/axi_chip2chip_w_fifo_inst/axi_chip2chip_async_fifo_inst/U0/inst_fifo_gen/gconvfifo.rf/grf.rf/rstblk/ngwrdrst.grst.g7serrst.gsckt_wrst.gic_rst.garst_sync_ic[3].rd_rst_inst/Q_reg_reg[0] in site SLICE_X489Y104 is part of a synchronized register chain that is suboptimally placed as the load FDRE cell b2000t_c2c_bram_i/axi_chip2chip_0/inst/slave_fpga_gen.axi_chip2chip_slave_inst/axi_chip2chip_w_fifo_inst/axi_chip2chip_async_fifo_inst/U0/inst_fifo_gen/gconvfifo.rf/grf.rf/rstblk/ngwrdrst.grst.g7serrst.gsckt_wrst.gic_rst.garst_sync_ic[1].rd_rst_wr_inst/Q_reg_reg[0] is not placed in the same (SLICE) site.
Related violations: <none>

PDRC-190#13 Warning
Suboptimally placed synchronized register chain  
The FDRE cell dbg_hub/inst/CORE_XSDB.UUT_MASTER/U_ICON_INTERFACE/U_CMD2/stat_reg_reg[0] in site SLICE_X423Y128 is part of a synchronized register chain that is suboptimally placed as the load FDRE cell dbg_hub/inst/CORE_XSDB.UUT_MASTER/U_ICON_INTERFACE/U_CMD2/stat_reg_1_reg[0] is not placed in the same (SLICE) site.
Related violations: <none>

PDRC-190#14 Warning
Suboptimally placed synchronized register chain  
The FDRE cell dbg_hub/inst/CORE_XSDB.UUT_MASTER/U_ICON_INTERFACE/U_CMD2/stat_reg_reg[1] in site SLICE_X425Y129 is part of a synchronized register chain that is suboptimally placed as the load FDRE cell dbg_hub/inst/CORE_XSDB.UUT_MASTER/U_ICON_INTERFACE/U_CMD2/stat_reg_1_reg[1] is not placed in the same (SLICE) site.
Related violations: <none>

PDRC-190#15 Warning
Suboptimally placed synchronized register chain  
The FDRE cell dbg_hub/inst/CORE_XSDB.UUT_MASTER/U_ICON_INTERFACE/U_CMD2/stat_reg_reg[2] in site SLICE_X424Y128 is part of a synchronized register chain that is suboptimally placed as the load FDRE cell dbg_hub/inst/CORE_XSDB.UUT_MASTER/U_ICON_INTERFACE/U_CMD2/stat_reg_1_reg[2] is not placed in the same (SLICE) site.
Related violations: <none>

PDRC-190#16 Warning
Suboptimally placed synchronized register chain  
The FDRE cell dbg_hub/inst/CORE_XSDB.UUT_MASTER/U_ICON_INTERFACE/U_CMD2/stat_reg_reg[3] in site SLICE_X422Y128 is part of a synchronized register chain that is suboptimally placed as the load FDRE cell dbg_hub/inst/CORE_XSDB.UUT_MASTER/U_ICON_INTERFACE/U_CMD2/stat_reg_1_reg[3] is not placed in the same (SLICE) site.
Related violations: <none>

PDRC-190#17 Warning
Suboptimally placed synchronized register chain  
The FDRE cell dbg_hub/inst/CORE_XSDB.UUT_MASTER/U_ICON_INTERFACE/U_CMD3/stat_reg_reg[0] in site SLICE_X427Y130 is part of a synchronized register chain that is suboptimally placed as the load FDRE cell dbg_hub/inst/CORE_XSDB.UUT_MASTER/U_ICON_INTERFACE/U_CMD3/stat_reg_1_reg[0] is not placed in the same (SLICE) site.
Related violations: <none>

PDRC-190#18 Warning
Suboptimally placed synchronized register chain  
The FDRE cell dbg_hub/inst/CORE_XSDB.UUT_MASTER/U_ICON_INTERFACE/U_CMD3/stat_reg_reg[1] in site SLICE_X426Y128 is part of a synchronized register chain that is suboptimally placed as the load FDRE cell dbg_hub/inst/CORE_XSDB.UUT_MASTER/U_ICON_INTERFACE/U_CMD3/stat_reg_1_reg[1] is not placed in the same (SLICE) site.
Related violations: <none>

PDRC-190#19 Warning
Suboptimally placed synchronized register chain  
The FDRE cell dbg_hub/inst/CORE_XSDB.UUT_MASTER/U_ICON_INTERFACE/U_CMD3/stat_reg_reg[2] in site SLICE_X426Y126 is part of a synchronized register chain that is suboptimally placed as the load FDRE cell dbg_hub/inst/CORE_XSDB.UUT_MASTER/U_ICON_INTERFACE/U_CMD3/stat_reg_1_reg[2] is not placed in the same (SLICE) site.
Related violations: <none>

PDRC-190#20 Warning
Suboptimally placed synchronized register chain  
The FDRE cell dbg_hub/inst/CORE_XSDB.UUT_MASTER/U_ICON_INTERFACE/U_CMD3/stat_reg_reg[3] in site SLICE_X425Y127 is part of a synchronized register chain that is suboptimally placed as the load FDRE cell dbg_hub/inst/CORE_XSDB.UUT_MASTER/U_ICON_INTERFACE/U_CMD3/stat_reg_1_reg[3] is not placed in the same (SLICE) site.
Related violations: <none>

PDRC-190#21 Warning
Suboptimally placed synchronized register chain  
The FDRE cell dbg_hub/inst/CORE_XSDB.UUT_MASTER/U_ICON_INTERFACE/U_CMD3/stat_reg_reg[4] in site SLICE_X427Y127 is part of a synchronized register chain that is suboptimally placed as the load FDRE cell dbg_hub/inst/CORE_XSDB.UUT_MASTER/U_ICON_INTERFACE/U_CMD3/stat_reg_1_reg[4] is not placed in the same (SLICE) site.
Related violations: <none>

PDRC-190#22 Warning
Suboptimally placed synchronized register chain  
The FDRE cell dbg_hub/inst/CORE_XSDB.UUT_MASTER/U_ICON_INTERFACE/U_CMD3/stat_reg_reg[5] in site SLICE_X424Y126 is part of a synchronized register chain that is suboptimally placed as the load FDRE cell dbg_hub/inst/CORE_XSDB.UUT_MASTER/U_ICON_INTERFACE/U_CMD3/stat_reg_1_reg[5] is not placed in the same (SLICE) site.
Related violations: <none>

PDRC-190#23 Warning
Suboptimally placed synchronized register chain  
The FDRE cell dbg_hub/inst/CORE_XSDB.UUT_MASTER/U_ICON_INTERFACE/U_CMD4/shift_reg_in_reg[12] in site SLICE_X429Y125 is part of a synchronized register chain that is suboptimally placed as the load FDRE cell dbg_hub/inst/CORE_XSDB.UUT_MASTER/U_ICON_INTERFACE/U_CMD4/shift_reg_in_reg[11] is not placed in the same (SLICE) site.
Related violations: <none>

PDRC-190#24 Warning
Suboptimally placed synchronized register chain  
The FDRE cell dbg_hub/inst/CORE_XSDB.UUT_MASTER/U_ICON_INTERFACE/U_CMD4/shift_reg_in_reg[20] in site SLICE_X429Y124 is part of a synchronized register chain that is suboptimally placed as the load FDRE cell dbg_hub/inst/CORE_XSDB.UUT_MASTER/U_ICON_INTERFACE/U_CMD4/shift_reg_in_reg[19] is not placed in the same (SLICE) site.
Related violations: <none>

PDRC-190#25 Warning
Suboptimally placed synchronized register chain  
The FDRE cell dbg_hub/inst/CORE_XSDB.UUT_MASTER/U_ICON_INTERFACE/U_CMD4/shift_reg_in_reg[4] in site SLICE_X429Y126 is part of a synchronized register chain that is suboptimally placed as the load FDRE cell dbg_hub/inst/CORE_XSDB.UUT_MASTER/U_ICON_INTERFACE/U_CMD4/shift_reg_in_reg[3] is not placed in the same (SLICE) site.
Related violations: <none>

PDRC-190#26 Warning
Suboptimally placed synchronized register chain  
The FDRE cell dbg_hub/inst/CORE_XSDB.UUT_MASTER/U_ICON_INTERFACE/U_CMD5/shift_reg_in_reg[10] in site SLICE_X431Y120 is part of a synchronized register chain that is suboptimally placed as the load FDRE cell dbg_hub/inst/CORE_XSDB.UUT_MASTER/U_ICON_INTERFACE/U_CMD5/shift_reg_in_reg[9] is not placed in the same (SLICE) site.
Related violations: <none>

PDRC-190#27 Warning
Suboptimally placed synchronized register chain  
The FDRE cell dbg_hub/inst/CORE_XSDB.UUT_MASTER/U_ICON_INTERFACE/U_CMD5/shift_reg_in_reg[2] in site SLICE_X431Y121 is part of a synchronized register chain that is suboptimally placed as the load FDRE cell dbg_hub/inst/CORE_XSDB.UUT_MASTER/U_ICON_INTERFACE/U_CMD5/shift_reg_in_reg[1] is not placed in the same (SLICE) site.
Related violations: <none>

PDRC-190#28 Warning
Suboptimally placed synchronized register chain  
The FDRE cell dbg_hub/inst/CORE_XSDB.UUT_MASTER/U_ICON_INTERFACE/U_CMD7_CTL/shift_reg_in_reg[0] in site SLICE_X434Y127 is part of a synchronized register chain that is suboptimally placed as the load FDRE cell dbg_hub/inst/CORE_XSDB.UUT_MASTER/U_ICON_INTERFACE/U_CMD7_STAT/stat_reg_reg[0] is not placed in the same (SLICE) site.
Related violations: <none>

PDRC-190#29 Warning
Suboptimally placed synchronized register chain  
The FDRE cell dbg_hub/inst/CORE_XSDB.UUT_MASTER/U_ICON_INTERFACE/U_CMD7_STAT/stat_reg_reg[0] in site SLICE_X434Y128 is part of a synchronized register chain that is suboptimally placed as the load FDRE cell dbg_hub/inst/CORE_XSDB.UUT_MASTER/U_ICON_INTERFACE/U_CMD7_STAT/stat_reg_1_reg[0] is not placed in the same (SLICE) site.
Related violations: <none>

TIMING-6#1 Warning
No common primary clock between related clocks  
The clocks clk_out1_b2000t_c2c_bram_clk_wiz_0 and user_clk_i are related (timed together) but they have no common primary clock. The design could fail in hardware. To find a timing path between these clocks, run the following command: report_timing -from [get_clocks clk_out1_b2000t_c2c_bram_clk_wiz_0] -to [get_clocks user_clk_i]
Related violations: <none>

TIMING-6#2 Warning
No common primary clock between related clocks  
The clocks user_clk_i and clk_out1_b2000t_c2c_bram_clk_wiz_0 are related (timed together) but they have no common primary clock. The design could fail in hardware. To find a timing path between these clocks, run the following command: report_timing -from [get_clocks user_clk_i] -to [get_clocks clk_out1_b2000t_c2c_bram_clk_wiz_0]
Related violations: <none>

TIMING-7#1 Warning
No common node between related clocks  
The clocks clk_out1_b2000t_c2c_bram_clk_wiz_0 and user_clk_i are related (timed together) but they have no common node. The design could fail in hardware. To find a timing path between these clocks, run the following command: report_timing -from [get_clocks clk_out1_b2000t_c2c_bram_clk_wiz_0] -to [get_clocks user_clk_i]
Related violations: <none>

TIMING-7#2 Warning
No common node between related clocks  
The clocks user_clk_i and clk_out1_b2000t_c2c_bram_clk_wiz_0 are related (timed together) but they have no common node. The design could fail in hardware. To find a timing path between these clocks, run the following command: report_timing -from [get_clocks user_clk_i] -to [get_clocks clk_out1_b2000t_c2c_bram_clk_wiz_0]
Related violations: <none>

TIMING-9#1 Warning
Unknown CDC Logic  
One or more asynchronous Clock Domain Crossing has been detected between 2 clock domains through a set_false_path or a set_clock_groups or set_max_delay -datapath_only constraint but no double-registers logic synchronizer has been found on the side of the capture clock. It is recommended to run report_cdc for a complete and detailed CDC coverage
Related violations: <none>

TIMING-16#1 Warning
Large setup violation  
There is a large setup violation of -3.187 ns between b2000t_c2c_bram_i/system_ila1/inst/ila_lib/inst/ila_core_inst/u_ila_regs/reg_15/I_EN_CTL_EQ1.U_CTL/xsdb_reg_reg[2]/C (clocked by clk_out1_b2000t_c2c_bram_clk_wiz_0) and b2000t_c2c_bram_i/system_ila1/inst/ila_lib/inst/ila_core_inst/use_probe_debug_circuit_2_reg/D (clocked by user_clk_i). Large setup violations at the end of those stages might be difficult to fix during the post-placement implementation flow and could be the result of non-optimal XDC constraints or non-optimal design architecture
Related violations: <none>

TIMING-16#2 Warning
Large setup violation  
There is a large setup violation of -4.178 ns between b2000t_c2c_bram_i/system_ila1/inst/ila_lib/inst/ila_core_inst/u_ila_regs/reg_1a/I_EN_CTL_EQ1.U_CTL/xsdb_reg_reg[3]/C (clocked by clk_out1_b2000t_c2c_bram_clk_wiz_0) and b2000t_c2c_bram_i/system_ila1/inst/ila_lib/inst/ila_core_inst/en_adv_trigger_2_reg/D (clocked by user_clk_i). Large setup violations at the end of those stages might be difficult to fix during the post-placement implementation flow and could be the result of non-optimal XDC constraints or non-optimal design architecture
Related violations: <none>

TIMING-16#3 Warning
Large setup violation  
There is a large setup violation of -5.472 ns between b2000t_c2c_bram_i/system_ila1/inst/ila_lib/inst/ila_core_inst/u_ila_reset_ctrl/asyncrounous_transfer.halt_out_transfer_inst/dout_reg1_reg/C (clocked by clk_out1_b2000t_c2c_bram_clk_wiz_0) and b2000t_c2c_bram_i/system_ila1/inst/ila_lib/inst/ila_core_inst/u_ila_reset_ctrl/asyncrounous_transfer.halt_out_transfer_inst/temp_reg0_reg/D (clocked by user_clk_i). Large setup violations at the end of those stages might be difficult to fix during the post-placement implementation flow and could be the result of non-optimal XDC constraints or non-optimal design architecture
Related violations: <none>

TIMING-16#4 Warning
Large setup violation  
There is a large setup violation of -7.106 ns between b2000t_c2c_bram_i/system_ila1/inst/ila_lib/inst/ila_core_inst/u_ila_reset_ctrl/asyncrounous_transfer.arm_out_transfer_inst/dout_reg1_reg/C (clocked by clk_out1_b2000t_c2c_bram_clk_wiz_0) and b2000t_c2c_bram_i/system_ila1/inst/ila_lib/inst/ila_core_inst/u_ila_reset_ctrl/asyncrounous_transfer.arm_out_transfer_inst/temp_reg0_reg/D (clocked by user_clk_i). Large setup violations at the end of those stages might be difficult to fix during the post-placement implementation flow and could be the result of non-optimal XDC constraints or non-optimal design architecture
Related violations: <none>

TIMING-16#5 Warning
Large setup violation  
There is a large setup violation of -8.106 ns between b2000t_c2c_bram_i/system_ila1/inst/ila_lib/inst/ila_core_inst/u_ila_reset_ctrl/asyncrounous_transfer.arm_in_transfer_inst/dout_reg1_reg/C (clocked by user_clk_i) and b2000t_c2c_bram_i/system_ila1/inst/ila_lib/inst/ila_core_inst/u_ila_reset_ctrl/asyncrounous_transfer.arm_in_transfer_inst/temp_reg0_reg/D (clocked by clk_out1_b2000t_c2c_bram_clk_wiz_0). Large setup violations at the end of those stages might be difficult to fix during the post-placement implementation flow and could be the result of non-optimal XDC constraints or non-optimal design architecture
Related violations: <none>

TIMING-16#6 Warning
Large setup violation  
There is a large setup violation of -8.118 ns between b2000t_c2c_bram_i/system_ila1/inst/ila_lib/inst/ila_core_inst/u_ila_reset_ctrl/asyncrounous_transfer.halt_in_transfer_inst/dout_reg1_reg/C (clocked by user_clk_i) and b2000t_c2c_bram_i/system_ila1/inst/ila_lib/inst/ila_core_inst/u_ila_reset_ctrl/asyncrounous_transfer.halt_in_transfer_inst/temp_reg0_reg/D (clocked by clk_out1_b2000t_c2c_bram_clk_wiz_0). Large setup violations at the end of those stages might be difficult to fix during the post-placement implementation flow and could be the result of non-optimal XDC constraints or non-optimal design architecture
Related violations: <none>

TIMING-18#1 Warning
Missing input or output delay  
An input delay is missing on aurora_pma_init_in relative to clock(s) CLK_IN1_D_clk_p INIT_DIFF_CLK_clk_p 
Related violations: <none>

TIMING-18#2 Warning
Missing input or output delay  
An input delay is missing on ext_reset_in relative to clock(s) CLK_IN1_D_clk_p 
Related violations: <none>

TIMING-18#3 Warning
Missing input or output delay  
An output delay is missing on axi_c2c_link_status_out relative to clock(s) CLK_IN1_D_clk_p 
Related violations: <none>

XDCC-1#1 Warning
Scoped Clock constraint overwritten with the same name  
A new clock constraint create_clock overrides a previous scoped clock constraint with the same name. It is not recommended to override a scoped (typically an IP) clock constraint and could result in unexpected behaviors.
New: create_clock -period 10.000 [get_ports CLK_IN1_D_clk_p] (Source: /home/wesleyguo/github/vivado/vivado/2000t_c2c_bram/b2000t_c2c_bram/b2000t_c2c_bram.srcs/constrs_1/new/b2000t_c2c_bram.xdc (Line: 38))
Previous: create_clock -period 10.000 [get_ports CLK_IN1_D_clk_p] (Source: /home/wesleyguo/github/vivado/vivado/2000t_c2c_bram/b2000t_c2c_bram/b2000t_c2c_bram.srcs/sources_1/bd/b2000t_c2c_bram/ip/b2000t_c2c_bram_clk_wiz_0/b2000t_c2c_bram_clk_wiz_0.xdc (Line: 56))
Related violations: <none>

XDCC-7#1 Warning
Scoped Clock constraint overwritten on the same source  
A new clock constraint create_clock overrides a previous scoped clock constraint defined on the same source. It is not recommended to override a scoped (typically an IP) clock constraint and could result in unexpected behaviors.
New: create_clock -period 10.000 [get_ports CLK_IN1_D_clk_p] (Source: /home/wesleyguo/github/vivado/vivado/2000t_c2c_bram/b2000t_c2c_bram/b2000t_c2c_bram.srcs/constrs_1/new/b2000t_c2c_bram.xdc (Line: 38))
Previous: create_clock -period 10.000 [get_ports CLK_IN1_D_clk_p] (Source: /home/wesleyguo/github/vivado/vivado/2000t_c2c_bram/b2000t_c2c_bram/b2000t_c2c_bram.srcs/sources_1/bd/b2000t_c2c_bram/ip/b2000t_c2c_bram_clk_wiz_0/b2000t_c2c_bram_clk_wiz_0.xdc (Line: 56))
Related violations: <none>


