
*** Running vivado
    with args -log b2000t_c2c_bram_vio_0_0.vds -m64 -product Vivado -mode batch -messageDb vivado.pb -notrace -source b2000t_c2c_bram_vio_0_0.tcl


****** Vivado v2016.4 (64-bit)
  **** SW Build 1733598 on Wed Dec 14 22:35:42 MST 2016
  **** IP Build 1731160 on Wed Dec 14 23:47:21 MST 2016
    ** Copyright 1986-2016 Xilinx, Inc. All Rights Reserved.

source b2000t_c2c_bram_vio_0_0.tcl -notrace
Starting RTL Elaboration : Time (s): cpu = 00:00:11 ; elapsed = 00:00:11 . Memory (MB): peak = 1248.426 ; gain = 233.246 ; free physical = 87163 ; free virtual = 195099
INFO: [Synth 8-638] synthesizing module 'b2000t_c2c_bram_vio_0_0' [/home/wesleyguo/github/vivado/vivado/2000t_c2c_bram/b2000t_c2c_bram/b2000t_c2c_bram.srcs/sources_1/bd/b2000t_c2c_bram/ip/b2000t_c2c_bram_vio_0_0/synth/b2000t_c2c_bram_vio_0_0.v:59]
INFO: [Synth 8-256] done synthesizing module 'b2000t_c2c_bram_vio_0_0' (8#1) [/home/wesleyguo/github/vivado/vivado/2000t_c2c_bram/b2000t_c2c_bram/b2000t_c2c_bram.srcs/sources_1/bd/b2000t_c2c_bram/ip/b2000t_c2c_bram_vio_0_0/synth/b2000t_c2c_bram_vio_0_0.v:59]
Finished RTL Elaboration : Time (s): cpu = 00:00:15 ; elapsed = 00:00:16 . Memory (MB): peak = 1372.902 ; gain = 357.723 ; free physical = 86388 ; free virtual = 194326
Finished RTL Optimization Phase 1 : Time (s): cpu = 00:00:15 ; elapsed = 00:00:16 . Memory (MB): peak = 1372.902 ; gain = 357.723 ; free physical = 86385 ; free virtual = 194322
INFO: [Device 21-403] Loading part xc7v2000tflg1925-1
Constraint Validation Runtime : Time (s): cpu = 00:00:00.02 ; elapsed = 00:00:00.02 . Memory (MB): peak = 2085.422 ; gain = 0.004 ; free physical = 84649 ; free virtual = 192587
Finished Constraint Validation : Time (s): cpu = 00:00:52 ; elapsed = 00:00:53 . Memory (MB): peak = 2085.422 ; gain = 1070.242 ; free physical = 84529 ; free virtual = 192467
Finished Loading Part and Timing Information : Time (s): cpu = 00:00:52 ; elapsed = 00:00:53 . Memory (MB): peak = 2085.422 ; gain = 1070.242 ; free physical = 84529 ; free virtual = 192467
Finished applying 'set_property' XDC Constraints : Time (s): cpu = 00:00:52 ; elapsed = 00:00:53 . Memory (MB): peak = 2085.422 ; gain = 1070.242 ; free physical = 84529 ; free virtual = 192467
Finished RTL Optimization Phase 2 : Time (s): cpu = 00:00:52 ; elapsed = 00:00:53 . Memory (MB): peak = 2085.422 ; gain = 1070.242 ; free physical = 84528 ; free virtual = 192466
Finished Cross Boundary and Area Optimization : Time (s): cpu = 00:00:53 ; elapsed = 00:00:54 . Memory (MB): peak = 2085.422 ; gain = 1070.242 ; free physical = 84525 ; free virtual = 192463
Finished Applying XDC Timing Constraints : Time (s): cpu = 00:01:01 ; elapsed = 00:01:02 . Memory (MB): peak = 2085.422 ; gain = 1070.242 ; free physical = 86396 ; free virtual = 194334
Finished Timing Optimization : Time (s): cpu = 00:01:01 ; elapsed = 00:01:02 . Memory (MB): peak = 2085.422 ; gain = 1070.242 ; free physical = 86396 ; free virtual = 194334
Finished Technology Mapping : Time (s): cpu = 00:01:01 ; elapsed = 00:01:02 . Memory (MB): peak = 2085.422 ; gain = 1070.242 ; free physical = 86383 ; free virtual = 194322
Finished IO Insertion : Time (s): cpu = 00:01:02 ; elapsed = 00:01:03 . Memory (MB): peak = 2085.422 ; gain = 1070.242 ; free physical = 86383 ; free virtual = 194322
Finished Renaming Generated Instances : Time (s): cpu = 00:01:02 ; elapsed = 00:01:03 . Memory (MB): peak = 2085.422 ; gain = 1070.242 ; free physical = 86383 ; free virtual = 194322
Finished Rebuilding User Hierarchy : Time (s): cpu = 00:01:02 ; elapsed = 00:01:03 . Memory (MB): peak = 2085.422 ; gain = 1070.242 ; free physical = 86383 ; free virtual = 194322
Finished Renaming Generated Ports : Time (s): cpu = 00:01:02 ; elapsed = 00:01:03 . Memory (MB): peak = 2085.422 ; gain = 1070.242 ; free physical = 86383 ; free virtual = 194322
Finished Handling Custom Attributes : Time (s): cpu = 00:01:02 ; elapsed = 00:01:03 . Memory (MB): peak = 2085.422 ; gain = 1070.242 ; free physical = 86383 ; free virtual = 194322
Finished Renaming Generated Nets : Time (s): cpu = 00:01:02 ; elapsed = 00:01:03 . Memory (MB): peak = 2085.422 ; gain = 1070.242 ; free physical = 86383 ; free virtual = 194322

Report Cell Usage: 
+------+-----+------+
|      |Cell |Count |
+------+-----+------+
|1     |LUT1 |     2|
|2     |LUT2 |     6|
|3     |LUT3 |    60|
|4     |LUT4 |    77|
|5     |LUT5 |    22|
|6     |LUT6 |    30|
|7     |FDRE |   326|
|8     |FDSE |     7|
+------+-----+------+
Finished Writing Synthesis Report : Time (s): cpu = 00:01:02 ; elapsed = 00:01:03 . Memory (MB): peak = 2085.422 ; gain = 1070.242 ; free physical = 86383 ; free virtual = 194322
synth_design: Time (s): cpu = 00:01:01 ; elapsed = 00:01:01 . Memory (MB): peak = 2085.422 ; gain = 959.488 ; free physical = 86325 ; free virtual = 194264
