
*** Running vivado
    with args -log b2000t_c2c_bram_system_ila_0.vds -m64 -product Vivado -mode batch -messageDb vivado.pb -notrace -source b2000t_c2c_bram_system_ila_0.tcl


****** Vivado v2016.4 (64-bit)
  **** SW Build 1733598 on Wed Dec 14 22:35:42 MST 2016
  **** IP Build 1731160 on Wed Dec 14 23:47:21 MST 2016
    ** Copyright 1986-2016 Xilinx, Inc. All Rights Reserved.

source b2000t_c2c_bram_system_ila_0.tcl -notrace
Starting RTL Elaboration : Time (s): cpu = 00:00:15 ; elapsed = 00:00:15 . Memory (MB): peak = 1319.676 ; gain = 304.492 ; free physical = 87017 ; free virtual = 192212
INFO: [Synth 8-638] synthesizing module 'b2000t_c2c_bram_system_ila_0' [/home/wesleyguo/github/vivado/vivado/2000t_c2c_bram/b2000t_c2c_bram/b2000t_c2c_bram.srcs/sources_1/bd/b2000t_c2c_bram/ip/b2000t_c2c_bram_system_ila_0/synth/b2000t_c2c_bram_system_ila_0.v:203]
INFO: [Synth 8-638] synthesizing module 'bd_6d24' [/home/wesleyguo/github/vivado/vivado/2000t_c2c_bram/b2000t_c2c_bram/b2000t_c2c_bram.srcs/sources_1/bd/b2000t_c2c_bram/ip/b2000t_c2c_bram_system_ila_0/bd_0/hdl/bd_6d24.v:13]
INFO: [Synth 8-638] synthesizing module 'bd_6d24_g_inst_0' [/home/wesleyguo/github/vivado/vivado/2000t_c2c_bram/b2000t_c2c_bram/b2000t_c2c_bram.srcs/sources_1/bd/b2000t_c2c_bram/ip/b2000t_c2c_bram_system_ila_0/bd_0/ip/ip_1/synth/bd_6d24_g_inst_0.v:113]
INFO: [Synth 8-638] synthesizing module 'bd_6d24_g_inst_0_gigantic_mux' [/home/wesleyguo/github/vivado/vivado/2000t_c2c_bram/b2000t_c2c_bram/b2000t_c2c_bram.srcs/sources_1/bd/b2000t_c2c_bram/ip/b2000t_c2c_bram_system_ila_0/bd_0/ip/ip_1/bd_6d24_g_inst_0_gigantic_mux.v:63]
INFO: [Synth 8-256] done synthesizing module 'bd_6d24_g_inst_0_gigantic_mux' (1#1) [/home/wesleyguo/github/vivado/vivado/2000t_c2c_bram/b2000t_c2c_bram/b2000t_c2c_bram.srcs/sources_1/bd/b2000t_c2c_bram/ip/b2000t_c2c_bram_system_ila_0/bd_0/ip/ip_1/bd_6d24_g_inst_0_gigantic_mux.v:63]
INFO: [Synth 8-256] done synthesizing module 'bd_6d24_g_inst_0' (2#1) [/home/wesleyguo/github/vivado/vivado/2000t_c2c_bram/b2000t_c2c_bram/b2000t_c2c_bram.srcs/sources_1/bd/b2000t_c2c_bram/ip/b2000t_c2c_bram_system_ila_0/bd_0/ip/ip_1/synth/bd_6d24_g_inst_0.v:113]
INFO: [Synth 8-638] synthesizing module 'bd_6d24_ila_lib_0' [/home/wesleyguo/github/vivado/vivado/2000t_c2c_bram/b2000t_c2c_bram/b2000t_c2c_bram.srcs/sources_1/bd/b2000t_c2c_bram/ip/b2000t_c2c_bram_system_ila_0/bd_0/ip/ip_0/synth/bd_6d24_ila_lib_0.v:84]
INFO: [Synth 8-638] synthesizing module 'CFGLUT5' [/home/vivado/vivado201604/Vivado/2016.4/scripts/rt/data/unisim_comp.v:998]
INFO: [Synth 8-256] done synthesizing module 'CFGLUT5' (10#1) [/home/vivado/vivado201604/Vivado/2016.4/scripts/rt/data/unisim_comp.v:998]
INFO: [Synth 8-638] synthesizing module 'CARRY4' [/home/vivado/vivado201604/Vivado/2016.4/scripts/rt/data/unisim_comp.v:961]
INFO: [Synth 8-256] done synthesizing module 'CARRY4' (11#1) [/home/vivado/vivado201604/Vivado/2016.4/scripts/rt/data/unisim_comp.v:961]
INFO: [Synth 8-638] synthesizing module 'SRLC32E' [/home/vivado/vivado201604/Vivado/2016.4/scripts/rt/data/unisim_comp.v:43478]
INFO: [Synth 8-256] done synthesizing module 'SRLC32E' (21#1) [/home/vivado/vivado201604/Vivado/2016.4/scripts/rt/data/unisim_comp.v:43478]
INFO: [Synth 8-638] synthesizing module 'SRL16E' [/home/vivado/vivado201604/Vivado/2016.4/scripts/rt/data/unisim_comp.v:43328]
INFO: [Synth 8-256] done synthesizing module 'SRL16E' (23#1) [/home/vivado/vivado201604/Vivado/2016.4/scripts/rt/data/unisim_comp.v:43328]
INFO: [Synth 8-638] synthesizing module 'SRLC16E' [/home/vivado/vivado201604/Vivado/2016.4/scripts/rt/data/unisim_comp.v:43417]
INFO: [Synth 8-256] done synthesizing module 'SRLC16E' (25#1) [/home/vivado/vivado201604/Vivado/2016.4/scripts/rt/data/unisim_comp.v:43417]
INFO: [Synth 8-638] synthesizing module 'FDRE' [/home/vivado/vivado201604/Vivado/2016.4/scripts/rt/data/unisim_comp.v:3964]
INFO: [Synth 8-256] done synthesizing module 'FDRE' (30#1) [/home/vivado/vivado201604/Vivado/2016.4/scripts/rt/data/unisim_comp.v:3964]
INFO: [Synth 8-256] done synthesizing module 'bd_6d24_ila_lib_0' (48#1) [/home/wesleyguo/github/vivado/vivado/2000t_c2c_bram/b2000t_c2c_bram/b2000t_c2c_bram.srcs/sources_1/bd/b2000t_c2c_bram/ip/b2000t_c2c_bram_system_ila_0/bd_0/ip/ip_0/synth/bd_6d24_ila_lib_0.v:84]
INFO: [Synth 8-638] synthesizing module 'bd_6d24_slot_0_ar_0' [/home/wesleyguo/github/vivado/vivado/2000t_c2c_bram/b2000t_c2c_bram/b2000t_c2c_bram.srcs/sources_1/bd/b2000t_c2c_bram/ip/b2000t_c2c_bram_system_ila_0/bd_0/ip/ip_5/synth/bd_6d24_slot_0_ar_0.v:58]
INFO: [Synth 8-638] synthesizing module 'xlconcat' [/home/wesleyguo/github/vivado/vivado/2000t_c2c_bram/b2000t_c2c_bram/b2000t_c2c_bram.srcs/sources_1/bd/b2000t_c2c_bram/ipshared/2e37/xlconcat.v:14]
INFO: [Synth 8-256] done synthesizing module 'xlconcat' (49#1) [/home/wesleyguo/github/vivado/vivado/2000t_c2c_bram/b2000t_c2c_bram/b2000t_c2c_bram.srcs/sources_1/bd/b2000t_c2c_bram/ipshared/2e37/xlconcat.v:14]
INFO: [Synth 8-256] done synthesizing module 'bd_6d24_slot_0_ar_0' (50#1) [/home/wesleyguo/github/vivado/vivado/2000t_c2c_bram/b2000t_c2c_bram/b2000t_c2c_bram.srcs/sources_1/bd/b2000t_c2c_bram/ip/b2000t_c2c_bram_system_ila_0/bd_0/ip/ip_5/synth/bd_6d24_slot_0_ar_0.v:58]
INFO: [Synth 8-638] synthesizing module 'bd_6d24_slot_0_aw_0' [/home/wesleyguo/github/vivado/vivado/2000t_c2c_bram/b2000t_c2c_bram/b2000t_c2c_bram.srcs/sources_1/bd/b2000t_c2c_bram/ip/b2000t_c2c_bram_system_ila_0/bd_0/ip/ip_2/synth/bd_6d24_slot_0_aw_0.v:58]
INFO: [Synth 8-256] done synthesizing module 'bd_6d24_slot_0_aw_0' (51#1) [/home/wesleyguo/github/vivado/vivado/2000t_c2c_bram/b2000t_c2c_bram/b2000t_c2c_bram.srcs/sources_1/bd/b2000t_c2c_bram/ip/b2000t_c2c_bram_system_ila_0/bd_0/ip/ip_2/synth/bd_6d24_slot_0_aw_0.v:58]
INFO: [Synth 8-638] synthesizing module 'bd_6d24_slot_0_b_0' [/home/wesleyguo/github/vivado/vivado/2000t_c2c_bram/b2000t_c2c_bram/b2000t_c2c_bram.srcs/sources_1/bd/b2000t_c2c_bram/ip/b2000t_c2c_bram_system_ila_0/bd_0/ip/ip_4/synth/bd_6d24_slot_0_b_0.v:58]
INFO: [Synth 8-256] done synthesizing module 'bd_6d24_slot_0_b_0' (52#1) [/home/wesleyguo/github/vivado/vivado/2000t_c2c_bram/b2000t_c2c_bram/b2000t_c2c_bram.srcs/sources_1/bd/b2000t_c2c_bram/ip/b2000t_c2c_bram_system_ila_0/bd_0/ip/ip_4/synth/bd_6d24_slot_0_b_0.v:58]
INFO: [Synth 8-638] synthesizing module 'bd_6d24_slot_0_r_0' [/home/wesleyguo/github/vivado/vivado/2000t_c2c_bram/b2000t_c2c_bram/b2000t_c2c_bram.srcs/sources_1/bd/b2000t_c2c_bram/ip/b2000t_c2c_bram_system_ila_0/bd_0/ip/ip_6/synth/bd_6d24_slot_0_r_0.v:58]
INFO: [Synth 8-638] synthesizing module 'xlconcat__parameterized0' [/home/wesleyguo/github/vivado/vivado/2000t_c2c_bram/b2000t_c2c_bram/b2000t_c2c_bram.srcs/sources_1/bd/b2000t_c2c_bram/ipshared/2e37/xlconcat.v:14]
INFO: [Synth 8-256] done synthesizing module 'xlconcat__parameterized0' (52#1) [/home/wesleyguo/github/vivado/vivado/2000t_c2c_bram/b2000t_c2c_bram/b2000t_c2c_bram.srcs/sources_1/bd/b2000t_c2c_bram/ipshared/2e37/xlconcat.v:14]
INFO: [Synth 8-256] done synthesizing module 'bd_6d24_slot_0_r_0' (53#1) [/home/wesleyguo/github/vivado/vivado/2000t_c2c_bram/b2000t_c2c_bram/b2000t_c2c_bram.srcs/sources_1/bd/b2000t_c2c_bram/ip/b2000t_c2c_bram_system_ila_0/bd_0/ip/ip_6/synth/bd_6d24_slot_0_r_0.v:58]
INFO: [Synth 8-638] synthesizing module 'bd_6d24_slot_0_w_0' [/home/wesleyguo/github/vivado/vivado/2000t_c2c_bram/b2000t_c2c_bram/b2000t_c2c_bram.srcs/sources_1/bd/b2000t_c2c_bram/ip/b2000t_c2c_bram_system_ila_0/bd_0/ip/ip_3/synth/bd_6d24_slot_0_w_0.v:58]
INFO: [Synth 8-638] synthesizing module 'xlconcat__parameterized1' [/home/wesleyguo/github/vivado/vivado/2000t_c2c_bram/b2000t_c2c_bram/b2000t_c2c_bram.srcs/sources_1/bd/b2000t_c2c_bram/ipshared/2e37/xlconcat.v:14]
INFO: [Synth 8-256] done synthesizing module 'xlconcat__parameterized1' (53#1) [/home/wesleyguo/github/vivado/vivado/2000t_c2c_bram/b2000t_c2c_bram/b2000t_c2c_bram.srcs/sources_1/bd/b2000t_c2c_bram/ipshared/2e37/xlconcat.v:14]
INFO: [Synth 8-256] done synthesizing module 'bd_6d24_slot_0_w_0' (54#1) [/home/wesleyguo/github/vivado/vivado/2000t_c2c_bram/b2000t_c2c_bram/b2000t_c2c_bram.srcs/sources_1/bd/b2000t_c2c_bram/ip/b2000t_c2c_bram_system_ila_0/bd_0/ip/ip_3/synth/bd_6d24_slot_0_w_0.v:58]
INFO: [Synth 8-256] done synthesizing module 'bd_6d24' (55#1) [/home/wesleyguo/github/vivado/vivado/2000t_c2c_bram/b2000t_c2c_bram/b2000t_c2c_bram.srcs/sources_1/bd/b2000t_c2c_bram/ip/b2000t_c2c_bram_system_ila_0/bd_0/hdl/bd_6d24.v:13]
INFO: [Synth 8-256] done synthesizing module 'b2000t_c2c_bram_system_ila_0' (56#1) [/home/wesleyguo/github/vivado/vivado/2000t_c2c_bram/b2000t_c2c_bram/b2000t_c2c_bram.srcs/sources_1/bd/b2000t_c2c_bram/ip/b2000t_c2c_bram_system_ila_0/synth/b2000t_c2c_bram_system_ila_0.v:203]
Finished RTL Elaboration : Time (s): cpu = 00:01:18 ; elapsed = 00:01:19 . Memory (MB): peak = 1659.492 ; gain = 644.309 ; free physical = 86373 ; free virtual = 191570
Finished RTL Optimization Phase 1 : Time (s): cpu = 00:01:19 ; elapsed = 00:01:20 . Memory (MB): peak = 1659.492 ; gain = 644.309 ; free physical = 86373 ; free virtual = 191570
INFO: [Device 21-403] Loading part xc7v2000tflg1925-1
Constraint Validation Runtime : Time (s): cpu = 00:00:00.14 ; elapsed = 00:00:00.15 . Memory (MB): peak = 2218.637 ; gain = 0.004 ; free physical = 85543 ; free virtual = 190740
Finished Constraint Validation : Time (s): cpu = 00:02:03 ; elapsed = 00:02:04 . Memory (MB): peak = 2218.637 ; gain = 1203.453 ; free physical = 85534 ; free virtual = 190731
Finished Loading Part and Timing Information : Time (s): cpu = 00:02:03 ; elapsed = 00:02:04 . Memory (MB): peak = 2218.637 ; gain = 1203.453 ; free physical = 85534 ; free virtual = 190731
Finished applying 'set_property' XDC Constraints : Time (s): cpu = 00:02:04 ; elapsed = 00:02:05 . Memory (MB): peak = 2218.637 ; gain = 1203.453 ; free physical = 85533 ; free virtual = 190730
Finished RTL Optimization Phase 2 : Time (s): cpu = 00:02:07 ; elapsed = 00:02:08 . Memory (MB): peak = 2218.637 ; gain = 1203.453 ; free physical = 85521 ; free virtual = 190719
Finished Cross Boundary and Area Optimization : Time (s): cpu = 00:02:17 ; elapsed = 00:02:18 . Memory (MB): peak = 2218.637 ; gain = 1203.453 ; free physical = 85500 ; free virtual = 190698
Finished Applying XDC Timing Constraints : Time (s): cpu = 00:02:27 ; elapsed = 00:02:28 . Memory (MB): peak = 2218.637 ; gain = 1203.453 ; free physical = 85471 ; free virtual = 190681
Finished Timing Optimization : Time (s): cpu = 00:02:27 ; elapsed = 00:02:29 . Memory (MB): peak = 2218.637 ; gain = 1203.453 ; free physical = 85471 ; free virtual = 190681
Finished Technology Mapping : Time (s): cpu = 00:02:29 ; elapsed = 00:02:31 . Memory (MB): peak = 2218.637 ; gain = 1203.453 ; free physical = 86623 ; free virtual = 191833
Finished IO Insertion : Time (s): cpu = 00:02:30 ; elapsed = 00:02:31 . Memory (MB): peak = 2218.637 ; gain = 1203.453 ; free physical = 86623 ; free virtual = 191833
Finished Renaming Generated Instances : Time (s): cpu = 00:02:30 ; elapsed = 00:02:31 . Memory (MB): peak = 2218.637 ; gain = 1203.453 ; free physical = 86623 ; free virtual = 191833
Finished Rebuilding User Hierarchy : Time (s): cpu = 00:02:30 ; elapsed = 00:02:32 . Memory (MB): peak = 2218.637 ; gain = 1203.453 ; free physical = 86623 ; free virtual = 191833
Finished Renaming Generated Ports : Time (s): cpu = 00:02:30 ; elapsed = 00:02:32 . Memory (MB): peak = 2218.637 ; gain = 1203.453 ; free physical = 86623 ; free virtual = 191833
Finished Handling Custom Attributes : Time (s): cpu = 00:02:30 ; elapsed = 00:02:32 . Memory (MB): peak = 2218.637 ; gain = 1203.453 ; free physical = 86623 ; free virtual = 191833
Finished Renaming Generated Nets : Time (s): cpu = 00:02:30 ; elapsed = 00:02:32 . Memory (MB): peak = 2218.637 ; gain = 1203.453 ; free physical = 86623 ; free virtual = 191833

Report Cell Usage: 
+------+---------+------+
|      |Cell     |Count |
+------+---------+------+
|1     |CARRY4   |    86|
|2     |CFGLUT5  |   248|
|3     |LUT1     |    39|
|4     |LUT2     |    60|
|5     |LUT3     |   121|
|6     |LUT4     |   335|
|7     |LUT5     |   144|
|8     |LUT6     |   957|
|9     |MUXF7    |    61|
|10    |MUXF8    |     4|
|11    |RAMB18E1 |     1|
|12    |RAMB36E1 |     6|
|13    |SRL16E   |   232|
|14    |SRLC16E  |     2|
|15    |SRLC32E  |    17|
|16    |FDRE     |  2956|
|17    |FDSE     |     9|
+------+---------+------+
Finished Writing Synthesis Report : Time (s): cpu = 00:02:30 ; elapsed = 00:02:32 . Memory (MB): peak = 2218.637 ; gain = 1203.453 ; free physical = 86623 ; free virtual = 191833
synth_design: Time (s): cpu = 00:02:29 ; elapsed = 00:02:30 . Memory (MB): peak = 2218.637 ; gain = 1024.457 ; free physical = 86598 ; free virtual = 191808
