#
# An unexpected error has occurred (11)
#
Stack:
/home/vivado/vivado201604/Vivado/2016.4/tps/lnx64/jre/lib/amd64/server/libjvm.so(+0x91ab39) [0x7f4f87a15b39]
/home/vivado/vivado201604/Vivado/2016.4/tps/lnx64/jre/lib/amd64/server/libjvm.so(JVM_handle_linux_signal+0xb6) [0x7f4f87a1bf26]
/home/vivado/vivado201604/Vivado/2016.4/tps/lnx64/jre/lib/amd64/server/libjvm.so(+0x917753) [0x7f4f87a12753]
/lib64/libc.so.6() [0x37d5c32920]
/home/vivado/vivado201604/Vivado/2016.4/lib/lnx64.o/librdi_designutils.so(HDDCProbeManager::probeSetExistsForName(std::string const&)+0x8) [0x7f4fa8498d68]
/home/vivado/vivado201604/Vivado/2016.4/lib/lnx64.o/librdi_labtools.so(LTDHWProbeUtils::getProbesForDevice(HDDCProbeManager*, std::string const&, std::vector<HDDCProbe*, std::allocator<HDDCProbe*> >&)+0x21) [0x7f4f8ed3dd71]
/home/vivado/vivado201604/Vivado/2016.4/lib/lnx64.o/librdi_labtools.so(LTDHWProbeUtils::getProbesForILA(HDDCProbeManager*, std::string const&, std::string const&, std::vector<HDDCProbe*, std::allocator<HDDCProbe*> >&, bool, bool, bool)+0x59) [0x7f4f8ed3dea9]
/home/vivado/vivado201604/Vivado/2016.4/lib/lnx64.o/librdi_labtools.so(LTDHWWaveImpl::updateProbeCache()+0xc0) [0x7f4f8ed9b8b0]
/home/vivado/vivado201604/Vivado/2016.4/lib/lnx64.o/librdi_labtools.so(LTDHWWaveImpl::setIlaProbes(std::string const&, boost::shared_ptr<HDDCProbeCopyGroup>)+0x362) [0x7f4f8ed9d4f2]
/home/vivado/vivado201604/Vivado/2016.4/lib/lnx64.o/librdi_labtoolstasks.so(+0x55e09f) [0x7f4f6ba4909f]
/home/vivado/vivado201604/Vivado/2016.4/lib/lnx64.o/librdi_common.so(+0x5f8f37) [0x7f4fc0e8ef37]
/home/vivado/vivado201604/Vivado/2016.4/lib/lnx64.o/libtcl8.5.so(+0x331f5) [0x7f4fbc6551f5]
/home/vivado/vivado201604/Vivado/2016.4/lib/lnx64.o/libtcl8.5.so(+0x76bbe) [0x7f4fbc698bbe]
/home/vivado/vivado201604/Vivado/2016.4/lib/lnx64.o/libtcl8.5.so(+0x7e767) [0x7f4fbc6a0767]
/home/vivado/vivado201604/Vivado/2016.4/lib/lnx64.o/libtcl8.5.so(TclEvalObjEx+0x77) [0x7f4fbc657327]
/home/vivado/vivado201604/Vivado/2016.4/lib/lnx64.o/librdi_common.so(hdi::tcltasks::task_manager::eval_in_tcl(Tcl_Interp*, Tcl_Obj*, char const*, bool)+0x7fd) [0x7f4fc0e908fd]
/home/vivado/vivado201604/Vivado/2016.4/lib/lnx64.o/librdi_labtools.so(LTDHWPlatformUtils::addInterfaceInfoToProbes(HDDCProbeManager*, std::string const&, boost::shared_ptr<HSTVector<HDDCBusInterface*, std::allocator<HDDCBusInterface*> > >)+0x1b78) [0x7f4f8ed29248]
/home/vivado/vivado201604/Vivado/2016.4/lib/lnx64.o/librdi_labtools.so(LTDHWProbeUpdater::doUpdateEdaProbes(LTDHWDevice*, std::vector<std::string, std::allocator<std::string> > const&, bool, HDDCProbeManager*, boost::shared_ptr<HDDCProbeCopyGroup>, std::string)+0x990) [0x7f4f8ed399f0]
/home/vivado/vivado201604/Vivado/2016.4/lib/lnx64.o/librdi_labtools.so(LTDHWProbeUpdater::updateEdaProbes(LTDHWDevice*, std::vector<std::string, std::allocator<std::string> > const&, bool, HDDCProbeManager*, boost::shared_ptr<HDDCProbeCopyGroup>, std::string)+0x60) [0x7f4f8ed3a8f0]
/home/vivado/vivado201604/Vivado/2016.4/lib/lnx64.o/librdi_labtools.so(LTDHWDevice::refreshProbes(bool, LTDHWWaveManager*, HDDCProbeManager*, boost::shared_ptr<HDDCProbeCopyGroup>)+0x183) [0x7f4f8ecc8943]
/home/vivado/vivado201604/Vivado/2016.4/lib/lnx64.o/librdi_labtoolstasks.so(+0x5b2e84) [0x7f4f6ba9de84]
/home/vivado/vivado201604/Vivado/2016.4/lib/lnx64.o/librdi_common.so(+0x5f8f37) [0x7f4fc0e8ef37]
/home/vivado/vivado201604/Vivado/2016.4/lib/lnx64.o/libtcl8.5.so(+0x331f5) [0x7f4fbc6551f5]
/home/vivado/vivado201604/Vivado/2016.4/lib/lnx64.o/libtcl8.5.so(+0x76bbe) [0x7f4fbc698bbe]
/home/vivado/vivado201604/Vivado/2016.4/lib/lnx64.o/libtcl8.5.so(+0x7e767) [0x7f4fbc6a0767]
/home/vivado/vivado201604/Vivado/2016.4/lib/lnx64.o/libtcl8.5.so(TclEvalObjEx+0x77) [0x7f4fbc657327]
/home/vivado/vivado201604/Vivado/2016.4/lib/lnx64.o/librdi_common.so(+0x5f864c) [0x7f4fc0e8e64c]
/home/vivado/vivado201604/Vivado/2016.4/lib/lnx64.o/libtcl8.5.so(Tcl_ServiceEvent+0x87) [0x7f4fbc6c9b37]
/home/vivado/vivado201604/Vivado/2016.4/lib/lnx64.o/libtcl8.5.so(Tcl_DoOneEvent+0x129) [0x7f4fbc6c9e69]
/home/vivado/vivado201604/Vivado/2016.4/lib/lnx64.o/librdi_commontasks.so(+0x304aa5) [0x7f4fb32d4aa5]
/home/vivado/vivado201604/Vivado/2016.4/lib/lnx64.o/librdi_commontasks.so(+0x30c28b) [0x7f4fb32dc28b]
/home/vivado/vivado201604/Vivado/2016.4/lib/lnx64.o/librdi_commontasks.so(+0x304d43) [0x7f4fb32d4d43]
/home/vivado/vivado201604/Vivado/2016.4/lib/lnx64.o/librdi_common.so(+0x5f8f37) [0x7f4fc0e8ef37]
/home/vivado/vivado201604/Vivado/2016.4/lib/lnx64.o/libtcl8.5.so(+0x331f5) [0x7f4fbc6551f5]
/home/vivado/vivado201604/Vivado/2016.4/lib/lnx64.o/libtcl8.5.so(Tcl_EvalObjv+0x32) [0x7f4fbc6557e2]
/home/vivado/vivado201604/Vivado/2016.4/lib/lnx64.o/libtcl8.5.so(TclEvalObjEx+0x322) [0x7f4fbc6575d2]
/home/vivado/vivado201604/Vivado/2016.4/lib/lnx64.o/librdi_commonmain.so(+0x6430) [0x7f4fc0691430]
/home/vivado/vivado201604/Vivado/2016.4/lib/lnx64.o/libtcl8.5.so(Tcl_Main+0x1d5) [0x7f4fbc6c2175]
/home/vivado/vivado201604/Vivado/2016.4/lib/lnx64.o/librdi_common.so(+0x631d09) [0x7f4fc0ec7d09]
/lib64/libpthread.so.0() [0x37d6007851]
/lib64/libc.so.6(clone+0x6d) [0x37d5ce890d]
