
*** Running vivado
    with args -log jtag_axi_xbar_0.vds -m64 -product Vivado -mode batch -messageDb vivado.pb -notrace -source jtag_axi_xbar_0.tcl


****** Vivado v2016.4 (64-bit)
  **** SW Build 1733598 on Wed Dec 14 22:35:42 MST 2016
  **** IP Build 1731160 on Wed Dec 14 23:47:21 MST 2016
    ** Copyright 1986-2016 Xilinx, Inc. All Rights Reserved.

source jtag_axi_xbar_0.tcl -notrace
Starting RTL Elaboration : Time (s): cpu = 00:00:10 ; elapsed = 00:00:11 . Memory (MB): peak = 1237.914 ; gain = 222.734 ; free physical = 90675 ; free virtual = 194540
INFO: [Synth 8-638] synthesizing module 'jtag_axi_xbar_0' [/home/wesleyguo/github/vivado/vivado/jtag_c2c/jtag_c2c/jtag_c2c.srcs/sources_1/bd/jtag_axi/ip/jtag_axi_xbar_0/synth/jtag_axi_xbar_0.v:59]
INFO: [Synth 8-638] synthesizing module 'axi_crossbar_v2_1_12_axi_crossbar' [/home/wesleyguo/github/vivado/vivado/jtag_c2c/jtag_c2c/jtag_c2c.srcs/sources_1/bd/jtag_axi/ipshared/896d/hdl/axi_crossbar_v2_1_vl_rfs.v:4882]
INFO: [Synth 8-638] synthesizing module 'axi_crossbar_v2_1_12_crossbar' [/home/wesleyguo/github/vivado/vivado/jtag_c2c/jtag_c2c/jtag_c2c.srcs/sources_1/bd/jtag_axi/ipshared/896d/hdl/axi_crossbar_v2_1_vl_rfs.v:2239]
INFO: [Synth 8-638] synthesizing module 'axi_crossbar_v2_1_12_si_transactor' [/home/wesleyguo/github/vivado/vivado/jtag_c2c/jtag_c2c/jtag_c2c.srcs/sources_1/bd/jtag_axi/ipshared/896d/hdl/axi_crossbar_v2_1_vl_rfs.v:3798]
INFO: [Synth 8-638] synthesizing module 'axi_crossbar_v2_1_12_addr_decoder' [/home/wesleyguo/github/vivado/vivado/jtag_c2c/jtag_c2c/jtag_c2c.srcs/sources_1/bd/jtag_axi/ipshared/896d/hdl/axi_crossbar_v2_1_vl_rfs.v:794]
INFO: [Synth 8-638] synthesizing module 'generic_baseblocks_v2_1_0_comparator_static' [/home/wesleyguo/github/vivado/vivado/jtag_c2c/jtag_c2c/jtag_c2c.srcs/sources_1/bd/jtag_axi/ipshared/7ee0/hdl/generic_baseblocks_v2_1_vl_rfs.v:2133]
INFO: [Synth 8-638] synthesizing module 'generic_baseblocks_v2_1_0_carry_and' [/home/wesleyguo/github/vivado/vivado/jtag_c2c/jtag_c2c/jtag_c2c.srcs/sources_1/bd/jtag_axi/ipshared/7ee0/hdl/generic_baseblocks_v2_1_vl_rfs.v:62]
INFO: [Synth 8-256] done synthesizing module 'generic_baseblocks_v2_1_0_carry_and' (1#1) [/home/wesleyguo/github/vivado/vivado/jtag_c2c/jtag_c2c/jtag_c2c.srcs/sources_1/bd/jtag_axi/ipshared/7ee0/hdl/generic_baseblocks_v2_1_vl_rfs.v:62]
INFO: [Synth 8-256] done synthesizing module 'generic_baseblocks_v2_1_0_comparator_static' (2#1) [/home/wesleyguo/github/vivado/vivado/jtag_c2c/jtag_c2c/jtag_c2c.srcs/sources_1/bd/jtag_axi/ipshared/7ee0/hdl/generic_baseblocks_v2_1_vl_rfs.v:2133]
INFO: [Synth 8-256] done synthesizing module 'axi_crossbar_v2_1_12_addr_decoder' (3#1) [/home/wesleyguo/github/vivado/vivado/jtag_c2c/jtag_c2c/jtag_c2c.srcs/sources_1/bd/jtag_axi/ipshared/896d/hdl/axi_crossbar_v2_1_vl_rfs.v:794]
INFO: [Synth 8-638] synthesizing module 'axi_data_fifo_v2_1_10_axic_srl_fifo' [/home/wesleyguo/github/vivado/vivado/jtag_c2c/jtag_c2c/jtag_c2c.srcs/sources_1/bd/jtag_axi/ipshared/39ba/hdl/axi_data_fifo_v2_1_vl_rfs.v:698]
INFO: [Synth 8-638] synthesizing module 'axi_data_fifo_v2_1_10_ndeep_srl' [/home/wesleyguo/github/vivado/vivado/jtag_c2c/jtag_c2c/jtag_c2c.srcs/sources_1/bd/jtag_axi/ipshared/39ba/hdl/axi_data_fifo_v2_1_vl_rfs.v:1134]
INFO: [Synth 8-638] synthesizing module 'SRLC32E' [/home/vivado/vivado201604/Vivado/2016.4/scripts/rt/data/unisim_comp.v:43478]
INFO: [Synth 8-256] done synthesizing module 'SRLC32E' (4#1) [/home/vivado/vivado201604/Vivado/2016.4/scripts/rt/data/unisim_comp.v:43478]
INFO: [Synth 8-256] done synthesizing module 'axi_data_fifo_v2_1_10_ndeep_srl' (5#1) [/home/wesleyguo/github/vivado/vivado/jtag_c2c/jtag_c2c/jtag_c2c.srcs/sources_1/bd/jtag_axi/ipshared/39ba/hdl/axi_data_fifo_v2_1_vl_rfs.v:1134]
INFO: [Synth 8-256] done synthesizing module 'axi_data_fifo_v2_1_10_axic_srl_fifo' (6#1) [/home/wesleyguo/github/vivado/vivado/jtag_c2c/jtag_c2c/jtag_c2c.srcs/sources_1/bd/jtag_axi/ipshared/39ba/hdl/axi_data_fifo_v2_1_vl_rfs.v:698]
INFO: [Synth 8-638] synthesizing module 'axi_crossbar_v2_1_12_arbiter_resp' [/home/wesleyguo/github/vivado/vivado/jtag_c2c/jtag_c2c/jtag_c2c.srcs/sources_1/bd/jtag_axi/ipshared/896d/hdl/axi_crossbar_v2_1_vl_rfs.v:1025]
INFO: [Synth 8-256] done synthesizing module 'axi_crossbar_v2_1_12_arbiter_resp' (7#1) [/home/wesleyguo/github/vivado/vivado/jtag_c2c/jtag_c2c/jtag_c2c.srcs/sources_1/bd/jtag_axi/ipshared/896d/hdl/axi_crossbar_v2_1_vl_rfs.v:1025]
INFO: [Synth 8-638] synthesizing module 'generic_baseblocks_v2_1_0_mux_enc' [/home/wesleyguo/github/vivado/vivado/jtag_c2c/jtag_c2c/jtag_c2c.srcs/sources_1/bd/jtag_axi/ipshared/7ee0/hdl/generic_baseblocks_v2_1_vl_rfs.v:2452]
INFO: [Synth 8-256] done synthesizing module 'generic_baseblocks_v2_1_0_mux_enc' (8#1) [/home/wesleyguo/github/vivado/vivado/jtag_c2c/jtag_c2c/jtag_c2c.srcs/sources_1/bd/jtag_axi/ipshared/7ee0/hdl/generic_baseblocks_v2_1_vl_rfs.v:2452]
INFO: [Synth 8-256] done synthesizing module 'axi_crossbar_v2_1_12_si_transactor' (9#1) [/home/wesleyguo/github/vivado/vivado/jtag_c2c/jtag_c2c/jtag_c2c.srcs/sources_1/bd/jtag_axi/ipshared/896d/hdl/axi_crossbar_v2_1_vl_rfs.v:3798]
INFO: [Synth 8-638] synthesizing module 'axi_crossbar_v2_1_12_si_transactor__parameterized0' [/home/wesleyguo/github/vivado/vivado/jtag_c2c/jtag_c2c/jtag_c2c.srcs/sources_1/bd/jtag_axi/ipshared/896d/hdl/axi_crossbar_v2_1_vl_rfs.v:3798]
INFO: [Synth 8-638] synthesizing module 'generic_baseblocks_v2_1_0_mux_enc__parameterized0' [/home/wesleyguo/github/vivado/vivado/jtag_c2c/jtag_c2c/jtag_c2c.srcs/sources_1/bd/jtag_axi/ipshared/7ee0/hdl/generic_baseblocks_v2_1_vl_rfs.v:2452]
INFO: [Synth 8-256] done synthesizing module 'generic_baseblocks_v2_1_0_mux_enc__parameterized0' (9#1) [/home/wesleyguo/github/vivado/vivado/jtag_c2c/jtag_c2c/jtag_c2c.srcs/sources_1/bd/jtag_axi/ipshared/7ee0/hdl/generic_baseblocks_v2_1_vl_rfs.v:2452]
INFO: [Synth 8-256] done synthesizing module 'axi_crossbar_v2_1_12_si_transactor__parameterized0' (9#1) [/home/wesleyguo/github/vivado/vivado/jtag_c2c/jtag_c2c/jtag_c2c.srcs/sources_1/bd/jtag_axi/ipshared/896d/hdl/axi_crossbar_v2_1_vl_rfs.v:3798]
INFO: [Synth 8-638] synthesizing module 'axi_crossbar_v2_1_12_splitter' [/home/wesleyguo/github/vivado/vivado/jtag_c2c/jtag_c2c/jtag_c2c.srcs/sources_1/bd/jtag_axi/ipshared/896d/hdl/axi_crossbar_v2_1_vl_rfs.v:4459]
INFO: [Synth 8-256] done synthesizing module 'axi_crossbar_v2_1_12_splitter' (10#1) [/home/wesleyguo/github/vivado/vivado/jtag_c2c/jtag_c2c/jtag_c2c.srcs/sources_1/bd/jtag_axi/ipshared/896d/hdl/axi_crossbar_v2_1_vl_rfs.v:4459]
INFO: [Synth 8-638] synthesizing module 'axi_crossbar_v2_1_12_wdata_router' [/home/wesleyguo/github/vivado/vivado/jtag_c2c/jtag_c2c/jtag_c2c.srcs/sources_1/bd/jtag_axi/ipshared/896d/hdl/axi_crossbar_v2_1_vl_rfs.v:4734]
INFO: [Synth 8-638] synthesizing module 'axi_data_fifo_v2_1_10_axic_reg_srl_fifo' [/home/wesleyguo/github/vivado/vivado/jtag_c2c/jtag_c2c/jtag_c2c.srcs/sources_1/bd/jtag_axi/ipshared/39ba/hdl/axi_data_fifo_v2_1_vl_rfs.v:889]
INFO: [Synth 8-256] done synthesizing module 'axi_data_fifo_v2_1_10_axic_reg_srl_fifo' (11#1) [/home/wesleyguo/github/vivado/vivado/jtag_c2c/jtag_c2c/jtag_c2c.srcs/sources_1/bd/jtag_axi/ipshared/39ba/hdl/axi_data_fifo_v2_1_vl_rfs.v:889]
INFO: [Synth 8-256] done synthesizing module 'axi_crossbar_v2_1_12_wdata_router' (12#1) [/home/wesleyguo/github/vivado/vivado/jtag_c2c/jtag_c2c/jtag_c2c.srcs/sources_1/bd/jtag_axi/ipshared/896d/hdl/axi_crossbar_v2_1_vl_rfs.v:4734]
INFO: [Synth 8-638] synthesizing module 'axi_data_fifo_v2_1_10_axic_srl_fifo__parameterized0' [/home/wesleyguo/github/vivado/vivado/jtag_c2c/jtag_c2c/jtag_c2c.srcs/sources_1/bd/jtag_axi/ipshared/39ba/hdl/axi_data_fifo_v2_1_vl_rfs.v:698]
INFO: [Synth 8-256] done synthesizing module 'axi_data_fifo_v2_1_10_axic_srl_fifo__parameterized0' (12#1) [/home/wesleyguo/github/vivado/vivado/jtag_c2c/jtag_c2c/jtag_c2c.srcs/sources_1/bd/jtag_axi/ipshared/39ba/hdl/axi_data_fifo_v2_1_vl_rfs.v:698]
INFO: [Synth 8-638] synthesizing module 'axi_crossbar_v2_1_12_wdata_mux' [/home/wesleyguo/github/vivado/vivado/jtag_c2c/jtag_c2c/jtag_c2c.srcs/sources_1/bd/jtag_axi/ipshared/896d/hdl/axi_crossbar_v2_1_vl_rfs.v:4559]
INFO: [Synth 8-256] done synthesizing module 'axi_crossbar_v2_1_12_wdata_mux' (13#1) [/home/wesleyguo/github/vivado/vivado/jtag_c2c/jtag_c2c/jtag_c2c.srcs/sources_1/bd/jtag_axi/ipshared/896d/hdl/axi_crossbar_v2_1_vl_rfs.v:4559]
INFO: [Synth 8-638] synthesizing module 'axi_register_slice_v2_1_11_axi_register_slice' [/home/wesleyguo/github/vivado/vivado/jtag_c2c/jtag_c2c/jtag_c2c.srcs/sources_1/bd/jtag_axi/ipshared/0b6b/hdl/axi_register_slice_v2_1_vl_rfs.v:791]
INFO: [Synth 8-638] synthesizing module 'axi_infrastructure_v1_1_0_axi2vector' [/home/wesleyguo/github/vivado/vivado/jtag_c2c/jtag_c2c/jtag_c2c.srcs/sources_1/bd/jtag_axi/ipshared/7e3a/hdl/axi_infrastructure_v1_1_vl_rfs.v:60]
INFO: [Synth 8-256] done synthesizing module 'axi_infrastructure_v1_1_0_axi2vector' (14#1) [/home/wesleyguo/github/vivado/vivado/jtag_c2c/jtag_c2c/jtag_c2c.srcs/sources_1/bd/jtag_axi/ipshared/7e3a/hdl/axi_infrastructure_v1_1_vl_rfs.v:60]
INFO: [Synth 8-638] synthesizing module 'axi_register_slice_v2_1_11_axic_register_slice' [/home/wesleyguo/github/vivado/vivado/jtag_c2c/jtag_c2c/jtag_c2c.srcs/sources_1/bd/jtag_axi/ipshared/0b6b/hdl/axi_register_slice_v2_1_vl_rfs.v:85]
INFO: [Synth 8-256] done synthesizing module 'axi_register_slice_v2_1_11_axic_register_slice' (15#1) [/home/wesleyguo/github/vivado/vivado/jtag_c2c/jtag_c2c/jtag_c2c.srcs/sources_1/bd/jtag_axi/ipshared/0b6b/hdl/axi_register_slice_v2_1_vl_rfs.v:85]
INFO: [Synth 8-638] synthesizing module 'axi_register_slice_v2_1_11_axic_register_slice__parameterized0' [/home/wesleyguo/github/vivado/vivado/jtag_c2c/jtag_c2c/jtag_c2c.srcs/sources_1/bd/jtag_axi/ipshared/0b6b/hdl/axi_register_slice_v2_1_vl_rfs.v:85]
INFO: [Synth 8-256] done synthesizing module 'axi_register_slice_v2_1_11_axic_register_slice__parameterized0' (15#1) [/home/wesleyguo/github/vivado/vivado/jtag_c2c/jtag_c2c/jtag_c2c.srcs/sources_1/bd/jtag_axi/ipshared/0b6b/hdl/axi_register_slice_v2_1_vl_rfs.v:85]
INFO: [Synth 8-638] synthesizing module 'axi_register_slice_v2_1_11_axic_register_slice__parameterized1' [/home/wesleyguo/github/vivado/vivado/jtag_c2c/jtag_c2c/jtag_c2c.srcs/sources_1/bd/jtag_axi/ipshared/0b6b/hdl/axi_register_slice_v2_1_vl_rfs.v:85]
INFO: [Synth 8-256] done synthesizing module 'axi_register_slice_v2_1_11_axic_register_slice__parameterized1' (15#1) [/home/wesleyguo/github/vivado/vivado/jtag_c2c/jtag_c2c/jtag_c2c.srcs/sources_1/bd/jtag_axi/ipshared/0b6b/hdl/axi_register_slice_v2_1_vl_rfs.v:85]
INFO: [Synth 8-638] synthesizing module 'axi_register_slice_v2_1_11_axic_register_slice__parameterized2' [/home/wesleyguo/github/vivado/vivado/jtag_c2c/jtag_c2c/jtag_c2c.srcs/sources_1/bd/jtag_axi/ipshared/0b6b/hdl/axi_register_slice_v2_1_vl_rfs.v:85]
INFO: [Synth 8-256] done synthesizing module 'axi_register_slice_v2_1_11_axic_register_slice__parameterized2' (15#1) [/home/wesleyguo/github/vivado/vivado/jtag_c2c/jtag_c2c/jtag_c2c.srcs/sources_1/bd/jtag_axi/ipshared/0b6b/hdl/axi_register_slice_v2_1_vl_rfs.v:85]
INFO: [Synth 8-638] synthesizing module 'axi_infrastructure_v1_1_0_vector2axi' [/home/wesleyguo/github/vivado/vivado/jtag_c2c/jtag_c2c/jtag_c2c.srcs/sources_1/bd/jtag_axi/ipshared/7e3a/hdl/axi_infrastructure_v1_1_vl_rfs.v:474]
INFO: [Synth 8-256] done synthesizing module 'axi_infrastructure_v1_1_0_vector2axi' (16#1) [/home/wesleyguo/github/vivado/vivado/jtag_c2c/jtag_c2c/jtag_c2c.srcs/sources_1/bd/jtag_axi/ipshared/7e3a/hdl/axi_infrastructure_v1_1_vl_rfs.v:474]
INFO: [Synth 8-256] done synthesizing module 'axi_register_slice_v2_1_11_axi_register_slice' (17#1) [/home/wesleyguo/github/vivado/vivado/jtag_c2c/jtag_c2c/jtag_c2c.srcs/sources_1/bd/jtag_axi/ipshared/0b6b/hdl/axi_register_slice_v2_1_vl_rfs.v:791]
INFO: [Synth 8-638] synthesizing module 'axi_data_fifo_v2_1_10_axic_srl_fifo__parameterized1' [/home/wesleyguo/github/vivado/vivado/jtag_c2c/jtag_c2c/jtag_c2c.srcs/sources_1/bd/jtag_axi/ipshared/39ba/hdl/axi_data_fifo_v2_1_vl_rfs.v:698]
INFO: [Synth 8-256] done synthesizing module 'axi_data_fifo_v2_1_10_axic_srl_fifo__parameterized1' (17#1) [/home/wesleyguo/github/vivado/vivado/jtag_c2c/jtag_c2c/jtag_c2c.srcs/sources_1/bd/jtag_axi/ipshared/39ba/hdl/axi_data_fifo_v2_1_vl_rfs.v:698]
INFO: [Synth 8-638] synthesizing module 'axi_data_fifo_v2_1_10_axic_srl_fifo__parameterized2' [/home/wesleyguo/github/vivado/vivado/jtag_c2c/jtag_c2c/jtag_c2c.srcs/sources_1/bd/jtag_axi/ipshared/39ba/hdl/axi_data_fifo_v2_1_vl_rfs.v:698]
INFO: [Synth 8-256] done synthesizing module 'axi_data_fifo_v2_1_10_axic_srl_fifo__parameterized2' (17#1) [/home/wesleyguo/github/vivado/vivado/jtag_c2c/jtag_c2c/jtag_c2c.srcs/sources_1/bd/jtag_axi/ipshared/39ba/hdl/axi_data_fifo_v2_1_vl_rfs.v:698]
INFO: [Synth 8-638] synthesizing module 'axi_crossbar_v2_1_12_wdata_mux__parameterized0' [/home/wesleyguo/github/vivado/vivado/jtag_c2c/jtag_c2c/jtag_c2c.srcs/sources_1/bd/jtag_axi/ipshared/896d/hdl/axi_crossbar_v2_1_vl_rfs.v:4559]
INFO: [Synth 8-256] done synthesizing module 'axi_crossbar_v2_1_12_wdata_mux__parameterized0' (17#1) [/home/wesleyguo/github/vivado/vivado/jtag_c2c/jtag_c2c/jtag_c2c.srcs/sources_1/bd/jtag_axi/ipshared/896d/hdl/axi_crossbar_v2_1_vl_rfs.v:4559]
INFO: [Synth 8-638] synthesizing module 'axi_crossbar_v2_1_12_decerr_slave' [/home/wesleyguo/github/vivado/vivado/jtag_c2c/jtag_c2c/jtag_c2c.srcs/sources_1/bd/jtag_axi/ipshared/896d/hdl/axi_crossbar_v2_1_vl_rfs.v:3500]
INFO: [Synth 8-256] done synthesizing module 'axi_crossbar_v2_1_12_decerr_slave' (18#1) [/home/wesleyguo/github/vivado/vivado/jtag_c2c/jtag_c2c/jtag_c2c.srcs/sources_1/bd/jtag_axi/ipshared/896d/hdl/axi_crossbar_v2_1_vl_rfs.v:3500]
INFO: [Synth 8-638] synthesizing module 'axi_crossbar_v2_1_12_addr_arbiter' [/home/wesleyguo/github/vivado/vivado/jtag_c2c/jtag_c2c/jtag_c2c.srcs/sources_1/bd/jtag_axi/ipshared/896d/hdl/axi_crossbar_v2_1_vl_rfs.v:423]
INFO: [Synth 8-256] done synthesizing module 'axi_crossbar_v2_1_12_addr_arbiter' (19#1) [/home/wesleyguo/github/vivado/vivado/jtag_c2c/jtag_c2c/jtag_c2c.srcs/sources_1/bd/jtag_axi/ipshared/896d/hdl/axi_crossbar_v2_1_vl_rfs.v:423]
INFO: [Synth 8-256] done synthesizing module 'axi_crossbar_v2_1_12_crossbar' (20#1) [/home/wesleyguo/github/vivado/vivado/jtag_c2c/jtag_c2c/jtag_c2c.srcs/sources_1/bd/jtag_axi/ipshared/896d/hdl/axi_crossbar_v2_1_vl_rfs.v:2239]
INFO: [Synth 8-256] done synthesizing module 'axi_crossbar_v2_1_12_axi_crossbar' (21#1) [/home/wesleyguo/github/vivado/vivado/jtag_c2c/jtag_c2c/jtag_c2c.srcs/sources_1/bd/jtag_axi/ipshared/896d/hdl/axi_crossbar_v2_1_vl_rfs.v:4882]
INFO: [Synth 8-256] done synthesizing module 'jtag_axi_xbar_0' (22#1) [/home/wesleyguo/github/vivado/vivado/jtag_c2c/jtag_c2c/jtag_c2c.srcs/sources_1/bd/jtag_axi/ip/jtag_axi_xbar_0/synth/jtag_axi_xbar_0.v:59]
Finished RTL Elaboration : Time (s): cpu = 00:00:15 ; elapsed = 00:00:15 . Memory (MB): peak = 1361.387 ; gain = 346.207 ; free physical = 90159 ; free virtual = 194026
Finished RTL Optimization Phase 1 : Time (s): cpu = 00:00:15 ; elapsed = 00:00:15 . Memory (MB): peak = 1361.387 ; gain = 346.207 ; free physical = 90147 ; free virtual = 194013
INFO: [Device 21-403] Loading part xc7z045ffv900-2
Constraint Validation Runtime : Time (s): cpu = 00:00:00.07 ; elapsed = 00:00:00.04 . Memory (MB): peak = 1705.016 ; gain = 0.004 ; free physical = 89477 ; free virtual = 193343
Finished Constraint Validation : Time (s): cpu = 00:00:27 ; elapsed = 00:00:28 . Memory (MB): peak = 1705.016 ; gain = 689.836 ; free physical = 89470 ; free virtual = 193336
Finished Loading Part and Timing Information : Time (s): cpu = 00:00:27 ; elapsed = 00:00:28 . Memory (MB): peak = 1705.016 ; gain = 689.836 ; free physical = 89470 ; free virtual = 193336
Finished applying 'set_property' XDC Constraints : Time (s): cpu = 00:00:27 ; elapsed = 00:00:28 . Memory (MB): peak = 1705.016 ; gain = 689.836 ; free physical = 89470 ; free virtual = 193336
Finished RTL Optimization Phase 2 : Time (s): cpu = 00:00:28 ; elapsed = 00:00:29 . Memory (MB): peak = 1705.016 ; gain = 689.836 ; free physical = 89469 ; free virtual = 193336
Finished Cross Boundary and Area Optimization : Time (s): cpu = 00:00:30 ; elapsed = 00:00:31 . Memory (MB): peak = 1705.016 ; gain = 689.836 ; free physical = 89456 ; free virtual = 193322
Finished Applying XDC Timing Constraints : Time (s): cpu = 00:00:38 ; elapsed = 00:00:39 . Memory (MB): peak = 1705.016 ; gain = 689.836 ; free physical = 90637 ; free virtual = 194504
Finished Timing Optimization : Time (s): cpu = 00:00:39 ; elapsed = 00:00:40 . Memory (MB): peak = 1705.016 ; gain = 689.836 ; free physical = 90629 ; free virtual = 194495
Finished Technology Mapping : Time (s): cpu = 00:00:40 ; elapsed = 00:00:40 . Memory (MB): peak = 1705.016 ; gain = 689.836 ; free physical = 90623 ; free virtual = 194490
Finished IO Insertion : Time (s): cpu = 00:00:40 ; elapsed = 00:00:41 . Memory (MB): peak = 1705.016 ; gain = 689.836 ; free physical = 90600 ; free virtual = 194467
Finished Renaming Generated Instances : Time (s): cpu = 00:00:40 ; elapsed = 00:00:41 . Memory (MB): peak = 1705.016 ; gain = 689.836 ; free physical = 90600 ; free virtual = 194467
Finished Rebuilding User Hierarchy : Time (s): cpu = 00:00:40 ; elapsed = 00:00:41 . Memory (MB): peak = 1705.016 ; gain = 689.836 ; free physical = 90599 ; free virtual = 194466
Finished Renaming Generated Ports : Time (s): cpu = 00:00:40 ; elapsed = 00:00:41 . Memory (MB): peak = 1705.016 ; gain = 689.836 ; free physical = 90599 ; free virtual = 194466
Finished Handling Custom Attributes : Time (s): cpu = 00:00:40 ; elapsed = 00:00:41 . Memory (MB): peak = 1705.016 ; gain = 689.836 ; free physical = 90599 ; free virtual = 194466
Finished Renaming Generated Nets : Time (s): cpu = 00:00:40 ; elapsed = 00:00:41 . Memory (MB): peak = 1705.016 ; gain = 689.836 ; free physical = 90599 ; free virtual = 194466

Report Cell Usage: 
+------+--------+------+
|      |Cell    |Count |
+------+--------+------+
|1     |LUT1    |     6|
|2     |LUT2    |    14|
|3     |LUT3    |   110|
|4     |LUT4    |    42|
|5     |LUT5    |    40|
|6     |LUT6    |   110|
|7     |SRLC32E |     2|
|8     |FDRE    |   364|
|9     |FDSE    |     5|
+------+--------+------+
Finished Writing Synthesis Report : Time (s): cpu = 00:00:40 ; elapsed = 00:00:41 . Memory (MB): peak = 1705.016 ; gain = 689.836 ; free physical = 90599 ; free virtual = 194466
synth_design: Time (s): cpu = 00:00:37 ; elapsed = 00:00:38 . Memory (MB): peak = 1712.023 ; gain = 592.605 ; free physical = 90576 ; free virtual = 194442
