
*** Running vivado
    with args -log jtag_axi_clk_wiz_0.vds -m64 -product Vivado -mode batch -messageDb vivado.pb -notrace -source jtag_axi_clk_wiz_0.tcl


****** Vivado v2016.4 (64-bit)
  **** SW Build 1733598 on Wed Dec 14 22:35:39 MST 2016
  **** IP Build 1731160 on Wed Dec 14 23:47:21 MST 2016
    ** Copyright 1986-2016 Xilinx, Inc. All Rights Reserved.

source jtag_axi_clk_wiz_0.tcl -notrace
Starting RTL Elaboration : Time (s): cpu = 00:00:13 ; elapsed = 00:00:25 . Memory (MB): peak = 341.609 ; gain = 131.305
INFO: [Synth 8-638] synthesizing module 'jtag_axi_clk_wiz_0' [f:/GITHUB/vivado/jtag_axi/jtag_axi.srcs/sources_1/bd/jtag_axi/ip/jtag_axi_clk_wiz_0/jtag_axi_clk_wiz_0.v:70]
INFO: [Synth 8-638] synthesizing module 'jtag_axi_clk_wiz_0_clk_wiz' [f:/GITHUB/vivado/jtag_axi/jtag_axi.srcs/sources_1/bd/jtag_axi/ip/jtag_axi_clk_wiz_0/jtag_axi_clk_wiz_0_clk_wiz.v:68]
INFO: [Synth 8-638] synthesizing module 'IBUF' [C:/Xilinx/Vivado/Vivado/2016.4/scripts/rt/data/unisim_comp.v:14146]
INFO: [Synth 8-256] done synthesizing module 'IBUF' (1#1) [C:/Xilinx/Vivado/Vivado/2016.4/scripts/rt/data/unisim_comp.v:14146]
INFO: [Synth 8-638] synthesizing module 'MMCME2_ADV' [C:/Xilinx/Vivado/Vivado/2016.4/scripts/rt/data/unisim_comp.v:20414]
INFO: [Synth 8-256] done synthesizing module 'MMCME2_ADV' (2#1) [C:/Xilinx/Vivado/Vivado/2016.4/scripts/rt/data/unisim_comp.v:20414]
INFO: [Synth 8-638] synthesizing module 'BUFG' [C:/Xilinx/Vivado/Vivado/2016.4/scripts/rt/data/unisim_comp.v:607]
INFO: [Synth 8-256] done synthesizing module 'BUFG' (3#1) [C:/Xilinx/Vivado/Vivado/2016.4/scripts/rt/data/unisim_comp.v:607]
INFO: [Synth 8-256] done synthesizing module 'jtag_axi_clk_wiz_0_clk_wiz' (4#1) [f:/GITHUB/vivado/jtag_axi/jtag_axi.srcs/sources_1/bd/jtag_axi/ip/jtag_axi_clk_wiz_0/jtag_axi_clk_wiz_0_clk_wiz.v:68]
INFO: [Synth 8-256] done synthesizing module 'jtag_axi_clk_wiz_0' (5#1) [f:/GITHUB/vivado/jtag_axi/jtag_axi.srcs/sources_1/bd/jtag_axi/ip/jtag_axi_clk_wiz_0/jtag_axi_clk_wiz_0.v:70]
Finished RTL Elaboration : Time (s): cpu = 00:00:14 ; elapsed = 00:00:28 . Memory (MB): peak = 378.953 ; gain = 168.648
Finished RTL Optimization Phase 1 : Time (s): cpu = 00:00:15 ; elapsed = 00:00:28 . Memory (MB): peak = 378.953 ; gain = 168.648
INFO: [Device 21-403] Loading part xc7z045ffv900-2
Constraint Validation Runtime : Time (s): cpu = 00:00:00 ; elapsed = 00:00:00.022 . Memory (MB): peak = 668.953 ; gain = 0.000
Finished Constraint Validation : Time (s): cpu = 00:00:33 ; elapsed = 00:00:50 . Memory (MB): peak = 668.953 ; gain = 458.648
Finished Loading Part and Timing Information : Time (s): cpu = 00:00:33 ; elapsed = 00:00:50 . Memory (MB): peak = 668.953 ; gain = 458.648
Finished applying 'set_property' XDC Constraints : Time (s): cpu = 00:00:33 ; elapsed = 00:00:50 . Memory (MB): peak = 668.953 ; gain = 458.648
Finished RTL Optimization Phase 2 : Time (s): cpu = 00:00:33 ; elapsed = 00:00:50 . Memory (MB): peak = 668.953 ; gain = 458.648
Finished Cross Boundary and Area Optimization : Time (s): cpu = 00:00:33 ; elapsed = 00:00:51 . Memory (MB): peak = 668.953 ; gain = 458.648
Finished Applying XDC Timing Constraints : Time (s): cpu = 00:00:49 ; elapsed = 00:01:08 . Memory (MB): peak = 679.645 ; gain = 469.340
Finished Timing Optimization : Time (s): cpu = 00:00:49 ; elapsed = 00:01:08 . Memory (MB): peak = 679.645 ; gain = 469.340
Finished Technology Mapping : Time (s): cpu = 00:00:49 ; elapsed = 00:01:08 . Memory (MB): peak = 689.281 ; gain = 478.977
Finished IO Insertion : Time (s): cpu = 00:00:50 ; elapsed = 00:01:09 . Memory (MB): peak = 689.281 ; gain = 478.977
Finished Renaming Generated Instances : Time (s): cpu = 00:00:50 ; elapsed = 00:01:09 . Memory (MB): peak = 689.281 ; gain = 478.977
Finished Rebuilding User Hierarchy : Time (s): cpu = 00:00:50 ; elapsed = 00:01:09 . Memory (MB): peak = 689.281 ; gain = 478.977
Finished Renaming Generated Ports : Time (s): cpu = 00:00:50 ; elapsed = 00:01:09 . Memory (MB): peak = 689.281 ; gain = 478.977
Finished Handling Custom Attributes : Time (s): cpu = 00:00:50 ; elapsed = 00:01:09 . Memory (MB): peak = 689.281 ; gain = 478.977
Finished Renaming Generated Nets : Time (s): cpu = 00:00:50 ; elapsed = 00:01:09 . Memory (MB): peak = 689.281 ; gain = 478.977

Report Cell Usage: 
+------+-----------+------+
|      |Cell       |Count |
+------+-----------+------+
|1     |BUFG       |     2|
|2     |MMCME2_ADV |     1|
|3     |IBUF       |     1|
+------+-----------+------+
Finished Writing Synthesis Report : Time (s): cpu = 00:00:50 ; elapsed = 00:01:09 . Memory (MB): peak = 689.281 ; gain = 478.977
get_clocks: Time (s): cpu = 00:00:06 ; elapsed = 00:00:07 . Memory (MB): peak = 1111.059 ; gain = 388.512
synth_design: Time (s): cpu = 00:00:51 ; elapsed = 00:01:05 . Memory (MB): peak = 1111.063 ; gain = 849.211
