
*** Running vivado
    with args -log jtag_axi_system_ila_0_0.vds -m64 -product Vivado -mode batch -messageDb vivado.pb -notrace -source jtag_axi_system_ila_0_0.tcl


****** Vivado v2016.4 (64-bit)
  **** SW Build 1733598 on Wed Dec 14 22:35:42 MST 2016
  **** IP Build 1731160 on Wed Dec 14 23:47:21 MST 2016
    ** Copyright 1986-2016 Xilinx, Inc. All Rights Reserved.

source jtag_axi_system_ila_0_0.tcl -notrace
Starting RTL Elaboration : Time (s): cpu = 00:00:15 ; elapsed = 00:00:15 . Memory (MB): peak = 1308.219 ; gain = 293.031 ; free physical = 96363 ; free virtual = 198745
INFO: [Synth 8-638] synthesizing module 'jtag_axi_system_ila_0_0' [/home/wesleyguo/github/vivado/vivado/jtag_c2c/jtag_c2c/jtag_c2c.srcs/sources_1/bd/jtag_axi/ip/jtag_axi_system_ila_0_0/synth/jtag_axi_system_ila_0_0.v:203]
INFO: [Synth 8-638] synthesizing module 'bd_3457' [/home/wesleyguo/github/vivado/vivado/jtag_c2c/jtag_c2c/jtag_c2c.srcs/sources_1/bd/jtag_axi/ip/jtag_axi_system_ila_0_0/bd_0/hdl/bd_3457.v:13]
INFO: [Synth 8-638] synthesizing module 'bd_3457_g_inst_0' [/home/wesleyguo/github/vivado/vivado/jtag_c2c/jtag_c2c/jtag_c2c.srcs/sources_1/bd/jtag_axi/ip/jtag_axi_system_ila_0_0/bd_0/ip/ip_1/synth/bd_3457_g_inst_0.v:113]
INFO: [Synth 8-638] synthesizing module 'bd_3457_g_inst_0_gigantic_mux' [/home/wesleyguo/github/vivado/vivado/jtag_c2c/jtag_c2c/jtag_c2c.srcs/sources_1/bd/jtag_axi/ip/jtag_axi_system_ila_0_0/bd_0/ip/ip_1/bd_3457_g_inst_0_gigantic_mux.v:63]
INFO: [Synth 8-256] done synthesizing module 'bd_3457_g_inst_0_gigantic_mux' (1#1) [/home/wesleyguo/github/vivado/vivado/jtag_c2c/jtag_c2c/jtag_c2c.srcs/sources_1/bd/jtag_axi/ip/jtag_axi_system_ila_0_0/bd_0/ip/ip_1/bd_3457_g_inst_0_gigantic_mux.v:63]
INFO: [Synth 8-256] done synthesizing module 'bd_3457_g_inst_0' (2#1) [/home/wesleyguo/github/vivado/vivado/jtag_c2c/jtag_c2c/jtag_c2c.srcs/sources_1/bd/jtag_axi/ip/jtag_axi_system_ila_0_0/bd_0/ip/ip_1/synth/bd_3457_g_inst_0.v:113]
INFO: [Synth 8-638] synthesizing module 'bd_3457_ila_lib_0' [/home/wesleyguo/github/vivado/vivado/jtag_c2c/jtag_c2c/jtag_c2c.srcs/sources_1/bd/jtag_axi/ip/jtag_axi_system_ila_0_0/bd_0/ip/ip_0/synth/bd_3457_ila_lib_0.v:84]
INFO: [Synth 8-638] synthesizing module 'CFGLUT5' [/home/vivado/vivado201604/Vivado/2016.4/scripts/rt/data/unisim_comp.v:998]
INFO: [Synth 8-256] done synthesizing module 'CFGLUT5' (10#1) [/home/vivado/vivado201604/Vivado/2016.4/scripts/rt/data/unisim_comp.v:998]
INFO: [Synth 8-638] synthesizing module 'CARRY4' [/home/vivado/vivado201604/Vivado/2016.4/scripts/rt/data/unisim_comp.v:961]
INFO: [Synth 8-256] done synthesizing module 'CARRY4' (11#1) [/home/vivado/vivado201604/Vivado/2016.4/scripts/rt/data/unisim_comp.v:961]
INFO: [Synth 8-638] synthesizing module 'SRLC32E' [/home/vivado/vivado201604/Vivado/2016.4/scripts/rt/data/unisim_comp.v:43478]
INFO: [Synth 8-256] done synthesizing module 'SRLC32E' (21#1) [/home/vivado/vivado201604/Vivado/2016.4/scripts/rt/data/unisim_comp.v:43478]
INFO: [Synth 8-638] synthesizing module 'SRL16E' [/home/vivado/vivado201604/Vivado/2016.4/scripts/rt/data/unisim_comp.v:43328]
INFO: [Synth 8-256] done synthesizing module 'SRL16E' (23#1) [/home/vivado/vivado201604/Vivado/2016.4/scripts/rt/data/unisim_comp.v:43328]
INFO: [Synth 8-638] synthesizing module 'SRLC16E' [/home/vivado/vivado201604/Vivado/2016.4/scripts/rt/data/unisim_comp.v:43417]
INFO: [Synth 8-256] done synthesizing module 'SRLC16E' (25#1) [/home/vivado/vivado201604/Vivado/2016.4/scripts/rt/data/unisim_comp.v:43417]
INFO: [Synth 8-638] synthesizing module 'FDRE' [/home/vivado/vivado201604/Vivado/2016.4/scripts/rt/data/unisim_comp.v:3964]
INFO: [Synth 8-256] done synthesizing module 'FDRE' (30#1) [/home/vivado/vivado201604/Vivado/2016.4/scripts/rt/data/unisim_comp.v:3964]
INFO: [Synth 8-256] done synthesizing module 'bd_3457_ila_lib_0' (48#1) [/home/wesleyguo/github/vivado/vivado/jtag_c2c/jtag_c2c/jtag_c2c.srcs/sources_1/bd/jtag_axi/ip/jtag_axi_system_ila_0_0/bd_0/ip/ip_0/synth/bd_3457_ila_lib_0.v:84]
INFO: [Synth 8-638] synthesizing module 'bd_3457_slot_0_ar_0' [/home/wesleyguo/github/vivado/vivado/jtag_c2c/jtag_c2c/jtag_c2c.srcs/sources_1/bd/jtag_axi/ip/jtag_axi_system_ila_0_0/bd_0/ip/ip_5/synth/bd_3457_slot_0_ar_0.v:58]
INFO: [Synth 8-638] synthesizing module 'xlconcat' [/home/wesleyguo/github/vivado/vivado/jtag_c2c/jtag_c2c/jtag_c2c.srcs/sources_1/bd/jtag_axi/ipshared/2e37/xlconcat.v:14]
INFO: [Synth 8-256] done synthesizing module 'xlconcat' (49#1) [/home/wesleyguo/github/vivado/vivado/jtag_c2c/jtag_c2c/jtag_c2c.srcs/sources_1/bd/jtag_axi/ipshared/2e37/xlconcat.v:14]
INFO: [Synth 8-256] done synthesizing module 'bd_3457_slot_0_ar_0' (50#1) [/home/wesleyguo/github/vivado/vivado/jtag_c2c/jtag_c2c/jtag_c2c.srcs/sources_1/bd/jtag_axi/ip/jtag_axi_system_ila_0_0/bd_0/ip/ip_5/synth/bd_3457_slot_0_ar_0.v:58]
INFO: [Synth 8-638] synthesizing module 'bd_3457_slot_0_aw_0' [/home/wesleyguo/github/vivado/vivado/jtag_c2c/jtag_c2c/jtag_c2c.srcs/sources_1/bd/jtag_axi/ip/jtag_axi_system_ila_0_0/bd_0/ip/ip_2/synth/bd_3457_slot_0_aw_0.v:58]
INFO: [Synth 8-256] done synthesizing module 'bd_3457_slot_0_aw_0' (51#1) [/home/wesleyguo/github/vivado/vivado/jtag_c2c/jtag_c2c/jtag_c2c.srcs/sources_1/bd/jtag_axi/ip/jtag_axi_system_ila_0_0/bd_0/ip/ip_2/synth/bd_3457_slot_0_aw_0.v:58]
INFO: [Synth 8-638] synthesizing module 'bd_3457_slot_0_b_0' [/home/wesleyguo/github/vivado/vivado/jtag_c2c/jtag_c2c/jtag_c2c.srcs/sources_1/bd/jtag_axi/ip/jtag_axi_system_ila_0_0/bd_0/ip/ip_4/synth/bd_3457_slot_0_b_0.v:58]
INFO: [Synth 8-256] done synthesizing module 'bd_3457_slot_0_b_0' (52#1) [/home/wesleyguo/github/vivado/vivado/jtag_c2c/jtag_c2c/jtag_c2c.srcs/sources_1/bd/jtag_axi/ip/jtag_axi_system_ila_0_0/bd_0/ip/ip_4/synth/bd_3457_slot_0_b_0.v:58]
INFO: [Synth 8-638] synthesizing module 'bd_3457_slot_0_r_0' [/home/wesleyguo/github/vivado/vivado/jtag_c2c/jtag_c2c/jtag_c2c.srcs/sources_1/bd/jtag_axi/ip/jtag_axi_system_ila_0_0/bd_0/ip/ip_6/synth/bd_3457_slot_0_r_0.v:58]
INFO: [Synth 8-638] synthesizing module 'xlconcat__parameterized0' [/home/wesleyguo/github/vivado/vivado/jtag_c2c/jtag_c2c/jtag_c2c.srcs/sources_1/bd/jtag_axi/ipshared/2e37/xlconcat.v:14]
INFO: [Synth 8-256] done synthesizing module 'xlconcat__parameterized0' (52#1) [/home/wesleyguo/github/vivado/vivado/jtag_c2c/jtag_c2c/jtag_c2c.srcs/sources_1/bd/jtag_axi/ipshared/2e37/xlconcat.v:14]
INFO: [Synth 8-256] done synthesizing module 'bd_3457_slot_0_r_0' (53#1) [/home/wesleyguo/github/vivado/vivado/jtag_c2c/jtag_c2c/jtag_c2c.srcs/sources_1/bd/jtag_axi/ip/jtag_axi_system_ila_0_0/bd_0/ip/ip_6/synth/bd_3457_slot_0_r_0.v:58]
INFO: [Synth 8-638] synthesizing module 'bd_3457_slot_0_w_0' [/home/wesleyguo/github/vivado/vivado/jtag_c2c/jtag_c2c/jtag_c2c.srcs/sources_1/bd/jtag_axi/ip/jtag_axi_system_ila_0_0/bd_0/ip/ip_3/synth/bd_3457_slot_0_w_0.v:58]
INFO: [Synth 8-638] synthesizing module 'xlconcat__parameterized1' [/home/wesleyguo/github/vivado/vivado/jtag_c2c/jtag_c2c/jtag_c2c.srcs/sources_1/bd/jtag_axi/ipshared/2e37/xlconcat.v:14]
INFO: [Synth 8-256] done synthesizing module 'xlconcat__parameterized1' (53#1) [/home/wesleyguo/github/vivado/vivado/jtag_c2c/jtag_c2c/jtag_c2c.srcs/sources_1/bd/jtag_axi/ipshared/2e37/xlconcat.v:14]
INFO: [Synth 8-256] done synthesizing module 'bd_3457_slot_0_w_0' (54#1) [/home/wesleyguo/github/vivado/vivado/jtag_c2c/jtag_c2c/jtag_c2c.srcs/sources_1/bd/jtag_axi/ip/jtag_axi_system_ila_0_0/bd_0/ip/ip_3/synth/bd_3457_slot_0_w_0.v:58]
INFO: [Synth 8-256] done synthesizing module 'bd_3457' (55#1) [/home/wesleyguo/github/vivado/vivado/jtag_c2c/jtag_c2c/jtag_c2c.srcs/sources_1/bd/jtag_axi/ip/jtag_axi_system_ila_0_0/bd_0/hdl/bd_3457.v:13]
INFO: [Synth 8-256] done synthesizing module 'jtag_axi_system_ila_0_0' (56#1) [/home/wesleyguo/github/vivado/vivado/jtag_c2c/jtag_c2c/jtag_c2c.srcs/sources_1/bd/jtag_axi/ip/jtag_axi_system_ila_0_0/synth/jtag_axi_system_ila_0_0.v:203]
Finished RTL Elaboration : Time (s): cpu = 00:01:18 ; elapsed = 00:01:18 . Memory (MB): peak = 1654.199 ; gain = 639.012 ; free physical = 95518 ; free virtual = 197903
Finished RTL Optimization Phase 1 : Time (s): cpu = 00:01:18 ; elapsed = 00:01:19 . Memory (MB): peak = 1654.199 ; gain = 639.012 ; free physical = 95518 ; free virtual = 197903
INFO: [Device 21-403] Loading part xc7z045ffv900-2
Constraint Validation Runtime : Time (s): cpu = 00:00:00.15 ; elapsed = 00:00:00.15 . Memory (MB): peak = 1834.227 ; gain = 0.004 ; free physical = 95508 ; free virtual = 197893
Finished Constraint Validation : Time (s): cpu = 00:01:38 ; elapsed = 00:01:39 . Memory (MB): peak = 1834.227 ; gain = 819.039 ; free physical = 95469 ; free virtual = 197858
Finished Loading Part and Timing Information : Time (s): cpu = 00:01:38 ; elapsed = 00:01:39 . Memory (MB): peak = 1834.227 ; gain = 819.039 ; free physical = 95469 ; free virtual = 197858
Finished applying 'set_property' XDC Constraints : Time (s): cpu = 00:01:39 ; elapsed = 00:01:40 . Memory (MB): peak = 1834.227 ; gain = 819.039 ; free physical = 95461 ; free virtual = 197853
Finished RTL Optimization Phase 2 : Time (s): cpu = 00:01:43 ; elapsed = 00:01:44 . Memory (MB): peak = 1834.227 ; gain = 819.039 ; free physical = 96548 ; free virtual = 198942
Finished Cross Boundary and Area Optimization : Time (s): cpu = 00:01:53 ; elapsed = 00:01:54 . Memory (MB): peak = 1834.227 ; gain = 819.039 ; free physical = 96303 ; free virtual = 198698
Finished Applying XDC Timing Constraints : Time (s): cpu = 00:02:03 ; elapsed = 00:02:04 . Memory (MB): peak = 1834.227 ; gain = 819.039 ; free physical = 96019 ; free virtual = 198430
Finished Timing Optimization : Time (s): cpu = 00:02:04 ; elapsed = 00:02:05 . Memory (MB): peak = 1834.227 ; gain = 819.039 ; free physical = 95969 ; free virtual = 198380
Finished Technology Mapping : Time (s): cpu = 00:02:06 ; elapsed = 00:02:07 . Memory (MB): peak = 1834.227 ; gain = 819.039 ; free physical = 95824 ; free virtual = 198236
Finished IO Insertion : Time (s): cpu = 00:02:06 ; elapsed = 00:02:07 . Memory (MB): peak = 1834.227 ; gain = 819.039 ; free physical = 95824 ; free virtual = 198236
Finished Renaming Generated Instances : Time (s): cpu = 00:02:06 ; elapsed = 00:02:07 . Memory (MB): peak = 1834.227 ; gain = 819.039 ; free physical = 95824 ; free virtual = 198236
Finished Rebuilding User Hierarchy : Time (s): cpu = 00:02:07 ; elapsed = 00:02:08 . Memory (MB): peak = 1834.227 ; gain = 819.039 ; free physical = 95824 ; free virtual = 198235
Finished Renaming Generated Ports : Time (s): cpu = 00:02:07 ; elapsed = 00:02:08 . Memory (MB): peak = 1834.227 ; gain = 819.039 ; free physical = 95824 ; free virtual = 198235
Finished Handling Custom Attributes : Time (s): cpu = 00:02:07 ; elapsed = 00:02:08 . Memory (MB): peak = 1834.227 ; gain = 819.039 ; free physical = 95824 ; free virtual = 198235
Finished Renaming Generated Nets : Time (s): cpu = 00:02:07 ; elapsed = 00:02:08 . Memory (MB): peak = 1834.227 ; gain = 819.039 ; free physical = 95824 ; free virtual = 198235

Report Cell Usage: 
+------+---------+------+
|      |Cell     |Count |
+------+---------+------+
|1     |CARRY4   |    90|
|2     |CFGLUT5  |   252|
|3     |LUT1     |    43|
|4     |LUT2     |    72|
|5     |LUT3     |   137|
|6     |LUT4     |   328|
|7     |LUT5     |   156|
|8     |LUT6     |  1012|
|9     |MUXF7    |    85|
|10    |MUXF8    |     1|
|11    |RAMB36E1 |     6|
|12    |SRL16E   |   209|
|13    |SRLC16E  |     2|
|14    |SRLC32E  |    17|
|15    |FDRE     |  3046|
|16    |FDSE     |     9|
+------+---------+------+
Finished Writing Synthesis Report : Time (s): cpu = 00:02:07 ; elapsed = 00:02:08 . Memory (MB): peak = 1834.227 ; gain = 819.039 ; free physical = 95824 ; free virtual = 198235
synth_design: Time (s): cpu = 00:02:03 ; elapsed = 00:02:04 . Memory (MB): peak = 1834.227 ; gain = 645.504 ; free physical = 95691 ; free virtual = 198102
