
*** Running vivado
    with args -log jtag_axi_axi_perf_mon_0_0.vds -m64 -product Vivado -mode batch -messageDb vivado.pb -notrace -source jtag_axi_axi_perf_mon_0_0.tcl


****** Vivado v2016.4 (64-bit)
  **** SW Build 1733598 on Wed Dec 14 22:35:39 MST 2016
  **** IP Build 1731160 on Wed Dec 14 23:47:21 MST 2016
    ** Copyright 1986-2016 Xilinx, Inc. All Rights Reserved.

source jtag_axi_axi_perf_mon_0_0.tcl -notrace
Starting RTL Elaboration : Time (s): cpu = 00:00:18 ; elapsed = 00:00:30 . Memory (MB): peak = 357.523 ; gain = 147.695
INFO: [Synth 8-638] synthesizing module 'jtag_axi_axi_perf_mon_0_0' [f:/GITHUB/vivado/jtag_axi/jtag_axi.srcs/sources_1/bd/jtag_axi/ip/jtag_axi_axi_perf_mon_0_0/synth/jtag_axi_axi_perf_mon_0_0.v:64]
INFO: [Synth 8-638] synthesizing module 'axi_perf_mon_v5_0_13_top' [f:/GITHUB/vivado/jtag_axi/jtag_axi.srcs/sources_1/bd/jtag_axi/ipshared/1be8/hdl/axi_perf_mon_v5_0_syn_rfs.v:24153]
INFO: [Synth 8-638] synthesizing module 'axi_perf_mon_v5_0_13_advanced' [f:/GITHUB/vivado/jtag_axi/jtag_axi.srcs/sources_1/bd/jtag_axi/ipshared/1be8/hdl/axi_perf_mon_v5_0_syn_rfs.v:12878]
INFO: [Synth 8-638] synthesizing module 'axi_perf_mon_v5_0_13_intr_sync' [f:/GITHUB/vivado/jtag_axi/jtag_axi.srcs/sources_1/bd/jtag_axi/ipshared/1be8/hdl/axi_perf_mon_v5_0_syn_rfs.v:8077]
INFO: [Synth 8-638] synthesizing module 'axi_perf_mon_v5_0_13_cdc_sync' [f:/GITHUB/vivado/jtag_axi/jtag_axi.srcs/sources_1/bd/jtag_axi/ipshared/1be8/hdl/axi_perf_mon_v5_0_syn_rfs.v:67]
INFO: [Synth 8-256] done synthesizing module 'axi_perf_mon_v5_0_13_cdc_sync' (1#1) [f:/GITHUB/vivado/jtag_axi/jtag_axi.srcs/sources_1/bd/jtag_axi/ipshared/1be8/hdl/axi_perf_mon_v5_0_syn_rfs.v:67]
INFO: [Synth 8-256] done synthesizing module 'axi_perf_mon_v5_0_13_intr_sync' (2#1) [f:/GITHUB/vivado/jtag_axi/jtag_axi.srcs/sources_1/bd/jtag_axi/ipshared/1be8/hdl/axi_perf_mon_v5_0_syn_rfs.v:8077]
INFO: [Synth 8-638] synthesizing module 'axi_perf_mon_v5_0_13_cdc_sync__parameterized0' [f:/GITHUB/vivado/jtag_axi/jtag_axi.srcs/sources_1/bd/jtag_axi/ipshared/1be8/hdl/axi_perf_mon_v5_0_syn_rfs.v:67]
INFO: [Synth 8-256] done synthesizing module 'axi_perf_mon_v5_0_13_cdc_sync__parameterized0' (2#1) [f:/GITHUB/vivado/jtag_axi/jtag_axi.srcs/sources_1/bd/jtag_axi/ipshared/1be8/hdl/axi_perf_mon_v5_0_syn_rfs.v:67]
INFO: [Synth 8-638] synthesizing module 'axi_perf_mon_v5_0_13_cdc_sync__parameterized1' [f:/GITHUB/vivado/jtag_axi/jtag_axi.srcs/sources_1/bd/jtag_axi/ipshared/1be8/hdl/axi_perf_mon_v5_0_syn_rfs.v:67]
INFO: [Synth 8-256] done synthesizing module 'axi_perf_mon_v5_0_13_cdc_sync__parameterized1' (2#1) [f:/GITHUB/vivado/jtag_axi/jtag_axi.srcs/sources_1/bd/jtag_axi/ipshared/1be8/hdl/axi_perf_mon_v5_0_syn_rfs.v:67]
INFO: [Synth 8-638] synthesizing module 'axi_perf_mon_v5_0_13_samp_intl_cnt' [f:/GITHUB/vivado/jtag_axi/jtag_axi.srcs/sources_1/bd/jtag_axi/ipshared/1be8/hdl/axi_perf_mon_v5_0_syn_rfs.v:7111]
INFO: [Synth 8-638] synthesizing module 'axi_perf_mon_v5_0_13_counter' [f:/GITHUB/vivado/jtag_axi/jtag_axi.srcs/sources_1/bd/jtag_axi/ipshared/1be8/hdl/axi_perf_mon_v5_0_syn_rfs.v:2767]
INFO: [Synth 8-256] done synthesizing module 'axi_perf_mon_v5_0_13_counter' (3#1) [f:/GITHUB/vivado/jtag_axi/jtag_axi.srcs/sources_1/bd/jtag_axi/ipshared/1be8/hdl/axi_perf_mon_v5_0_syn_rfs.v:2767]
INFO: [Synth 8-256] done synthesizing module 'axi_perf_mon_v5_0_13_samp_intl_cnt' (4#1) [f:/GITHUB/vivado/jtag_axi/jtag_axi.srcs/sources_1/bd/jtag_axi/ipshared/1be8/hdl/axi_perf_mon_v5_0_syn_rfs.v:7111]
INFO: [Synth 8-638] synthesizing module 'axi_perf_mon_v5_0_13_axi_interface' [f:/GITHUB/vivado/jtag_axi/jtag_axi.srcs/sources_1/bd/jtag_axi/ipshared/1be8/hdl/axi_perf_mon_v5_0_syn_rfs.v:2364]
INFO: [Synth 8-256] done synthesizing module 'axi_perf_mon_v5_0_13_axi_interface' (5#1) [f:/GITHUB/vivado/jtag_axi/jtag_axi.srcs/sources_1/bd/jtag_axi/ipshared/1be8/hdl/axi_perf_mon_v5_0_syn_rfs.v:2364]
INFO: [Synth 8-638] synthesizing module 'axi_perf_mon_v5_0_13_register_module' [f:/GITHUB/vivado/jtag_axi/jtag_axi.srcs/sources_1/bd/jtag_axi/ipshared/1be8/hdl/axi_perf_mon_v5_0_syn_rfs.v:4703]
INFO: [Synth 8-638] synthesizing module 'axi_perf_mon_v5_0_13_cdc_sync__parameterized2' [f:/GITHUB/vivado/jtag_axi/jtag_axi.srcs/sources_1/bd/jtag_axi/ipshared/1be8/hdl/axi_perf_mon_v5_0_syn_rfs.v:67]
INFO: [Synth 8-256] done synthesizing module 'axi_perf_mon_v5_0_13_cdc_sync__parameterized2' (5#1) [f:/GITHUB/vivado/jtag_axi/jtag_axi.srcs/sources_1/bd/jtag_axi/ipshared/1be8/hdl/axi_perf_mon_v5_0_syn_rfs.v:67]
INFO: [Synth 8-638] synthesizing module 'axi_perf_mon_v5_0_13_cdc_sync__parameterized3' [f:/GITHUB/vivado/jtag_axi/jtag_axi.srcs/sources_1/bd/jtag_axi/ipshared/1be8/hdl/axi_perf_mon_v5_0_syn_rfs.v:67]
INFO: [Synth 8-256] done synthesizing module 'axi_perf_mon_v5_0_13_cdc_sync__parameterized3' (5#1) [f:/GITHUB/vivado/jtag_axi/jtag_axi.srcs/sources_1/bd/jtag_axi/ipshared/1be8/hdl/axi_perf_mon_v5_0_syn_rfs.v:67]
INFO: [Synth 8-256] done synthesizing module 'axi_perf_mon_v5_0_13_register_module' (6#1) [f:/GITHUB/vivado/jtag_axi/jtag_axi.srcs/sources_1/bd/jtag_axi/ipshared/1be8/hdl/axi_perf_mon_v5_0_syn_rfs.v:4703]
INFO: [Synth 8-638] synthesizing module 'axi_perf_mon_v5_0_13_interrupt_module' [f:/GITHUB/vivado/jtag_axi/jtag_axi.srcs/sources_1/bd/jtag_axi/ipshared/1be8/hdl/axi_perf_mon_v5_0_syn_rfs.v:4181]
INFO: [Synth 8-256] done synthesizing module 'axi_perf_mon_v5_0_13_interrupt_module' (7#1) [f:/GITHUB/vivado/jtag_axi/jtag_axi.srcs/sources_1/bd/jtag_axi/ipshared/1be8/hdl/axi_perf_mon_v5_0_syn_rfs.v:4181]
INFO: [Synth 8-638] synthesizing module 'axi_perf_mon_v5_0_13_cdc_sync__parameterized4' [f:/GITHUB/vivado/jtag_axi/jtag_axi.srcs/sources_1/bd/jtag_axi/ipshared/1be8/hdl/axi_perf_mon_v5_0_syn_rfs.v:67]
INFO: [Synth 8-256] done synthesizing module 'axi_perf_mon_v5_0_13_cdc_sync__parameterized4' (7#1) [f:/GITHUB/vivado/jtag_axi/jtag_axi.srcs/sources_1/bd/jtag_axi/ipshared/1be8/hdl/axi_perf_mon_v5_0_syn_rfs.v:67]
INFO: [Synth 8-638] synthesizing module 'axi_perf_mon_v5_0_13_glbl_clk_cnt' [f:/GITHUB/vivado/jtag_axi/jtag_axi.srcs/sources_1/bd/jtag_axi/ipshared/1be8/hdl/axi_perf_mon_v5_0_syn_rfs.v:4062]
INFO: [Synth 8-256] done synthesizing module 'axi_perf_mon_v5_0_13_glbl_clk_cnt' (8#1) [f:/GITHUB/vivado/jtag_axi/jtag_axi.srcs/sources_1/bd/jtag_axi/ipshared/1be8/hdl/axi_perf_mon_v5_0_syn_rfs.v:4062]
INFO: [Synth 8-638] synthesizing module 'axi_perf_mon_v5_0_13_mon_fifo' [f:/GITHUB/vivado/jtag_axi/jtag_axi.srcs/sources_1/bd/jtag_axi/ipshared/1be8/hdl/axi_perf_mon_v5_0_syn_rfs.v:4345]
INFO: [Synth 8-638] synthesizing module 'axi_perf_mon_v5_0_13_async_fifo' [f:/GITHUB/vivado/jtag_axi/jtag_axi.srcs/sources_1/bd/jtag_axi/ipshared/1be8/hdl/axi_perf_mon_v5_0_syn_rfs.v:653]
INFO: [Synth 8-256] done synthesizing module 'axi_perf_mon_v5_0_13_async_fifo' (30#1) [f:/GITHUB/vivado/jtag_axi/jtag_axi.srcs/sources_1/bd/jtag_axi/ipshared/1be8/hdl/axi_perf_mon_v5_0_syn_rfs.v:653]
INFO: [Synth 8-256] done synthesizing module 'axi_perf_mon_v5_0_13_mon_fifo' (31#1) [f:/GITHUB/vivado/jtag_axi/jtag_axi.srcs/sources_1/bd/jtag_axi/ipshared/1be8/hdl/axi_perf_mon_v5_0_syn_rfs.v:4345]
INFO: [Synth 8-638] synthesizing module 'axi_perf_mon_v5_0_13_metric_calc' [f:/GITHUB/vivado/jtag_axi/jtag_axi.srcs/sources_1/bd/jtag_axi/ipshared/1be8/hdl/axi_perf_mon_v5_0_syn_rfs.v:8212]
INFO: [Synth 8-638] synthesizing module 'axi_perf_mon_v5_0_13_sync_fifo' [f:/GITHUB/vivado/jtag_axi/jtag_axi.srcs/sources_1/bd/jtag_axi/ipshared/1be8/hdl/axi_perf_mon_v5_0_syn_rfs.v:1203]
INFO: [Synth 8-256] done synthesizing module 'axi_perf_mon_v5_0_13_sync_fifo' (32#1) [f:/GITHUB/vivado/jtag_axi/jtag_axi.srcs/sources_1/bd/jtag_axi/ipshared/1be8/hdl/axi_perf_mon_v5_0_syn_rfs.v:1203]
INFO: [Synth 8-638] synthesizing module 'axi_perf_mon_v5_0_13_cdc_sync__parameterized5' [f:/GITHUB/vivado/jtag_axi/jtag_axi.srcs/sources_1/bd/jtag_axi/ipshared/1be8/hdl/axi_perf_mon_v5_0_syn_rfs.v:67]
INFO: [Synth 8-256] done synthesizing module 'axi_perf_mon_v5_0_13_cdc_sync__parameterized5' (32#1) [f:/GITHUB/vivado/jtag_axi/jtag_axi.srcs/sources_1/bd/jtag_axi/ipshared/1be8/hdl/axi_perf_mon_v5_0_syn_rfs.v:67]
INFO: [Synth 8-638] synthesizing module 'axi_perf_mon_v5_0_13_sync_fifo__parameterized0' [f:/GITHUB/vivado/jtag_axi/jtag_axi.srcs/sources_1/bd/jtag_axi/ipshared/1be8/hdl/axi_perf_mon_v5_0_syn_rfs.v:1203]
INFO: [Synth 8-256] done synthesizing module 'axi_perf_mon_v5_0_13_sync_fifo__parameterized0' (32#1) [f:/GITHUB/vivado/jtag_axi/jtag_axi.srcs/sources_1/bd/jtag_axi/ipshared/1be8/hdl/axi_perf_mon_v5_0_syn_rfs.v:1203]
INFO: [Synth 8-638] synthesizing module 'axi_perf_mon_v5_0_13_sync_fifo__parameterized1' [f:/GITHUB/vivado/jtag_axi/jtag_axi.srcs/sources_1/bd/jtag_axi/ipshared/1be8/hdl/axi_perf_mon_v5_0_syn_rfs.v:1203]
INFO: [Synth 8-256] done synthesizing module 'axi_perf_mon_v5_0_13_sync_fifo__parameterized1' (32#1) [f:/GITHUB/vivado/jtag_axi/jtag_axi.srcs/sources_1/bd/jtag_axi/ipshared/1be8/hdl/axi_perf_mon_v5_0_syn_rfs.v:1203]
INFO: [Synth 8-638] synthesizing module 'axi_perf_mon_v5_0_13_sync_fifo__parameterized2' [f:/GITHUB/vivado/jtag_axi/jtag_axi.srcs/sources_1/bd/jtag_axi/ipshared/1be8/hdl/axi_perf_mon_v5_0_syn_rfs.v:1203]
INFO: [Synth 8-256] done synthesizing module 'axi_perf_mon_v5_0_13_sync_fifo__parameterized2' (32#1) [f:/GITHUB/vivado/jtag_axi/jtag_axi.srcs/sources_1/bd/jtag_axi/ipshared/1be8/hdl/axi_perf_mon_v5_0_syn_rfs.v:1203]
INFO: [Synth 8-638] synthesizing module 'axi_perf_mon_v5_0_13_sync_fifo__parameterized3' [f:/GITHUB/vivado/jtag_axi/jtag_axi.srcs/sources_1/bd/jtag_axi/ipshared/1be8/hdl/axi_perf_mon_v5_0_syn_rfs.v:1203]
INFO: [Synth 8-256] done synthesizing module 'axi_perf_mon_v5_0_13_sync_fifo__parameterized3' (32#1) [f:/GITHUB/vivado/jtag_axi/jtag_axi.srcs/sources_1/bd/jtag_axi/ipshared/1be8/hdl/axi_perf_mon_v5_0_syn_rfs.v:1203]
INFO: [Synth 8-638] synthesizing module 'axi_perf_mon_v5_0_13_counter_ovf' [f:/GITHUB/vivado/jtag_axi/jtag_axi.srcs/sources_1/bd/jtag_axi/ipshared/1be8/hdl/axi_perf_mon_v5_0_syn_rfs.v:2920]
INFO: [Synth 8-256] done synthesizing module 'axi_perf_mon_v5_0_13_counter_ovf' (33#1) [f:/GITHUB/vivado/jtag_axi/jtag_axi.srcs/sources_1/bd/jtag_axi/ipshared/1be8/hdl/axi_perf_mon_v5_0_syn_rfs.v:2920]
INFO: [Synth 8-638] synthesizing module 'axi_perf_mon_v5_0_13_sync_fifo__parameterized4' [f:/GITHUB/vivado/jtag_axi/jtag_axi.srcs/sources_1/bd/jtag_axi/ipshared/1be8/hdl/axi_perf_mon_v5_0_syn_rfs.v:1203]
INFO: [Synth 8-256] done synthesizing module 'axi_perf_mon_v5_0_13_sync_fifo__parameterized4' (33#1) [f:/GITHUB/vivado/jtag_axi/jtag_axi.srcs/sources_1/bd/jtag_axi/ipshared/1be8/hdl/axi_perf_mon_v5_0_syn_rfs.v:1203]
INFO: [Synth 8-638] synthesizing module 'axi_perf_mon_v5_0_13_sync_fifo__parameterized5' [f:/GITHUB/vivado/jtag_axi/jtag_axi.srcs/sources_1/bd/jtag_axi/ipshared/1be8/hdl/axi_perf_mon_v5_0_syn_rfs.v:1203]
INFO: [Synth 8-256] done synthesizing module 'axi_perf_mon_v5_0_13_sync_fifo__parameterized5' (33#1) [f:/GITHUB/vivado/jtag_axi/jtag_axi.srcs/sources_1/bd/jtag_axi/ipshared/1be8/hdl/axi_perf_mon_v5_0_syn_rfs.v:1203]
INFO: [Synth 8-638] synthesizing module 'axi_perf_mon_v5_0_13_sync_fifo__parameterized6' [f:/GITHUB/vivado/jtag_axi/jtag_axi.srcs/sources_1/bd/jtag_axi/ipshared/1be8/hdl/axi_perf_mon_v5_0_syn_rfs.v:1203]
INFO: [Synth 8-256] done synthesizing module 'axi_perf_mon_v5_0_13_sync_fifo__parameterized6' (33#1) [f:/GITHUB/vivado/jtag_axi/jtag_axi.srcs/sources_1/bd/jtag_axi/ipshared/1be8/hdl/axi_perf_mon_v5_0_syn_rfs.v:1203]
INFO: [Synth 8-638] synthesizing module 'axi_perf_mon_v5_0_13_sync_fifo__parameterized7' [f:/GITHUB/vivado/jtag_axi/jtag_axi.srcs/sources_1/bd/jtag_axi/ipshared/1be8/hdl/axi_perf_mon_v5_0_syn_rfs.v:1203]
INFO: [Synth 8-256] done synthesizing module 'axi_perf_mon_v5_0_13_sync_fifo__parameterized7' (33#1) [f:/GITHUB/vivado/jtag_axi/jtag_axi.srcs/sources_1/bd/jtag_axi/ipshared/1be8/hdl/axi_perf_mon_v5_0_syn_rfs.v:1203]
INFO: [Synth 8-638] synthesizing module 'axi_perf_mon_v5_0_13_sync_fifo__parameterized8' [f:/GITHUB/vivado/jtag_axi/jtag_axi.srcs/sources_1/bd/jtag_axi/ipshared/1be8/hdl/axi_perf_mon_v5_0_syn_rfs.v:1203]
INFO: [Synth 8-256] done synthesizing module 'axi_perf_mon_v5_0_13_sync_fifo__parameterized8' (33#1) [f:/GITHUB/vivado/jtag_axi/jtag_axi.srcs/sources_1/bd/jtag_axi/ipshared/1be8/hdl/axi_perf_mon_v5_0_syn_rfs.v:1203]
INFO: [Synth 8-638] synthesizing module 'axi_perf_mon_v5_0_13_sync_fifo__parameterized9' [f:/GITHUB/vivado/jtag_axi/jtag_axi.srcs/sources_1/bd/jtag_axi/ipshared/1be8/hdl/axi_perf_mon_v5_0_syn_rfs.v:1203]
INFO: [Synth 8-256] done synthesizing module 'axi_perf_mon_v5_0_13_sync_fifo__parameterized9' (33#1) [f:/GITHUB/vivado/jtag_axi/jtag_axi.srcs/sources_1/bd/jtag_axi/ipshared/1be8/hdl/axi_perf_mon_v5_0_syn_rfs.v:1203]
INFO: [Synth 8-638] synthesizing module 'axi_perf_mon_v5_0_13_sync_fifo__parameterized10' [f:/GITHUB/vivado/jtag_axi/jtag_axi.srcs/sources_1/bd/jtag_axi/ipshared/1be8/hdl/axi_perf_mon_v5_0_syn_rfs.v:1203]
INFO: [Synth 8-256] done synthesizing module 'axi_perf_mon_v5_0_13_sync_fifo__parameterized10' (33#1) [f:/GITHUB/vivado/jtag_axi/jtag_axi.srcs/sources_1/bd/jtag_axi/ipshared/1be8/hdl/axi_perf_mon_v5_0_syn_rfs.v:1203]
INFO: [Synth 8-256] done synthesizing module 'axi_perf_mon_v5_0_13_metric_calc' (34#1) [f:/GITHUB/vivado/jtag_axi/jtag_axi.srcs/sources_1/bd/jtag_axi/ipshared/1be8/hdl/axi_perf_mon_v5_0_syn_rfs.v:8212]
INFO: [Synth 8-638] synthesizing module 'axi_perf_mon_v5_0_13_mon_fifo__parameterized0' [f:/GITHUB/vivado/jtag_axi/jtag_axi.srcs/sources_1/bd/jtag_axi/ipshared/1be8/hdl/axi_perf_mon_v5_0_syn_rfs.v:4345]
INFO: [Synth 8-638] synthesizing module 'axi_perf_mon_v5_0_13_async_fifo__parameterized0' [f:/GITHUB/vivado/jtag_axi/jtag_axi.srcs/sources_1/bd/jtag_axi/ipshared/1be8/hdl/axi_perf_mon_v5_0_syn_rfs.v:653]
INFO: [Synth 8-256] done synthesizing module 'axi_perf_mon_v5_0_13_async_fifo__parameterized0' (34#1) [f:/GITHUB/vivado/jtag_axi/jtag_axi.srcs/sources_1/bd/jtag_axi/ipshared/1be8/hdl/axi_perf_mon_v5_0_syn_rfs.v:653]
INFO: [Synth 8-256] done synthesizing module 'axi_perf_mon_v5_0_13_mon_fifo__parameterized0' (34#1) [f:/GITHUB/vivado/jtag_axi/jtag_axi.srcs/sources_1/bd/jtag_axi/ipshared/1be8/hdl/axi_perf_mon_v5_0_syn_rfs.v:4345]
INFO: [Synth 8-638] synthesizing module 'axi_perf_mon_v5_0_13_ext_calc' [f:/GITHUB/vivado/jtag_axi/jtag_axi.srcs/sources_1/bd/jtag_axi/ipshared/1be8/hdl/axi_perf_mon_v5_0_syn_rfs.v:4538]
INFO: [Synth 8-256] done synthesizing module 'axi_perf_mon_v5_0_13_ext_calc' (35#1) [f:/GITHUB/vivado/jtag_axi/jtag_axi.srcs/sources_1/bd/jtag_axi/ipshared/1be8/hdl/axi_perf_mon_v5_0_syn_rfs.v:4538]
INFO: [Synth 8-638] synthesizing module 'axi_perf_mon_v5_0_13_metric_counters' [f:/GITHUB/vivado/jtag_axi/jtag_axi.srcs/sources_1/bd/jtag_axi/ipshared/1be8/hdl/axi_perf_mon_v5_0_syn_rfs.v:10275]
INFO: [Synth 8-638] synthesizing module 'axi_perf_mon_v5_0_13_metric_sel_n_cnt' [f:/GITHUB/vivado/jtag_axi/jtag_axi.srcs/sources_1/bd/jtag_axi/ipshared/1be8/hdl/axi_perf_mon_v5_0_syn_rfs.v:12249]
INFO: [Synth 8-638] synthesizing module 'axi_perf_mon_v5_0_13_acc_n_incr' [f:/GITHUB/vivado/jtag_axi/jtag_axi.srcs/sources_1/bd/jtag_axi/ipshared/1be8/hdl/axi_perf_mon_v5_0_syn_rfs.v:1363]
INFO: [Synth 8-638] synthesizing module 'axi_perf_mon_v5_0_13_counter__parameterized0' [f:/GITHUB/vivado/jtag_axi/jtag_axi.srcs/sources_1/bd/jtag_axi/ipshared/1be8/hdl/axi_perf_mon_v5_0_syn_rfs.v:2767]
INFO: [Synth 8-256] done synthesizing module 'axi_perf_mon_v5_0_13_counter__parameterized0' (35#1) [f:/GITHUB/vivado/jtag_axi/jtag_axi.srcs/sources_1/bd/jtag_axi/ipshared/1be8/hdl/axi_perf_mon_v5_0_syn_rfs.v:2767]
INFO: [Synth 8-256] done synthesizing module 'axi_perf_mon_v5_0_13_acc_n_incr' (36#1) [f:/GITHUB/vivado/jtag_axi/jtag_axi.srcs/sources_1/bd/jtag_axi/ipshared/1be8/hdl/axi_perf_mon_v5_0_syn_rfs.v:1363]
INFO: [Synth 8-256] done synthesizing module 'axi_perf_mon_v5_0_13_metric_sel_n_cnt' (37#1) [f:/GITHUB/vivado/jtag_axi/jtag_axi.srcs/sources_1/bd/jtag_axi/ipshared/1be8/hdl/axi_perf_mon_v5_0_syn_rfs.v:12249]
INFO: [Synth 8-256] done synthesizing module 'axi_perf_mon_v5_0_13_metric_counters' (38#1) [f:/GITHUB/vivado/jtag_axi/jtag_axi.srcs/sources_1/bd/jtag_axi/ipshared/1be8/hdl/axi_perf_mon_v5_0_syn_rfs.v:10275]
INFO: [Synth 8-638] synthesizing module 'axi_perf_mon_v5_0_13_samp_metrics_data' [f:/GITHUB/vivado/jtag_axi/jtag_axi.srcs/sources_1/bd/jtag_axi/ipshared/1be8/hdl/axi_perf_mon_v5_0_syn_rfs.v:7235]
INFO: [Synth 8-256] done synthesizing module 'axi_perf_mon_v5_0_13_samp_metrics_data' (39#1) [f:/GITHUB/vivado/jtag_axi/jtag_axi.srcs/sources_1/bd/jtag_axi/ipshared/1be8/hdl/axi_perf_mon_v5_0_syn_rfs.v:7235]
INFO: [Synth 8-256] done synthesizing module 'axi_perf_mon_v5_0_13_advanced' (40#1) [f:/GITHUB/vivado/jtag_axi/jtag_axi.srcs/sources_1/bd/jtag_axi/ipshared/1be8/hdl/axi_perf_mon_v5_0_syn_rfs.v:12878]
INFO: [Synth 8-638] synthesizing module 'axi_perf_mon_v5_0_13_dff_async_reset' [f:/GITHUB/vivado/jtag_axi/jtag_axi.srcs/sources_1/bd/jtag_axi/ipshared/1be8/hdl/axi_perf_mon_v5_0_syn_rfs.v:567]
INFO: [Synth 8-256] done synthesizing module 'axi_perf_mon_v5_0_13_dff_async_reset' (41#1) [f:/GITHUB/vivado/jtag_axi/jtag_axi.srcs/sources_1/bd/jtag_axi/ipshared/1be8/hdl/axi_perf_mon_v5_0_syn_rfs.v:567]
INFO: [Synth 8-638] synthesizing module 'axi_perf_mon_v5_0_13_cdc_sync__parameterized6' [f:/GITHUB/vivado/jtag_axi/jtag_axi.srcs/sources_1/bd/jtag_axi/ipshared/1be8/hdl/axi_perf_mon_v5_0_syn_rfs.v:67]
INFO: [Synth 8-256] done synthesizing module 'axi_perf_mon_v5_0_13_cdc_sync__parameterized6' (41#1) [f:/GITHUB/vivado/jtag_axi/jtag_axi.srcs/sources_1/bd/jtag_axi/ipshared/1be8/hdl/axi_perf_mon_v5_0_syn_rfs.v:67]
INFO: [Synth 8-638] synthesizing module 'axi_perf_mon_v5_0_13_cdc_sync__parameterized7' [f:/GITHUB/vivado/jtag_axi/jtag_axi.srcs/sources_1/bd/jtag_axi/ipshared/1be8/hdl/axi_perf_mon_v5_0_syn_rfs.v:67]
INFO: [Synth 8-256] done synthesizing module 'axi_perf_mon_v5_0_13_cdc_sync__parameterized7' (41#1) [f:/GITHUB/vivado/jtag_axi/jtag_axi.srcs/sources_1/bd/jtag_axi/ipshared/1be8/hdl/axi_perf_mon_v5_0_syn_rfs.v:67]
INFO: [Synth 8-256] done synthesizing module 'axi_perf_mon_v5_0_13_top' (42#1) [f:/GITHUB/vivado/jtag_axi/jtag_axi.srcs/sources_1/bd/jtag_axi/ipshared/1be8/hdl/axi_perf_mon_v5_0_syn_rfs.v:24153]
INFO: [Synth 8-256] done synthesizing module 'jtag_axi_axi_perf_mon_0_0' (43#1) [f:/GITHUB/vivado/jtag_axi/jtag_axi.srcs/sources_1/bd/jtag_axi/ip/jtag_axi_axi_perf_mon_0_0/synth/jtag_axi_axi_perf_mon_0_0.v:64]
Finished RTL Elaboration : Time (s): cpu = 00:02:18 ; elapsed = 00:02:52 . Memory (MB): peak = 505.336 ; gain = 295.508
Finished RTL Optimization Phase 1 : Time (s): cpu = 00:02:19 ; elapsed = 00:02:53 . Memory (MB): peak = 505.336 ; gain = 295.508
INFO: [Device 21-403] Loading part xc7z045ffv900-2
Constraint Validation Runtime : Time (s): cpu = 00:00:00 ; elapsed = 00:00:00.464 . Memory (MB): peak = 809.270 ; gain = 0.734
Finished Constraint Validation : Time (s): cpu = 00:02:43 ; elapsed = 00:03:25 . Memory (MB): peak = 809.270 ; gain = 599.441
Finished Loading Part and Timing Information : Time (s): cpu = 00:02:43 ; elapsed = 00:03:25 . Memory (MB): peak = 809.270 ; gain = 599.441
Finished applying 'set_property' XDC Constraints : Time (s): cpu = 00:02:44 ; elapsed = 00:03:26 . Memory (MB): peak = 809.270 ; gain = 599.441
Finished RTL Optimization Phase 2 : Time (s): cpu = 00:02:49 ; elapsed = 00:03:33 . Memory (MB): peak = 809.270 ; gain = 599.441
Finished Cross Boundary and Area Optimization : Time (s): cpu = 00:03:15 ; elapsed = 00:04:17 . Memory (MB): peak = 809.270 ; gain = 599.441
---------------------------------------------------------------------------------
Start ROM, RAM, DSP and Shift Register Reporting
---------------------------------------------------------------------------------

Block RAM: Preliminary Mapping  Report (see note below)
+-------------------------------------+------------------------------------+------------------------+---+---+------------------------+---+---+------------------+--------+--------+
|Module Name                          | RTL Object                         | PORT A (Depth x Width) | W | R | PORT B (Depth x Width) | W | R | Ports driving FF | RAMB18 | RAMB36 | 
+-------------------------------------+------------------------------------+------------------------+---+---+------------------------+---+---+------------------+--------+--------+
|axi_perf_mon_v5_0_13_register_module | GEN_METRIC_RAM.Metric_ram_CDCR_reg | 256 x 32(READ_FIRST)   | W | R |                        |   |   | Port A           | 1      | 0      | 
+-------------------------------------+------------------------------------+------------------------+---+---+------------------------+---+---+------------------+--------+--------+

Note: The table above is a preliminary report that shows the Block RAMs at the current stage of the synthesis flow. Some Block RAMs may be reimplemented as non Block RAM primitives later in the synthesis flow. Multiple instantiated Block RAMs are reported only once. 

Distributed RAM: Preliminary Mapping  Report (see note below)
+---------------------------------+-------------------------------------------------------------------------------+----------------+----------------------+----------------+
|Module Name                      | RTL Object                                                                    | Inference      | Size (Depth x Width) | Primitives     | 
+---------------------------------+-------------------------------------------------------------------------------+----------------+----------------------+----------------+
|fifo_generator_v13_1_3           | inst_fifo_gen/gconvfifo.rf/grf.rf/gntv_or_sync_fifo.mem/gdm.dm_gen.dm/RAM_reg | User Attribute | 32 x 114             | RAM32M x 19    | 
|axi_perf_mon_v5_0_13_metric_calc | GEN_ARSIZE_FIFO.F1_ARSIZE_NARROW/mem_reg                                      | User Attribute | 32 x 8               | RAM32M x 2     | 
|axi_perf_mon_v5_0_13_metric_calc | F1_AWID_MATCH/mem_reg                                                         | User Attribute | 32 x 1               | RAM32X1D x 1   | 
|axi_perf_mon_v5_0_13_metric_calc | F2_FIRST_WRITE/mem_reg                                                        | User Attribute | 32 x 1               | RAM32X1D x 1   | 
|axi_perf_mon_v5_0_13_metric_calc | F3_WR_LAT_START/mem_reg                                                       | User Attribute | 32 x 33              | RAM32M x 6     | 
|axi_perf_mon_v5_0_13_metric_calc | F4_WR_LAT_END/mem_reg                                                         | User Attribute | 32 x 33              | RAM32M x 6     | 
|axi_perf_mon_v5_0_13_metric_calc | rd_latency_fifo_inst/mem_reg                                                  | User Attribute | 32 x 33              | RAM32M x 6     | 
|axi_perf_mon_v5_0_13_metric_calc | FBC_WR_BEAT_CNT/mem_reg                                                       | User Attribute | 32 x 64              | RAM32M x 11    | 
|axi_perf_mon_v5_0_13_metric_calc | BEAT_CNT_AWID_MATCH/mem_reg                                                   | User Attribute | 32 x 1               | RAM32X1D x 1   | 
|axi_perf_mon_v5_0_13_metric_calc | LAST_CNT_AWID_MATCH/mem_reg                                                   | User Attribute | 32 x 1               | RAM32X1D x 1   | 
|axi_perf_mon_v5_0_13_metric_calc | FSWI_WR_LAST_CNT/mem_reg                                                      | User Attribute | 32 x 32              | RAM32M x 6     | 
|axi_perf_mon_v5_0_13_metric_calc | IDLE_CNT_AWID_MATCH/mem_reg                                                   | User Attribute | 32 x 1               | RAM32X1D x 1   | 
|fifo_generator_v13_1_3           | inst_fifo_gen/gconvfifo.rf/grf.rf/gntv_or_sync_fifo.mem/gdm.dm_gen.dm/RAM_reg | User Attribute | 32 x 3               | RAM32M x 1     | 
+---------------------------------+-------------------------------------------------------------------------------+----------------+----------------------+----------------+

Note: The table above is a preliminary report that shows the Distributed RAMs at the current stage of the synthesis flow. Some Distributed RAMs may be reimplemented as non Distributed RAM primitives later in the synthesis flow. Multiple instantiated RAMs are reported only once.
---------------------------------------------------------------------------------
Finished ROM, RAM, DSP and Shift Register Reporting
---------------------------------------------------------------------------------
Finished Applying XDC Timing Constraints : Time (s): cpu = 00:03:33 ; elapsed = 00:04:39 . Memory (MB): peak = 809.270 ; gain = 599.441
Finished Timing Optimization : Time (s): cpu = 00:03:34 ; elapsed = 00:04:41 . Memory (MB): peak = 809.270 ; gain = 599.441
Finished Technology Mapping : Time (s): cpu = 00:03:39 ; elapsed = 00:04:46 . Memory (MB): peak = 809.270 ; gain = 599.441
Finished IO Insertion : Time (s): cpu = 00:03:40 ; elapsed = 00:04:47 . Memory (MB): peak = 809.270 ; gain = 599.441
Finished Renaming Generated Instances : Time (s): cpu = 00:03:40 ; elapsed = 00:04:48 . Memory (MB): peak = 809.270 ; gain = 599.441
Finished Rebuilding User Hierarchy : Time (s): cpu = 00:03:41 ; elapsed = 00:04:49 . Memory (MB): peak = 809.270 ; gain = 599.441
Finished Renaming Generated Ports : Time (s): cpu = 00:03:41 ; elapsed = 00:04:49 . Memory (MB): peak = 809.270 ; gain = 599.441
Finished Handling Custom Attributes : Time (s): cpu = 00:03:42 ; elapsed = 00:04:49 . Memory (MB): peak = 809.270 ; gain = 599.441
Finished Renaming Generated Nets : Time (s): cpu = 00:03:42 ; elapsed = 00:04:49 . Memory (MB): peak = 809.270 ; gain = 599.441

Report Cell Usage: 
+------+---------+------+
|      |Cell     |Count |
+------+---------+------+
|1     |CARRY4   |   143|
|2     |LUT1     |   736|
|3     |LUT2     |   461|
|4     |LUT3     |   105|
|5     |LUT4     |   388|
|6     |LUT5     |   312|
|7     |LUT6     |   456|
|8     |RAM32M   |    46|
|9     |RAM32X1D |     5|
|10    |RAMB18E1 |     1|
|11    |FDCE     |   230|
|12    |FDPE     |    60|
|13    |FDRE     |  2268|
|14    |FDSE     |    77|
+------+---------+------+
Finished Writing Synthesis Report : Time (s): cpu = 00:03:42 ; elapsed = 00:04:49 . Memory (MB): peak = 809.270 ; gain = 599.441
get_clocks: Time (s): cpu = 00:00:06 ; elapsed = 00:00:08 . Memory (MB): peak = 1283.492 ; gain = 471.660
synth_design: Time (s): cpu = 00:03:46 ; elapsed = 00:04:49 . Memory (MB): peak = 1283.527 ; gain = 1014.504
