#
# An unexpected error has occurred (11)
#
Stack:
/home/vivado/vivado201604/Vivado/2016.4/tps/lnx64/jre/lib/amd64/server/libjvm.so(+0x91ab39) [0x7ff3d8b54b39]
/home/vivado/vivado201604/Vivado/2016.4/tps/lnx64/jre/lib/amd64/server/libjvm.so(JVM_handle_linux_signal+0xb6) [0x7ff3d8b5af26]
/home/vivado/vivado201604/Vivado/2016.4/tps/lnx64/jre/lib/amd64/server/libjvm.so(+0x917753) [0x7ff3d8b51753]
/lib64/libc.so.6() [0x37d5c32920]
/home/vivado/vivado201604/Vivado/2016.4/lib/lnx64.o/librdi_labtools.so(LTDHWServer::getClient() const+0) [0x7ff3dfd5f4f0]
/home/vivado/vivado201604/Vivado/2016.4/lib/lnx64.o/librdi_labtools.so(LTDHWXsdbSlave::getRegisters(HSTStringHashMap<std::string>*, LTDCseAPI::LTDCseOption, boost::shared_ptr<boost::signals2::signal<void (bool), boost::signals2::optional_last_value<void>, int, std::less<int>, boost::function<void (bool)>, boost::function<void (boost::signals2::connection const&, bool)>, boost::signals2::mutex> >)+0x4e) [0x7ff3dfdec5ee]
/home/vivado/vivado201604/Vivado/2016.4/lib/lnx64.o/librdi_labtools.so(LTDHWIlaStatic::initStaticStatus(LTDCseClient*, LTDHWXsdbCore*)+0x2c6) [0x7ff3dfe5a286]
/home/vivado/vivado201604/Vivado/2016.4/lib/lnx64.o/librdi_labtools.so(LTDHWIla::updateStaticInfo()+0x58) [0x7ff3dfe51c88]
/home/vivado/vivado201604/Vivado/2016.4/lib/lnx64.o/librdi_labtools.so(LTDHWIla::updateStaticInfoForDeviceIlas(unsigned int)+0x72) [0x7ff3dfe52012]
/home/vivado/vivado201604/Vivado/2016.4/lib/lnx64.o/librdi_labtools.so(LTDHWDevice::scanDeviceCores(bool*)+0x34f) [0x7ff3dfe08b1f]
/home/vivado/vivado201604/Vivado/2016.4/lib/lnx64.o/librdi_labtools.so(LTDHWDevice::refresh(bool*)+0x198) [0x7ff3dfe0c838]
/home/vivado/vivado201604/Vivado/2016.4/lib/lnx64.o/librdi_labtoolstasks.so(+0x5b2709) [0x7ff3bcbdc709]
/home/vivado/vivado201604/Vivado/2016.4/lib/lnx64.o/librdi_common.so(+0x5f8f37) [0x7ff411fcdf37]
/home/vivado/vivado201604/Vivado/2016.4/lib/lnx64.o/libtcl8.5.so(+0x331f5) [0x7ff40d7941f5]
/home/vivado/vivado201604/Vivado/2016.4/lib/lnx64.o/libtcl8.5.so(+0x76bbe) [0x7ff40d7d7bbe]
/home/vivado/vivado201604/Vivado/2016.4/lib/lnx64.o/libtcl8.5.so(+0x7e767) [0x7ff40d7df767]
/home/vivado/vivado201604/Vivado/2016.4/lib/lnx64.o/libtcl8.5.so(TclEvalObjEx+0x77) [0x7ff40d796327]
/home/vivado/vivado201604/Vivado/2016.4/lib/lnx64.o/librdi_common.so(+0x5f864c) [0x7ff411fcd64c]
/home/vivado/vivado201604/Vivado/2016.4/lib/lnx64.o/libtcl8.5.so(Tcl_ServiceEvent+0x87) [0x7ff40d808b37]
/home/vivado/vivado201604/Vivado/2016.4/lib/lnx64.o/libtcl8.5.so(Tcl_DoOneEvent+0x129) [0x7ff40d808e69]
/home/vivado/vivado201604/Vivado/2016.4/lib/lnx64.o/librdi_commontasks.so(+0x304aa5) [0x7ff404413aa5]
/home/vivado/vivado201604/Vivado/2016.4/lib/lnx64.o/librdi_commontasks.so(+0x30c28b) [0x7ff40441b28b]
/home/vivado/vivado201604/Vivado/2016.4/lib/lnx64.o/librdi_commontasks.so(+0x304d43) [0x7ff404413d43]
/home/vivado/vivado201604/Vivado/2016.4/lib/lnx64.o/librdi_common.so(+0x5f8f37) [0x7ff411fcdf37]
/home/vivado/vivado201604/Vivado/2016.4/lib/lnx64.o/libtcl8.5.so(+0x331f5) [0x7ff40d7941f5]
/home/vivado/vivado201604/Vivado/2016.4/lib/lnx64.o/libtcl8.5.so(+0x76bbe) [0x7ff40d7d7bbe]
/home/vivado/vivado201604/Vivado/2016.4/lib/lnx64.o/libtcl8.5.so(+0x7e767) [0x7ff40d7df767]
/home/vivado/vivado201604/Vivado/2016.4/lib/lnx64.o/libtcl8.5.so(TclEvalObjEx+0x77) [0x7ff40d796327]
/home/vivado/vivado201604/Vivado/2016.4/lib/lnx64.o/librdi_commonmain.so(+0x6430) [0x7ff4117d0430]
/home/vivado/vivado201604/Vivado/2016.4/lib/lnx64.o/libtcl8.5.so(Tcl_Main+0x1d5) [0x7ff40d801175]
/home/vivado/vivado201604/Vivado/2016.4/lib/lnx64.o/librdi_common.so(+0x631d09) [0x7ff412006d09]
/lib64/libpthread.so.0() [0x37d6007851]
/lib64/libc.so.6(clone+0x6d) [0x37d5ce890d]
