#
# An unexpected error has occurred (11)
#
Stack:
/home/vivado/vivado201604/Vivado/2016.4/tps/lnx64/jre/lib/amd64/server/libjvm.so(+0x91ab39) [0x7f4eaa514b39]
/home/vivado/vivado201604/Vivado/2016.4/tps/lnx64/jre/lib/amd64/server/libjvm.so(JVM_handle_linux_signal+0xb6) [0x7f4eaa51af26]
/home/vivado/vivado201604/Vivado/2016.4/tps/lnx64/jre/lib/amd64/server/libjvm.so(+0x917753) [0x7f4eaa511753]
/lib64/libc.so.6() [0x37d5c32920]
/home/vivado/vivado201604/Vivado/2016.4/lib/lnx64.o/librdi_designutils.so(HDDCProbeManager::probeSetExistsForName(std::string const&)+0x8) [0x7f4ecaf97d68]
/home/vivado/vivado201604/Vivado/2016.4/lib/lnx64.o/librdi_labtools.so(LTDHWProbeUtils::getProbesForDevice(HDDCProbeManager*, std::string const&, std::vector<HDDCProbe*, std::allocator<HDDCProbe*> >&)+0x21) [0x7f4eb183cd71]
/home/vivado/vivado201604/Vivado/2016.4/lib/lnx64.o/librdi_labtools.so(LTDHWProbeUtils::getProbesForILA(HDDCProbeManager*, std::string const&, std::string const&, std::vector<HDDCProbe*, std::allocator<HDDCProbe*> >&, bool, bool, bool)+0x59) [0x7f4eb183cea9]
/home/vivado/vivado201604/Vivado/2016.4/lib/lnx64.o/librdi_labtools.so(LTDHWWaveImpl::updateProbeCache()+0xc0) [0x7f4eb189a8b0]
/home/vivado/vivado201604/Vivado/2016.4/lib/lnx64.o/librdi_labtools.so(LTDHWWaveImpl::setIlaProbes(std::string const&, boost::shared_ptr<HDDCProbeCopyGroup>)+0x362) [0x7f4eb189c4f2]
/home/vivado/vivado201604/Vivado/2016.4/lib/lnx64.o/librdi_labtoolstasks.so(+0x55e09f) [0x7f4e8e54809f]
/home/vivado/vivado201604/Vivado/2016.4/lib/lnx64.o/librdi_common.so(+0x5f8f37) [0x7f4ee398df37]
/home/vivado/vivado201604/Vivado/2016.4/lib/lnx64.o/libtcl8.5.so(+0x331f5) [0x7f4edf1541f5]
/home/vivado/vivado201604/Vivado/2016.4/lib/lnx64.o/libtcl8.5.so(+0x76bbe) [0x7f4edf197bbe]
/home/vivado/vivado201604/Vivado/2016.4/lib/lnx64.o/libtcl8.5.so(+0x7e767) [0x7f4edf19f767]
/home/vivado/vivado201604/Vivado/2016.4/lib/lnx64.o/libtcl8.5.so(TclEvalObjEx+0x77) [0x7f4edf156327]
/home/vivado/vivado201604/Vivado/2016.4/lib/lnx64.o/librdi_common.so(hdi::tcltasks::task_manager::eval_in_tcl(Tcl_Interp*, Tcl_Obj*, char const*, bool)+0x7fd) [0x7f4ee398f8fd]
/home/vivado/vivado201604/Vivado/2016.4/lib/lnx64.o/librdi_labtools.so(LTDHWPlatformUtils::addInterfaceInfoToProbes(HDDCProbeManager*, std::string const&, boost::shared_ptr<HSTVector<HDDCBusInterface*, std::allocator<HDDCBusInterface*> > >)+0x1b78) [0x7f4eb1828248]
/home/vivado/vivado201604/Vivado/2016.4/lib/lnx64.o/librdi_labtools.so(LTDHWProbeUpdater::doUpdateEdaProbes(LTDHWDevice*, std::vector<std::string, std::allocator<std::string> > const&, bool, HDDCProbeManager*, boost::shared_ptr<HDDCProbeCopyGroup>, std::string)+0x990) [0x7f4eb18389f0]
/home/vivado/vivado201604/Vivado/2016.4/lib/lnx64.o/librdi_labtools.so(LTDHWProbeUpdater::updateEdaProbes(LTDHWDevice*, std::vector<std::string, std::allocator<std::string> > const&, bool, HDDCProbeManager*, boost::shared_ptr<HDDCProbeCopyGroup>, std::string)+0x60) [0x7f4eb18398f0]
/home/vivado/vivado201604/Vivado/2016.4/lib/lnx64.o/librdi_labtools.so(LTDHWDevice::refreshProbes(bool, LTDHWWaveManager*, HDDCProbeManager*, boost::shared_ptr<HDDCProbeCopyGroup>)+0x183) [0x7f4eb17c7943]
/home/vivado/vivado201604/Vivado/2016.4/lib/lnx64.o/librdi_labtoolstasks.so(+0x5b2e84) [0x7f4e8e59ce84]
/home/vivado/vivado201604/Vivado/2016.4/lib/lnx64.o/librdi_common.so(+0x5f8f37) [0x7f4ee398df37]
/home/vivado/vivado201604/Vivado/2016.4/lib/lnx64.o/libtcl8.5.so(+0x331f5) [0x7f4edf1541f5]
/home/vivado/vivado201604/Vivado/2016.4/lib/lnx64.o/libtcl8.5.so(+0x76bbe) [0x7f4edf197bbe]
/home/vivado/vivado201604/Vivado/2016.4/lib/lnx64.o/libtcl8.5.so(+0x7e767) [0x7f4edf19f767]
/home/vivado/vivado201604/Vivado/2016.4/lib/lnx64.o/libtcl8.5.so(TclEvalObjEx+0x77) [0x7f4edf156327]
/home/vivado/vivado201604/Vivado/2016.4/lib/lnx64.o/librdi_common.so(+0x5f864c) [0x7f4ee398d64c]
/home/vivado/vivado201604/Vivado/2016.4/lib/lnx64.o/libtcl8.5.so(Tcl_ServiceEvent+0x87) [0x7f4edf1c8b37]
/home/vivado/vivado201604/Vivado/2016.4/lib/lnx64.o/libtcl8.5.so(Tcl_DoOneEvent+0x129) [0x7f4edf1c8e69]
/home/vivado/vivado201604/Vivado/2016.4/lib/lnx64.o/librdi_commontasks.so(+0x304aa5) [0x7f4ed5dd3aa5]
/home/vivado/vivado201604/Vivado/2016.4/lib/lnx64.o/librdi_commontasks.so(+0x30c28b) [0x7f4ed5ddb28b]
/home/vivado/vivado201604/Vivado/2016.4/lib/lnx64.o/librdi_commontasks.so(+0x304d43) [0x7f4ed5dd3d43]
/home/vivado/vivado201604/Vivado/2016.4/lib/lnx64.o/librdi_common.so(+0x5f8f37) [0x7f4ee398df37]
/home/vivado/vivado201604/Vivado/2016.4/lib/lnx64.o/libtcl8.5.so(+0x331f5) [0x7f4edf1541f5]
/home/vivado/vivado201604/Vivado/2016.4/lib/lnx64.o/libtcl8.5.so(+0x76bbe) [0x7f4edf197bbe]
/home/vivado/vivado201604/Vivado/2016.4/lib/lnx64.o/libtcl8.5.so(+0x7e767) [0x7f4edf19f767]
/home/vivado/vivado201604/Vivado/2016.4/lib/lnx64.o/libtcl8.5.so(TclEvalObjEx+0x77) [0x7f4edf156327]
/home/vivado/vivado201604/Vivado/2016.4/lib/lnx64.o/librdi_commonmain.so(+0x6430) [0x7f4ee3190430]
/home/vivado/vivado201604/Vivado/2016.4/lib/lnx64.o/libtcl8.5.so(Tcl_Main+0x1d5) [0x7f4edf1c1175]
/home/vivado/vivado201604/Vivado/2016.4/lib/lnx64.o/librdi_common.so(+0x631d09) [0x7f4ee39c6d09]
/lib64/libpthread.so.0() [0x37d6007851]
/lib64/libc.so.6(clone+0x6d) [0x37d5ce890d]
