#
# An unexpected error has occurred (11)
#
Stack:
/home/vivado/vivado201604/Vivado/2016.4/tps/lnx64/jre/lib/amd64/server/libjvm.so(+0x91ab39) [0x7fb82b4e3b39]
/home/vivado/vivado201604/Vivado/2016.4/tps/lnx64/jre/lib/amd64/server/libjvm.so(JVM_handle_linux_signal+0xb6) [0x7fb82b4e9f26]
/home/vivado/vivado201604/Vivado/2016.4/tps/lnx64/jre/lib/amd64/server/libjvm.so(+0x917753) [0x7fb82b4e0753]
/lib64/libc.so.6() [0x37d5c32920]
/home/vivado/vivado201604/Vivado/2016.4/lib/lnx64.o/librdi_labtools.so(LTDHWServer::getClient() const+0) [0x7fb8326ee4f0]
/home/vivado/vivado201604/Vivado/2016.4/lib/lnx64.o/librdi_labtools.so(LTDHWXsdbSlave::getRegisters(HSTStringHashMap<std::string>*, LTDCseAPI::LTDCseOption, boost::shared_ptr<boost::signals2::signal<void (bool), boost::signals2::optional_last_value<void>, int, std::less<int>, boost::function<void (bool)>, boost::function<void (boost::signals2::connection const&, bool)>, boost::signals2::mutex> >)+0x4e) [0x7fb83277b5ee]
/home/vivado/vivado201604/Vivado/2016.4/lib/lnx64.o/librdi_labtools.so(LTDHWIlaStatic::initStaticStatus(LTDCseClient*, LTDHWXsdbCore*)+0x2c6) [0x7fb8327e9286]
/home/vivado/vivado201604/Vivado/2016.4/lib/lnx64.o/librdi_labtools.so(LTDHWIla::updateStaticInfo()+0x58) [0x7fb8327e0c88]
/home/vivado/vivado201604/Vivado/2016.4/lib/lnx64.o/librdi_labtools.so(LTDHWIla::updateStaticInfoForDeviceIlas(unsigned int)+0x72) [0x7fb8327e1012]
/home/vivado/vivado201604/Vivado/2016.4/lib/lnx64.o/librdi_labtools.so(LTDHWDevice::scanDeviceCores(bool*)+0x34f) [0x7fb832797b1f]
/home/vivado/vivado201604/Vivado/2016.4/lib/lnx64.o/librdi_labtools.so(LTDHWDevice::refresh(bool*)+0x198) [0x7fb83279b838]
/home/vivado/vivado201604/Vivado/2016.4/lib/lnx64.o/librdi_labtoolstasks.so(+0x5b2709) [0x7fb80f56b709]
/home/vivado/vivado201604/Vivado/2016.4/lib/lnx64.o/librdi_common.so(+0x5f8f37) [0x7fb86495cf37]
/home/vivado/vivado201604/Vivado/2016.4/lib/lnx64.o/libtcl8.5.so(+0x331f5) [0x7fb8601231f5]
/home/vivado/vivado201604/Vivado/2016.4/lib/lnx64.o/libtcl8.5.so(+0x76bbe) [0x7fb860166bbe]
/home/vivado/vivado201604/Vivado/2016.4/lib/lnx64.o/libtcl8.5.so(+0x7e767) [0x7fb86016e767]
/home/vivado/vivado201604/Vivado/2016.4/lib/lnx64.o/libtcl8.5.so(TclEvalObjEx+0x77) [0x7fb860125327]
/home/vivado/vivado201604/Vivado/2016.4/lib/lnx64.o/librdi_common.so(+0x5f864c) [0x7fb86495c64c]
/home/vivado/vivado201604/Vivado/2016.4/lib/lnx64.o/libtcl8.5.so(Tcl_ServiceEvent+0x87) [0x7fb860197b37]
/home/vivado/vivado201604/Vivado/2016.4/lib/lnx64.o/libtcl8.5.so(Tcl_DoOneEvent+0x129) [0x7fb860197e69]
/home/vivado/vivado201604/Vivado/2016.4/lib/lnx64.o/librdi_commontasks.so(+0x304aa5) [0x7fb856da2aa5]
/home/vivado/vivado201604/Vivado/2016.4/lib/lnx64.o/librdi_commontasks.so(+0x30c28b) [0x7fb856daa28b]
/home/vivado/vivado201604/Vivado/2016.4/lib/lnx64.o/librdi_commontasks.so(+0x304d43) [0x7fb856da2d43]
/home/vivado/vivado201604/Vivado/2016.4/lib/lnx64.o/librdi_common.so(+0x5f8f37) [0x7fb86495cf37]
/home/vivado/vivado201604/Vivado/2016.4/lib/lnx64.o/libtcl8.5.so(+0x331f5) [0x7fb8601231f5]
/home/vivado/vivado201604/Vivado/2016.4/lib/lnx64.o/libtcl8.5.so(+0x76bbe) [0x7fb860166bbe]
/home/vivado/vivado201604/Vivado/2016.4/lib/lnx64.o/libtcl8.5.so(+0x7e767) [0x7fb86016e767]
/home/vivado/vivado201604/Vivado/2016.4/lib/lnx64.o/libtcl8.5.so(TclEvalObjEx+0x77) [0x7fb860125327]
/home/vivado/vivado201604/Vivado/2016.4/lib/lnx64.o/librdi_commonmain.so(+0x6430) [0x7fb86415f430]
/home/vivado/vivado201604/Vivado/2016.4/lib/lnx64.o/libtcl8.5.so(Tcl_Main+0x1d5) [0x7fb860190175]
/home/vivado/vivado201604/Vivado/2016.4/lib/lnx64.o/librdi_common.so(+0x631d09) [0x7fb864995d09]
/lib64/libpthread.so.0() [0x37d6007851]
/lib64/libc.so.6(clone+0x6d) [0x37d5ce890d]
