#-----------------------------------------------------------
# Vivado v2016.4 (64-bit)
# SW Build 1733598 on Wed Dec 14 22:35:42 MST 2016
# IP Build 1731160 on Wed Dec 14 23:47:21 MST 2016
# Start of session at: Mon Jun 26 17:14:48 2017
# Process ID: 136226
# Current directory: /home/wesleyguo/github/vivado/vivado/ip/dut/gpio_loopback_120
# Command line: vivado gpio_loopback.xpr
# Log file: /home/wesleyguo/github/vivado/vivado/ip/dut/gpio_loopback_120/vivado.log
# Journal file: /home/wesleyguo/github/vivado/vivado/ip/dut/gpio_loopback_120/vivado.jou
#-----------------------------------------------------------
start_gui
open_project gpio_loopback.xpr
INFO: [Project 1-313] Project file moved from '/home/wesleyguo/github/vivado/vivado/ip/dut/gpio_loopback' since last save.
Scanning sources...
Finished scanning sources
WARNING: [filemgmt 56-3] IP Repository Path: Could not find the directory '/home/wesleyguo/github/vivado/vivado/b2000t_jtag_axi_loopback/b2000t_jtag_axi_loopback/b2000t_jtag_axi_loopback.srcs/sources_1'.
INFO: [IP_Flow 19-234] Refreshing IP repositories
INFO: [IP_Flow 19-1700] Loaded user IP repository '/home/wesleyguo/github/vivado/vivado/ip/dut/gpio_loopback_120/gpio_loopback.srcs/sources_1/imports/sources_1'.
WARNING: [IP_Flow 19-2248] Failed to load user IP repository '/home/wesleyguo/github/vivado/vivado/b2000t_jtag_axi_loopback/b2000t_jtag_axi_loopback/b2000t_jtag_axi_loopback.srcs/sources_1'; Can't find the specified path.
If this directory should no longer be in your list of user repositories, go to the IP Settings dialog and remove it.
INFO: [IP_Flow 19-2313] Loaded Vivado IP repository '/home/vivado/vivado201604/Vivado/2016.4/data/ip'.
update_compile_order -fileset sources_1
update_compile_order -fileset sim_1
