Copyright 1986-2016 Xilinx, Inc. All Rights Reserved.
----------------------------------------------------------------------------------------------------------------------------------------------------------------------------------
| Tool Version     : Vivado v.2016.4 (lin64) Build 1733598 Wed Dec 14 22:35:42 MST 2016
| Date             : Thu Jun 29 09:49:21 2017
| Host             : HyperSilicon running 64-bit CentOS release 6.4 (Final)
| Command          : report_power -file jack_120_inoutmodule_power_routed.rpt -pb jack_120_inoutmodule_power_summary_routed.pb -rpx jack_120_inoutmodule_power_routed.rpx
| Design           : jack_120_inoutmodule
| Device           : xc7v2000tflg1925-1
| Design State     : routed
| Grade            : commercial
| Process          : typical
| Characterization : Production
----------------------------------------------------------------------------------------------------------------------------------------------------------------------------------

Power Report

Table of Contents
-----------------
1. Summary
1.1 On-Chip Components
1.2 Power Supply Summary
1.3 Confidence Level
2. Settings
2.1 Environment
2.2 Clock Constraints
3. Detailed Reports
3.1 By Hierarchy

1. Summary
----------

+--------------------------+--------+
| Total On-Chip Power (W)  | 39.339 |
| Dynamic (W)              | 37.651 |
| Device Static (W)        | 1.688  |
| Effective TJA (C/W)      | 0.8    |
| Max Ambient (C)          | 52.1   |
| Junction Temperature (C) | 57.9   |
| Confidence Level         | Low    |
| Setting File             | ---    |
| Simulation Activity File | ---    |
| Design Nets Matched      | NA     |
+--------------------------+--------+


1.1 On-Chip Components
----------------------

+----------------+-----------+----------+-----------+-----------------+
| On-Chip        | Power (W) | Used     | Available | Utilization (%) |
+----------------+-----------+----------+-----------+-----------------+
| Slice Logic    |     0.186 |      122 |       --- |             --- |
|   LUT as Logic |     0.186 |       62 |   1221600 |           <0.01 |
| Signals        |     8.164 |      424 |       --- |             --- |
| I/O            |    29.300 |      422 |      1200 |           35.17 |
| Static Power   |     1.688 |          |           |                 |
| Total          |    39.339 |          |           |                 |
+----------------+-----------+----------+-----------+-----------------+


1.2 Power Supply Summary
------------------------

+-----------+-------------+-----------+-------------+------------+
| Source    | Voltage (V) | Total (A) | Dynamic (A) | Static (A) |
+-----------+-------------+-----------+-------------+------------+
| Vccint    |       1.000 |    10.575 |       9.326 |      1.250 |
| Vccaux    |       1.800 |     2.414 |       2.260 |      0.154 |
| Vcco33    |       3.300 |     0.000 |       0.000 |      0.000 |
| Vcco25    |       2.500 |     0.000 |       0.000 |      0.000 |
| Vcco18    |       1.800 |    13.477 |      13.476 |      0.001 |
| Vcco15    |       1.500 |     0.000 |       0.000 |      0.000 |
| Vcco135   |       1.350 |     0.000 |       0.000 |      0.000 |
| Vcco12    |       1.200 |     0.000 |       0.000 |      0.000 |
| Vccaux_io |       1.800 |     0.000 |       0.000 |      0.000 |
| Vccbram   |       1.000 |     0.016 |       0.000 |      0.016 |
| MGTAVcc   |       1.000 |     0.000 |       0.000 |      0.000 |
| MGTAVtt   |       1.200 |     0.000 |       0.000 |      0.000 |
| MGTVccaux |       1.800 |     0.000 |       0.000 |      0.000 |
| MGTZVccl  |       1.075 |     0.000 |       0.000 |      0.000 |
| MGTZAVcc  |       1.075 |     0.000 |       0.000 |      0.000 |
| MGTZVcch  |       1.800 |     0.000 |       0.000 |      0.000 |
| Vccadc    |       1.800 |     0.080 |       0.000 |      0.080 |
+-----------+-------------+-----------+-------------+------------+


1.3 Confidence Level
--------------------

+-----------------------------+------------+--------------------------------------------------------+------------------------------------------------------------------------------------------------------------+
| User Input Data             | Confidence | Details                                                | Action                                                                                                     |
+-----------------------------+------------+--------------------------------------------------------+------------------------------------------------------------------------------------------------------------+
| Design implementation state | High       | Design is routed                                       |                                                                                                            |
| Clock nodes activity        | High       | User specified more than 95% of clocks                 |                                                                                                            |
| I/O nodes activity          | Low        | More than 75% of inputs are missing user specification | Provide missing input activity with simulation results or by editing the "By Resource Type -> I/Os" view   |
| Internal nodes activity     | Medium     | User specified less than 25% of internal nodes         | Provide missing internal nodes activity with simulation results or by editing the "By Resource Type" views |
| Device models               | High       | Device models are Production                           |                                                                                                            |
|                             |            |                                                        |                                                                                                            |
| Overall confidence level    | Low        |                                                        |                                                                                                            |
+-----------------------------+------------+--------------------------------------------------------+------------------------------------------------------------------------------------------------------------+


2. Settings
-----------

2.1 Environment
---------------

+-----------------------+--------------------------+
| Ambient Temp (C)      | 25.0                     |
| ThetaJA (C/W)         | 0.8                      |
| Airflow (LFM)         | 250                      |
| Heat Sink             | medium (Medium Profile)  |
| ThetaSA (C/W)         | 1.2                      |
| Board Selection       | medium (10"x10")         |
| # of Board Layers     | 12to15 (12 to 15 Layers) |
| Board Temperature (C) | 25.0                     |
+-----------------------+--------------------------+


2.2 Clock Constraints
---------------------

+-------+--------+-----------------+
| Clock | Domain | Constraint (ns) |
+-------+--------+-----------------+


3. Detailed Reports
-------------------

3.1 By Hierarchy
----------------

+------------------------+-----------+
| Name                   | Power (W) |
+------------------------+-----------+
| jack_120_inoutmodule   |    37.651 |
|   pin_a_IOBUF[0]_inst  |     0.123 |
|   pin_a_IOBUF[10]_inst |     0.124 |
|   pin_a_IOBUF[11]_inst |     0.123 |
|   pin_a_IOBUF[12]_inst |     0.124 |
|   pin_a_IOBUF[13]_inst |     0.123 |
|   pin_a_IOBUF[14]_inst |     0.124 |
|   pin_a_IOBUF[15]_inst |     0.123 |
|   pin_a_IOBUF[16]_inst |     0.123 |
|   pin_a_IOBUF[17]_inst |     0.123 |
|   pin_a_IOBUF[18]_inst |     0.124 |
|   pin_a_IOBUF[19]_inst |     0.123 |
|   pin_a_IOBUF[1]_inst  |     0.124 |
|   pin_a_IOBUF[20]_inst |     0.124 |
|   pin_a_IOBUF[21]_inst |     0.123 |
|   pin_a_IOBUF[22]_inst |     0.124 |
|   pin_a_IOBUF[23]_inst |     0.123 |
|   pin_a_IOBUF[24]_inst |     0.123 |
|   pin_a_IOBUF[25]_inst |     0.123 |
|   pin_a_IOBUF[26]_inst |     0.123 |
|   pin_a_IOBUF[27]_inst |     0.123 |
|   pin_a_IOBUF[28]_inst |     0.124 |
|   pin_a_IOBUF[29]_inst |     0.123 |
|   pin_a_IOBUF[2]_inst  |     0.124 |
|   pin_a_IOBUF[30]_inst |     0.123 |
|   pin_a_IOBUF[31]_inst |     0.123 |
|   pin_a_IOBUF[32]_inst |     0.124 |
|   pin_a_IOBUF[33]_inst |     0.123 |
|   pin_a_IOBUF[34]_inst |     0.123 |
|   pin_a_IOBUF[35]_inst |     0.123 |
|   pin_a_IOBUF[36]_inst |     0.124 |
|   pin_a_IOBUF[37]_inst |     0.123 |
|   pin_a_IOBUF[38]_inst |     0.123 |
|   pin_a_IOBUF[39]_inst |     0.123 |
|   pin_a_IOBUF[3]_inst  |     0.123 |
|   pin_a_IOBUF[40]_inst |     0.123 |
|   pin_a_IOBUF[41]_inst |     0.123 |
|   pin_a_IOBUF[42]_inst |     0.123 |
|   pin_a_IOBUF[43]_inst |     0.123 |
|   pin_a_IOBUF[44]_inst |     0.124 |
|   pin_a_IOBUF[45]_inst |     0.123 |
|   pin_a_IOBUF[46]_inst |     0.123 |
|   pin_a_IOBUF[47]_inst |     0.123 |
|   pin_a_IOBUF[48]_inst |     0.123 |
|   pin_a_IOBUF[49]_inst |     0.123 |
|   pin_a_IOBUF[4]_inst  |     0.124 |
|   pin_a_IOBUF[50]_inst |     0.124 |
|   pin_a_IOBUF[51]_inst |     0.124 |
|   pin_a_IOBUF[52]_inst |     0.124 |
|   pin_a_IOBUF[53]_inst |     0.124 |
|   pin_a_IOBUF[54]_inst |     0.124 |
|   pin_a_IOBUF[55]_inst |     0.124 |
|   pin_a_IOBUF[56]_inst |     0.124 |
|   pin_a_IOBUF[57]_inst |     0.124 |
|   pin_a_IOBUF[58]_inst |     0.124 |
|   pin_a_IOBUF[59]_inst |     0.124 |
|   pin_a_IOBUF[5]_inst  |     0.123 |
|   pin_a_IOBUF[6]_inst  |     0.124 |
|   pin_a_IOBUF[7]_inst  |     0.123 |
|   pin_a_IOBUF[8]_inst  |     0.124 |
|   pin_a_IOBUF[9]_inst  |     0.123 |
|   pin_b_IOBUF[0]_inst  |     0.133 |
|   pin_b_IOBUF[10]_inst |     0.132 |
|   pin_b_IOBUF[11]_inst |     0.132 |
|   pin_b_IOBUF[12]_inst |     0.132 |
|   pin_b_IOBUF[13]_inst |     0.132 |
|   pin_b_IOBUF[14]_inst |     0.133 |
|   pin_b_IOBUF[15]_inst |     0.133 |
|   pin_b_IOBUF[16]_inst |     0.132 |
|   pin_b_IOBUF[17]_inst |     0.132 |
|   pin_b_IOBUF[18]_inst |     0.132 |
|   pin_b_IOBUF[19]_inst |     0.133 |
|   pin_b_IOBUF[1]_inst  |     0.133 |
|   pin_b_IOBUF[20]_inst |     0.133 |
|   pin_b_IOBUF[21]_inst |     0.132 |
|   pin_b_IOBUF[22]_inst |     0.132 |
|   pin_b_IOBUF[23]_inst |     0.133 |
|   pin_b_IOBUF[24]_inst |     0.133 |
|   pin_b_IOBUF[25]_inst |     0.133 |
|   pin_b_IOBUF[26]_inst |     0.132 |
|   pin_b_IOBUF[27]_inst |     0.133 |
|   pin_b_IOBUF[28]_inst |     0.132 |
|   pin_b_IOBUF[29]_inst |     0.133 |
|   pin_b_IOBUF[2]_inst  |     0.133 |
|   pin_b_IOBUF[30]_inst |     0.132 |
|   pin_b_IOBUF[31]_inst |     0.132 |
|   pin_b_IOBUF[32]_inst |     0.133 |
|   pin_b_IOBUF[33]_inst |     0.132 |
|   pin_b_IOBUF[34]_inst |     0.131 |
|   pin_b_IOBUF[35]_inst |     0.132 |
|   pin_b_IOBUF[36]_inst |     0.132 |
|   pin_b_IOBUF[37]_inst |     0.132 |
|   pin_b_IOBUF[38]_inst |     0.131 |
|   pin_b_IOBUF[39]_inst |     0.132 |
|   pin_b_IOBUF[3]_inst  |     0.132 |
|   pin_b_IOBUF[40]_inst |     0.131 |
|   pin_b_IOBUF[41]_inst |     0.132 |
|   pin_b_IOBUF[42]_inst |     0.132 |
|   pin_b_IOBUF[43]_inst |     0.132 |
|   pin_b_IOBUF[44]_inst |     0.132 |
|   pin_b_IOBUF[45]_inst |     0.132 |
|   pin_b_IOBUF[46]_inst |     0.132 |
|   pin_b_IOBUF[47]_inst |     0.132 |
|   pin_b_IOBUF[48]_inst |     0.132 |
|   pin_b_IOBUF[49]_inst |     0.132 |
|   pin_b_IOBUF[4]_inst  |     0.132 |
|   pin_b_IOBUF[50]_inst |     0.138 |
|   pin_b_IOBUF[51]_inst |     0.138 |
|   pin_b_IOBUF[52]_inst |     0.138 |
|   pin_b_IOBUF[53]_inst |     0.138 |
|   pin_b_IOBUF[54]_inst |     0.138 |
|   pin_b_IOBUF[55]_inst |     0.138 |
|   pin_b_IOBUF[56]_inst |     0.138 |
|   pin_b_IOBUF[57]_inst |     0.138 |
|   pin_b_IOBUF[58]_inst |     0.138 |
|   pin_b_IOBUF[59]_inst |     0.138 |
|   pin_b_IOBUF[5]_inst  |     0.132 |
|   pin_b_IOBUF[6]_inst  |     0.132 |
|   pin_b_IOBUF[7]_inst  |     0.132 |
|   pin_b_IOBUF[8]_inst  |     0.133 |
|   pin_b_IOBUF[9]_inst  |     0.133 |
+------------------------+-----------+


