
*** Running vivado
    with args -log b2000t_c2c_bram_vio_0_0.vds -m64 -product Vivado -mode batch -messageDb vivado.pb -notrace -source b2000t_c2c_bram_vio_0_0.tcl


****** Vivado v2016.4 (64-bit)
  **** SW Build 1733598 on Wed Dec 14 22:35:39 MST 2016
  **** IP Build 1731160 on Wed Dec 14 23:47:21 MST 2016
    ** Copyright 1986-2016 Xilinx, Inc. All Rights Reserved.

source b2000t_c2c_bram_vio_0_0.tcl -notrace
Starting RTL Elaboration : Time (s): cpu = 00:00:20 ; elapsed = 00:00:35 . Memory (MB): peak = 358.750 ; gain = 148.793
INFO: [Synth 8-638] synthesizing module 'b2000t_c2c_bram_vio_0_0' [f:/GITHUB/vivado/2000t_c2c_bram/b2000t_c2c_bram/b2000t_c2c_bram.srcs/sources_1/bd/b2000t_c2c_bram/ip/b2000t_c2c_bram_vio_0_0/synth/b2000t_c2c_bram_vio_0_0.v:59]
INFO: [Synth 8-256] done synthesizing module 'b2000t_c2c_bram_vio_0_0' (7#1) [f:/GITHUB/vivado/2000t_c2c_bram/b2000t_c2c_bram/b2000t_c2c_bram.srcs/sources_1/bd/b2000t_c2c_bram/ip/b2000t_c2c_bram_vio_0_0/synth/b2000t_c2c_bram_vio_0_0.v:59]
Finished RTL Elaboration : Time (s): cpu = 00:00:30 ; elapsed = 00:00:47 . Memory (MB): peak = 478.289 ; gain = 268.332
Finished RTL Optimization Phase 1 : Time (s): cpu = 00:00:30 ; elapsed = 00:00:48 . Memory (MB): peak = 478.289 ; gain = 268.332
INFO: [Device 21-403] Loading part xc7v2000tflg1925-1
Constraint Validation Runtime : Time (s): cpu = 00:00:00 ; elapsed = 00:00:00.047 . Memory (MB): peak = 1201.234 ; gain = 0.000
Finished Constraint Validation : Time (s): cpu = 00:01:52 ; elapsed = 00:02:28 . Memory (MB): peak = 1201.234 ; gain = 991.277
Finished Loading Part and Timing Information : Time (s): cpu = 00:01:52 ; elapsed = 00:02:28 . Memory (MB): peak = 1201.234 ; gain = 991.277
Finished applying 'set_property' XDC Constraints : Time (s): cpu = 00:01:52 ; elapsed = 00:02:28 . Memory (MB): peak = 1201.234 ; gain = 991.277
Finished RTL Optimization Phase 2 : Time (s): cpu = 00:01:52 ; elapsed = 00:02:29 . Memory (MB): peak = 1201.234 ; gain = 991.277
Finished Cross Boundary and Area Optimization : Time (s): cpu = 00:01:54 ; elapsed = 00:02:32 . Memory (MB): peak = 1201.234 ; gain = 991.277
Finished Applying XDC Timing Constraints : Time (s): cpu = 00:02:12 ; elapsed = 00:02:54 . Memory (MB): peak = 1201.234 ; gain = 991.277
Finished Timing Optimization : Time (s): cpu = 00:02:12 ; elapsed = 00:02:54 . Memory (MB): peak = 1201.234 ; gain = 991.277
Finished Technology Mapping : Time (s): cpu = 00:02:12 ; elapsed = 00:02:55 . Memory (MB): peak = 1201.234 ; gain = 991.277
Finished IO Insertion : Time (s): cpu = 00:02:13 ; elapsed = 00:02:56 . Memory (MB): peak = 1201.234 ; gain = 991.277
Finished Renaming Generated Instances : Time (s): cpu = 00:02:13 ; elapsed = 00:02:56 . Memory (MB): peak = 1201.234 ; gain = 991.277
Finished Rebuilding User Hierarchy : Time (s): cpu = 00:02:13 ; elapsed = 00:02:56 . Memory (MB): peak = 1201.234 ; gain = 991.277
Finished Renaming Generated Ports : Time (s): cpu = 00:02:13 ; elapsed = 00:02:56 . Memory (MB): peak = 1201.234 ; gain = 991.277
Finished Handling Custom Attributes : Time (s): cpu = 00:02:13 ; elapsed = 00:02:56 . Memory (MB): peak = 1201.234 ; gain = 991.277
Finished Renaming Generated Nets : Time (s): cpu = 00:02:13 ; elapsed = 00:02:56 . Memory (MB): peak = 1201.234 ; gain = 991.277

Report Cell Usage: 
+------+-----+------+
|      |Cell |Count |
+------+-----+------+
|1     |LUT1 |     1|
|2     |LUT2 |     3|
|3     |LUT3 |    20|
|4     |LUT4 |    26|
|5     |LUT5 |     6|
|6     |LUT6 |    17|
|7     |FDRE |   107|
|8     |FDSE |     7|
+------+-----+------+
Finished Writing Synthesis Report : Time (s): cpu = 00:02:13 ; elapsed = 00:02:56 . Memory (MB): peak = 1201.234 ; gain = 991.277
synth_design: Time (s): cpu = 00:02:12 ; elapsed = 00:02:45 . Memory (MB): peak = 1201.234 ; gain = 932.203
