
*** Running vivado
    with args -log jtag_axi_axi_chip2chip_0_0.vds -m64 -product Vivado -mode batch -messageDb vivado.pb -notrace -source jtag_axi_axi_chip2chip_0_0.tcl


****** Vivado v2016.4 (64-bit)
  **** SW Build 1733598 on Wed Dec 14 22:35:39 MST 2016
  **** IP Build 1731160 on Wed Dec 14 23:47:21 MST 2016
    ** Copyright 1986-2016 Xilinx, Inc. All Rights Reserved.

source jtag_axi_axi_chip2chip_0_0.tcl -notrace
Starting RTL Elaboration : Time (s): cpu = 00:00:20 ; elapsed = 00:00:39 . Memory (MB): peak = 371.945 ; gain = 161.988
INFO: [Synth 8-638] synthesizing module 'jtag_axi_axi_chip2chip_0_0' [f:/GITHUB/vivado/jtag_c2c/jtag_c2c/jtag_c2c.srcs/sources_1/bd/jtag_axi/ip/jtag_axi_axi_chip2chip_0_0/synth/jtag_axi_axi_chip2chip_0_0.v:58]
INFO: [Synth 8-256] done synthesizing module 'jtag_axi_axi_chip2chip_0_0' (47#1) [f:/GITHUB/vivado/jtag_c2c/jtag_c2c/jtag_c2c.srcs/sources_1/bd/jtag_axi/ip/jtag_axi_axi_chip2chip_0_0/synth/jtag_axi_axi_chip2chip_0_0.v:58]
Finished RTL Elaboration : Time (s): cpu = 00:03:51 ; elapsed = 00:05:11 . Memory (MB): peak = 618.320 ; gain = 408.363
Finished RTL Optimization Phase 1 : Time (s): cpu = 00:03:52 ; elapsed = 00:05:12 . Memory (MB): peak = 618.320 ; gain = 408.363
INFO: [Device 21-403] Loading part xc7z045ffv900-2
Constraint Validation Runtime : Time (s): cpu = 00:00:00 ; elapsed = 00:00:00.171 . Memory (MB): peak = 828.926 ; gain = 0.000
Finished Constraint Validation : Time (s): cpu = 00:04:21 ; elapsed = 00:05:48 . Memory (MB): peak = 828.926 ; gain = 618.969
Finished Loading Part and Timing Information : Time (s): cpu = 00:04:21 ; elapsed = 00:05:48 . Memory (MB): peak = 828.926 ; gain = 618.969
Finished applying 'set_property' XDC Constraints : Time (s): cpu = 00:04:21 ; elapsed = 00:05:48 . Memory (MB): peak = 828.926 ; gain = 618.969
Finished RTL Optimization Phase 2 : Time (s): cpu = 00:04:27 ; elapsed = 00:05:56 . Memory (MB): peak = 828.926 ; gain = 618.969
Finished Cross Boundary and Area Optimization : Time (s): cpu = 00:04:52 ; elapsed = 00:06:36 . Memory (MB): peak = 828.926 ; gain = 618.969
---------------------------------------------------------------------------------
Start ROM, RAM, DSP and Shift Register Reporting
---------------------------------------------------------------------------------

Distributed RAM: Preliminary Mapping  Report (see note below)
+----------------------+------------------------------------------------------------------------------------------------------------------------------------------------------------------------------------+----------------+----------------------+--------------+
|Module Name           | RTL Object                                                                                                                                                                         | Inference      | Size (Depth x Width) | Primitives   | 
+----------------------+------------------------------------------------------------------------------------------------------------------------------------------------------------------------------------+----------------+----------------------+--------------+
|axi_chip2chip_v4_2_11 | master_fpga_gen.axi_chip2chip_master_inst/axi_chip2chip_b_fifo_inst/axi_chip2chip_async_fifo_inst/U0/inst_fifo_gen/gconvfifo.rf/grf.rf/gntv_or_sync_fifo.mem/gdm.dm_gen.dm/RAM_reg | User Attribute | 256 x 3              | RAM64M x 4   | 
+----------------------+------------------------------------------------------------------------------------------------------------------------------------------------------------------------------------+----------------+----------------------+--------------+

Note: The table above is a preliminary report that shows the Distributed RAMs at the current stage of the synthesis flow. Some Distributed RAMs may be reimplemented as non Distributed RAM primitives later in the synthesis flow. Multiple instantiated RAMs are reported only once.
---------------------------------------------------------------------------------
Finished ROM, RAM, DSP and Shift Register Reporting
---------------------------------------------------------------------------------
Finished Applying XDC Timing Constraints : Time (s): cpu = 00:05:10 ; elapsed = 00:06:57 . Memory (MB): peak = 884.211 ; gain = 674.254
Finished Timing Optimization : Time (s): cpu = 00:05:11 ; elapsed = 00:06:58 . Memory (MB): peak = 888.074 ; gain = 678.117
Finished Technology Mapping : Time (s): cpu = 00:05:13 ; elapsed = 00:07:01 . Memory (MB): peak = 917.723 ; gain = 707.766
Finished IO Insertion : Time (s): cpu = 00:05:15 ; elapsed = 00:07:03 . Memory (MB): peak = 917.723 ; gain = 707.766
Finished Renaming Generated Instances : Time (s): cpu = 00:05:15 ; elapsed = 00:07:03 . Memory (MB): peak = 917.723 ; gain = 707.766
Finished Rebuilding User Hierarchy : Time (s): cpu = 00:05:16 ; elapsed = 00:07:04 . Memory (MB): peak = 917.723 ; gain = 707.766
Finished Renaming Generated Ports : Time (s): cpu = 00:05:16 ; elapsed = 00:07:04 . Memory (MB): peak = 917.723 ; gain = 707.766
Finished Handling Custom Attributes : Time (s): cpu = 00:05:16 ; elapsed = 00:07:05 . Memory (MB): peak = 917.723 ; gain = 707.766
Finished Renaming Generated Nets : Time (s): cpu = 00:05:16 ; elapsed = 00:07:05 . Memory (MB): peak = 917.723 ; gain = 707.766

Report Cell Usage: 
+------+---------+------+
|      |Cell     |Count |
+------+---------+------+
|1     |CARRY4   |    27|
|2     |LUT1     |    56|
|3     |LUT2     |   189|
|4     |LUT3     |   227|
|5     |LUT4     |   172|
|6     |LUT5     |   163|
|7     |LUT6     |   255|
|8     |MUXCY    |    40|
|9     |RAM64M   |     4|
|10    |RAMB18E1 |     1|
|11    |RAMB36E1 |     3|
|12    |SRLC32E  |     4|
|13    |FDCE     |   495|
|14    |FDPE     |   127|
|15    |FDRE     |  1197|
|16    |FDSE     |    29|
+------+---------+------+
Finished Writing Synthesis Report : Time (s): cpu = 00:05:16 ; elapsed = 00:07:05 . Memory (MB): peak = 917.723 ; gain = 707.766
get_clocks: Time (s): cpu = 00:00:07 ; elapsed = 00:00:08 . Memory (MB): peak = 1381.672 ; gain = 457.434
synth_design: Time (s): cpu = 00:05:20 ; elapsed = 00:07:00 . Memory (MB): peak = 1386.926 ; gain = 1095.582
