
*** Running vivado
    with args -log zynq_iic_axi_uartlite_0_0.vds -m64 -product Vivado -mode batch -messageDb vivado.pb -notrace -source zynq_iic_axi_uartlite_0_0.tcl


****** Vivado v2016.4 (64-bit)
  **** SW Build 1733598 on Wed Dec 14 22:35:42 MST 2016
  **** IP Build 1731160 on Wed Dec 14 23:47:21 MST 2016
    ** Copyright 1986-2016 Xilinx, Inc. All Rights Reserved.

source zynq_iic_axi_uartlite_0_0.tcl -notrace
Starting RTL Elaboration : Time (s): cpu = 00:00:09 ; elapsed = 00:00:09 . Memory (MB): peak = 1219.176 ; gain = 203.996 ; free physical = 106350 ; free virtual = 204651
INFO: [Synth 8-638] synthesizing module 'zynq_iic_axi_uartlite_0_0' [/home/wesleyguo/demo_2016.4_wesleyguo/zynq_iic/zynq_iic.srcs/sources_1/bd/zynq_iic/ip/zynq_iic_axi_uartlite_0_0/synth/zynq_iic_axi_uartlite_0_0.vhd:86]
INFO: [Synth 8-638] synthesizing module 'axi_uartlite' [/home/wesleyguo/demo_2016.4_wesleyguo/zynq_iic/zynq_iic.srcs/sources_1/bd/zynq_iic/ipshared/2479/hdl/axi_uartlite_v2_0_vh_rfs.vhd:2160]
INFO: [Synth 8-638] synthesizing module 'uartlite_core' [/home/wesleyguo/demo_2016.4_wesleyguo/zynq_iic/zynq_iic.srcs/sources_1/bd/zynq_iic/ipshared/2479/hdl/axi_uartlite_v2_0_vh_rfs.vhd:1615]
INFO: [Synth 8-638] synthesizing module 'baudrate' [/home/wesleyguo/demo_2016.4_wesleyguo/zynq_iic/zynq_iic.srcs/sources_1/bd/zynq_iic/ipshared/2479/hdl/axi_uartlite_v2_0_vh_rfs.vhd:1418]
INFO: [Synth 8-256] done synthesizing module 'baudrate' (1#1) [/home/wesleyguo/demo_2016.4_wesleyguo/zynq_iic/zynq_iic.srcs/sources_1/bd/zynq_iic/ipshared/2479/hdl/axi_uartlite_v2_0_vh_rfs.vhd:1418]
INFO: [Synth 8-638] synthesizing module 'uartlite_rx' [/home/wesleyguo/demo_2016.4_wesleyguo/zynq_iic/zynq_iic.srcs/sources_1/bd/zynq_iic/ipshared/2479/hdl/axi_uartlite_v2_0_vh_rfs.vhd:909]
INFO: [Synth 8-638] synthesizing module 'cdc_sync' [/home/wesleyguo/demo_2016.4_wesleyguo/zynq_iic/zynq_iic.srcs/sources_1/bd/zynq_iic/ipshared/52cb/hdl/lib_cdc_v1_0_rfs.vhd:106]
INFO: [Synth 8-256] done synthesizing module 'cdc_sync' (2#1) [/home/wesleyguo/demo_2016.4_wesleyguo/zynq_iic/zynq_iic.srcs/sources_1/bd/zynq_iic/ipshared/52cb/hdl/lib_cdc_v1_0_rfs.vhd:106]
INFO: [Synth 8-638] synthesizing module 'dynshreg_i_f' [/home/wesleyguo/demo_2016.4_wesleyguo/zynq_iic/zynq_iic.srcs/sources_1/bd/zynq_iic/ipshared/2479/hdl/axi_uartlite_v2_0_vh_rfs.vhd:168]
INFO: [Synth 8-256] done synthesizing module 'dynshreg_i_f' (3#1) [/home/wesleyguo/demo_2016.4_wesleyguo/zynq_iic/zynq_iic.srcs/sources_1/bd/zynq_iic/ipshared/2479/hdl/axi_uartlite_v2_0_vh_rfs.vhd:168]
INFO: [Synth 8-638] synthesizing module 'srl_fifo_f' [/home/wesleyguo/demo_2016.4_wesleyguo/zynq_iic/zynq_iic.srcs/sources_1/bd/zynq_iic/ipshared/6039/hdl/lib_srl_fifo_v1_0_rfs.vhd:1000]
INFO: [Synth 8-638] synthesizing module 'srl_fifo_rbu_f' [/home/wesleyguo/demo_2016.4_wesleyguo/zynq_iic/zynq_iic.srcs/sources_1/bd/zynq_iic/ipshared/6039/hdl/lib_srl_fifo_v1_0_rfs.vhd:697]
INFO: [Synth 8-638] synthesizing module 'cntr_incr_decr_addn_f' [/home/wesleyguo/demo_2016.4_wesleyguo/zynq_iic/zynq_iic.srcs/sources_1/bd/zynq_iic/ipshared/6039/hdl/lib_srl_fifo_v1_0_rfs.vhd:143]
INFO: [Synth 8-256] done synthesizing module 'cntr_incr_decr_addn_f' (4#1) [/home/wesleyguo/demo_2016.4_wesleyguo/zynq_iic/zynq_iic.srcs/sources_1/bd/zynq_iic/ipshared/6039/hdl/lib_srl_fifo_v1_0_rfs.vhd:143]
INFO: [Synth 8-638] synthesizing module 'dynshreg_f' [/home/wesleyguo/demo_2016.4_wesleyguo/zynq_iic/zynq_iic.srcs/sources_1/bd/zynq_iic/ipshared/6039/hdl/lib_srl_fifo_v1_0_rfs.vhd:397]
INFO: [Synth 8-256] done synthesizing module 'dynshreg_f' (5#1) [/home/wesleyguo/demo_2016.4_wesleyguo/zynq_iic/zynq_iic.srcs/sources_1/bd/zynq_iic/ipshared/6039/hdl/lib_srl_fifo_v1_0_rfs.vhd:397]
INFO: [Synth 8-256] done synthesizing module 'srl_fifo_rbu_f' (6#1) [/home/wesleyguo/demo_2016.4_wesleyguo/zynq_iic/zynq_iic.srcs/sources_1/bd/zynq_iic/ipshared/6039/hdl/lib_srl_fifo_v1_0_rfs.vhd:697]
INFO: [Synth 8-256] done synthesizing module 'srl_fifo_f' (7#1) [/home/wesleyguo/demo_2016.4_wesleyguo/zynq_iic/zynq_iic.srcs/sources_1/bd/zynq_iic/ipshared/6039/hdl/lib_srl_fifo_v1_0_rfs.vhd:1000]
INFO: [Synth 8-256] done synthesizing module 'uartlite_rx' (8#1) [/home/wesleyguo/demo_2016.4_wesleyguo/zynq_iic/zynq_iic.srcs/sources_1/bd/zynq_iic/ipshared/2479/hdl/axi_uartlite_v2_0_vh_rfs.vhd:909]
INFO: [Synth 8-638] synthesizing module 'uartlite_tx' [/home/wesleyguo/demo_2016.4_wesleyguo/zynq_iic/zynq_iic.srcs/sources_1/bd/zynq_iic/ipshared/2479/hdl/axi_uartlite_v2_0_vh_rfs.vhd:408]
INFO: [Synth 8-638] synthesizing module 'dynshreg_i_f__parameterized0' [/home/wesleyguo/demo_2016.4_wesleyguo/zynq_iic/zynq_iic.srcs/sources_1/bd/zynq_iic/ipshared/2479/hdl/axi_uartlite_v2_0_vh_rfs.vhd:168]
INFO: [Synth 8-256] done synthesizing module 'dynshreg_i_f__parameterized0' (8#1) [/home/wesleyguo/demo_2016.4_wesleyguo/zynq_iic/zynq_iic.srcs/sources_1/bd/zynq_iic/ipshared/2479/hdl/axi_uartlite_v2_0_vh_rfs.vhd:168]
INFO: [Synth 8-256] done synthesizing module 'uartlite_tx' (9#1) [/home/wesleyguo/demo_2016.4_wesleyguo/zynq_iic/zynq_iic.srcs/sources_1/bd/zynq_iic/ipshared/2479/hdl/axi_uartlite_v2_0_vh_rfs.vhd:408]
INFO: [Synth 8-256] done synthesizing module 'uartlite_core' (10#1) [/home/wesleyguo/demo_2016.4_wesleyguo/zynq_iic/zynq_iic.srcs/sources_1/bd/zynq_iic/ipshared/2479/hdl/axi_uartlite_v2_0_vh_rfs.vhd:1615]
INFO: [Synth 8-638] synthesizing module 'axi_lite_ipif' [/home/wesleyguo/demo_2016.4_wesleyguo/zynq_iic/zynq_iic.srcs/sources_1/bd/zynq_iic/ipshared/0ba0/hdl/axi_lite_ipif_v3_0_vh_rfs.vhd:2948]
INFO: [Synth 8-638] synthesizing module 'slave_attachment' [/home/wesleyguo/demo_2016.4_wesleyguo/zynq_iic/zynq_iic.srcs/sources_1/bd/zynq_iic/ipshared/0ba0/hdl/axi_lite_ipif_v3_0_vh_rfs.vhd:2341]
INFO: [Synth 8-638] synthesizing module 'address_decoder' [/home/wesleyguo/demo_2016.4_wesleyguo/zynq_iic/zynq_iic.srcs/sources_1/bd/zynq_iic/ipshared/0ba0/hdl/axi_lite_ipif_v3_0_vh_rfs.vhd:1775]
INFO: [Synth 8-638] synthesizing module 'pselect_f' [/home/wesleyguo/demo_2016.4_wesleyguo/zynq_iic/zynq_iic.srcs/sources_1/bd/zynq_iic/ipshared/0ba0/hdl/axi_lite_ipif_v3_0_vh_rfs.vhd:1534]
INFO: [Synth 8-256] done synthesizing module 'pselect_f' (11#1) [/home/wesleyguo/demo_2016.4_wesleyguo/zynq_iic/zynq_iic.srcs/sources_1/bd/zynq_iic/ipshared/0ba0/hdl/axi_lite_ipif_v3_0_vh_rfs.vhd:1534]
INFO: [Synth 8-638] synthesizing module 'pselect_f__parameterized0' [/home/wesleyguo/demo_2016.4_wesleyguo/zynq_iic/zynq_iic.srcs/sources_1/bd/zynq_iic/ipshared/0ba0/hdl/axi_lite_ipif_v3_0_vh_rfs.vhd:1534]
INFO: [Synth 8-256] done synthesizing module 'pselect_f__parameterized0' (11#1) [/home/wesleyguo/demo_2016.4_wesleyguo/zynq_iic/zynq_iic.srcs/sources_1/bd/zynq_iic/ipshared/0ba0/hdl/axi_lite_ipif_v3_0_vh_rfs.vhd:1534]
INFO: [Synth 8-638] synthesizing module 'pselect_f__parameterized1' [/home/wesleyguo/demo_2016.4_wesleyguo/zynq_iic/zynq_iic.srcs/sources_1/bd/zynq_iic/ipshared/0ba0/hdl/axi_lite_ipif_v3_0_vh_rfs.vhd:1534]
INFO: [Synth 8-256] done synthesizing module 'pselect_f__parameterized1' (11#1) [/home/wesleyguo/demo_2016.4_wesleyguo/zynq_iic/zynq_iic.srcs/sources_1/bd/zynq_iic/ipshared/0ba0/hdl/axi_lite_ipif_v3_0_vh_rfs.vhd:1534]
INFO: [Synth 8-638] synthesizing module 'pselect_f__parameterized2' [/home/wesleyguo/demo_2016.4_wesleyguo/zynq_iic/zynq_iic.srcs/sources_1/bd/zynq_iic/ipshared/0ba0/hdl/axi_lite_ipif_v3_0_vh_rfs.vhd:1534]
INFO: [Synth 8-256] done synthesizing module 'pselect_f__parameterized2' (11#1) [/home/wesleyguo/demo_2016.4_wesleyguo/zynq_iic/zynq_iic.srcs/sources_1/bd/zynq_iic/ipshared/0ba0/hdl/axi_lite_ipif_v3_0_vh_rfs.vhd:1534]
INFO: [Synth 8-256] done synthesizing module 'address_decoder' (12#1) [/home/wesleyguo/demo_2016.4_wesleyguo/zynq_iic/zynq_iic.srcs/sources_1/bd/zynq_iic/ipshared/0ba0/hdl/axi_lite_ipif_v3_0_vh_rfs.vhd:1775]
INFO: [Synth 8-256] done synthesizing module 'slave_attachment' (13#1) [/home/wesleyguo/demo_2016.4_wesleyguo/zynq_iic/zynq_iic.srcs/sources_1/bd/zynq_iic/ipshared/0ba0/hdl/axi_lite_ipif_v3_0_vh_rfs.vhd:2341]
INFO: [Synth 8-256] done synthesizing module 'axi_lite_ipif' (14#1) [/home/wesleyguo/demo_2016.4_wesleyguo/zynq_iic/zynq_iic.srcs/sources_1/bd/zynq_iic/ipshared/0ba0/hdl/axi_lite_ipif_v3_0_vh_rfs.vhd:2948]
INFO: [Synth 8-256] done synthesizing module 'axi_uartlite' (15#1) [/home/wesleyguo/demo_2016.4_wesleyguo/zynq_iic/zynq_iic.srcs/sources_1/bd/zynq_iic/ipshared/2479/hdl/axi_uartlite_v2_0_vh_rfs.vhd:2160]
INFO: [Synth 8-256] done synthesizing module 'zynq_iic_axi_uartlite_0_0' (16#1) [/home/wesleyguo/demo_2016.4_wesleyguo/zynq_iic/zynq_iic.srcs/sources_1/bd/zynq_iic/ip/zynq_iic_axi_uartlite_0_0/synth/zynq_iic_axi_uartlite_0_0.vhd:86]
Finished RTL Elaboration : Time (s): cpu = 00:00:10 ; elapsed = 00:00:10 . Memory (MB): peak = 1261.652 ; gain = 246.473 ; free physical = 106258 ; free virtual = 204560
Finished RTL Optimization Phase 1 : Time (s): cpu = 00:00:10 ; elapsed = 00:00:10 . Memory (MB): peak = 1261.652 ; gain = 246.473 ; free physical = 106258 ; free virtual = 204560
INFO: [Device 21-403] Loading part xc7z045ffg900-1
Constraint Validation Runtime : Time (s): cpu = 00:00:00.03 ; elapsed = 00:00:00.02 . Memory (MB): peak = 1678.965 ; gain = 1.000 ; free physical = 105613 ; free virtual = 203915
Finished Constraint Validation : Time (s): cpu = 00:00:22 ; elapsed = 00:00:22 . Memory (MB): peak = 1678.965 ; gain = 663.785 ; free physical = 105436 ; free virtual = 203739
Finished Loading Part and Timing Information : Time (s): cpu = 00:00:22 ; elapsed = 00:00:22 . Memory (MB): peak = 1678.965 ; gain = 663.785 ; free physical = 105436 ; free virtual = 203739
Finished applying 'set_property' XDC Constraints : Time (s): cpu = 00:00:22 ; elapsed = 00:00:22 . Memory (MB): peak = 1678.965 ; gain = 663.785 ; free physical = 105436 ; free virtual = 203739
Finished RTL Optimization Phase 2 : Time (s): cpu = 00:00:22 ; elapsed = 00:00:23 . Memory (MB): peak = 1678.965 ; gain = 663.785 ; free physical = 105413 ; free virtual = 203716
Finished Cross Boundary and Area Optimization : Time (s): cpu = 00:00:23 ; elapsed = 00:00:24 . Memory (MB): peak = 1678.965 ; gain = 663.785 ; free physical = 105397 ; free virtual = 203699
Finished Applying XDC Timing Constraints : Time (s): cpu = 00:00:31 ; elapsed = 00:00:32 . Memory (MB): peak = 1678.965 ; gain = 663.785 ; free physical = 105328 ; free virtual = 203630
Finished Timing Optimization : Time (s): cpu = 00:00:32 ; elapsed = 00:00:32 . Memory (MB): peak = 1678.965 ; gain = 663.785 ; free physical = 105316 ; free virtual = 203619
Finished Technology Mapping : Time (s): cpu = 00:00:32 ; elapsed = 00:00:32 . Memory (MB): peak = 1678.965 ; gain = 663.785 ; free physical = 105308 ; free virtual = 203610
Finished IO Insertion : Time (s): cpu = 00:00:32 ; elapsed = 00:00:33 . Memory (MB): peak = 1678.965 ; gain = 663.785 ; free physical = 105307 ; free virtual = 203609
Finished Renaming Generated Instances : Time (s): cpu = 00:00:32 ; elapsed = 00:00:33 . Memory (MB): peak = 1678.965 ; gain = 663.785 ; free physical = 105307 ; free virtual = 203609
Finished Rebuilding User Hierarchy : Time (s): cpu = 00:00:32 ; elapsed = 00:00:33 . Memory (MB): peak = 1678.965 ; gain = 663.785 ; free physical = 105307 ; free virtual = 203609
Finished Renaming Generated Ports : Time (s): cpu = 00:00:32 ; elapsed = 00:00:33 . Memory (MB): peak = 1678.965 ; gain = 663.785 ; free physical = 105307 ; free virtual = 203609
Finished Handling Custom Attributes : Time (s): cpu = 00:00:32 ; elapsed = 00:00:33 . Memory (MB): peak = 1678.965 ; gain = 663.785 ; free physical = 105307 ; free virtual = 203609
Finished Renaming Generated Nets : Time (s): cpu = 00:00:32 ; elapsed = 00:00:33 . Memory (MB): peak = 1678.965 ; gain = 663.785 ; free physical = 105307 ; free virtual = 203609

Report Cell Usage: 
+------+-------+------+
|      |Cell   |Count |
+------+-------+------+
|1     |LUT1   |     2|
|2     |LUT2   |     9|
|3     |LUT3   |    22|
|4     |LUT4   |    16|
|5     |LUT5   |    42|
|6     |LUT6   |    20|
|7     |SRL16E |    18|
|8     |FDR    |     4|
|9     |FDRE   |    73|
|10    |FDSE   |    16|
+------+-------+------+
Finished Writing Synthesis Report : Time (s): cpu = 00:00:32 ; elapsed = 00:00:33 . Memory (MB): peak = 1678.965 ; gain = 663.785 ; free physical = 105307 ; free virtual = 203609
synth_design: Time (s): cpu = 00:00:30 ; elapsed = 00:00:30 . Memory (MB): peak = 1678.969 ; gain = 573.285 ; free physical = 105920 ; free virtual = 204222
