
*** Running vivado
    with args -log b2000t_c2c_bram_axi_bram_ctrl_0_1.vds -m64 -product Vivado -mode batch -messageDb vivado.pb -notrace -source b2000t_c2c_bram_axi_bram_ctrl_0_1.tcl


****** Vivado v2016.4 (64-bit)
  **** SW Build 1733598 on Wed Dec 14 22:35:42 MST 2016
  **** IP Build 1731160 on Wed Dec 14 23:47:21 MST 2016
    ** Copyright 1986-2016 Xilinx, Inc. All Rights Reserved.

source b2000t_c2c_bram_axi_bram_ctrl_0_1.tcl -notrace
Starting RTL Elaboration : Time (s): cpu = 00:00:10 ; elapsed = 00:00:10 . Memory (MB): peak = 1226.188 ; gain = 211.000 ; free physical = 88167 ; free virtual = 193366
INFO: [Synth 8-638] synthesizing module 'b2000t_c2c_bram_axi_bram_ctrl_0_1' [/home/wesleyguo/github/vivado/vivado/2000t_c2c_bram/b2000t_c2c_bram/b2000t_c2c_bram.srcs/sources_1/bd/b2000t_c2c_bram/ip/b2000t_c2c_bram_axi_bram_ctrl_0_1/synth/b2000t_c2c_bram_axi_bram_ctrl_0_1.vhd:108]
INFO: [Synth 8-638] synthesizing module 'axi_bram_ctrl' [/home/wesleyguo/github/vivado/vivado/2000t_c2c_bram/b2000t_c2c_bram/b2000t_c2c_bram.srcs/sources_1/bd/b2000t_c2c_bram/ipshared/91f5/hdl/axi_bram_ctrl_v4_0_rfs.vhd:23897]
INFO: [Synth 8-638] synthesizing module 'axi_bram_ctrl_top' [/home/wesleyguo/github/vivado/vivado/2000t_c2c_bram/b2000t_c2c_bram/b2000t_c2c_bram.srcs/sources_1/bd/b2000t_c2c_bram/ipshared/91f5/hdl/axi_bram_ctrl_v4_0_rfs.vhd:22901]
INFO: [Synth 8-638] synthesizing module 'full_axi' [/home/wesleyguo/github/vivado/vivado/2000t_c2c_bram/b2000t_c2c_bram/b2000t_c2c_bram.srcs/sources_1/bd/b2000t_c2c_bram/ipshared/91f5/hdl/axi_bram_ctrl_v4_0_rfs.vhd:21844]
INFO: [Synth 8-638] synthesizing module 'sng_port_arb' [/home/wesleyguo/github/vivado/vivado/2000t_c2c_bram/b2000t_c2c_bram/b2000t_c2c_bram.srcs/sources_1/bd/b2000t_c2c_bram/ipshared/91f5/hdl/axi_bram_ctrl_v4_0_rfs.vhd:9216]
INFO: [Synth 8-256] done synthesizing module 'sng_port_arb' (1#1) [/home/wesleyguo/github/vivado/vivado/2000t_c2c_bram/b2000t_c2c_bram/b2000t_c2c_bram.srcs/sources_1/bd/b2000t_c2c_bram/ipshared/91f5/hdl/axi_bram_ctrl_v4_0_rfs.vhd:9216]
INFO: [Synth 8-638] synthesizing module 'wr_chnl' [/home/wesleyguo/github/vivado/vivado/2000t_c2c_bram/b2000t_c2c_bram/b2000t_c2c_bram.srcs/sources_1/bd/b2000t_c2c_bram/ipshared/91f5/hdl/axi_bram_ctrl_v4_0_rfs.vhd:17009]
INFO: [Synth 8-638] synthesizing module 'wrap_brst' [/home/wesleyguo/github/vivado/vivado/2000t_c2c_bram/b2000t_c2c_bram/b2000t_c2c_bram.srcs/sources_1/bd/b2000t_c2c_bram/ipshared/91f5/hdl/axi_bram_ctrl_v4_0_rfs.vhd:10215]
INFO: [Synth 8-256] done synthesizing module 'wrap_brst' (2#1) [/home/wesleyguo/github/vivado/vivado/2000t_c2c_bram/b2000t_c2c_bram/b2000t_c2c_bram.srcs/sources_1/bd/b2000t_c2c_bram/ipshared/91f5/hdl/axi_bram_ctrl_v4_0_rfs.vhd:10215]
INFO: [Synth 8-638] synthesizing module 'ua_narrow' [/home/wesleyguo/github/vivado/vivado/2000t_c2c_bram/b2000t_c2c_bram/b2000t_c2c_bram.srcs/sources_1/bd/b2000t_c2c_bram/ipshared/91f5/hdl/axi_bram_ctrl_v4_0_rfs.vhd:9749]
INFO: [Synth 8-256] done synthesizing module 'ua_narrow' (3#1) [/home/wesleyguo/github/vivado/vivado/2000t_c2c_bram/b2000t_c2c_bram/b2000t_c2c_bram.srcs/sources_1/bd/b2000t_c2c_bram/ipshared/91f5/hdl/axi_bram_ctrl_v4_0_rfs.vhd:9749]
INFO: [Synth 8-638] synthesizing module 'SRL_FIFO' [/home/wesleyguo/github/vivado/vivado/2000t_c2c_bram/b2000t_c2c_bram/b2000t_c2c_bram.srcs/sources_1/bd/b2000t_c2c_bram/ipshared/91f5/hdl/axi_bram_ctrl_v4_0_rfs.vhd:133]
INFO: [Synth 8-638] synthesizing module 'FDR' [/home/vivado/vivado201604/Vivado/2016.4/scripts/rt/data/unisim_comp.v:3951]
INFO: [Synth 8-256] done synthesizing module 'FDR' (4#1) [/home/vivado/vivado201604/Vivado/2016.4/scripts/rt/data/unisim_comp.v:3951]
INFO: [Synth 8-638] synthesizing module 'MUXCY_L' [/home/vivado/vivado201604/Vivado/2016.4/scripts/rt/data/unisim_comp.v:21293]
INFO: [Synth 8-256] done synthesizing module 'MUXCY_L' (5#1) [/home/vivado/vivado201604/Vivado/2016.4/scripts/rt/data/unisim_comp.v:21293]
INFO: [Synth 8-638] synthesizing module 'XORCY' [/home/vivado/vivado201604/Vivado/2016.4/scripts/rt/data/unisim_comp.v:45340]
INFO: [Synth 8-256] done synthesizing module 'XORCY' (6#1) [/home/vivado/vivado201604/Vivado/2016.4/scripts/rt/data/unisim_comp.v:45340]
INFO: [Synth 8-638] synthesizing module 'FDRE' [/home/vivado/vivado201604/Vivado/2016.4/scripts/rt/data/unisim_comp.v:3964]
INFO: [Synth 8-256] done synthesizing module 'FDRE' (7#1) [/home/vivado/vivado201604/Vivado/2016.4/scripts/rt/data/unisim_comp.v:3964]
INFO: [Synth 8-638] synthesizing module 'SRL16E' [/home/vivado/vivado201604/Vivado/2016.4/scripts/rt/data/unisim_comp.v:43328]
INFO: [Synth 8-256] done synthesizing module 'SRL16E' (8#1) [/home/vivado/vivado201604/Vivado/2016.4/scripts/rt/data/unisim_comp.v:43328]
INFO: [Synth 8-256] done synthesizing module 'SRL_FIFO' (9#1) [/home/wesleyguo/github/vivado/vivado/2000t_c2c_bram/b2000t_c2c_bram/b2000t_c2c_bram.srcs/sources_1/bd/b2000t_c2c_bram/ipshared/91f5/hdl/axi_bram_ctrl_v4_0_rfs.vhd:133]
INFO: [Synth 8-256] done synthesizing module 'wr_chnl' (10#1) [/home/wesleyguo/github/vivado/vivado/2000t_c2c_bram/b2000t_c2c_bram/b2000t_c2c_bram.srcs/sources_1/bd/b2000t_c2c_bram/ipshared/91f5/hdl/axi_bram_ctrl_v4_0_rfs.vhd:17009]
INFO: [Synth 8-638] synthesizing module 'rd_chnl' [/home/wesleyguo/github/vivado/vivado/2000t_c2c_bram/b2000t_c2c_bram/b2000t_c2c_bram.srcs/sources_1/bd/b2000t_c2c_bram/ipshared/91f5/hdl/axi_bram_ctrl_v4_0_rfs.vhd:11495]
INFO: [Synth 8-256] done synthesizing module 'rd_chnl' (11#1) [/home/wesleyguo/github/vivado/vivado/2000t_c2c_bram/b2000t_c2c_bram/b2000t_c2c_bram.srcs/sources_1/bd/b2000t_c2c_bram/ipshared/91f5/hdl/axi_bram_ctrl_v4_0_rfs.vhd:11495]
INFO: [Synth 8-256] done synthesizing module 'full_axi' (12#1) [/home/wesleyguo/github/vivado/vivado/2000t_c2c_bram/b2000t_c2c_bram/b2000t_c2c_bram.srcs/sources_1/bd/b2000t_c2c_bram/ipshared/91f5/hdl/axi_bram_ctrl_v4_0_rfs.vhd:21844]
INFO: [Synth 8-256] done synthesizing module 'axi_bram_ctrl_top' (13#1) [/home/wesleyguo/github/vivado/vivado/2000t_c2c_bram/b2000t_c2c_bram/b2000t_c2c_bram.srcs/sources_1/bd/b2000t_c2c_bram/ipshared/91f5/hdl/axi_bram_ctrl_v4_0_rfs.vhd:22901]
INFO: [Synth 8-256] done synthesizing module 'axi_bram_ctrl' (14#1) [/home/wesleyguo/github/vivado/vivado/2000t_c2c_bram/b2000t_c2c_bram/b2000t_c2c_bram.srcs/sources_1/bd/b2000t_c2c_bram/ipshared/91f5/hdl/axi_bram_ctrl_v4_0_rfs.vhd:23897]
INFO: [Synth 8-256] done synthesizing module 'b2000t_c2c_bram_axi_bram_ctrl_0_1' (15#1) [/home/wesleyguo/github/vivado/vivado/2000t_c2c_bram/b2000t_c2c_bram/b2000t_c2c_bram.srcs/sources_1/bd/b2000t_c2c_bram/ip/b2000t_c2c_bram_axi_bram_ctrl_0_1/synth/b2000t_c2c_bram_axi_bram_ctrl_0_1.vhd:108]
Finished RTL Elaboration : Time (s): cpu = 00:00:14 ; elapsed = 00:00:14 . Memory (MB): peak = 1342.660 ; gain = 327.473 ; free physical = 87421 ; free virtual = 192621
Finished RTL Optimization Phase 1 : Time (s): cpu = 00:00:14 ; elapsed = 00:00:15 . Memory (MB): peak = 1342.660 ; gain = 327.473 ; free physical = 87413 ; free virtual = 192613
INFO: [Device 21-403] Loading part xc7v2000tflg1925-1
Constraint Validation Runtime : Time (s): cpu = 00:00:00.04 ; elapsed = 00:00:00.03 . Memory (MB): peak = 2069.023 ; gain = 0.004 ; free physical = 85487 ; free virtual = 190688
Finished Constraint Validation : Time (s): cpu = 00:00:51 ; elapsed = 00:00:52 . Memory (MB): peak = 2069.023 ; gain = 1053.836 ; free physical = 85329 ; free virtual = 190529
Finished Loading Part and Timing Information : Time (s): cpu = 00:00:51 ; elapsed = 00:00:52 . Memory (MB): peak = 2069.023 ; gain = 1053.836 ; free physical = 85329 ; free virtual = 190529
Finished applying 'set_property' XDC Constraints : Time (s): cpu = 00:00:51 ; elapsed = 00:00:52 . Memory (MB): peak = 2069.023 ; gain = 1053.836 ; free physical = 85329 ; free virtual = 190529
Finished RTL Optimization Phase 2 : Time (s): cpu = 00:00:51 ; elapsed = 00:00:53 . Memory (MB): peak = 2069.023 ; gain = 1053.836 ; free physical = 85329 ; free virtual = 190530
Finished Cross Boundary and Area Optimization : Time (s): cpu = 00:00:54 ; elapsed = 00:00:55 . Memory (MB): peak = 2069.023 ; gain = 1053.836 ; free physical = 85304 ; free virtual = 190505
Finished Applying XDC Timing Constraints : Time (s): cpu = 00:01:01 ; elapsed = 00:01:03 . Memory (MB): peak = 2069.023 ; gain = 1053.836 ; free physical = 87268 ; free virtual = 192468
Finished Timing Optimization : Time (s): cpu = 00:01:03 ; elapsed = 00:01:04 . Memory (MB): peak = 2069.023 ; gain = 1053.836 ; free physical = 87268 ; free virtual = 192468
Finished Technology Mapping : Time (s): cpu = 00:01:03 ; elapsed = 00:01:04 . Memory (MB): peak = 2069.023 ; gain = 1053.836 ; free physical = 87268 ; free virtual = 192468
Finished IO Insertion : Time (s): cpu = 00:01:04 ; elapsed = 00:01:05 . Memory (MB): peak = 2069.023 ; gain = 1053.836 ; free physical = 87269 ; free virtual = 192469
Finished Renaming Generated Instances : Time (s): cpu = 00:01:04 ; elapsed = 00:01:05 . Memory (MB): peak = 2069.023 ; gain = 1053.836 ; free physical = 87269 ; free virtual = 192469
Finished Rebuilding User Hierarchy : Time (s): cpu = 00:01:04 ; elapsed = 00:01:05 . Memory (MB): peak = 2069.023 ; gain = 1053.836 ; free physical = 87269 ; free virtual = 192469
Finished Renaming Generated Ports : Time (s): cpu = 00:01:04 ; elapsed = 00:01:05 . Memory (MB): peak = 2069.023 ; gain = 1053.836 ; free physical = 87269 ; free virtual = 192469
Finished Handling Custom Attributes : Time (s): cpu = 00:01:04 ; elapsed = 00:01:05 . Memory (MB): peak = 2069.023 ; gain = 1053.836 ; free physical = 87269 ; free virtual = 192469
Finished Renaming Generated Nets : Time (s): cpu = 00:01:04 ; elapsed = 00:01:05 . Memory (MB): peak = 2069.023 ; gain = 1053.836 ; free physical = 87269 ; free virtual = 192469

Report Cell Usage: 
+------+--------+------+
|      |Cell    |Count |
+------+--------+------+
|1     |CARRY4  |     2|
|2     |LUT1    |     1|
|3     |LUT2    |    25|
|4     |LUT3    |    71|
|5     |LUT4    |    27|
|6     |LUT5    |    57|
|7     |LUT6    |   153|
|8     |MUXCY_L |     3|
|9     |SRL16E  |     3|
|10    |XORCY   |     4|
|11    |FDR     |     1|
|12    |FDRE    |   223|
+------+--------+------+
Finished Writing Synthesis Report : Time (s): cpu = 00:01:04 ; elapsed = 00:01:05 . Memory (MB): peak = 2069.023 ; gain = 1053.836 ; free physical = 87269 ; free virtual = 192469
synth_design: Time (s): cpu = 00:01:03 ; elapsed = 00:01:04 . Memory (MB): peak = 2102.023 ; gain = 991.332 ; free physical = 87214 ; free virtual = 192415
