
*** Running vivado
    with args -log b2000t_c2c_bram_jtag_axi_0_0.vds -m64 -product Vivado -mode batch -messageDb vivado.pb -notrace -source b2000t_c2c_bram_jtag_axi_0_0.tcl


****** Vivado v2016.4 (64-bit)
  **** SW Build 1733598 on Wed Dec 14 22:35:42 MST 2016
  **** IP Build 1731160 on Wed Dec 14 23:47:21 MST 2016
    ** Copyright 1986-2016 Xilinx, Inc. All Rights Reserved.

source b2000t_c2c_bram_jtag_axi_0_0.tcl -notrace
Starting RTL Elaboration : Time (s): cpu = 00:00:09 ; elapsed = 00:00:10 . Memory (MB): peak = 1220.184 ; gain = 205.000 ; free physical = 95664 ; free virtual = 198147
INFO: [Synth 8-638] synthesizing module 'b2000t_c2c_bram_jtag_axi_0_0' [/home/wesleyguo/github/vivado/vivado/2000t_c2c_bram/b2000t_c2c_bram/b2000t_c2c_bram.srcs/sources_1/bd/b2000t_c2c_bram/ip/b2000t_c2c_bram_jtag_axi_0_0/synth/b2000t_c2c_bram_jtag_axi_0_0.v:57]
INFO: [Synth 8-256] done synthesizing module 'b2000t_c2c_bram_jtag_axi_0_0' (39#1) [/home/wesleyguo/github/vivado/vivado/2000t_c2c_bram/b2000t_c2c_bram/b2000t_c2c_bram.srcs/sources_1/bd/b2000t_c2c_bram/ip/b2000t_c2c_bram_jtag_axi_0_0/synth/b2000t_c2c_bram_jtag_axi_0_0.v:57]
Finished RTL Elaboration : Time (s): cpu = 00:02:27 ; elapsed = 00:02:28 . Memory (MB): peak = 1458.859 ; gain = 443.676 ; free physical = 96294 ; free virtual = 198785
Finished RTL Optimization Phase 1 : Time (s): cpu = 00:02:27 ; elapsed = 00:02:28 . Memory (MB): peak = 1458.859 ; gain = 443.676 ; free physical = 96295 ; free virtual = 198786
INFO: [Device 21-403] Loading part xc7v2000tflg1925-1
Constraint Validation Runtime : Time (s): cpu = 00:00:00.06 ; elapsed = 00:00:00.03 . Memory (MB): peak = 2077.387 ; gain = 0.004 ; free physical = 95704 ; free virtual = 198140
Finished Constraint Validation : Time (s): cpu = 00:03:06 ; elapsed = 00:03:07 . Memory (MB): peak = 2077.387 ; gain = 1062.203 ; free physical = 95626 ; free virtual = 198062
Finished Loading Part and Timing Information : Time (s): cpu = 00:03:06 ; elapsed = 00:03:07 . Memory (MB): peak = 2077.387 ; gain = 1062.203 ; free physical = 95626 ; free virtual = 198062
Finished applying 'set_property' XDC Constraints : Time (s): cpu = 00:03:06 ; elapsed = 00:03:07 . Memory (MB): peak = 2077.387 ; gain = 1062.203 ; free physical = 95626 ; free virtual = 198062
Finished RTL Optimization Phase 2 : Time (s): cpu = 00:03:08 ; elapsed = 00:03:09 . Memory (MB): peak = 2077.387 ; gain = 1062.203 ; free physical = 95581 ; free virtual = 198016
Finished Cross Boundary and Area Optimization : Time (s): cpu = 00:03:11 ; elapsed = 00:03:12 . Memory (MB): peak = 2077.387 ; gain = 1062.203 ; free physical = 95511 ; free virtual = 197947
---------------------------------------------------------------------------------
Start ROM, RAM, DSP and Shift Register Reporting
---------------------------------------------------------------------------------

Distributed RAM: Preliminary Mapping  Report (see note below)
+-------------------------+-----------------------------------------------------------------------------------------------------------+----------------+----------------------+-----------------------------+
|Module Name              | RTL Object                                                                                                | Inference      | Size (Depth x Width) | Primitives                  | 
+-------------------------+-----------------------------------------------------------------------------------------------------------+----------------+----------------------+-----------------------------+
|jtag_axi_v1_2_1_jtag_axi | jtag_axi_engine_u/tx_fifo_i/inst_fifo_gen/gconvfifo.rf/grf.rf/gntv_or_sync_fifo.mem/gdm.dm_gen.dm/RAM_reg | User Attribute | 256 x 32             | RAM64X1D x 8  RAM64M x 40   | 
+-------------------------+-----------------------------------------------------------------------------------------------------------+----------------+----------------------+-----------------------------+

Note: The table above is a preliminary report that shows the Distributed RAMs at the current stage of the synthesis flow. Some Distributed RAMs may be reimplemented as non Distributed RAM primitives later in the synthesis flow. Multiple instantiated RAMs are reported only once.
---------------------------------------------------------------------------------
Finished ROM, RAM, DSP and Shift Register Reporting
---------------------------------------------------------------------------------
Finished Applying XDC Timing Constraints : Time (s): cpu = 00:03:19 ; elapsed = 00:03:21 . Memory (MB): peak = 2077.387 ; gain = 1062.203 ; free physical = 95348 ; free virtual = 197784
Finished Timing Optimization : Time (s): cpu = 00:03:19 ; elapsed = 00:03:21 . Memory (MB): peak = 2077.387 ; gain = 1062.203 ; free physical = 95347 ; free virtual = 197783
Finished Technology Mapping : Time (s): cpu = 00:03:20 ; elapsed = 00:03:22 . Memory (MB): peak = 2077.387 ; gain = 1062.203 ; free physical = 95288 ; free virtual = 197766
Finished IO Insertion : Time (s): cpu = 00:03:21 ; elapsed = 00:03:22 . Memory (MB): peak = 2077.387 ; gain = 1062.203 ; free physical = 95238 ; free virtual = 197717
Finished Renaming Generated Instances : Time (s): cpu = 00:03:21 ; elapsed = 00:03:22 . Memory (MB): peak = 2077.387 ; gain = 1062.203 ; free physical = 95237 ; free virtual = 197716
Finished Rebuilding User Hierarchy : Time (s): cpu = 00:03:21 ; elapsed = 00:03:22 . Memory (MB): peak = 2077.387 ; gain = 1062.203 ; free physical = 95236 ; free virtual = 197714
Finished Renaming Generated Ports : Time (s): cpu = 00:03:21 ; elapsed = 00:03:22 . Memory (MB): peak = 2077.387 ; gain = 1062.203 ; free physical = 95236 ; free virtual = 197714
Finished Handling Custom Attributes : Time (s): cpu = 00:03:21 ; elapsed = 00:03:23 . Memory (MB): peak = 2077.387 ; gain = 1062.203 ; free physical = 95236 ; free virtual = 197714
Finished Renaming Generated Nets : Time (s): cpu = 00:03:21 ; elapsed = 00:03:23 . Memory (MB): peak = 2077.387 ; gain = 1062.203 ; free physical = 95235 ; free virtual = 197714

Report Cell Usage: 
+------+---------+------+
|      |Cell     |Count |
+------+---------+------+
|1     |LUT1     |    18|
|2     |LUT2     |   110|
|3     |LUT3     |   104|
|4     |LUT4     |   126|
|5     |LUT5     |   108|
|6     |LUT6     |   122|
|7     |RAM64M   |    40|
|8     |RAM64X1D |     8|
|9     |RAMB18E1 |     1|
|10    |RAMB36E1 |     2|
|11    |FDCE     |   320|
|12    |FDPE     |    40|
|13    |FDRE     |  1304|
|14    |FDSE     |    12|
+------+---------+------+
Finished Writing Synthesis Report : Time (s): cpu = 00:03:21 ; elapsed = 00:03:23 . Memory (MB): peak = 2077.387 ; gain = 1062.203 ; free physical = 95235 ; free virtual = 197714
synth_design: Time (s): cpu = 00:03:22 ; elapsed = 00:03:23 . Memory (MB): peak = 2077.387 ; gain = 971.699 ; free physical = 95115 ; free virtual = 197593
