Copyright 1986-2016 Xilinx, Inc. All Rights Reserved.
------------------------------------------------------------------------------------
| Tool Version : Vivado v.2016.4 (lin64) Build 1733598 Wed Dec 14 22:35:42 MST 2016
| Date         : Wed Jun 21 17:46:16 2017
| Host         : HyperSilicon running 64-bit CentOS release 6.4 (Final)
| Command      : upgrade_ip
| Device       : xc7v2000tflg1925-1
------------------------------------------------------------------------------------

Upgrade Log for IP 'b2000t_c2c_bram_dut_0_0'

1. Summary
----------

SUCCESS in the upgrade of b2000t_c2c_bram_dut_0_0 (user.org:user:dut:1.0) from (Rev. 8) to (Rev. 10)






Copyright 1986-2016 Xilinx, Inc. All Rights Reserved.
------------------------------------------------------------------------------------
| Tool Version : Vivado v.2016.4 (lin64) Build 1733598 Wed Dec 14 22:35:42 MST 2016
| Date         : Wed Jun 21 17:14:33 2017
| Host         : HyperSilicon running 64-bit CentOS release 6.4 (Final)
| Command      : upgrade_ip
| Device       : xc7v2000tflg1925-1
------------------------------------------------------------------------------------

Upgrade Log for IP 'b2000t_c2c_bram_dut_0_0'

1. Summary
----------

SUCCESS in the upgrade of b2000t_c2c_bram_dut_0_0 (user.org:user:dut:1.0) from (Rev. 7) to (Rev. 8)






Copyright 1986-2016 Xilinx, Inc. All Rights Reserved.
------------------------------------------------------------------------------------
| Tool Version : Vivado v.2016.4 (lin64) Build 1733598 Wed Dec 14 22:35:42 MST 2016
| Date         : Wed Jun 21 16:43:46 2017
| Host         : HyperSilicon running 64-bit CentOS release 6.4 (Final)
| Command      : upgrade_ip
| Device       : xc7v2000tflg1925-1
------------------------------------------------------------------------------------

Upgrade Log for IP 'b2000t_c2c_bram_dut_0_0'

1. Summary
----------

SUCCESS in the upgrade of b2000t_c2c_bram_dut_0_0 (user.org:user:dut:1.0) from (Rev. 6) to (Rev. 7)






Copyright 1986-2016 Xilinx, Inc. All Rights Reserved.
------------------------------------------------------------------------------------
| Tool Version : Vivado v.2016.4 (lin64) Build 1733598 Wed Dec 14 22:35:42 MST 2016
| Date         : Wed Jun 21 16:19:43 2017
| Host         : HyperSilicon running 64-bit CentOS release 6.4 (Final)
| Command      : upgrade_ip
| Device       : xc7v2000tflg1925-1
------------------------------------------------------------------------------------

Upgrade Log for IP 'b2000t_c2c_bram_dut_0_0'

1. Summary
----------

CAUTION (success, with warnings) in the upgrade of b2000t_c2c_bram_dut_0_0 (user.org:user:dut:1.0) from (Rev. 5) to (Rev. 6)

After upgrade, an IP may have parameter and port differences compared to the original customization. Please review the parameters within the IP customization GUI to ensure proper functionality. Also, please review the updated IP instantiation template to ensure proper connectivity, and update your design if required.

2. Interface Information
------------------------

Detected external interface differences while upgrading 'b2000t_c2c_bram_dut_0_0'.


-Upgrade has removed interface 'rstn'

-Upgrade has added interface 'rst' (xilinx.com:signal:reset:1.0)


3. Connection Warnings
----------------------

Detected external port differences while upgrading 'b2000t_c2c_bram_dut_0_0'. These changes may impact your design.


-Upgrade has removed port 'rstn'

-Upgrade has added port 'rst'







Copyright 1986-2016 Xilinx, Inc. All Rights Reserved.
------------------------------------------------------------------------------------
| Tool Version : Vivado v.2016.4 (lin64) Build 1733598 Wed Dec 14 22:35:42 MST 2016
| Date         : Wed Jun 21 16:05:56 2017
| Host         : HyperSilicon running 64-bit CentOS release 6.4 (Final)
| Command      : upgrade_ip
| Device       : xc7v2000tflg1925-1
------------------------------------------------------------------------------------

Upgrade Log for IP 'b2000t_c2c_bram_dut_0_0'

1. Summary
----------

SUCCESS in the upgrade of b2000t_c2c_bram_dut_0_0 (user.org:user:dut:1.0) from (Rev. 4) to (Rev. 5)






Copyright 1986-2016 Xilinx, Inc. All Rights Reserved.
------------------------------------------------------------------------------------
| Tool Version : Vivado v.2016.4 (lin64) Build 1733598 Wed Dec 14 22:35:42 MST 2016
| Date         : Wed Jun 21 15:27:34 2017
| Host         : HyperSilicon running 64-bit CentOS release 6.4 (Final)
| Command      : upgrade_ip
| Device       : xc7v2000tflg1925-1
------------------------------------------------------------------------------------

Upgrade Log for IP 'b2000t_c2c_bram_dut_0_0'

1. Summary
----------

SUCCESS in the upgrade of b2000t_c2c_bram_dut_0_0 (user.org:user:dut:1.0) from (Rev. 2) to (Rev. 4)






Copyright 1986-2016 Xilinx, Inc. All Rights Reserved.
------------------------------------------------------------------------------------
| Tool Version : Vivado v.2016.4 (lin64) Build 1733598 Wed Dec 14 22:35:42 MST 2016
| Date         : Tue Jun 20 18:52:52 2017
| Host         : HyperSilicon running 64-bit CentOS release 6.4 (Final)
| Command      : upgrade_ip
| Device       : xc7v2000tflg1925-1
------------------------------------------------------------------------------------

Upgrade Log for IP 'b2000t_c2c_bram_jack_0_0'

1. Summary
----------

CAUTION (success, with warnings) in the upgrade of b2000t_c2c_bram_jack_0_0 from user.org:user:jack:1.1 (Rev. 7) to user.org:user:jack:1.2 (Rev. 4)

After upgrade, an IP may have parameter and port differences compared to the original customization. Please review the parameters within the IP customization GUI to ensure proper functionality. Also, please review the updated IP instantiation template to ensure proper connectivity, and update your design if required.

2. Connection Warnings
----------------------

Detected external port differences while upgrading 'b2000t_c2c_bram_jack_0_0'. These changes may impact your design.


-Upgrade has added port 'mode'







Copyright 1986-2016 Xilinx, Inc. All Rights Reserved.
------------------------------------------------------------------------------------
| Tool Version : Vivado v.2016.4 (lin64) Build 1733598 Wed Dec 14 22:35:42 MST 2016
| Date         : Tue Jun 20 18:47:41 2017
| Host         : HyperSilicon running 64-bit CentOS release 6.4 (Final)
| Command      : upgrade_ip
| Device       : xc7v2000tflg1925-1
------------------------------------------------------------------------------------

Upgrade Log for IP 'b2000t_c2c_bram_jack_0_0'

1. Summary
----------

SUCCESS in the upgrade of b2000t_c2c_bram_jack_0_0 from user.org:user:jack:1.0 (Rev. 5) to user.org:user:jack:1.1 (Rev. 7)






Copyright 1986-2016 Xilinx, Inc. All Rights Reserved.
------------------------------------------------------------------------------------
| Tool Version : Vivado v.2016.4 (lin64) Build 1733598 Wed Dec 14 22:35:42 MST 2016
| Date         : Tue Jun 20 18:38:08 2017
| Host         : HyperSilicon running 64-bit CentOS release 6.4 (Final)
| Command      : upgrade_ip
| Device       : xc7v2000tflg1925-1
------------------------------------------------------------------------------------

Upgrade Log for IP 'b2000t_c2c_bram_jack_0_0'

1. Summary
----------

SUCCESS in the upgrade of b2000t_c2c_bram_jack_0_0 (user.org:user:jack:1.0) from (Rev. 3) to (Rev. 5)

