Copyright 1986-2016 Xilinx, Inc. All Rights Reserved.
---------------------------------------------------------------------------------------------------------------------------------------
| Tool Version : Vivado v.2016.4 (lin64) Build 1733598 Wed Dec 14 22:35:42 MST 2016
| Date         : Fri Jun 23 16:19:16 2017
| Host         : HyperSilicon running 64-bit CentOS release 6.4 (Final)
| Command      : report_utilization -file b2000t_c2c_bram_xbar_0_utilization_synth.rpt -pb b2000t_c2c_bram_xbar_0_utilization_synth.pb
| Design       : b2000t_c2c_bram_xbar_0
| Device       : 7v2000tflg1925-1
| Design State : Synthesized
---------------------------------------------------------------------------------------------------------------------------------------

Utilization Design Information

Table of Contents
-----------------
1. Slice Logic
1.1 Summary of Registers by Type
2. Memory
3. DSP
4. IO and GT Specific
5. Clocking
6. Specific Feature
7. Primitives
8. Black Boxes
9. Instantiated Netlists
10. SLR Connectivity and Clocking Utilization
11. SLR Connectivity Matrix
12. SLR Slice Logic and Dedicated Block Utilization
13. SLR IO Utilization

1. Slice Logic
--------------

+----------------------------+------+-------+-----------+-------+
|          Site Type         | Used | Fixed | Available | Util% |
+----------------------------+------+-------+-----------+-------+
| Slice LUTs*                | 1092 |     0 |   1221600 |  0.09 |
|   LUT as Logic             | 1075 |     0 |   1221600 |  0.09 |
|   LUT as Memory            |   17 |     0 |    344800 | <0.01 |
|     LUT as Distributed RAM |    0 |     0 |           |       |
|     LUT as Shift Register  |   17 |     0 |           |       |
| Slice Registers            |  789 |     0 |   2443200 |  0.03 |
|   Register as Flip Flop    |  789 |     0 |   2443200 |  0.03 |
|   Register as Latch        |    0 |     0 |   2443200 |  0.00 |
| F7 Muxes                   |    3 |     0 |    610800 | <0.01 |
| F8 Muxes                   |    0 |     0 |    305400 |  0.00 |
+----------------------------+------+-------+-----------+-------+
* Warning! The Final LUT count, after physical optimizations and full implementation, is typically lower. Run opt_design after synthesis, if not already completed, for a more realistic count.


1.1 Summary of Registers by Type
--------------------------------

+-------+--------------+-------------+--------------+
| Total | Clock Enable | Synchronous | Asynchronous |
+-------+--------------+-------------+--------------+
| 0     |            _ |           - |            - |
| 0     |            _ |           - |          Set |
| 0     |            _ |           - |        Reset |
| 0     |            _ |         Set |            - |
| 0     |            _ |       Reset |            - |
| 0     |          Yes |           - |            - |
| 0     |          Yes |           - |          Set |
| 0     |          Yes |           - |        Reset |
| 29    |          Yes |         Set |            - |
| 760   |          Yes |       Reset |            - |
+-------+--------------+-------------+--------------+


2. Memory
---------

+----------------+------+-------+-----------+-------+
|    Site Type   | Used | Fixed | Available | Util% |
+----------------+------+-------+-----------+-------+
| Block RAM Tile |    0 |     0 |      1292 |  0.00 |
|   RAMB36/FIFO* |    0 |     0 |      1292 |  0.00 |
|   RAMB18       |    0 |     0 |      2584 |  0.00 |
+----------------+------+-------+-----------+-------+
* Note: Each Block RAM Tile only has one FIFO logic available and therefore can accommodate only one FIFO36E1 or one FIFO18E1. However, if a FIFO18E1 occupies a Block RAM Tile, that tile can still accommodate a RAMB18E1


3. DSP
------

+-----------+------+-------+-----------+-------+
| Site Type | Used | Fixed | Available | Util% |
+-----------+------+-------+-----------+-------+
| DSPs      |    0 |     0 |      2160 |  0.00 |
+-----------+------+-------+-----------+-------+


4. IO and GT Specific
---------------------

+-----------------------------+------+-------+-----------+-------+
|          Site Type          | Used | Fixed | Available | Util% |
+-----------------------------+------+-------+-----------+-------+
| Bonded IOB                  |    0 |     0 |      1200 |  0.00 |
| Bonded IPADs                |    0 |     0 |        50 |  0.00 |
| Bonded OPADs                |    0 |     0 |        32 |  0.00 |
| PHY_CONTROL                 |    0 |     0 |        24 |  0.00 |
| PHASER_REF                  |    0 |     0 |        24 |  0.00 |
| OUT_FIFO                    |    0 |     0 |        96 |  0.00 |
| IN_FIFO                     |    0 |     0 |        96 |  0.00 |
| IDELAYCTRL                  |    0 |     0 |        24 |  0.00 |
| IBUFDS                      |    0 |     0 |      1152 |  0.00 |
| GTXE2_COMMON                |    0 |     0 |         4 |  0.00 |
| GTXE2_CHANNEL               |    0 |     0 |        16 |  0.00 |
| PHASER_OUT/PHASER_OUT_PHY   |    0 |     0 |        96 |  0.00 |
| PHASER_IN/PHASER_IN_PHY     |    0 |     0 |        96 |  0.00 |
| IDELAYE2/IDELAYE2_FINEDELAY |    0 |     0 |      1200 |  0.00 |
| ODELAYE2/ODELAYE2_FINEDELAY |    0 |     0 |      1200 |  0.00 |
| IBUFDS_GTE2                 |    0 |     0 |         8 |  0.00 |
| ILOGIC                      |    0 |     0 |      1200 |  0.00 |
| OLOGIC                      |    0 |     0 |      1200 |  0.00 |
+-----------------------------+------+-------+-----------+-------+


5. Clocking
-----------

+------------+------+-------+-----------+-------+
|  Site Type | Used | Fixed | Available | Util% |
+------------+------+-------+-----------+-------+
| BUFGCTRL   |    0 |     0 |       128 |  0.00 |
| BUFIO      |    0 |     0 |        96 |  0.00 |
| MMCME2_ADV |    0 |     0 |        24 |  0.00 |
| PLLE2_ADV  |    0 |     0 |        24 |  0.00 |
| BUFMRCE    |    0 |     0 |        48 |  0.00 |
| BUFHCE     |    0 |     0 |       288 |  0.00 |
| BUFR       |    0 |     0 |        96 |  0.00 |
+------------+------+-------+-----------+-------+


6. Specific Feature
-------------------

+-------------+------+-------+-----------+-------+
|  Site Type  | Used | Fixed | Available | Util% |
+-------------+------+-------+-----------+-------+
| BSCANE2     |    0 |     0 |        16 |  0.00 |
| CAPTUREE2   |    0 |     0 |         4 |  0.00 |
| DNA_PORT    |    0 |     0 |         1 |  0.00 |
| EFUSE_USR   |    0 |     0 |         1 |  0.00 |
| FRAME_ECCE2 |    0 |     0 |         4 |  0.00 |
| ICAPE2      |    0 |     0 |         8 |  0.00 |
| PCIE_2_1    |    0 |     0 |         4 |  0.00 |
| STARTUPE2   |    0 |     0 |         4 |  0.00 |
| XADC        |    0 |     0 |         1 |  0.00 |
+-------------+------+-------+-----------+-------+


7. Primitives
-------------

+----------+------+---------------------+
| Ref Name | Used | Functional Category |
+----------+------+---------------------+
| FDRE     |  760 |        Flop & Latch |
| LUT6     |  470 |                 LUT |
| LUT5     |  357 |                 LUT |
| LUT3     |  243 |                 LUT |
| LUT4     |  126 |                 LUT |
| LUT2     |   61 |                 LUT |
| FDSE     |   29 |        Flop & Latch |
| SRL16E   |   17 |  Distributed Memory |
| LUT1     |    8 |                 LUT |
| MUXF7    |    3 |               MuxFx |
+----------+------+---------------------+


8. Black Boxes
--------------

+----------+------+
| Ref Name | Used |
+----------+------+


9. Instantiated Netlists
------------------------

+----------+------+
| Ref Name | Used |
+----------+------+


10. SLR Connectivity and Clocking Utilization
---------------------------------------------

+----------+-----------------+---------+-----------------+--------------+-------+-------+
|          | Total SLLs Used | (%)SLLs | BUFGs/BUFGCTRLs | BUFH/BUFHCEs | BUFRs | MMCMs |
+----------+-----------------+---------+-----------------+--------------+-------+-------+
| SLR3     |                 |         |               0 |            0 |     0 |     0 |
| ||||||-> |               0 |    0.00 |                 |              |       |       |
| SLR2     |                 |         |               0 |            0 |     0 |     0 |
| ||||||-> |               0 |    0.00 |                 |              |       |       |
| SLR1     |                 |         |               0 |            0 |     0 |     0 |
| ||||||-> |               0 |    0.00 |                 |              |       |       |
| SLR0     |                 |         |               0 |            0 |     0 |     0 |
+----------+-----------------+---------+-----------------+--------------+-------+-------+
| Total    |               0 |         |               0 |            0 |     0 |     0 |
+----------+-----------------+---------+-----------------+--------------+-------+-------+


11. SLR Connectivity Matrix
---------------------------

+------+------+------+------+------+
|      | SLR3 | SLR2 | SLR1 | SLR0 |
+------+------+------+------+------+
| SLR3 |    0 |    0 |    0 |    0 |
| SLR2 |    0 |    0 |    0 |    0 |
| SLR1 |    0 |    0 |    0 |    0 |
| SLR0 |    0 |    0 |    0 |    0 |
+------+------+------+------+------+


12. SLR Slice Logic and Dedicated Block Utilization
---------------------------------------------------

+-----------+--------+-----------+------------+-------------+---------------+-----------+-------+------+
| SLR Index | Slices | (%)Slices | Total LUTs | Memory LUTs | (%)Total LUTs | Registers | BRAMs | DSPs |
+-----------+--------+-----------+------------+-------------+---------------+-----------+-------+------+
| SLR3      |      0 |      0.00 |          0 |           0 |          0.00 |         0 |     0 |    0 |
| SLR2      |      0 |      0.00 |          0 |           0 |          0.00 |         0 |     0 |    0 |
| SLR1      |      0 |      0.00 |          0 |           0 |          0.00 |         0 |     0 |    0 |
| SLR0      |      0 |      0.00 |          0 |           0 |          0.00 |         0 |     0 |    0 |
+-----------+--------+-----------+------------+-------------+---------------+-----------+-------+------+
| Total     |      0 |           |          0 |           0 |               |         0 |     0 |    0 |
+-----------+--------+-----------+------------+-------------+---------------+-----------+-------+------+


13. SLR IO Utilization
----------------------

+-----------+-------------+---------+--------------+----------+--------------+----------+-----+
| SLR Index | Bonded IOBs | (%)IOBs | Bonded IPADs | (%)IPADs | Bonded OPADs | (%)OPADs | GTs |
+-----------+-------------+---------+--------------+----------+--------------+----------+-----+
| SLR3      |           0 |    0.00 |            0 |     0.00 |            0 |     0.00 |   0 |
| SLR2      |           0 |    0.00 |            0 |     0.00 |            0 |     0.00 |   0 |
| SLR1      |           0 |    0.00 |            0 |     0.00 |            0 |     0.00 |   0 |
| SLR0      |           0 |    0.00 |            0 |     0.00 |            0 |     0.00 |   0 |
+-----------+-------------+---------+--------------+----------+--------------+----------+-----+
| Total     |           0 |         |            0 |          |            0 |          |   0 |
+-----------+-------------+---------+--------------+----------+--------------+----------+-----+


