
*** Running vivado
    with args -log b2000t_c2c_bram_dut_120_1_0.vds -m64 -product Vivado -mode batch -messageDb vivado.pb -notrace -source b2000t_c2c_bram_dut_120_1_0.tcl


****** Vivado v2016.4 (64-bit)
  **** SW Build 1733598 on Wed Dec 14 22:35:42 MST 2016
  **** IP Build 1731160 on Wed Dec 14 23:47:21 MST 2016
    ** Copyright 1986-2016 Xilinx, Inc. All Rights Reserved.

source b2000t_c2c_bram_dut_120_1_0.tcl -notrace
Command: synth_design -top b2000t_c2c_bram_dut_120_1_0 -part xc7v2000tflg1925-1 -mode out_of_context
Starting synth_design
Attempting to get a license for feature 'Synthesis' and/or device 'xc7v2000t'
INFO: [Common 17-349] Got license for feature 'Synthesis' and/or device 'xc7v2000t'
INFO: Launching helper process for spawning children vivado processes
INFO: Helper process launched with PID 33348 
---------------------------------------------------------------------------------
Starting RTL Elaboration : Time (s): cpu = 00:00:09 ; elapsed = 00:00:09 . Memory (MB): peak = 1233.184 ; gain = 217.996 ; free physical = 71916 ; free virtual = 180319
---------------------------------------------------------------------------------
INFO: [Synth 8-638] synthesizing module 'b2000t_c2c_bram_dut_120_1_0' [/home/wesleyguo/github/vivado/vivado/2000t_c2c_bram/b2000t_c2c_bram/b2000t_c2c_bram.srcs/sources_1/bd/b2000t_c2c_bram/ip/b2000t_c2c_bram_dut_120_1_0/synth/b2000t_c2c_bram_dut_120_1_0.v:56]
INFO: [Synth 8-638] synthesizing module 'dut_120' [/home/wesleyguo/github/vivado/vivado/2000t_c2c_bram/b2000t_c2c_bram/b2000t_c2c_bram.srcs/sources_1/bd/b2000t_c2c_bram/ipshared/ed2b/dut_120.v:8]
	Parameter IDEL bound to: 4'b0000 
	Parameter A2B1 bound to: 4'b0001 
	Parameter A2B0 bound to: 4'b0010 
	Parameter B2A1 bound to: 4'b0011 
	Parameter B2A0 bound to: 4'b0100 
	Parameter A01B bound to: 4'b0101 
	Parameter B01A bound to: 4'b0110 
	Parameter A10B bound to: 4'b0111 
	Parameter B10A bound to: 4'b1000 
	Parameter ENDL bound to: 4'b0111 
WARNING: [Synth 8-151] case item 4'b0111 is unreachable [/home/wesleyguo/github/vivado/vivado/2000t_c2c_bram/b2000t_c2c_bram/b2000t_c2c_bram.srcs/sources_1/bd/b2000t_c2c_bram/ipshared/ed2b/dut_120.v:55]
INFO: [Synth 8-155] case statement is not full and has no default [/home/wesleyguo/github/vivado/vivado/2000t_c2c_bram/b2000t_c2c_bram/b2000t_c2c_bram.srcs/sources_1/bd/b2000t_c2c_bram/ipshared/ed2b/dut_120.v:55]
INFO: [Synth 8-256] done synthesizing module 'dut_120' (1#1) [/home/wesleyguo/github/vivado/vivado/2000t_c2c_bram/b2000t_c2c_bram/b2000t_c2c_bram.srcs/sources_1/bd/b2000t_c2c_bram/ipshared/ed2b/dut_120.v:8]
INFO: [Synth 8-256] done synthesizing module 'b2000t_c2c_bram_dut_120_1_0' (2#1) [/home/wesleyguo/github/vivado/vivado/2000t_c2c_bram/b2000t_c2c_bram/b2000t_c2c_bram.srcs/sources_1/bd/b2000t_c2c_bram/ip/b2000t_c2c_bram_dut_120_1_0/synth/b2000t_c2c_bram_dut_120_1_0.v:56]
---------------------------------------------------------------------------------
Finished RTL Elaboration : Time (s): cpu = 00:00:10 ; elapsed = 00:00:10 . Memory (MB): peak = 1273.660 ; gain = 258.473 ; free physical = 71828 ; free virtual = 180235
---------------------------------------------------------------------------------

Report Check Netlist: 
+------+------------------+-------+---------+-------+------------------+
|      |Item              |Errors |Warnings |Status |Description       |
+------+------------------+-------+---------+-------+------------------+
|1     |multi_driven_nets |      0|        0|Passed |Multi driven nets |
+------+------------------+-------+---------+-------+------------------+
---------------------------------------------------------------------------------
Finished RTL Optimization Phase 1 : Time (s): cpu = 00:00:10 ; elapsed = 00:00:10 . Memory (MB): peak = 1273.660 ; gain = 258.473 ; free physical = 71822 ; free virtual = 180229
---------------------------------------------------------------------------------
INFO: [Device 21-403] Loading part xc7v2000tflg1925-1
INFO: [Project 1-570] Preparing netlist for logic optimization

Processing XDC Constraints
Initializing timing engine
Completed Processing XDC Constraints

INFO: [Project 1-111] Unisim Transformation Summary:
No Unisim elements were transformed.

Constraint Validation Runtime : Time (s): cpu = 00:00:00.08 ; elapsed = 00:00:00.04 . Memory (MB): peak = 2063.570 ; gain = 1.000 ; free physical = 70515 ; free virtual = 178944
---------------------------------------------------------------------------------
Finished Constraint Validation : Time (s): cpu = 00:00:46 ; elapsed = 00:00:47 . Memory (MB): peak = 2063.570 ; gain = 1048.383 ; free physical = 70420 ; free virtual = 178848
---------------------------------------------------------------------------------
---------------------------------------------------------------------------------
Start Loading Part and Timing Information
---------------------------------------------------------------------------------
Loading part: xc7v2000tflg1925-1
---------------------------------------------------------------------------------
Finished Loading Part and Timing Information : Time (s): cpu = 00:00:46 ; elapsed = 00:00:47 . Memory (MB): peak = 2063.570 ; gain = 1048.383 ; free physical = 70420 ; free virtual = 178848
---------------------------------------------------------------------------------
---------------------------------------------------------------------------------
Start Applying 'set_property' XDC Constraints
---------------------------------------------------------------------------------
---------------------------------------------------------------------------------
Finished applying 'set_property' XDC Constraints : Time (s): cpu = 00:00:46 ; elapsed = 00:00:47 . Memory (MB): peak = 2063.570 ; gain = 1048.383 ; free physical = 70420 ; free virtual = 178848
---------------------------------------------------------------------------------
INFO: [Synth 8-802] inferred FSM for state register 'state_reg' in module 'dut_120'
INFO: [Synth 8-5544] ROM "state" won't be mapped to Block RAM because address size (4) smaller than threshold (5)
INFO: [Synth 8-5544] ROM "data_bin_1" won't be mapped to Block RAM because address size (4) smaller than threshold (5)
INFO: [Synth 8-5544] ROM "data_ain_1" won't be mapped to Block RAM because address size (4) smaller than threshold (5)
INFO: [Synth 8-5544] ROM "b_out" won't be mapped to Block RAM because address size (4) smaller than threshold (5)
INFO: [Synth 8-5544] ROM "a_out" won't be mapped to Block RAM because address size (4) smaller than threshold (5)
INFO: [Synth 8-5544] ROM "state" won't be mapped to Block RAM because address size (1) smaller than threshold (5)
INFO: [Synth 8-5544] ROM "state" won't be mapped to Block RAM because address size (1) smaller than threshold (5)
INFO: [Synth 8-5544] ROM "state" won't be mapped to Block RAM because address size (1) smaller than threshold (5)
INFO: [Synth 8-5544] ROM "state" won't be mapped to Block RAM because address size (1) smaller than threshold (5)
INFO: [Synth 8-5544] ROM "state" won't be mapped to Block RAM because address size (1) smaller than threshold (5)
INFO: [Synth 8-5544] ROM "state" won't be mapped to Block RAM because address size (1) smaller than threshold (5)
INFO: [Synth 8-5544] ROM "state" won't be mapped to Block RAM because address size (1) smaller than threshold (5)
INFO: [Synth 8-5544] ROM "state" won't be mapped to Block RAM because address size (1) smaller than threshold (5)
---------------------------------------------------------------------------------------------------
                   State |                     New Encoding |                Previous Encoding 
---------------------------------------------------------------------------------------------------
                    IDEL |                             0000 |                             0000
                    A2B1 |                             0001 |                             0001
                    A2B0 |                             0010 |                             0010
                    B2A1 |                             0011 |                             0011
                    B2A0 |                             0100 |                             0100
                    A01B |                             0101 |                             0101
                    B01A |                             0110 |                             0110
                    A10B |                             0111 |                             0111
                    B10A |                             1000 |                             1000
---------------------------------------------------------------------------------------------------
INFO: [Synth 8-3354] encoded FSM with state register 'state_reg' using encoding 'sequential' in module 'dut_120'
---------------------------------------------------------------------------------
Finished RTL Optimization Phase 2 : Time (s): cpu = 00:00:46 ; elapsed = 00:00:48 . Memory (MB): peak = 2063.570 ; gain = 1048.383 ; free physical = 70419 ; free virtual = 178848
---------------------------------------------------------------------------------

Report RTL Partitions: 
+-+--------------+------------+----------+
| |RTL Partition |Replication |Instances |
+-+--------------+------------+----------+
+-+--------------+------------+----------+
---------------------------------------------------------------------------------
Start RTL Component Statistics 
---------------------------------------------------------------------------------
Detailed RTL Component Info : 
+---Adders : 
	   2 Input     32 Bit       Adders := 8     
+---XORs : 
	   2 Input     60 Bit         XORs := 6     
+---Registers : 
	               60 Bit    Registers := 10    
	               32 Bit    Registers := 11    
	                1 Bit    Registers := 2     
+---Muxes : 
	   4 Input     60 Bit        Muxes := 2     
	   2 Input     32 Bit        Muxes := 10    
	  19 Input      4 Bit        Muxes := 1     
	   4 Input      1 Bit        Muxes := 8     
	   2 Input      1 Bit        Muxes := 8     
	   3 Input      1 Bit        Muxes := 2     
	   9 Input      1 Bit        Muxes := 1     
---------------------------------------------------------------------------------
Finished RTL Component Statistics 
---------------------------------------------------------------------------------
---------------------------------------------------------------------------------
Start RTL Hierarchical Component Statistics 
---------------------------------------------------------------------------------
Hierarchical RTL Component report 
Module dut_120 
Detailed RTL Component Info : 
+---Adders : 
	   2 Input     32 Bit       Adders := 8     
+---XORs : 
	   2 Input     60 Bit         XORs := 6     
+---Registers : 
	               60 Bit    Registers := 10    
	               32 Bit    Registers := 11    
	                1 Bit    Registers := 2     
+---Muxes : 
	   4 Input     60 Bit        Muxes := 2     
	   2 Input     32 Bit        Muxes := 10    
	  19 Input      4 Bit        Muxes := 1     
	   4 Input      1 Bit        Muxes := 8     
	   2 Input      1 Bit        Muxes := 8     
	   3 Input      1 Bit        Muxes := 2     
	   9 Input      1 Bit        Muxes := 1     
---------------------------------------------------------------------------------
Finished RTL Hierarchical Component Statistics
---------------------------------------------------------------------------------
---------------------------------------------------------------------------------
Start Part Resource Summary
---------------------------------------------------------------------------------
Part Resources:
DSPs: 2160 (col length:60)
BRAMs: 2584 (col length: RAMB18 240 RAMB36 120)
---------------------------------------------------------------------------------
Finished Part Resource Summary
---------------------------------------------------------------------------------
---------------------------------------------------------------------------------
Start Cross Boundary and Area Optimization
---------------------------------------------------------------------------------
INFO: [Synth 8-5544] ROM "p_0_out" won't be mapped to Block RAM because address size (4) smaller than threshold (5)
INFO: [Synth 8-5544] ROM "p_0_out" won't be mapped to Block RAM because address size (4) smaller than threshold (5)
INFO: [Synth 8-3886] merging instance 'inst/b_out_reg[0]' (FDCE) to 'inst/b_out_reg[58]'
INFO: [Synth 8-3886] merging instance 'inst/b_out_reg[1]' (FDCE) to 'inst/b_out_reg[59]'
INFO: [Synth 8-3886] merging instance 'inst/b_out_reg[2]' (FDCE) to 'inst/b_out_reg[58]'
INFO: [Synth 8-3886] merging instance 'inst/b_out_reg[3]' (FDCE) to 'inst/b_out_reg[59]'
INFO: [Synth 8-3886] merging instance 'inst/b_out_reg[4]' (FDCE) to 'inst/b_out_reg[58]'
INFO: [Synth 8-3886] merging instance 'inst/b_out_reg[5]' (FDCE) to 'inst/b_out_reg[59]'
INFO: [Synth 8-3886] merging instance 'inst/b_out_reg[6]' (FDCE) to 'inst/b_out_reg[58]'
INFO: [Synth 8-3886] merging instance 'inst/b_out_reg[7]' (FDCE) to 'inst/b_out_reg[59]'
INFO: [Synth 8-3886] merging instance 'inst/b_out_reg[8]' (FDCE) to 'inst/b_out_reg[58]'
INFO: [Synth 8-3886] merging instance 'inst/b_out_reg[9]' (FDCE) to 'inst/b_out_reg[59]'
INFO: [Synth 8-3886] merging instance 'inst/b_out_reg[10]' (FDCE) to 'inst/b_out_reg[58]'
INFO: [Synth 8-3886] merging instance 'inst/b_out_reg[11]' (FDCE) to 'inst/b_out_reg[59]'
INFO: [Synth 8-3886] merging instance 'inst/b_out_reg[12]' (FDCE) to 'inst/b_out_reg[58]'
INFO: [Synth 8-3886] merging instance 'inst/b_out_reg[13]' (FDCE) to 'inst/b_out_reg[59]'
INFO: [Synth 8-3886] merging instance 'inst/b_out_reg[14]' (FDCE) to 'inst/b_out_reg[58]'
INFO: [Synth 8-3886] merging instance 'inst/b_out_reg[15]' (FDCE) to 'inst/b_out_reg[59]'
INFO: [Synth 8-3886] merging instance 'inst/b_out_reg[16]' (FDCE) to 'inst/b_out_reg[58]'
INFO: [Synth 8-3886] merging instance 'inst/b_out_reg[17]' (FDCE) to 'inst/b_out_reg[59]'
INFO: [Synth 8-3886] merging instance 'inst/b_out_reg[18]' (FDCE) to 'inst/b_out_reg[58]'
INFO: [Synth 8-3886] merging instance 'inst/b_out_reg[19]' (FDCE) to 'inst/b_out_reg[59]'
INFO: [Synth 8-3886] merging instance 'inst/b_out_reg[20]' (FDCE) to 'inst/b_out_reg[58]'
INFO: [Synth 8-3886] merging instance 'inst/b_out_reg[21]' (FDCE) to 'inst/b_out_reg[59]'
INFO: [Synth 8-3886] merging instance 'inst/b_out_reg[22]' (FDCE) to 'inst/b_out_reg[58]'
INFO: [Synth 8-3886] merging instance 'inst/b_out_reg[23]' (FDCE) to 'inst/b_out_reg[59]'
INFO: [Synth 8-3886] merging instance 'inst/b_out_reg[24]' (FDCE) to 'inst/b_out_reg[58]'
INFO: [Synth 8-3886] merging instance 'inst/b_out_reg[25]' (FDCE) to 'inst/b_out_reg[59]'
INFO: [Synth 8-3886] merging instance 'inst/b_out_reg[26]' (FDCE) to 'inst/b_out_reg[58]'
INFO: [Synth 8-3886] merging instance 'inst/b_out_reg[27]' (FDCE) to 'inst/b_out_reg[59]'
INFO: [Synth 8-3886] merging instance 'inst/b_out_reg[28]' (FDCE) to 'inst/b_out_reg[58]'
INFO: [Synth 8-3886] merging instance 'inst/b_out_reg[29]' (FDCE) to 'inst/b_out_reg[59]'
INFO: [Synth 8-3886] merging instance 'inst/b_out_reg[30]' (FDCE) to 'inst/b_out_reg[58]'
INFO: [Synth 8-3886] merging instance 'inst/b_out_reg[31]' (FDCE) to 'inst/b_out_reg[59]'
INFO: [Synth 8-3886] merging instance 'inst/b_out_reg[32]' (FDCE) to 'inst/b_out_reg[58]'
INFO: [Synth 8-3886] merging instance 'inst/b_out_reg[33]' (FDCE) to 'inst/b_out_reg[59]'
INFO: [Synth 8-3886] merging instance 'inst/b_out_reg[34]' (FDCE) to 'inst/b_out_reg[58]'
INFO: [Synth 8-3886] merging instance 'inst/b_out_reg[35]' (FDCE) to 'inst/b_out_reg[59]'
INFO: [Synth 8-3886] merging instance 'inst/b_out_reg[36]' (FDCE) to 'inst/b_out_reg[58]'
INFO: [Synth 8-3886] merging instance 'inst/b_out_reg[37]' (FDCE) to 'inst/b_out_reg[59]'
INFO: [Synth 8-3886] merging instance 'inst/b_out_reg[38]' (FDCE) to 'inst/b_out_reg[58]'
INFO: [Synth 8-3886] merging instance 'inst/b_out_reg[39]' (FDCE) to 'inst/b_out_reg[59]'
INFO: [Synth 8-3886] merging instance 'inst/b_out_reg[40]' (FDCE) to 'inst/b_out_reg[58]'
INFO: [Synth 8-3886] merging instance 'inst/b_out_reg[41]' (FDCE) to 'inst/b_out_reg[59]'
INFO: [Synth 8-3886] merging instance 'inst/b_out_reg[42]' (FDCE) to 'inst/b_out_reg[58]'
INFO: [Synth 8-3886] merging instance 'inst/b_out_reg[43]' (FDCE) to 'inst/b_out_reg[59]'
INFO: [Synth 8-3886] merging instance 'inst/b_out_reg[44]' (FDCE) to 'inst/b_out_reg[58]'
INFO: [Synth 8-3886] merging instance 'inst/b_out_reg[45]' (FDCE) to 'inst/b_out_reg[59]'
INFO: [Synth 8-3886] merging instance 'inst/b_out_reg[46]' (FDCE) to 'inst/b_out_reg[58]'
INFO: [Synth 8-3886] merging instance 'inst/b_out_reg[47]' (FDCE) to 'inst/b_out_reg[59]'
INFO: [Synth 8-3886] merging instance 'inst/b_out_reg[48]' (FDCE) to 'inst/b_out_reg[58]'
INFO: [Synth 8-3886] merging instance 'inst/b_out_reg[49]' (FDCE) to 'inst/b_out_reg[59]'
INFO: [Synth 8-3886] merging instance 'inst/b_out_reg[50]' (FDCE) to 'inst/b_out_reg[58]'
INFO: [Synth 8-3886] merging instance 'inst/b_out_reg[51]' (FDCE) to 'inst/b_out_reg[59]'
INFO: [Synth 8-3886] merging instance 'inst/b_out_reg[52]' (FDCE) to 'inst/b_out_reg[58]'
INFO: [Synth 8-3886] merging instance 'inst/b_out_reg[53]' (FDCE) to 'inst/b_out_reg[59]'
INFO: [Synth 8-3886] merging instance 'inst/b_out_reg[54]' (FDCE) to 'inst/b_out_reg[58]'
INFO: [Synth 8-3886] merging instance 'inst/b_out_reg[55]' (FDCE) to 'inst/b_out_reg[59]'
INFO: [Synth 8-3886] merging instance 'inst/b_out_reg[56]' (FDCE) to 'inst/b_out_reg[58]'
INFO: [Synth 8-3886] merging instance 'inst/b_out_reg[57]' (FDCE) to 'inst/b_out_reg[59]'
INFO: [Synth 8-3886] merging instance 'inst/a_out_reg[0]' (FDCE) to 'inst/a_out_reg[58]'
INFO: [Synth 8-3886] merging instance 'inst/a_out_reg[1]' (FDCE) to 'inst/a_out_reg[59]'
INFO: [Synth 8-3886] merging instance 'inst/a_out_reg[2]' (FDCE) to 'inst/a_out_reg[58]'
INFO: [Synth 8-3886] merging instance 'inst/a_out_reg[3]' (FDCE) to 'inst/a_out_reg[59]'
INFO: [Synth 8-3886] merging instance 'inst/a_out_reg[4]' (FDCE) to 'inst/a_out_reg[58]'
INFO: [Synth 8-3886] merging instance 'inst/a_out_reg[5]' (FDCE) to 'inst/a_out_reg[59]'
INFO: [Synth 8-3886] merging instance 'inst/a_out_reg[6]' (FDCE) to 'inst/a_out_reg[58]'
INFO: [Synth 8-3886] merging instance 'inst/a_out_reg[7]' (FDCE) to 'inst/a_out_reg[59]'
INFO: [Synth 8-3886] merging instance 'inst/a_out_reg[8]' (FDCE) to 'inst/a_out_reg[58]'
INFO: [Synth 8-3886] merging instance 'inst/a_out_reg[9]' (FDCE) to 'inst/a_out_reg[59]'
INFO: [Synth 8-3886] merging instance 'inst/a_out_reg[10]' (FDCE) to 'inst/a_out_reg[58]'
INFO: [Synth 8-3886] merging instance 'inst/a_out_reg[11]' (FDCE) to 'inst/a_out_reg[59]'
INFO: [Synth 8-3886] merging instance 'inst/a_out_reg[12]' (FDCE) to 'inst/a_out_reg[58]'
INFO: [Synth 8-3886] merging instance 'inst/a_out_reg[13]' (FDCE) to 'inst/a_out_reg[59]'
INFO: [Synth 8-3886] merging instance 'inst/a_out_reg[14]' (FDCE) to 'inst/a_out_reg[58]'
INFO: [Synth 8-3886] merging instance 'inst/a_out_reg[15]' (FDCE) to 'inst/a_out_reg[59]'
INFO: [Synth 8-3886] merging instance 'inst/a_out_reg[16]' (FDCE) to 'inst/a_out_reg[58]'
INFO: [Synth 8-3886] merging instance 'inst/a_out_reg[17]' (FDCE) to 'inst/a_out_reg[59]'
INFO: [Synth 8-3886] merging instance 'inst/a_out_reg[18]' (FDCE) to 'inst/a_out_reg[58]'
INFO: [Synth 8-3886] merging instance 'inst/a_out_reg[19]' (FDCE) to 'inst/a_out_reg[59]'
INFO: [Synth 8-3886] merging instance 'inst/a_out_reg[20]' (FDCE) to 'inst/a_out_reg[58]'
INFO: [Synth 8-3886] merging instance 'inst/a_out_reg[21]' (FDCE) to 'inst/a_out_reg[59]'
INFO: [Synth 8-3886] merging instance 'inst/a_out_reg[22]' (FDCE) to 'inst/a_out_reg[58]'
INFO: [Synth 8-3886] merging instance 'inst/a_out_reg[23]' (FDCE) to 'inst/a_out_reg[59]'
INFO: [Synth 8-3886] merging instance 'inst/a_out_reg[24]' (FDCE) to 'inst/a_out_reg[58]'
INFO: [Synth 8-3886] merging instance 'inst/a_out_reg[25]' (FDCE) to 'inst/a_out_reg[59]'
INFO: [Synth 8-3886] merging instance 'inst/a_out_reg[26]' (FDCE) to 'inst/a_out_reg[58]'
INFO: [Synth 8-3886] merging instance 'inst/a_out_reg[27]' (FDCE) to 'inst/a_out_reg[59]'
INFO: [Synth 8-3886] merging instance 'inst/a_out_reg[28]' (FDCE) to 'inst/a_out_reg[58]'
INFO: [Synth 8-3886] merging instance 'inst/a_out_reg[29]' (FDCE) to 'inst/a_out_reg[59]'
INFO: [Synth 8-3886] merging instance 'inst/a_out_reg[30]' (FDCE) to 'inst/a_out_reg[58]'
INFO: [Synth 8-3886] merging instance 'inst/a_out_reg[31]' (FDCE) to 'inst/a_out_reg[59]'
INFO: [Synth 8-3886] merging instance 'inst/a_out_reg[32]' (FDCE) to 'inst/a_out_reg[58]'
INFO: [Synth 8-3886] merging instance 'inst/a_out_reg[33]' (FDCE) to 'inst/a_out_reg[59]'
INFO: [Synth 8-3886] merging instance 'inst/a_out_reg[34]' (FDCE) to 'inst/a_out_reg[58]'
INFO: [Synth 8-3886] merging instance 'inst/a_out_reg[35]' (FDCE) to 'inst/a_out_reg[59]'
INFO: [Synth 8-3886] merging instance 'inst/a_out_reg[36]' (FDCE) to 'inst/a_out_reg[58]'
INFO: [Synth 8-3886] merging instance 'inst/a_out_reg[37]' (FDCE) to 'inst/a_out_reg[59]'
INFO: [Synth 8-3886] merging instance 'inst/a_out_reg[38]' (FDCE) to 'inst/a_out_reg[58]'
INFO: [Synth 8-3886] merging instance 'inst/a_out_reg[39]' (FDCE) to 'inst/a_out_reg[59]'
INFO: [Synth 8-3886] merging instance 'inst/a_out_reg[40]' (FDCE) to 'inst/a_out_reg[58]'
INFO: [Synth 8-3886] merging instance 'inst/a_out_reg[41]' (FDCE) to 'inst/a_out_reg[59]'
INFO: [Common 17-14] Message 'Synth 8-3886' appears 100 times and further instances of the messages will be disabled. Use the Tcl command set_msg_config to change the current settings.
INFO: [Synth 8-3332] Sequential element (inst/a2b0_dealy_counter_reg[31]) is unused and will be removed from module b2000t_c2c_bram_dut_120_1_0.
INFO: [Synth 8-3332] Sequential element (inst/a2b0_dealy_counter_reg[30]) is unused and will be removed from module b2000t_c2c_bram_dut_120_1_0.
INFO: [Synth 8-3332] Sequential element (inst/a2b0_dealy_counter_reg[29]) is unused and will be removed from module b2000t_c2c_bram_dut_120_1_0.
INFO: [Synth 8-3332] Sequential element (inst/a2b0_dealy_counter_reg[28]) is unused and will be removed from module b2000t_c2c_bram_dut_120_1_0.
INFO: [Synth 8-3332] Sequential element (inst/a2b0_dealy_counter_reg[27]) is unused and will be removed from module b2000t_c2c_bram_dut_120_1_0.
INFO: [Synth 8-3332] Sequential element (inst/a2b0_dealy_counter_reg[26]) is unused and will be removed from module b2000t_c2c_bram_dut_120_1_0.
INFO: [Synth 8-3332] Sequential element (inst/a2b0_dealy_counter_reg[25]) is unused and will be removed from module b2000t_c2c_bram_dut_120_1_0.
INFO: [Synth 8-3332] Sequential element (inst/a2b0_dealy_counter_reg[24]) is unused and will be removed from module b2000t_c2c_bram_dut_120_1_0.
INFO: [Synth 8-3332] Sequential element (inst/a2b0_dealy_counter_reg[23]) is unused and will be removed from module b2000t_c2c_bram_dut_120_1_0.
INFO: [Synth 8-3332] Sequential element (inst/a2b0_dealy_counter_reg[22]) is unused and will be removed from module b2000t_c2c_bram_dut_120_1_0.
INFO: [Synth 8-3332] Sequential element (inst/a2b0_dealy_counter_reg[21]) is unused and will be removed from module b2000t_c2c_bram_dut_120_1_0.
INFO: [Synth 8-3332] Sequential element (inst/a2b0_dealy_counter_reg[20]) is unused and will be removed from module b2000t_c2c_bram_dut_120_1_0.
INFO: [Synth 8-3332] Sequential element (inst/a2b0_dealy_counter_reg[19]) is unused and will be removed from module b2000t_c2c_bram_dut_120_1_0.
INFO: [Synth 8-3332] Sequential element (inst/a2b0_dealy_counter_reg[18]) is unused and will be removed from module b2000t_c2c_bram_dut_120_1_0.
INFO: [Synth 8-3332] Sequential element (inst/a2b0_dealy_counter_reg[17]) is unused and will be removed from module b2000t_c2c_bram_dut_120_1_0.
INFO: [Synth 8-3332] Sequential element (inst/a2b0_dealy_counter_reg[16]) is unused and will be removed from module b2000t_c2c_bram_dut_120_1_0.
INFO: [Synth 8-3332] Sequential element (inst/a2b0_dealy_counter_reg[15]) is unused and will be removed from module b2000t_c2c_bram_dut_120_1_0.
INFO: [Synth 8-3332] Sequential element (inst/a2b0_dealy_counter_reg[14]) is unused and will be removed from module b2000t_c2c_bram_dut_120_1_0.
INFO: [Synth 8-3332] Sequential element (inst/a2b0_dealy_counter_reg[13]) is unused and will be removed from module b2000t_c2c_bram_dut_120_1_0.
INFO: [Synth 8-3332] Sequential element (inst/a2b0_dealy_counter_reg[12]) is unused and will be removed from module b2000t_c2c_bram_dut_120_1_0.
INFO: [Synth 8-3332] Sequential element (inst/a2b0_dealy_counter_reg[11]) is unused and will be removed from module b2000t_c2c_bram_dut_120_1_0.
INFO: [Synth 8-3332] Sequential element (inst/a2b0_dealy_counter_reg[10]) is unused and will be removed from module b2000t_c2c_bram_dut_120_1_0.
INFO: [Synth 8-3332] Sequential element (inst/a2b0_dealy_counter_reg[9]) is unused and will be removed from module b2000t_c2c_bram_dut_120_1_0.
INFO: [Synth 8-3332] Sequential element (inst/a2b0_dealy_counter_reg[8]) is unused and will be removed from module b2000t_c2c_bram_dut_120_1_0.
INFO: [Synth 8-3332] Sequential element (inst/a2b0_dealy_counter_reg[7]) is unused and will be removed from module b2000t_c2c_bram_dut_120_1_0.
INFO: [Synth 8-3332] Sequential element (inst/a2b0_dealy_counter_reg[6]) is unused and will be removed from module b2000t_c2c_bram_dut_120_1_0.
INFO: [Synth 8-3332] Sequential element (inst/a2b0_dealy_counter_reg[5]) is unused and will be removed from module b2000t_c2c_bram_dut_120_1_0.
INFO: [Synth 8-3332] Sequential element (inst/a2b1_dealy_counter_reg[31]) is unused and will be removed from module b2000t_c2c_bram_dut_120_1_0.
INFO: [Synth 8-3332] Sequential element (inst/a2b1_dealy_counter_reg[30]) is unused and will be removed from module b2000t_c2c_bram_dut_120_1_0.
INFO: [Synth 8-3332] Sequential element (inst/a2b1_dealy_counter_reg[29]) is unused and will be removed from module b2000t_c2c_bram_dut_120_1_0.
INFO: [Synth 8-3332] Sequential element (inst/a2b1_dealy_counter_reg[28]) is unused and will be removed from module b2000t_c2c_bram_dut_120_1_0.
INFO: [Synth 8-3332] Sequential element (inst/a2b1_dealy_counter_reg[27]) is unused and will be removed from module b2000t_c2c_bram_dut_120_1_0.
INFO: [Synth 8-3332] Sequential element (inst/a2b1_dealy_counter_reg[26]) is unused and will be removed from module b2000t_c2c_bram_dut_120_1_0.
INFO: [Synth 8-3332] Sequential element (inst/a2b1_dealy_counter_reg[25]) is unused and will be removed from module b2000t_c2c_bram_dut_120_1_0.
INFO: [Synth 8-3332] Sequential element (inst/a2b1_dealy_counter_reg[24]) is unused and will be removed from module b2000t_c2c_bram_dut_120_1_0.
INFO: [Synth 8-3332] Sequential element (inst/a2b1_dealy_counter_reg[23]) is unused and will be removed from module b2000t_c2c_bram_dut_120_1_0.
INFO: [Synth 8-3332] Sequential element (inst/a2b1_dealy_counter_reg[22]) is unused and will be removed from module b2000t_c2c_bram_dut_120_1_0.
INFO: [Synth 8-3332] Sequential element (inst/a2b1_dealy_counter_reg[21]) is unused and will be removed from module b2000t_c2c_bram_dut_120_1_0.
INFO: [Synth 8-3332] Sequential element (inst/a2b1_dealy_counter_reg[20]) is unused and will be removed from module b2000t_c2c_bram_dut_120_1_0.
INFO: [Synth 8-3332] Sequential element (inst/a2b1_dealy_counter_reg[19]) is unused and will be removed from module b2000t_c2c_bram_dut_120_1_0.
INFO: [Synth 8-3332] Sequential element (inst/a2b1_dealy_counter_reg[18]) is unused and will be removed from module b2000t_c2c_bram_dut_120_1_0.
INFO: [Synth 8-3332] Sequential element (inst/a2b1_dealy_counter_reg[17]) is unused and will be removed from module b2000t_c2c_bram_dut_120_1_0.
INFO: [Synth 8-3332] Sequential element (inst/a2b1_dealy_counter_reg[16]) is unused and will be removed from module b2000t_c2c_bram_dut_120_1_0.
INFO: [Synth 8-3332] Sequential element (inst/a2b1_dealy_counter_reg[15]) is unused and will be removed from module b2000t_c2c_bram_dut_120_1_0.
INFO: [Synth 8-3332] Sequential element (inst/a2b1_dealy_counter_reg[14]) is unused and will be removed from module b2000t_c2c_bram_dut_120_1_0.
INFO: [Synth 8-3332] Sequential element (inst/a2b1_dealy_counter_reg[13]) is unused and will be removed from module b2000t_c2c_bram_dut_120_1_0.
INFO: [Synth 8-3332] Sequential element (inst/a2b1_dealy_counter_reg[12]) is unused and will be removed from module b2000t_c2c_bram_dut_120_1_0.
INFO: [Synth 8-3332] Sequential element (inst/a2b1_dealy_counter_reg[11]) is unused and will be removed from module b2000t_c2c_bram_dut_120_1_0.
INFO: [Synth 8-3332] Sequential element (inst/a2b1_dealy_counter_reg[10]) is unused and will be removed from module b2000t_c2c_bram_dut_120_1_0.
INFO: [Synth 8-3332] Sequential element (inst/a2b1_dealy_counter_reg[9]) is unused and will be removed from module b2000t_c2c_bram_dut_120_1_0.
INFO: [Synth 8-3332] Sequential element (inst/a2b1_dealy_counter_reg[8]) is unused and will be removed from module b2000t_c2c_bram_dut_120_1_0.
INFO: [Synth 8-3332] Sequential element (inst/a2b1_dealy_counter_reg[7]) is unused and will be removed from module b2000t_c2c_bram_dut_120_1_0.
INFO: [Synth 8-3332] Sequential element (inst/a2b1_dealy_counter_reg[6]) is unused and will be removed from module b2000t_c2c_bram_dut_120_1_0.
INFO: [Synth 8-3332] Sequential element (inst/a2b1_dealy_counter_reg[5]) is unused and will be removed from module b2000t_c2c_bram_dut_120_1_0.
INFO: [Synth 8-3332] Sequential element (inst/b2a1_dealy_counter_reg[31]) is unused and will be removed from module b2000t_c2c_bram_dut_120_1_0.
INFO: [Synth 8-3332] Sequential element (inst/b2a1_dealy_counter_reg[30]) is unused and will be removed from module b2000t_c2c_bram_dut_120_1_0.
INFO: [Synth 8-3332] Sequential element (inst/b2a1_dealy_counter_reg[29]) is unused and will be removed from module b2000t_c2c_bram_dut_120_1_0.
INFO: [Synth 8-3332] Sequential element (inst/b2a1_dealy_counter_reg[28]) is unused and will be removed from module b2000t_c2c_bram_dut_120_1_0.
INFO: [Synth 8-3332] Sequential element (inst/b2a1_dealy_counter_reg[27]) is unused and will be removed from module b2000t_c2c_bram_dut_120_1_0.
INFO: [Synth 8-3332] Sequential element (inst/b2a1_dealy_counter_reg[26]) is unused and will be removed from module b2000t_c2c_bram_dut_120_1_0.
INFO: [Synth 8-3332] Sequential element (inst/b2a1_dealy_counter_reg[25]) is unused and will be removed from module b2000t_c2c_bram_dut_120_1_0.
INFO: [Synth 8-3332] Sequential element (inst/b2a1_dealy_counter_reg[24]) is unused and will be removed from module b2000t_c2c_bram_dut_120_1_0.
INFO: [Synth 8-3332] Sequential element (inst/b2a1_dealy_counter_reg[23]) is unused and will be removed from module b2000t_c2c_bram_dut_120_1_0.
INFO: [Synth 8-3332] Sequential element (inst/b2a1_dealy_counter_reg[22]) is unused and will be removed from module b2000t_c2c_bram_dut_120_1_0.
INFO: [Synth 8-3332] Sequential element (inst/b2a1_dealy_counter_reg[21]) is unused and will be removed from module b2000t_c2c_bram_dut_120_1_0.
INFO: [Synth 8-3332] Sequential element (inst/b2a1_dealy_counter_reg[20]) is unused and will be removed from module b2000t_c2c_bram_dut_120_1_0.
INFO: [Synth 8-3332] Sequential element (inst/b2a1_dealy_counter_reg[19]) is unused and will be removed from module b2000t_c2c_bram_dut_120_1_0.
INFO: [Synth 8-3332] Sequential element (inst/b2a1_dealy_counter_reg[18]) is unused and will be removed from module b2000t_c2c_bram_dut_120_1_0.
INFO: [Synth 8-3332] Sequential element (inst/b2a1_dealy_counter_reg[17]) is unused and will be removed from module b2000t_c2c_bram_dut_120_1_0.
INFO: [Synth 8-3332] Sequential element (inst/b2a1_dealy_counter_reg[16]) is unused and will be removed from module b2000t_c2c_bram_dut_120_1_0.
INFO: [Synth 8-3332] Sequential element (inst/b2a1_dealy_counter_reg[15]) is unused and will be removed from module b2000t_c2c_bram_dut_120_1_0.
INFO: [Synth 8-3332] Sequential element (inst/b2a1_dealy_counter_reg[14]) is unused and will be removed from module b2000t_c2c_bram_dut_120_1_0.
INFO: [Synth 8-3332] Sequential element (inst/b2a1_dealy_counter_reg[13]) is unused and will be removed from module b2000t_c2c_bram_dut_120_1_0.
INFO: [Synth 8-3332] Sequential element (inst/b2a1_dealy_counter_reg[12]) is unused and will be removed from module b2000t_c2c_bram_dut_120_1_0.
INFO: [Synth 8-3332] Sequential element (inst/b2a1_dealy_counter_reg[11]) is unused and will be removed from module b2000t_c2c_bram_dut_120_1_0.
INFO: [Synth 8-3332] Sequential element (inst/b2a1_dealy_counter_reg[10]) is unused and will be removed from module b2000t_c2c_bram_dut_120_1_0.
INFO: [Synth 8-3332] Sequential element (inst/b2a1_dealy_counter_reg[9]) is unused and will be removed from module b2000t_c2c_bram_dut_120_1_0.
INFO: [Synth 8-3332] Sequential element (inst/b2a1_dealy_counter_reg[8]) is unused and will be removed from module b2000t_c2c_bram_dut_120_1_0.
INFO: [Synth 8-3332] Sequential element (inst/b2a1_dealy_counter_reg[7]) is unused and will be removed from module b2000t_c2c_bram_dut_120_1_0.
INFO: [Synth 8-3332] Sequential element (inst/b2a1_dealy_counter_reg[6]) is unused and will be removed from module b2000t_c2c_bram_dut_120_1_0.
INFO: [Synth 8-3332] Sequential element (inst/b2a1_dealy_counter_reg[5]) is unused and will be removed from module b2000t_c2c_bram_dut_120_1_0.
INFO: [Synth 8-3332] Sequential element (inst/b2a0_dealy_counter_reg[31]) is unused and will be removed from module b2000t_c2c_bram_dut_120_1_0.
INFO: [Synth 8-3332] Sequential element (inst/b2a0_dealy_counter_reg[30]) is unused and will be removed from module b2000t_c2c_bram_dut_120_1_0.
INFO: [Synth 8-3332] Sequential element (inst/b2a0_dealy_counter_reg[29]) is unused and will be removed from module b2000t_c2c_bram_dut_120_1_0.
INFO: [Synth 8-3332] Sequential element (inst/b2a0_dealy_counter_reg[28]) is unused and will be removed from module b2000t_c2c_bram_dut_120_1_0.
INFO: [Synth 8-3332] Sequential element (inst/b2a0_dealy_counter_reg[27]) is unused and will be removed from module b2000t_c2c_bram_dut_120_1_0.
INFO: [Synth 8-3332] Sequential element (inst/b2a0_dealy_counter_reg[26]) is unused and will be removed from module b2000t_c2c_bram_dut_120_1_0.
INFO: [Synth 8-3332] Sequential element (inst/b2a0_dealy_counter_reg[25]) is unused and will be removed from module b2000t_c2c_bram_dut_120_1_0.
INFO: [Synth 8-3332] Sequential element (inst/b2a0_dealy_counter_reg[24]) is unused and will be removed from module b2000t_c2c_bram_dut_120_1_0.
INFO: [Synth 8-3332] Sequential element (inst/b2a0_dealy_counter_reg[23]) is unused and will be removed from module b2000t_c2c_bram_dut_120_1_0.
INFO: [Synth 8-3332] Sequential element (inst/b2a0_dealy_counter_reg[22]) is unused and will be removed from module b2000t_c2c_bram_dut_120_1_0.
INFO: [Synth 8-3332] Sequential element (inst/b2a0_dealy_counter_reg[21]) is unused and will be removed from module b2000t_c2c_bram_dut_120_1_0.
INFO: [Synth 8-3332] Sequential element (inst/b2a0_dealy_counter_reg[20]) is unused and will be removed from module b2000t_c2c_bram_dut_120_1_0.
INFO: [Synth 8-3332] Sequential element (inst/b2a0_dealy_counter_reg[19]) is unused and will be removed from module b2000t_c2c_bram_dut_120_1_0.
INFO: [Synth 8-3332] Sequential element (inst/b2a0_dealy_counter_reg[18]) is unused and will be removed from module b2000t_c2c_bram_dut_120_1_0.
INFO: [Synth 8-3332] Sequential element (inst/b2a0_dealy_counter_reg[17]) is unused and will be removed from module b2000t_c2c_bram_dut_120_1_0.
INFO: [Synth 8-3332] Sequential element (inst/b2a0_dealy_counter_reg[16]) is unused and will be removed from module b2000t_c2c_bram_dut_120_1_0.
INFO: [Synth 8-3332] Sequential element (inst/b2a0_dealy_counter_reg[15]) is unused and will be removed from module b2000t_c2c_bram_dut_120_1_0.
INFO: [Synth 8-3332] Sequential element (inst/b2a0_dealy_counter_reg[14]) is unused and will be removed from module b2000t_c2c_bram_dut_120_1_0.
INFO: [Synth 8-3332] Sequential element (inst/b2a0_dealy_counter_reg[13]) is unused and will be removed from module b2000t_c2c_bram_dut_120_1_0.
INFO: [Common 17-14] Message 'Synth 8-3332' appears 100 times and further instances of the messages will be disabled. Use the Tcl command set_msg_config to change the current settings.
---------------------------------------------------------------------------------
Finished Cross Boundary and Area Optimization : Time (s): cpu = 00:00:48 ; elapsed = 00:00:49 . Memory (MB): peak = 2063.570 ; gain = 1048.383 ; free physical = 70412 ; free virtual = 178841
---------------------------------------------------------------------------------

Report RTL Partitions: 
+-+--------------+------------+----------+
| |RTL Partition |Replication |Instances |
+-+--------------+------------+----------+
+-+--------------+------------+----------+
---------------------------------------------------------------------------------
Start Timing Optimization
---------------------------------------------------------------------------------
---------------------------------------------------------------------------------
Start Applying XDC Timing Constraints
---------------------------------------------------------------------------------
---------------------------------------------------------------------------------
Finished Applying XDC Timing Constraints : Time (s): cpu = 00:00:56 ; elapsed = 00:00:57 . Memory (MB): peak = 2063.570 ; gain = 1048.383 ; free physical = 70409 ; free virtual = 178838
---------------------------------------------------------------------------------
---------------------------------------------------------------------------------
Finished Timing Optimization : Time (s): cpu = 00:00:56 ; elapsed = 00:00:57 . Memory (MB): peak = 2063.570 ; gain = 1048.383 ; free physical = 70409 ; free virtual = 178838
---------------------------------------------------------------------------------

Report RTL Partitions: 
+-+--------------+------------+----------+
| |RTL Partition |Replication |Instances |
+-+--------------+------------+----------+
+-+--------------+------------+----------+
---------------------------------------------------------------------------------
Start Technology Mapping
---------------------------------------------------------------------------------
---------------------------------------------------------------------------------
Finished Technology Mapping : Time (s): cpu = 00:00:56 ; elapsed = 00:00:58 . Memory (MB): peak = 2063.570 ; gain = 1048.383 ; free physical = 70414 ; free virtual = 178843
---------------------------------------------------------------------------------

Report RTL Partitions: 
+-+--------------+------------+----------+
| |RTL Partition |Replication |Instances |
+-+--------------+------------+----------+
+-+--------------+------------+----------+
---------------------------------------------------------------------------------
Start IO Insertion
---------------------------------------------------------------------------------
---------------------------------------------------------------------------------
Start Flattening Before IO Insertion
---------------------------------------------------------------------------------
---------------------------------------------------------------------------------
Finished Flattening Before IO Insertion
---------------------------------------------------------------------------------
---------------------------------------------------------------------------------
Start Final Netlist Cleanup
---------------------------------------------------------------------------------
---------------------------------------------------------------------------------
Finished Final Netlist Cleanup
---------------------------------------------------------------------------------
---------------------------------------------------------------------------------
Finished IO Insertion : Time (s): cpu = 00:00:57 ; elapsed = 00:00:58 . Memory (MB): peak = 2063.570 ; gain = 1048.383 ; free physical = 70461 ; free virtual = 178890
---------------------------------------------------------------------------------

Report Check Netlist: 
+------+------------------+-------+---------+-------+------------------+
|      |Item              |Errors |Warnings |Status |Description       |
+------+------------------+-------+---------+-------+------------------+
|1     |multi_driven_nets |      0|        0|Passed |Multi driven nets |
+------+------------------+-------+---------+-------+------------------+
---------------------------------------------------------------------------------
Start Renaming Generated Instances
---------------------------------------------------------------------------------
---------------------------------------------------------------------------------
Finished Renaming Generated Instances : Time (s): cpu = 00:00:57 ; elapsed = 00:00:58 . Memory (MB): peak = 2063.570 ; gain = 1048.383 ; free physical = 70461 ; free virtual = 178890
---------------------------------------------------------------------------------

Report RTL Partitions: 
+-+--------------+------------+----------+
| |RTL Partition |Replication |Instances |
+-+--------------+------------+----------+
+-+--------------+------------+----------+
---------------------------------------------------------------------------------
Start Rebuilding User Hierarchy
---------------------------------------------------------------------------------
---------------------------------------------------------------------------------
Finished Rebuilding User Hierarchy : Time (s): cpu = 00:00:57 ; elapsed = 00:00:58 . Memory (MB): peak = 2063.570 ; gain = 1048.383 ; free physical = 70461 ; free virtual = 178890
---------------------------------------------------------------------------------
---------------------------------------------------------------------------------
Start Renaming Generated Ports
---------------------------------------------------------------------------------
---------------------------------------------------------------------------------
Finished Renaming Generated Ports : Time (s): cpu = 00:00:57 ; elapsed = 00:00:58 . Memory (MB): peak = 2063.570 ; gain = 1048.383 ; free physical = 70461 ; free virtual = 178890
---------------------------------------------------------------------------------
---------------------------------------------------------------------------------
Start Handling Custom Attributes
---------------------------------------------------------------------------------
---------------------------------------------------------------------------------
Finished Handling Custom Attributes : Time (s): cpu = 00:00:57 ; elapsed = 00:00:58 . Memory (MB): peak = 2063.570 ; gain = 1048.383 ; free physical = 70461 ; free virtual = 178890
---------------------------------------------------------------------------------
---------------------------------------------------------------------------------
Start Renaming Generated Nets
---------------------------------------------------------------------------------
---------------------------------------------------------------------------------
Finished Renaming Generated Nets : Time (s): cpu = 00:00:57 ; elapsed = 00:00:58 . Memory (MB): peak = 2063.570 ; gain = 1048.383 ; free physical = 70461 ; free virtual = 178890
---------------------------------------------------------------------------------
---------------------------------------------------------------------------------
Start Writing Synthesis Report
---------------------------------------------------------------------------------

Report BlackBoxes: 
+-+--------------+----------+
| |BlackBox name |Instances |
+-+--------------+----------+
+-+--------------+----------+

Report Cell Usage: 
+------+-------+------+
|      |Cell   |Count |
+------+-------+------+
|1     |CARRY4 |     8|
|2     |LUT1   |    32|
|3     |LUT2   |     4|
|4     |LUT3   |     5|
|5     |LUT4   |   105|
|6     |LUT5   |   254|
|7     |LUT6   |   215|
|8     |FDCE   |   626|
+------+-------+------+

Report Instance Areas: 
+------+---------+--------+------+
|      |Instance |Module  |Cells |
+------+---------+--------+------+
|1     |top      |        |  1249|
|2     |  inst   |dut_120 |  1249|
+------+---------+--------+------+
---------------------------------------------------------------------------------
Finished Writing Synthesis Report : Time (s): cpu = 00:00:57 ; elapsed = 00:00:58 . Memory (MB): peak = 2063.570 ; gain = 1048.383 ; free physical = 70461 ; free virtual = 178890
---------------------------------------------------------------------------------
Synthesis finished with 0 errors, 0 critical warnings and 0 warnings.
Synthesis Optimization Runtime : Time (s): cpu = 00:00:21 ; elapsed = 00:00:21 . Memory (MB): peak = 2063.570 ; gain = 115.473 ; free physical = 70461 ; free virtual = 178890
Synthesis Optimization Complete : Time (s): cpu = 00:00:57 ; elapsed = 00:00:58 . Memory (MB): peak = 2063.570 ; gain = 1048.383 ; free physical = 70461 ; free virtual = 178890
INFO: [Project 1-571] Translating synthesized netlist
INFO: [Netlist 29-17] Analyzing 8 Unisim elements for replacement
INFO: [Netlist 29-28] Unisim Transformation completed in 0 CPU seconds
WARNING: [Netlist 29-101] Netlist 'b2000t_c2c_bram_dut_120_1_0' is not ideal for floorplanning, since the cellview 'dut_120' contains a large number of primitives.  Please consider enabling hierarchy in synthesis if you want to do floorplanning.
INFO: [Project 1-570] Preparing netlist for logic optimization
INFO: [Opt 31-138] Pushed 0 inverter(s) to 0 load pin(s).
INFO: [Project 1-111] Unisim Transformation Summary:
No Unisim elements were transformed.

INFO: [Common 17-83] Releasing license: Synthesis
235 Infos, 2 Warnings, 0 Critical Warnings and 0 Errors encountered.
synth_design completed successfully
synth_design: Time (s): cpu = 00:00:56 ; elapsed = 00:00:57 . Memory (MB): peak = 2063.570 ; gain = 946.879 ; free physical = 70433 ; free virtual = 178862
INFO: [Common 17-1381] The checkpoint '/home/wesleyguo/github/vivado/vivado/2000t_c2c_bram/b2000t_c2c_bram/b2000t_c2c_bram.runs/b2000t_c2c_bram_dut_120_1_0_synth_1/b2000t_c2c_bram_dut_120_1_0.dcp' has been generated.
INFO: [Common 17-1381] The checkpoint '/home/wesleyguo/github/vivado/vivado/2000t_c2c_bram/b2000t_c2c_bram/b2000t_c2c_bram.runs/b2000t_c2c_bram_dut_120_1_0_synth_1/b2000t_c2c_bram_dut_120_1_0.dcp' has been generated.
report_utilization: Time (s): cpu = 00:00:00.12 ; elapsed = 00:00:00.16 . Memory (MB): peak = 2093.582 ; gain = 0.000 ; free physical = 70430 ; free virtual = 178860
INFO: [Common 17-206] Exiting Vivado at Wed Jun 28 15:37:44 2017...
