
*** Running vivado
    with args -log jtag_axi_system_ila_0.vds -m64 -product Vivado -mode batch -messageDb vivado.pb -notrace -source jtag_axi_system_ila_0.tcl


****** Vivado v2016.4 (64-bit)
  **** SW Build 1733598 on Wed Dec 14 22:35:42 MST 2016
  **** IP Build 1731160 on Wed Dec 14 23:47:21 MST 2016
    ** Copyright 1986-2016 Xilinx, Inc. All Rights Reserved.

source jtag_axi_system_ila_0.tcl -notrace
Starting RTL Elaboration : Time (s): cpu = 00:00:15 ; elapsed = 00:00:15 . Memory (MB): peak = 1308.184 ; gain = 293.000 ; free physical = 91845 ; free virtual = 194397
INFO: [Synth 8-638] synthesizing module 'jtag_axi_system_ila_0' [/home/wesleyguo/github/vivado/vivado/jtag_c2c/jtag_c2c/jtag_c2c.srcs/sources_1/bd/jtag_axi/ip/jtag_axi_system_ila_0/synth/jtag_axi_system_ila_0.v:203]
INFO: [Synth 8-638] synthesizing module 'bd_7f6b' [/home/wesleyguo/github/vivado/vivado/jtag_c2c/jtag_c2c/jtag_c2c.srcs/sources_1/bd/jtag_axi/ip/jtag_axi_system_ila_0/bd_0/hdl/bd_7f6b.v:13]
INFO: [Synth 8-638] synthesizing module 'bd_7f6b_g_inst_0' [/home/wesleyguo/github/vivado/vivado/jtag_c2c/jtag_c2c/jtag_c2c.srcs/sources_1/bd/jtag_axi/ip/jtag_axi_system_ila_0/bd_0/ip/ip_1/synth/bd_7f6b_g_inst_0.v:113]
INFO: [Synth 8-638] synthesizing module 'bd_7f6b_g_inst_0_gigantic_mux' [/home/wesleyguo/github/vivado/vivado/jtag_c2c/jtag_c2c/jtag_c2c.srcs/sources_1/bd/jtag_axi/ip/jtag_axi_system_ila_0/bd_0/ip/ip_1/bd_7f6b_g_inst_0_gigantic_mux.v:63]
INFO: [Synth 8-256] done synthesizing module 'bd_7f6b_g_inst_0_gigantic_mux' (1#1) [/home/wesleyguo/github/vivado/vivado/jtag_c2c/jtag_c2c/jtag_c2c.srcs/sources_1/bd/jtag_axi/ip/jtag_axi_system_ila_0/bd_0/ip/ip_1/bd_7f6b_g_inst_0_gigantic_mux.v:63]
INFO: [Synth 8-256] done synthesizing module 'bd_7f6b_g_inst_0' (2#1) [/home/wesleyguo/github/vivado/vivado/jtag_c2c/jtag_c2c/jtag_c2c.srcs/sources_1/bd/jtag_axi/ip/jtag_axi_system_ila_0/bd_0/ip/ip_1/synth/bd_7f6b_g_inst_0.v:113]
INFO: [Synth 8-638] synthesizing module 'bd_7f6b_ila_lib_0' [/home/wesleyguo/github/vivado/vivado/jtag_c2c/jtag_c2c/jtag_c2c.srcs/sources_1/bd/jtag_axi/ip/jtag_axi_system_ila_0/bd_0/ip/ip_0/synth/bd_7f6b_ila_lib_0.v:84]
INFO: [Synth 8-638] synthesizing module 'CFGLUT5' [/home/vivado/vivado201604/Vivado/2016.4/scripts/rt/data/unisim_comp.v:998]
INFO: [Synth 8-256] done synthesizing module 'CFGLUT5' (10#1) [/home/vivado/vivado201604/Vivado/2016.4/scripts/rt/data/unisim_comp.v:998]
INFO: [Synth 8-638] synthesizing module 'CARRY4' [/home/vivado/vivado201604/Vivado/2016.4/scripts/rt/data/unisim_comp.v:961]
INFO: [Synth 8-256] done synthesizing module 'CARRY4' (11#1) [/home/vivado/vivado201604/Vivado/2016.4/scripts/rt/data/unisim_comp.v:961]
INFO: [Synth 8-638] synthesizing module 'SRLC32E' [/home/vivado/vivado201604/Vivado/2016.4/scripts/rt/data/unisim_comp.v:43478]
INFO: [Synth 8-256] done synthesizing module 'SRLC32E' (21#1) [/home/vivado/vivado201604/Vivado/2016.4/scripts/rt/data/unisim_comp.v:43478]
INFO: [Synth 8-638] synthesizing module 'SRL16E' [/home/vivado/vivado201604/Vivado/2016.4/scripts/rt/data/unisim_comp.v:43328]
INFO: [Synth 8-256] done synthesizing module 'SRL16E' (23#1) [/home/vivado/vivado201604/Vivado/2016.4/scripts/rt/data/unisim_comp.v:43328]
INFO: [Synth 8-638] synthesizing module 'SRLC16E' [/home/vivado/vivado201604/Vivado/2016.4/scripts/rt/data/unisim_comp.v:43417]
INFO: [Synth 8-256] done synthesizing module 'SRLC16E' (25#1) [/home/vivado/vivado201604/Vivado/2016.4/scripts/rt/data/unisim_comp.v:43417]
INFO: [Synth 8-638] synthesizing module 'FDRE' [/home/vivado/vivado201604/Vivado/2016.4/scripts/rt/data/unisim_comp.v:3964]
INFO: [Synth 8-256] done synthesizing module 'FDRE' (30#1) [/home/vivado/vivado201604/Vivado/2016.4/scripts/rt/data/unisim_comp.v:3964]
INFO: [Synth 8-256] done synthesizing module 'bd_7f6b_ila_lib_0' (48#1) [/home/wesleyguo/github/vivado/vivado/jtag_c2c/jtag_c2c/jtag_c2c.srcs/sources_1/bd/jtag_axi/ip/jtag_axi_system_ila_0/bd_0/ip/ip_0/synth/bd_7f6b_ila_lib_0.v:84]
INFO: [Synth 8-256] done synthesizing module 'bd_7f6b' (49#1) [/home/wesleyguo/github/vivado/vivado/jtag_c2c/jtag_c2c/jtag_c2c.srcs/sources_1/bd/jtag_axi/ip/jtag_axi_system_ila_0/bd_0/hdl/bd_7f6b.v:13]
INFO: [Synth 8-256] done synthesizing module 'jtag_axi_system_ila_0' (50#1) [/home/wesleyguo/github/vivado/vivado/jtag_c2c/jtag_c2c/jtag_c2c.srcs/sources_1/bd/jtag_axi/ip/jtag_axi_system_ila_0/synth/jtag_axi_system_ila_0.v:203]
Finished RTL Elaboration : Time (s): cpu = 00:01:15 ; elapsed = 00:01:16 . Memory (MB): peak = 1619.000 ; gain = 603.816 ; free physical = 90327 ; free virtual = 192881
Finished RTL Optimization Phase 1 : Time (s): cpu = 00:01:16 ; elapsed = 00:01:17 . Memory (MB): peak = 1619.000 ; gain = 603.816 ; free physical = 90327 ; free virtual = 192880
INFO: [Device 21-403] Loading part xc7z045ffv900-2
Constraint Validation Runtime : Time (s): cpu = 00:00:00.11 ; elapsed = 00:00:00.10 . Memory (MB): peak = 1807.027 ; gain = 0.004 ; free physical = 90212 ; free virtual = 192771
Finished Constraint Validation : Time (s): cpu = 00:01:32 ; elapsed = 00:01:33 . Memory (MB): peak = 1807.027 ; gain = 791.844 ; free physical = 90113 ; free virtual = 192672
Finished Loading Part and Timing Information : Time (s): cpu = 00:01:32 ; elapsed = 00:01:33 . Memory (MB): peak = 1807.027 ; gain = 791.844 ; free physical = 90113 ; free virtual = 192672
Finished applying 'set_property' XDC Constraints : Time (s): cpu = 00:01:33 ; elapsed = 00:01:34 . Memory (MB): peak = 1807.027 ; gain = 791.844 ; free physical = 90015 ; free virtual = 192574
Finished RTL Optimization Phase 2 : Time (s): cpu = 00:01:36 ; elapsed = 00:01:36 . Memory (MB): peak = 1807.027 ; gain = 791.844 ; free physical = 89850 ; free virtual = 192408
Finished Cross Boundary and Area Optimization : Time (s): cpu = 00:01:42 ; elapsed = 00:01:43 . Memory (MB): peak = 1807.027 ; gain = 791.844 ; free physical = 89618 ; free virtual = 192177
Finished Applying XDC Timing Constraints : Time (s): cpu = 00:01:55 ; elapsed = 00:01:56 . Memory (MB): peak = 1807.027 ; gain = 791.844 ; free physical = 89581 ; free virtual = 192140
Finished Timing Optimization : Time (s): cpu = 00:01:55 ; elapsed = 00:01:56 . Memory (MB): peak = 1807.027 ; gain = 791.844 ; free physical = 89557 ; free virtual = 192116
Finished Technology Mapping : Time (s): cpu = 00:01:56 ; elapsed = 00:01:57 . Memory (MB): peak = 1807.027 ; gain = 791.844 ; free physical = 89423 ; free virtual = 191982
Finished IO Insertion : Time (s): cpu = 00:01:56 ; elapsed = 00:01:58 . Memory (MB): peak = 1807.027 ; gain = 791.844 ; free physical = 89390 ; free virtual = 191949
Finished Renaming Generated Instances : Time (s): cpu = 00:01:56 ; elapsed = 00:01:58 . Memory (MB): peak = 1807.027 ; gain = 791.844 ; free physical = 89390 ; free virtual = 191949
Finished Rebuilding User Hierarchy : Time (s): cpu = 00:01:57 ; elapsed = 00:01:58 . Memory (MB): peak = 1807.027 ; gain = 791.844 ; free physical = 89390 ; free virtual = 191949
Finished Renaming Generated Ports : Time (s): cpu = 00:01:57 ; elapsed = 00:01:58 . Memory (MB): peak = 1807.027 ; gain = 791.844 ; free physical = 89390 ; free virtual = 191949
Finished Handling Custom Attributes : Time (s): cpu = 00:01:57 ; elapsed = 00:01:58 . Memory (MB): peak = 1807.027 ; gain = 791.844 ; free physical = 89390 ; free virtual = 191949
Finished Renaming Generated Nets : Time (s): cpu = 00:01:57 ; elapsed = 00:01:58 . Memory (MB): peak = 1807.027 ; gain = 791.844 ; free physical = 89390 ; free virtual = 191949

Report Cell Usage: 
+------+---------+------+
|      |Cell     |Count |
+------+---------+------+
|1     |CARRY4   |    39|
|2     |CFGLUT5  |   123|
|3     |LUT1     |    18|
|4     |LUT2     |    59|
|5     |LUT3     |    94|
|6     |LUT4     |   119|
|7     |LUT5     |   119|
|8     |LUT6     |   426|
|9     |MUXF7    |    17|
|10    |RAMB36E1 |     4|
|11    |SRL16E   |   138|
|12    |SRLC16E  |     2|
|13    |SRLC32E  |    17|
|14    |FDRE     |  1608|
|15    |FDSE     |     9|
+------+---------+------+
Finished Writing Synthesis Report : Time (s): cpu = 00:01:57 ; elapsed = 00:01:58 . Memory (MB): peak = 1807.027 ; gain = 791.844 ; free physical = 89390 ; free virtual = 191949
synth_design: Time (s): cpu = 00:01:52 ; elapsed = 00:01:53 . Memory (MB): peak = 1807.027 ; gain = 623.340 ; free physical = 89389 ; free virtual = 191948
