18:34:50 INFO  : Registering command handlers for SDK TCF services
18:34:52 INFO  : Launching XSCT server: xsct -n -interactive /home/wesleyguo/github/vivado/vivado/jtag_c2c/jtag_c2c/jtag_c2c.sdk/temp_xsdb_launch_script.tcl
18:34:53 INFO  : XSCT server has started successfully.
18:34:53 INFO  : Successfully done setting XSCT server connection channel  
18:34:53 INFO  : Successfully done setting SDK workspace  
18:34:53 INFO  : Processing command line option -hwspec /home/wesleyguo/github/vivado/vivado/jtag_c2c/jtag_c2c/jtag_c2c.sdk/jtag_axi_wrapper.hdf.
18:45:50 INFO  : Invoking Bootgen: bootgen -image FSBL.bif -arch zynq -o /home/wesleyguo/github/vivado/vivado/jtag_c2c/jtag_c2c/jtag_c2c.sdk/FSBL/bootimage/BOOT.bin
18:45:50 INFO  : Creating new bif file /home/wesleyguo/github/vivado/vivado/jtag_c2c/jtag_c2c/jtag_c2c.sdk/FSBL/bootimage/FSBL.bif
18:45:51 INFO  : Bootgen command execution is done.
19:30:41 INFO  : Invoking Bootgen: bootgen -image output.bif -arch zynq -o /home/mnt/hyper-ftp/wesleyguo/BOOT.bin -w on
19:30:41 INFO  : Creating new bif file /home/mnt/hyper-ftp/wesleyguo/output.bif
19:30:43 INFO  : Bootgen command execution is done.
14:41:06 INFO  : Launching XSCT server: xsct -n -interactive /home/wesleyguo/github/vivado/vivado/jtag_c2c/jtag_c2c/jtag_c2c.sdk/temp_xsdb_launch_script.tcl
14:41:07 INFO  : XSCT server has started successfully.
14:41:08 INFO  : Successfully done setting XSCT server connection channel  
14:41:08 INFO  : Successfully done setting SDK workspace  
14:41:14 INFO  : Registering command handlers for SDK TCF services
14:41:14 INFO  : Processing command line option -hwspec /home/wesleyguo/github/vivado/vivado/jtag_c2c/jtag_c2c/jtag_c2c.sdk/jtag_axi_wrapper.hdf.
14:41:14 INFO  : Checking for hwspec changes in the project jtag_axi_wrapper_hw_platform_0.
14:41:14 INFO  : SDK has detected change in the last modified timestamps for source hardware specification file Source:1498260562000,  Project:1498245985000
14:41:14 INFO  : The hardware specification for project 'jtag_axi_wrapper_hw_platform_0' is different from /home/wesleyguo/github/vivado/vivado/jtag_c2c/jtag_c2c/jtag_c2c.sdk/jtag_axi_wrapper.hdf.
14:41:14 INFO  : Copied contents of /home/wesleyguo/github/vivado/vivado/jtag_c2c/jtag_c2c/jtag_c2c.sdk/jtag_axi_wrapper.hdf into /jtag_axi_wrapper_hw_platform_0/system.hdf.
14:41:24 INFO  : Synchronizing projects in the workspace with the hardware platform specification changes.
14:41:25 INFO  : 
14:41:26 INFO  : Updating hardware inferred compiler options for FSBL.
14:41:26 INFO  : Clearing existing target manager status.
14:41:28 INFO  : Closing and re-opening the MSS file of ther project FSBL_bsp
14:41:29 INFO  : Workspace synchronized with the new hardware specification file. Cleaning dependent projects...
14:41:30 WARN  : Linker script will not be updated automatically. Users need to update it manually.
14:42:03 INFO  : Invoking Bootgen: bootgen -image FSBL.bif -arch zynq -o /home/wesleyguo/github/vivado/vivado/jtag_c2c/jtag_c2c/jtag_c2c.sdk/FSBL/bootimage/BOOT.bin -w on
14:42:04 INFO  : Bootgen command execution is done.
