#-----------------------------------------------------------
# Vivado v2016.4 (64-bit)
# SW Build 1733598 on Wed Dec 14 22:35:42 MST 2016
# IP Build 1731160 on Wed Dec 14 23:47:21 MST 2016
# Start of session at: Mon Jun 26 17:01:53 2017
# Process ID: 135109
# Current directory: /home/wesleyguo/github/vivado/vivado/ip/dut/jack_120/jack
# Command line: vivado jack.xpr
# Log file: /home/wesleyguo/github/vivado/vivado/ip/dut/jack_120/jack/vivado.log
# Journal file: /home/wesleyguo/github/vivado/vivado/ip/dut/jack_120/jack/vivado.jou
#-----------------------------------------------------------
start_gui
open_project jack.xpr
INFO: [Project 1-313] Project file moved from '/home/wesleyguo/github/vivado/vivado/ip/dut/jack/jack' since last save.
Scanning sources...
Finished scanning sources
WARNING: [filemgmt 56-3] IP Repository Path: Could not find the directory '/home/wesleyguo/github/vivado/vivado/b2000t_jtag_axi_loopback/b2000t_jtag_axi_loopback/b2000t_jtag_axi_loopback.srcs/sources_1'.
INFO: [IP_Flow 19-234] Refreshing IP repositories
INFO: [IP_Flow 19-1700] Loaded user IP repository '/home/wesleyguo/github/vivado/vivado/ip/dut/jack_120/jack/jack.srcs/sources_1/imports/sources_1'.
WARNING: [IP_Flow 19-2248] Failed to load user IP repository '/home/wesleyguo/github/vivado/vivado/b2000t_jtag_axi_loopback/b2000t_jtag_axi_loopback/b2000t_jtag_axi_loopback.srcs/sources_1'; Can't find the specified path.
If this directory should no longer be in your list of user repositories, go to the IP Settings dialog and remove it.
INFO: [IP_Flow 19-2313] Loaded Vivado IP repository '/home/vivado/vivado201604/Vivado/2016.4/data/ip'.
update_compile_order -fileset sources_1
update_compile_order -fileset sim_1
ipx::open_ipxact_file /home/wesleyguo/github/vivado/vivado/ip/dut/jack_120/jack/jack.srcs/sources_1/imports/sources_1/component.xml
reset_run synth_1
launch_runs synth_1 -jobs 24
INFO: [HDL 9-2216] Analyzing Verilog file "/home/wesleyguo/github/vivado/vivado/ip/dut/jack_120/jack/jack.srcs/sources_1/imports/sources_1/jack.v" into library work [/home/wesleyguo/github/vivado/vivado/ip/dut/jack_120/jack/jack.srcs/sources_1/imports/sources_1/jack.v:1]
[Mon Jun 26 17:13:06 2017] Launched synth_1...
Run output will be captured here: /home/wesleyguo/github/vivado/vivado/ip/dut/jack_120/jack/jack.runs/synth_1/runme.log
launch_runs impl_1 -jobs 24
[Mon Jun 26 17:14:02 2017] Launched impl_1...
Run output will be captured here: /home/wesleyguo/github/vivado/vivado/ip/dut/jack_120/jack/jack.runs/impl_1/runme.log
WARNING: [IP_Flow 19-3899] Cannot get the environment domain name variable for the component vendor name. Setting the vendor name to 'user.org'.
ipx::package_project -root_dir /home/wesleyguo/github/vivado/vivado/ip/dut/jack_120/jack/jack.srcs/sources_1/imports/sources_1 -vendor user.org -library user -taxonomy /UserIP -force
set_property core_revision 2 [ipx::current_core]
ipx::create_xgui_files [ipx::current_core]
ipx::update_checksums [ipx::current_core]
ipx::save_core [ipx::current_core]
update_ip_catalog -rebuild -repo_path /home/wesleyguo/github/vivado/vivado/ip/dut/jack_120/jack/jack.srcs/sources_1/imports/sources_1
INFO: [IP_Flow 19-725] Reloaded user IP repository '/home/wesleyguo/github/vivado/vivado/ip/dut/jack_120/jack/jack.srcs/sources_1/imports/sources_1'
remove_files  /home/wesleyguo/github/vivado/vivado/ip/dut/jack_120/jack/jack.srcs/sources_1/imports/sources_1/jack.v
update_compile_order -fileset sources_1
update_compile_order -fileset sim_1
add_files -norecurse /home/wesleyguo/github/vivado/vivado/ip/dut/jack_120/jack/jack.srcs/sources_1/imports/sources_1/jack_120.v
WARNING: [IP_Flow 19-3899] Cannot get the environment domain name variable for the component vendor name. Setting the vendor name to 'user.org'.
ipx::package_project -root_dir /home/wesleyguo/github/vivado/vivado/ip/dut/jack_120/jack/jack.srcs/sources_1/imports/sources_1 -vendor user.org -library user -taxonomy /UserIP -force
set_property core_revision 2 [ipx::current_core]
ipx::create_xgui_files [ipx::current_core]
ipx::update_checksums [ipx::current_core]
ipx::save_core [ipx::current_core]
update_ip_catalog -rebuild -repo_path /home/wesleyguo/github/vivado/vivado/ip/dut/jack_120/jack/jack.srcs/sources_1/imports/sources_1
INFO: [IP_Flow 19-725] Reloaded user IP repository '/home/wesleyguo/github/vivado/vivado/ip/dut/jack_120/jack/jack.srcs/sources_1/imports/sources_1'
set_property core_revision 3 [ipx::current_core]
ipx::create_xgui_files [ipx::current_core]
ipx::update_checksums [ipx::current_core]
ipx::save_core [ipx::current_core]
update_ip_catalog -rebuild -repo_path /home/wesleyguo/github/vivado/vivado/ip/dut/jack_120/jack/jack.srcs/sources_1/imports/sources_1
INFO: [IP_Flow 19-725] Reloaded user IP repository '/home/wesleyguo/github/vivado/vivado/ip/dut/jack_120/jack/jack.srcs/sources_1/imports/sources_1'
set_property core_revision 4 [ipx::current_core]
ipx::create_xgui_files [ipx::current_core]
ipx::update_checksums [ipx::current_core]
ipx::save_core [ipx::current_core]
update_ip_catalog -rebuild -repo_path /home/wesleyguo/github/vivado/vivado/ip/dut/jack_120/jack/jack.srcs/sources_1/imports/sources_1
INFO: [IP_Flow 19-725] Reloaded user IP repository '/home/wesleyguo/github/vivado/vivado/ip/dut/jack_120/jack/jack.srcs/sources_1/imports/sources_1'
save_project_as jack_120_inoutmodule /home/wesleyguo/github/vivado/vivado/ip/dut/jack_120_inoutmodule/jack/jack_120_inoutmodule -force
update_compile_order -fileset sources_1
update_compile_order -fileset sim_1
remove_files  /home/wesleyguo/github/vivado/vivado/ip/dut/jack_120_inoutmodule/jack/jack_120_inoutmodule/jack_120_inoutmodule.srcs/sources_1/imports/sources_1/jack_120.v
update_compile_order -fileset sources_1
update_compile_order -fileset sim_1
add_files -norecurse /home/wesleyguo/github/vivado/vivado/ip/dut/jack_120_inoutmodule/jack/jack_120_inoutmodule/jack_120_inoutmodule.srcs/sources_1/imports/sources_1/jack_120_inoutmodule.v
reset_run synth_1
launch_runs impl_1 -jobs 24
[Thu Jun 29 09:43:52 2017] Launched synth_1...
Run output will be captured here: /home/wesleyguo/github/vivado/vivado/ip/dut/jack_120_inoutmodule/jack/jack_120_inoutmodule/jack_120_inoutmodule.runs/synth_1/runme.log
[Thu Jun 29 09:43:52 2017] Launched impl_1...
Run output will be captured here: /home/wesleyguo/github/vivado/vivado/ip/dut/jack_120_inoutmodule/jack/jack_120_inoutmodule/jack_120_inoutmodule.runs/impl_1/runme.log
reset_run synth_1
launch_runs impl_1 -jobs 24
[Thu Jun 29 09:45:21 2017] Launched synth_1...
Run output will be captured here: /home/wesleyguo/github/vivado/vivado/ip/dut/jack_120_inoutmodule/jack/jack_120_inoutmodule/jack_120_inoutmodule.runs/synth_1/runme.log
[Thu Jun 29 09:45:21 2017] Launched impl_1...
Run output will be captured here: /home/wesleyguo/github/vivado/vivado/ip/dut/jack_120_inoutmodule/jack/jack_120_inoutmodule/jack_120_inoutmodule.runs/impl_1/runme.log
close_project
open_project /home/wesleyguo/github/vivado/vivado/ip/dut/jack_120/jack/jack.xpr
Scanning sources...
Finished scanning sources
WARNING: [filemgmt 56-3] IP Repository Path: Could not find the directory '/home/wesleyguo/github/vivado/vivado/b2000t_jtag_axi_loopback/b2000t_jtag_axi_loopback/b2000t_jtag_axi_loopback.srcs/sources_1'.
INFO: [IP_Flow 19-234] Refreshing IP repositories
INFO: [IP_Flow 19-1700] Loaded user IP repository '/home/wesleyguo/github/vivado/vivado/ip/dut/jack_120/jack/jack.srcs/sources_1/imports/sources_1'.
WARNING: [IP_Flow 19-2248] Failed to load user IP repository '/home/wesleyguo/github/vivado/vivado/b2000t_jtag_axi_loopback/b2000t_jtag_axi_loopback/b2000t_jtag_axi_loopback.srcs/sources_1'; Can't find the specified path.
If this directory should no longer be in your list of user repositories, go to the IP Settings dialog and remove it.
INFO: [IP_Flow 19-2313] Loaded Vivado IP repository '/home/vivado/vivado201604/Vivado/2016.4/data/ip'.
update_compile_order -fileset sources_1
update_compile_order -fileset sim_1
update_compile_order -fileset sources_1
update_compile_order -fileset sim_1
WARNING: [IP_Flow 19-3899] Cannot get the environment domain name variable for the component vendor name. Setting the vendor name to 'user.org'.
ipx::package_project -root_dir /home/wesleyguo/github/vivado/vivado/ip/dut/jack_120/jack/jack.srcs/sources_1/imports/sources_1 -vendor user.org -library user -taxonomy /UserIP -force
set_property core_revision 2 [ipx::current_core]
ipx::create_xgui_files [ipx::current_core]
ipx::update_checksums [ipx::current_core]
ipx::save_core [ipx::current_core]
update_ip_catalog -rebuild -repo_path /home/wesleyguo/github/vivado/vivado/ip/dut/jack_120/jack/jack.srcs/sources_1/imports/sources_1
INFO: [IP_Flow 19-725] Reloaded user IP repository '/home/wesleyguo/github/vivado/vivado/ip/dut/jack_120/jack/jack.srcs/sources_1/imports/sources_1'
reset_run synth_1
launch_runs impl_1 -jobs 24
[Thu Jun 29 09:54:53 2017] Launched synth_1...
Run output will be captured here: /home/wesleyguo/github/vivado/vivado/ip/dut/jack_120/jack/jack.runs/synth_1/runme.log
[Thu Jun 29 09:54:53 2017] Launched impl_1...
Run output will be captured here: /home/wesleyguo/github/vivado/vivado/ip/dut/jack_120/jack/jack.runs/impl_1/runme.log
set_property core_revision 3 [ipx::current_core]
ipx::create_xgui_files [ipx::current_core]
ipx::update_checksums [ipx::current_core]
ipx::save_core [ipx::current_core]
update_ip_catalog -rebuild -repo_path /home/wesleyguo/github/vivado/vivado/ip/dut/jack_120/jack/jack.srcs/sources_1/imports/sources_1
INFO: [IP_Flow 19-725] Reloaded user IP repository '/home/wesleyguo/github/vivado/vivado/ip/dut/jack_120/jack/jack.srcs/sources_1/imports/sources_1'
open_run synth_1 -name synth_1
Design is defaulting to impl run constrset: constrs_1
Design is defaulting to synth run part: xc7v2000tflg1925-1
INFO: [Netlist 29-17] Analyzing 302 Unisim elements for replacement
INFO: [Netlist 29-28] Unisim Transformation completed in 0 CPU seconds
INFO: [Project 1-479] Netlist was created with Vivado 2016.4
INFO: [Device 21-403] Loading part xc7v2000tflg1925-1
INFO: [Project 1-570] Preparing netlist for logic optimization
INFO: [Opt 31-138] Pushed 0 inverter(s) to 0 load pin(s).
INFO: [Project 1-111] Unisim Transformation Summary:
  A total of 120 instances were transformed.
  IOBUF => IOBUF (IBUF, OBUFT): 120 instances

open_run: Time (s): cpu = 00:00:51 ; elapsed = 00:00:36 . Memory (MB): peak = 7348.891 ; gain = 1065.695 ; free physical = 79062 ; free virtual = 189004
reset_run synth_1
launch_runs impl_1 -jobs 24
WARNING: [Project 1-478] Design 'synth_1' is stale and will not be used when launching 'impl_1'
[Thu Jun 29 17:44:21 2017] Launched synth_1...
Run output will be captured here: /home/wesleyguo/github/vivado/vivado/ip/dut/jack_120/jack/jack.runs/synth_1/runme.log
[Thu Jun 29 17:44:21 2017] Launched impl_1...
Run output will be captured here: /home/wesleyguo/github/vivado/vivado/ip/dut/jack_120/jack/jack.runs/impl_1/runme.log
refresh_design
INFO: [Netlist 29-17] Analyzing 302 Unisim elements for replacement
INFO: [Netlist 29-28] Unisim Transformation completed in 0 CPU seconds
INFO: [Project 1-479] Netlist was created with Vivado 2016.4
INFO: [Project 1-570] Preparing netlist for logic optimization
INFO: [Opt 31-138] Pushed 0 inverter(s) to 0 load pin(s).
refresh_design: Time (s): cpu = 00:00:16 ; elapsed = 00:00:06 . Memory (MB): peak = 7895.441 ; gain = 160.820 ; free physical = 79406 ; free virtual = 189339
reset_run synth_1
launch_runs impl_1 -jobs 24
WARNING: [Project 1-478] Design 'synth_1' is stale and will not be used when launching 'impl_1'
[Thu Jun 29 19:26:25 2017] Launched synth_1...
Run output will be captured here: /home/wesleyguo/github/vivado/vivado/ip/dut/jack_120/jack/jack.runs/synth_1/runme.log
[Thu Jun 29 19:26:25 2017] Launched impl_1...
Run output will be captured here: /home/wesleyguo/github/vivado/vivado/ip/dut/jack_120/jack/jack.runs/impl_1/runme.log
refresh_design
INFO: [Netlist 29-17] Analyzing 242 Unisim elements for replacement
INFO: [Netlist 29-28] Unisim Transformation completed in 0 CPU seconds
INFO: [Project 1-479] Netlist was created with Vivado 2016.4
INFO: [Project 1-570] Preparing netlist for logic optimization
INFO: [Opt 31-138] Pushed 0 inverter(s) to 0 load pin(s).
refresh_design: Time (s): cpu = 00:00:15 ; elapsed = 00:00:06 . Memory (MB): peak = 7910.176 ; gain = 14.734 ; free physical = 72910 ; free virtual = 183065
WARNING: [IP_Flow 19-3899] Cannot get the environment domain name variable for the component vendor name. Setting the vendor name to 'user.org'.
ipx::package_project -root_dir /home/wesleyguo/github/vivado/vivado/ip/dut/jack_120/jack/jack.srcs/sources_1/imports/sources_1 -vendor user.org -library user -taxonomy /UserIP -force
set_property core_revision 2 [ipx::current_core]
ipx::create_xgui_files [ipx::current_core]
ipx::update_checksums [ipx::current_core]
ipx::save_core [ipx::current_core]
update_ip_catalog -rebuild -repo_path /home/wesleyguo/github/vivado/vivado/ip/dut/jack_120/jack/jack.srcs/sources_1/imports/sources_1
INFO: [IP_Flow 19-725] Reloaded user IP repository '/home/wesleyguo/github/vivado/vivado/ip/dut/jack_120/jack/jack.srcs/sources_1/imports/sources_1'
WARNING: [IP_Flow 19-3899] Cannot get the environment domain name variable for the component vendor name. Setting the vendor name to 'user.org'.
set_property  ip_repo_paths  /home/wesleyguo/github/vivado/vivado/ip/dut/jack_120/jack/jack.srcs/sources_1/imports/sources_1 [current_project]
update_ip_catalog
INFO: [IP_Flow 19-234] Refreshing IP repositories
INFO: [IP_Flow 19-1700] Loaded user IP repository '/home/wesleyguo/github/vivado/vivado/ip/dut/jack_120/jack/jack.srcs/sources_1/imports/sources_1'.
WARNING: [IP_Flow 19-3899] Cannot get the environment domain name variable for the component vendor name. Setting the vendor name to 'user.org'.
set_property  ip_repo_paths  {} [current_project]
update_ip_catalog
INFO: [IP_Flow 19-234] Refreshing IP repositories
INFO: [IP_Flow 19-1704] No user IP repositories specified
WARNING: [IP_Flow 19-3899] Cannot get the environment domain name variable for the component vendor name. Setting the vendor name to 'user.org'.
WARNING: [IP_Flow 19-3899] Cannot get the environment domain name variable for the component vendor name. Setting the vendor name to 'user.org'.
WARNING: [IP_Flow 19-3899] Cannot get the environment domain name variable for the component vendor name. Setting the vendor name to 'user.org'.
reset_run synth_1
launch_runs synth_1 -jobs 24
INFO: [HDL 9-2216] Analyzing Verilog file "/home/wesleyguo/github/vivado/vivado/ip/dut/jack_120/jack/jack.srcs/sources_1/imports/sources_1/jack_120.v" into library work [/home/wesleyguo/github/vivado/vivado/ip/dut/jack_120/jack/jack.srcs/sources_1/imports/sources_1/jack_120.v:1]
[Fri Jun 30 11:03:33 2017] Launched synth_1...
Run output will be captured here: /home/wesleyguo/github/vivado/vivado/ip/dut/jack_120/jack/jack.runs/synth_1/runme.log
launch_runs impl_1 -jobs 24
WARNING: [Project 1-478] Design 'synth_1' is stale and will not be used when launching 'impl_1'
[Fri Jun 30 11:04:30 2017] Launched impl_1...
Run output will be captured here: /home/wesleyguo/github/vivado/vivado/ip/dut/jack_120/jack/jack.runs/impl_1/runme.log
set_property core_revision 3 [ipx::current_core]
ipx::create_xgui_files [ipx::current_core]
ipx::update_checksums [ipx::current_core]
ipx::save_core [ipx::current_core]
set_property  ip_repo_paths  /home/wesleyguo/github/vivado/vivado/ip/dut/jack_120/jack/jack.srcs/sources_1/imports/sources_1 [current_project]
update_ip_catalog
INFO: [IP_Flow 19-234] Refreshing IP repositories
INFO: [IP_Flow 19-1700] Loaded user IP repository '/home/wesleyguo/github/vivado/vivado/ip/dut/jack_120/jack/jack.srcs/sources_1/imports/sources_1'.
WARNING: [IP_Flow 19-3899] Cannot get the environment domain name variable for the component vendor name. Setting the vendor name to 'user.org'.
exit
INFO: [Common 17-206] Exiting Vivado at Fri Jun 30 12:47:44 2017...
