
*** Running vivado
    with args -log jtag_axi_vio_0_0.vds -m64 -product Vivado -mode batch -messageDb vivado.pb -notrace -source jtag_axi_vio_0_0.tcl


****** Vivado v2016.4 (64-bit)
  **** SW Build 1733598 on Wed Dec 14 22:35:42 MST 2016
  **** IP Build 1731160 on Wed Dec 14 23:47:21 MST 2016
    ** Copyright 1986-2016 Xilinx, Inc. All Rights Reserved.

source jtag_axi_vio_0_0.tcl -notrace
Starting RTL Elaboration : Time (s): cpu = 00:00:10 ; elapsed = 00:00:11 . Memory (MB): peak = 1247.438 ; gain = 232.250 ; free physical = 72574 ; free virtual = 180944
INFO: [Synth 8-638] synthesizing module 'jtag_axi_vio_0_0' [/home/wesleyguo/github/vivado/vivado/jtag_c2c/jtag_c2c/jtag_c2c.srcs/sources_1/bd/jtag_axi/ip/jtag_axi_vio_0_0/synth/jtag_axi_vio_0_0.v:59]
INFO: [Synth 8-256] done synthesizing module 'jtag_axi_vio_0_0' (8#1) [/home/wesleyguo/github/vivado/vivado/jtag_c2c/jtag_c2c/jtag_c2c.srcs/sources_1/bd/jtag_axi/ip/jtag_axi_vio_0_0/synth/jtag_axi_vio_0_0.v:59]
Finished RTL Elaboration : Time (s): cpu = 00:00:15 ; elapsed = 00:00:16 . Memory (MB): peak = 1370.910 ; gain = 355.723 ; free physical = 72448 ; free virtual = 180818
Finished RTL Optimization Phase 1 : Time (s): cpu = 00:00:15 ; elapsed = 00:00:16 . Memory (MB): peak = 1370.910 ; gain = 355.723 ; free physical = 72448 ; free virtual = 180818
INFO: [Device 21-403] Loading part xc7z045ffv900-2
Constraint Validation Runtime : Time (s): cpu = 00:00:00.02 ; elapsed = 00:00:00.01 . Memory (MB): peak = 1705.008 ; gain = 0.004 ; free physical = 72276 ; free virtual = 180647
Finished Constraint Validation : Time (s): cpu = 00:00:27 ; elapsed = 00:00:28 . Memory (MB): peak = 1705.008 ; gain = 689.820 ; free physical = 72276 ; free virtual = 180646
Finished Loading Part and Timing Information : Time (s): cpu = 00:00:27 ; elapsed = 00:00:28 . Memory (MB): peak = 1705.008 ; gain = 689.820 ; free physical = 72276 ; free virtual = 180646
Finished applying 'set_property' XDC Constraints : Time (s): cpu = 00:00:27 ; elapsed = 00:00:28 . Memory (MB): peak = 1705.008 ; gain = 689.820 ; free physical = 72276 ; free virtual = 180646
Finished RTL Optimization Phase 2 : Time (s): cpu = 00:00:28 ; elapsed = 00:00:28 . Memory (MB): peak = 1705.008 ; gain = 689.820 ; free physical = 72270 ; free virtual = 180640
Finished Cross Boundary and Area Optimization : Time (s): cpu = 00:00:28 ; elapsed = 00:00:29 . Memory (MB): peak = 1705.008 ; gain = 689.820 ; free physical = 72256 ; free virtual = 180626
Finished Applying XDC Timing Constraints : Time (s): cpu = 00:00:36 ; elapsed = 00:00:37 . Memory (MB): peak = 1705.008 ; gain = 689.820 ; free physical = 72228 ; free virtual = 180599
Finished Timing Optimization : Time (s): cpu = 00:00:36 ; elapsed = 00:00:37 . Memory (MB): peak = 1705.008 ; gain = 689.820 ; free physical = 72228 ; free virtual = 180599
Finished Technology Mapping : Time (s): cpu = 00:00:36 ; elapsed = 00:00:37 . Memory (MB): peak = 1705.008 ; gain = 689.820 ; free physical = 72220 ; free virtual = 180590
Finished IO Insertion : Time (s): cpu = 00:00:37 ; elapsed = 00:00:38 . Memory (MB): peak = 1705.008 ; gain = 689.820 ; free physical = 72220 ; free virtual = 180590
Finished Renaming Generated Instances : Time (s): cpu = 00:00:37 ; elapsed = 00:00:38 . Memory (MB): peak = 1705.008 ; gain = 689.820 ; free physical = 72220 ; free virtual = 180590
Finished Rebuilding User Hierarchy : Time (s): cpu = 00:00:37 ; elapsed = 00:00:38 . Memory (MB): peak = 1705.008 ; gain = 689.820 ; free physical = 72220 ; free virtual = 180590
Finished Renaming Generated Ports : Time (s): cpu = 00:00:37 ; elapsed = 00:00:38 . Memory (MB): peak = 1705.008 ; gain = 689.820 ; free physical = 72220 ; free virtual = 180590
Finished Handling Custom Attributes : Time (s): cpu = 00:00:37 ; elapsed = 00:00:38 . Memory (MB): peak = 1705.008 ; gain = 689.820 ; free physical = 72219 ; free virtual = 180589
Finished Renaming Generated Nets : Time (s): cpu = 00:00:37 ; elapsed = 00:00:38 . Memory (MB): peak = 1705.008 ; gain = 689.820 ; free physical = 72219 ; free virtual = 180589

Report Cell Usage: 
+------+-----+------+
|      |Cell |Count |
+------+-----+------+
|1     |LUT1 |     1|
|2     |LUT2 |     5|
|3     |LUT3 |    49|
|4     |LUT4 |    13|
|5     |LUT5 |     7|
|6     |LUT6 |    29|
|7     |FDRE |   163|
|8     |FDSE |     7|
+------+-----+------+
Finished Writing Synthesis Report : Time (s): cpu = 00:00:37 ; elapsed = 00:00:38 . Memory (MB): peak = 1705.008 ; gain = 689.820 ; free physical = 72219 ; free virtual = 180589
synth_design: Time (s): cpu = 00:00:34 ; elapsed = 00:00:34 . Memory (MB): peak = 1705.008 ; gain = 580.066 ; free physical = 72208 ; free virtual = 180578
