#-----------------------------------------------------------
# Vivado v2016.4 (64-bit)
# SW Build 1733598 on Wed Dec 14 22:35:42 MST 2016
# IP Build 1731160 on Wed Dec 14 23:47:21 MST 2016
# Start of session at: Mon Jul  3 11:37:44 2017
# Process ID: 137349
# Current directory: /home/wesleyguo/github/vivado/vivado/2000t_c2c_bram/b2000t_c2c_bram
# Command line: vivado
# Log file: /home/wesleyguo/github/vivado/vivado/2000t_c2c_bram/b2000t_c2c_bram/vivado.log
# Journal file: /home/wesleyguo/github/vivado/vivado/2000t_c2c_bram/b2000t_c2c_bram/vivado.jou
#-----------------------------------------------------------
start_gui
open_project /home/wesleyguo/github/vivado/vivado/ip/dut/gpio_loopback_120/gpio_loopback.xpr
Scanning sources...
Finished scanning sources
INFO: [IP_Flow 19-234] Refreshing IP repositories
INFO: [IP_Flow 19-1700] Loaded user IP repository '/home/wesleyguo/github/vivado/vivado/ip/dut/gpio_loopback_120/gpio_loopback.srcs/sources_1/imports/sources_1'.
INFO: [IP_Flow 19-2313] Loaded Vivado IP repository '/home/vivado/vivado201604/Vivado/2016.4/data/ip'.
WARNING: [IP_Flow 19-3899] Cannot get the environment domain name variable for the component vendor name. Setting the vendor name to 'user.org'.
set_property  ip_repo_paths  {} [current_project]
update_ip_catalog
INFO: [IP_Flow 19-234] Refreshing IP repositories
INFO: [IP_Flow 19-1704] No user IP repositories specified
WARNING: [IP_Flow 19-3899] Cannot get the environment domain name variable for the component vendor name. Setting the vendor name to 'user.org'.
WARNING: [IP_Flow 19-3899] Cannot get the environment domain name variable for the component vendor name. Setting the vendor name to 'user.org'.
WARNING: [IP_Flow 19-3899] Cannot get the environment domain name variable for the component vendor name. Setting the vendor name to 'user.org'.
ipx::open_ipxact_file /home/wesleyguo/github/vivado/vivado/ip/dut/gpio_loopback_120/gpio_loopback.srcs/sources_1/imports/sources_1/component.xml
set_property core_revision 5 [ipx::current_core]
ipx::create_xgui_files [ipx::current_core]
ipx::update_checksums [ipx::current_core]
ipx::save_core [ipx::current_core]
set_property  ip_repo_paths  /home/wesleyguo/github/vivado/vivado/ip/dut/gpio_loopback_120/gpio_loopback.srcs/sources_1/imports/sources_1 [current_project]
update_ip_catalog
INFO: [IP_Flow 19-234] Refreshing IP repositories
INFO: [IP_Flow 19-1700] Loaded user IP repository '/home/wesleyguo/github/vivado/vivado/ip/dut/gpio_loopback_120/gpio_loopback.srcs/sources_1/imports/sources_1'.
WARNING: [IP_Flow 19-3899] Cannot get the environment domain name variable for the component vendor name. Setting the vendor name to 'user.org'.
set_property version 1.2 [ipx::current_core]
set_property display_name dut_120_v1_ [ipx::current_core]
set_property description dut_120_v1_12 [ipx::current_core]
set_property display_name dut_120_v1_2 [ipx::current_core]
set_property description dut_120_v1_2 [ipx::current_core]
ipx::remove_user_parameter IDEL [ipx::current_core]
ipx::remove_user_parameter A2B0 [ipx::current_core]
ipx::remove_user_parameter A2B1 [ipx::current_core]
ipx::remove_user_parameter A01B [ipx::current_core]
ipx::remove_user_parameter A10B [ipx::current_core]
ipx::remove_user_parameter B2A0 [ipx::current_core]
ipx::remove_user_parameter B2A1 [ipx::current_core]
ipx::remove_user_parameter B01A [ipx::current_core]
ipx::remove_user_parameter B10A [ipx::current_core]
ipx::remove_user_parameter ENDL [ipx::current_core]
WARNING: [IP_Flow 19-4052] Unable to find the parameter 'PARAM_VALUE.A01B' for the proc 'update_MODELPARAM_VALUE.A01B'.The proc 'update_MODELPARAM_VALUE.A01B' will never be called.Please check and correct the proc
WARNING: [IP_Flow 19-4052] Unable to find the parameter 'PARAM_VALUE.A10B' for the proc 'update_MODELPARAM_VALUE.A10B'.The proc 'update_MODELPARAM_VALUE.A10B' will never be called.Please check and correct the proc
WARNING: [IP_Flow 19-4052] Unable to find the parameter 'PARAM_VALUE.A2B0' for the proc 'update_MODELPARAM_VALUE.A2B0'.The proc 'update_MODELPARAM_VALUE.A2B0' will never be called.Please check and correct the proc
WARNING: [IP_Flow 19-4052] Unable to find the parameter 'PARAM_VALUE.A2B1' for the proc 'update_MODELPARAM_VALUE.A2B1'.The proc 'update_MODELPARAM_VALUE.A2B1' will never be called.Please check and correct the proc
WARNING: [IP_Flow 19-4052] Unable to find the parameter 'PARAM_VALUE.B01A' for the proc 'update_MODELPARAM_VALUE.B01A'.The proc 'update_MODELPARAM_VALUE.B01A' will never be called.Please check and correct the proc
WARNING: [IP_Flow 19-4052] Unable to find the parameter 'PARAM_VALUE.B10A' for the proc 'update_MODELPARAM_VALUE.B10A'.The proc 'update_MODELPARAM_VALUE.B10A' will never be called.Please check and correct the proc
WARNING: [IP_Flow 19-4052] Unable to find the parameter 'PARAM_VALUE.B2A0' for the proc 'update_MODELPARAM_VALUE.B2A0'.The proc 'update_MODELPARAM_VALUE.B2A0' will never be called.Please check and correct the proc
WARNING: [IP_Flow 19-4052] Unable to find the parameter 'PARAM_VALUE.B2A1' for the proc 'update_MODELPARAM_VALUE.B2A1'.The proc 'update_MODELPARAM_VALUE.B2A1' will never be called.Please check and correct the proc
WARNING: [IP_Flow 19-4052] Unable to find the parameter 'PARAM_VALUE.ENDL' for the proc 'update_MODELPARAM_VALUE.ENDL'.The proc 'update_MODELPARAM_VALUE.ENDL' will never be called.Please check and correct the proc
WARNING: [IP_Flow 19-4052] Unable to find the parameter 'PARAM_VALUE.IDEL' for the proc 'update_MODELPARAM_VALUE.IDEL'.The proc 'update_MODELPARAM_VALUE.IDEL' will never be called.Please check and correct the proc
set_property core_revision 6 [ipx::current_core]
ipx::create_xgui_files [ipx::current_core]
ipx::update_checksums [ipx::current_core]
ipx::save_core [ipx::current_core]
update_ip_catalog -rebuild -repo_path /home/wesleyguo/github/vivado/vivado/ip/dut/gpio_loopback_120/gpio_loopback.srcs/sources_1/imports/sources_1
INFO: [IP_Flow 19-725] Reloaded user IP repository '/home/wesleyguo/github/vivado/vivado/ip/dut/gpio_loopback_120/gpio_loopback.srcs/sources_1/imports/sources_1'
WARNING: [IP_Flow 19-3899] Cannot get the environment domain name variable for the component vendor name. Setting the vendor name to 'user.org'.
WARNING: [IP_Flow 19-3899] Cannot get the environment domain name variable for the component vendor name. Setting the vendor name to 'user.org'.
WARNING: [IP_Flow 19-3899] Cannot get the environment domain name variable for the component vendor name. Setting the vendor name to 'user.org'.
set_property STEPS.SYNTH_DESIGN.ARGS.FLATTEN_HIERARCHY full [get_runs synth_1]
WARNING: [IP_Flow 19-3899] Cannot get the environment domain name variable for the component vendor name. Setting the vendor name to 'user.org'.
WARNING: [IP_Flow 19-3899] Cannot get the environment domain name variable for the component vendor name. Setting the vendor name to 'user.org'.
reset_run synth_1
launch_runs impl_1 -jobs 24
[Fri Jul  7 12:03:05 2017] Launched synth_1...
Run output will be captured here: /home/wesleyguo/github/vivado/vivado/ip/dut/gpio_loopback_120/gpio_loopback.runs/synth_1/runme.log
[Fri Jul  7 12:03:05 2017] Launched impl_1...
Run output will be captured here: /home/wesleyguo/github/vivado/vivado/ip/dut/gpio_loopback_120/gpio_loopback.runs/impl_1/runme.log
launch_runs impl_1 -to_step write_bitstream -jobs 24
[Fri Jul  7 12:42:46 2017] Launched impl_1...
Run output will be captured here: /home/wesleyguo/github/vivado/vivado/ip/dut/gpio_loopback_120/gpio_loopback.runs/impl_1/runme.log
WARNING: [IP_Flow 19-3899] Cannot get the environment domain name variable for the component vendor name. Setting the vendor name to 'user.org'.
create_run synth_2 -flow {Vivado Synthesis 2016} -strategy {Vivado Synthesis Defaults}
Run is defaulting to srcset: sources_1
Run is defaulting to constrset: constrs_1
Run is defaulting to part: xc7v2000tflg1925-1
set_property STEPS.SYNTH_DESIGN.ARGS.FLATTEN_HIERARCHY full [get_runs synth_2]
current_run [get_runs synth_2]
set_property STEPS.SYNTH_DESIGN.ARGS.FLATTEN_HIERARCHY none [get_runs synth_2]
WARNING: [IP_Flow 19-3899] Cannot get the environment domain name variable for the component vendor name. Setting the vendor name to 'user.org'.
WARNING: [IP_Flow 19-3899] Cannot get the environment domain name variable for the component vendor name. Setting the vendor name to 'user.org'.
delete_runs "synth_1"
INFO: [Vivado 12-3261] Dependent run, 'impl_1', will be deleted with parent run, 'synth_1'.
open_hw
connect_hw_server -url 192.168.0.44:3121
INFO: [Labtools 27-2285] Connecting to hw_server url TCP:192.168.0.44:3121
current_hw_target [get_hw_targets */xilinx_tcf/Xilinx/000018938f9c01]
ERROR: [Labtoolstcl 44-199] No matching targets found on connected servers: 192.168.0.44
Resolution: If needed connect the desired target to a server and use command refresh_hw_server. Then rerun the get_hw_targets command.
ERROR: [Common 17-39] 'get_hw_targets' failed due to earlier errors.
open_hw_target {192.168.0.44:3121/xilinx_tcf/Xilinx/00001894580501}
INFO: [Labtoolstcl 44-466] Opening hw_target 192.168.0.44:3121/xilinx_tcf/Xilinx/00001894580501
current_hw_device [lindex [get_hw_devices xc7v2000t_0] 0]
refresh_hw_device -update_hw_probes false [lindex [get_hw_devices xc7v2000t_0] 0]
INFO: [Labtools 27-1435] Device xc7v2000t (JTAG device index = 0) is not programmed (DONE status = 0).
exit
INFO: [Common 17-206] Exiting Vivado at Fri Jul  7 15:42:52 2017...
