#-----------------------------------------------------------
# Vivado v2016.4 (64-bit)
# SW Build 1733598 on Wed Dec 14 22:35:42 MST 2016
# IP Build 1731160 on Wed Dec 14 23:47:21 MST 2016
# Start of session at: Mon Jul  3 14:36:38 2017
# Process ID: 21528
# Current directory: /home/wesleyguo/github/vivado/vivado/2000t_c2c_bram/b2000t_c2c_bram
# Command line: vivado
# Log file: /home/wesleyguo/github/vivado/vivado/2000t_c2c_bram/b2000t_c2c_bram/vivado.log
# Journal file: /home/wesleyguo/github/vivado/vivado/2000t_c2c_bram/b2000t_c2c_bram/vivado.jou
#-----------------------------------------------------------
start_gui
open_project /home/wesleyguo/github/vivado/vivado/jtag_c2c/jtag_c2c/jtag_c2c.xpr
Scanning sources...
Finished scanning sources
INFO: [IP_Flow 19-234] Refreshing IP repositories
INFO: [IP_Flow 19-1704] No user IP repositories specified
INFO: [IP_Flow 19-2313] Loaded Vivado IP repository '/home/vivado/vivado201604/Vivado/2016.4/data/ip'.
open_project: Time (s): cpu = 00:00:28 ; elapsed = 00:00:13 . Memory (MB): peak = 6239.023 ; gain = 278.523 ; free physical = 79782 ; free virtual = 190639
open_bd_design {/home/wesleyguo/github/vivado/vivado/jtag_c2c/jtag_c2c/jtag_c2c.srcs/sources_1/bd/jtag_axi/jtag_axi.bd}
Adding cell -- xilinx.com:ip:jtag_axi:1.2 - jtag_axi_0
Adding cell -- xilinx.com:ip:axi_bram_ctrl:4.0 - axi_bram_ctrl_0
Adding cell -- xilinx.com:ip:blk_mem_gen:8.3 - blk_mem_gen_0
Adding cell -- xilinx.com:ip:clk_wiz:5.3 - clk_wiz
Adding cell -- xilinx.com:ip:vio:3.0 - vio_0
Adding cell -- xilinx.com:ip:system_ila:1.0 - system_ila_0
Adding cell -- xilinx.com:ip:axi_chip2chip:4.2 - axi_chip2chip_0
Adding cell -- xilinx.com:ip:aurora_64b66b:11.1 - aurora_64b66b_0
Adding cell -- xilinx.com:ip:xlconstant:1.1 - xlconstant_0
Adding cell -- xilinx.com:ip:proc_sys_reset:5.0 - proc_sys_reset_0
Adding cell -- xilinx.com:ip:processing_system7:5.5 - processing_system7_0
WARNING: [BD 41-1731] Type mismatch between connected pins: /aurora_64b66b_0/mmcm_not_locked_out(undef) and /axi_chip2chip_0/aurora_mmcm_not_locked(rst)
Adding cell -- xilinx.com:ip:axi_crossbar:2.1 - xbar
Adding cell -- xilinx.com:ip:axi_mmu:2.1 - s00_mmu
Adding cell -- xilinx.com:ip:axi_protocol_converter:2.1 - auto_pc
Successfully read diagram <jtag_axi> from BD file </home/wesleyguo/github/vivado/vivado/jtag_c2c/jtag_c2c/jtag_c2c.srcs/sources_1/bd/jtag_axi/jtag_axi.bd>
startgroup
create_bd_cell -type ip -vlnv xilinx.com:ip:axi_traffic_gen:2.0 axi_traffic_gen_0
endgroup
WARNING: [IP_Flow 19-4331] Invalid usage of property - Setting range_value property on PARAM_VALUE.ATG_HLT_CH_SELECT is not allowed in procedure update_gui_for_PARAM_VALUE.TRAFFIC_PROFILE
INFO: [Common 17-1272] Unable to find docnav in current product installation, located docnav in $PATH at '/home/vivado/vivado201701/DocNav/docnav'
INFO: [Common 17-1272] Unable to find docnav in current product installation, located docnav in $PATH at '/home/vivado/vivado201701/DocNav/docnav'
save_bd_design
Wrote  : </home/wesleyguo/github/vivado/vivado/jtag_c2c/jtag_c2c/jtag_c2c.srcs/sources_1/bd/jtag_axi/jtag_axi.bd> 
Wrote  : </home/wesleyguo/github/vivado/vivado/jtag_c2c/jtag_c2c/jtag_c2c.srcs/sources_1/bd/jtag_axi/ui/bd_4ae2cc3.ui> 
delete_bd_objs [get_bd_cells axi_traffic_gen_0]
