Copyright 1986-2016 Xilinx, Inc. All Rights Reserved.
----------------------------------------------------------------------------------------------
| Tool Version : Vivado v.2016.4 (lin64) Build 1733598 Wed Dec 14 22:35:42 MST 2016
| Date         : Fri Jun 16 17:59:24 2017
| Host         : HyperSilicon running 64-bit CentOS release 6.4 (Final)
| Command      : report_clock_utilization -file jtag_axi_wrapper_clock_utilization_routed.rpt
| Design       : jtag_axi_wrapper
| Device       : 7z045-ffv900
| Speed File   : -2  PRODUCTION 1.11 2014-09-11
----------------------------------------------------------------------------------------------

Clock Utilization Report

Table of Contents
-----------------
1. Clock Primitive Utilization
2. Global Clock Resources
3. Global Clock Source Details
4. Clock Regions: Key Resource Utilization
5. Clock Regions : Global Clock Summary
6. Cell Type Counts per Global Clock: Region X0Y0
7. Cell Type Counts per Global Clock: Region X1Y0
8. Cell Type Counts per Global Clock: Region X1Y1
9. Cell Type Counts per Global Clock: Region X0Y2
10. Cell Type Counts per Global Clock: Region X1Y5
11. Load Cell Placement Summary for Global Clock g0
12. Load Cell Placement Summary for Global Clock g1
13. Load Cell Placement Summary for Global Clock g2
14. Load Cell Placement Summary for Global Clock g3
15. Load Cell Placement Summary for Global Clock g4
16. Load Cell Placement Summary for Global Clock g5
17. Load Cell Placement Summary for Global Clock g6
18. Load Cell Placement Summary for Global Clock g7
19. Load Cell Placement Summary for Global Clock g8

1. Clock Primitive Utilization
------------------------------

+----------+------+-----------+-----+--------------+--------+
| Type     | Used | Available | LOC | Clock Region | Pblock |
+----------+------+-----------+-----+--------------+--------+
| BUFGCTRL |    9 |        32 |   0 |            0 |      0 |
| BUFH     |    0 |       168 |   0 |            0 |      0 |
| BUFIO    |    0 |        32 |   0 |            0 |      0 |
| BUFMR    |    0 |        16 |   0 |            0 |      0 |
| BUFR     |    0 |        32 |   0 |            0 |      0 |
| MMCM     |    2 |         8 |   0 |            0 |      0 |
| PLL      |    0 |         8 |   0 |            0 |      0 |
+----------+------+-----------+-----+--------------+--------+


2. Global Clock Resources
-------------------------

+-----------+-----------+-----------------+------------+----------------+--------------+------+-------------------+-------------------+-------------+-----------------+--------------+---------------------------------------------------------------------------------------------------------------------------------------------------------------------------------------------------+--------------------------------------------------------------------------------------------------------------------------+-----------------------------------------------------------------------------------------------------------------------------+
| Global Id | Source Id | Driver Type/Pin | Constraint | Site           | Clock Region | Root | Clock Delay Group | Load Clock Region | Clock Loads | Non-Clock Loads | Clock Period | Clock                                                                                                                                                                                             | Driver Pin                                                                                                               | Net                                                                                                                         |
+-----------+-----------+-----------------+------------+----------------+--------------+------+-------------------+-------------------+-------------+-----------------+--------------+---------------------------------------------------------------------------------------------------------------------------------------------------------------------------------------------------+--------------------------------------------------------------------------------------------------------------------------+-----------------------------------------------------------------------------------------------------------------------------+
| g0        | src0      | BUFG/O          | None       | BUFGCTRL_X0Y16 | n/a          |      |                   |                 3 |       11224 |               0 |        6.667 | clk_out1_jtag_axi_clk_wiz_0                                                                                                                                                                       | jtag_axi_i/clk_wiz/inst/clkout1_buf/O                                                                                    | jtag_axi_i/clk_wiz/inst/clk_out1                                                                                            |
| g1        | src1      | BUFG/O          | None       | BUFGCTRL_X0Y0  | n/a          |      |                   |                 2 |        4220 |               0 |       10.240 | user_clk_i                                                                                                                                                                                        | jtag_axi_i/aurora_64b66b_0/inst/clock_module_i/user_clk_net_i/O                                                          | jtag_axi_i/aurora_64b66b_0/inst/clock_module_i/user_clk_i_0                                                                 |
| g2        | src2      | BUFGCTRL/O      | None       | BUFGCTRL_X0Y1  | n/a          |      |                   |                 2 |         605 |               0 |        5.120 | jtag_axi_i/aurora_64b66b_0/inst/jtag_axi_aurora_64b66b_0_0_core_i/jtag_axi_aurora_64b66b_0_0_wrapper_i/jtag_axi_aurora_64b66b_0_0_multi_gt_i/jtag_axi_aurora_64b66b_0_0_gtx_inst/gtxe2_i/RXOUTCLK | jtag_axi_i/aurora_64b66b_0/inst/jtag_axi_aurora_64b66b_0_0_core_i/jtag_axi_aurora_64b66b_0_0_wrapper_i/rxrecclk_bufg_i/O | jtag_axi_i/aurora_64b66b_0/inst/jtag_axi_aurora_64b66b_0_0_core_i/jtag_axi_aurora_64b66b_0_0_wrapper_i/rxrecclk_to_fabric_i |
| g3        | src3      | BUFGCTRL/O      | None       | BUFGCTRL_X0Y2  | n/a          |      |                   |                 1 |         605 |               0 |        5.120 | jtag_axi_i/aurora_64b66b_1/inst/jtag_axi_aurora_64b66b_0_1_wrapper_i/jtag_axi_aurora_64b66b_0_1_multi_gt_i/jtag_axi_aurora_64b66b_0_1_gtx_inst/gtxe2_i/RXOUTCLK                                   | jtag_axi_i/aurora_64b66b_1/inst/jtag_axi_aurora_64b66b_0_1_wrapper_i/rxrecclk_bufg_i/O                                   | jtag_axi_i/aurora_64b66b_1/inst/jtag_axi_aurora_64b66b_0_1_wrapper_i/rxrecclk_to_fabric_i                                   |
| g4        | src4      | BUFG/O          | None       | BUFGCTRL_X0Y17 | n/a          |      |                   |                 2 |         593 |               0 |       10.000 | INIT_DIFF_CLK_clk_p                                                                                                                                                                               | jtag_axi_i/aurora_64b66b_0/inst/clock_module_i/initclk_bufg_i/O                                                          | jtag_axi_i/aurora_64b66b_0/inst/clock_module_i/INIT_CLK_i                                                                   |
| g5        | src5      | BUFG/O          | None       | BUFGCTRL_X0Y4  | n/a          |      |                   |                 1 |         373 |               0 |       33.000 | dbg_hub/inst/SWITCH_N_EXT_BSCAN.bscan_inst/SERIES7_BSCAN.bscan_inst/TCK                                                                                                                           | dbg_hub/inst/SWITCH_N_EXT_BSCAN.u_bufg_icon_tck/O                                                                        | dbg_hub/inst/itck_i                                                                                                         |
| g6        | src1      | BUFG/O          | None       | BUFGCTRL_X0Y3  | n/a          |      |                   |                 1 |          68 |               0 |        5.120 | sync_clk_i                                                                                                                                                                                        | jtag_axi_i/aurora_64b66b_0/inst/clock_module_i/sync_clock_net_i/O                                                        | jtag_axi_i/aurora_64b66b_0/inst/clock_module_i/sync_clk_i_0                                                                 |
| g7        | src2      | BUFG/O          | None       | BUFGCTRL_X0Y5  | n/a          |      |                   |                 1 |           1 |               0 |        5.120 | jtag_axi_i/aurora_64b66b_0/inst/jtag_axi_aurora_64b66b_0_0_core_i/jtag_axi_aurora_64b66b_0_0_wrapper_i/jtag_axi_aurora_64b66b_0_0_multi_gt_i/jtag_axi_aurora_64b66b_0_0_gtx_inst/gtxe2_i/TXOUTCLK | jtag_axi_i/aurora_64b66b_0/inst/clock_module_i/txout_clock_net_i/O                                                       | jtag_axi_i/aurora_64b66b_0/inst/clock_module_i/clk_in_i                                                                     |
| g8        | src0      | BUFG/O          | None       | BUFGCTRL_X0Y18 | n/a          |      |                   |                 1 |           1 |               0 |       20.000 | clkfbout_jtag_axi_clk_wiz_0                                                                                                                                                                       | jtag_axi_i/clk_wiz/inst/clkf_buf/O                                                                                       | jtag_axi_i/clk_wiz/inst/clkfbout_buf_jtag_axi_clk_wiz_0                                                                     |
+-----------+-----------+-----------------+------------+----------------+--------------+------+-------------------+-------------------+-------------+-----------------+--------------+---------------------------------------------------------------------------------------------------------------------------------------------------------------------------------------------------+--------------------------------------------------------------------------------------------------------------------------+-----------------------------------------------------------------------------------------------------------------------------+
* Clock Loads column represents the clock pin loads (pin count)
** Non-Clock Loads column represents the non-clock pin loads (pin count)


3. Global Clock Source Details
------------------------------

+-----------+-----------+------------------------+--------------------+--------------------+--------------+-------------+-----------------+---------------------+---------------------------------------------------------------------------------------------------------------------------------------------------------------------------------------------------+---------------------------------------------------------------------------------------------------------------------------------------------------------------------------------------------------+------------------------------------------------------------------------------------------------------------------------------------------------------------------------------------------------------+
| Source Id | Global Id | Driver Type/Pin        | Constraint         | Site               | Clock Region | Clock Loads | Non-Clock Loads | Source Clock Period | Source Clock                                                                                                                                                                                      | Driver Pin                                                                                                                                                                                        | Net                                                                                                                                                                                                  |
+-----------+-----------+------------------------+--------------------+--------------------+--------------+-------------+-----------------+---------------------+---------------------------------------------------------------------------------------------------------------------------------------------------------------------------------------------------+---------------------------------------------------------------------------------------------------------------------------------------------------------------------------------------------------+------------------------------------------------------------------------------------------------------------------------------------------------------------------------------------------------------+
| src0      | g0        | MMCME2_ADV/CLKOUT0     | None               | MMCME2_ADV_X1Y5    | X1Y5         |           1 |               0 |               6.667 | clk_out1_jtag_axi_clk_wiz_0                                                                                                                                                                       | jtag_axi_i/clk_wiz/inst/mmcm_adv_inst/CLKOUT0                                                                                                                                                     | jtag_axi_i/clk_wiz/inst/clk_out1_jtag_axi_clk_wiz_0                                                                                                                                                  |
| src0      | g8        | MMCME2_ADV/CLKFBOUT    | None               | MMCME2_ADV_X1Y5    | X1Y5         |           1 |               0 |              20.000 | clkfbout_jtag_axi_clk_wiz_0                                                                                                                                                                       | jtag_axi_i/clk_wiz/inst/mmcm_adv_inst/CLKFBOUT                                                                                                                                                    | jtag_axi_i/clk_wiz/inst/clkfbout_jtag_axi_clk_wiz_0                                                                                                                                                  |
| src1      | g6        | MMCME2_ADV/CLKOUT1     | None               | MMCME2_ADV_X0Y2    | X0Y2         |           1 |               0 |               5.120 | sync_clk_i                                                                                                                                                                                        | jtag_axi_i/aurora_64b66b_0/inst/clock_module_i/mmcm_adv_inst/CLKOUT1                                                                                                                              | jtag_axi_i/aurora_64b66b_0/inst/clock_module_i/sync_clk_i                                                                                                                                            |
| src1      | g1        | MMCME2_ADV/CLKOUT0     | None               | MMCME2_ADV_X0Y2    | X0Y2         |           1 |               0 |              10.240 | user_clk_i                                                                                                                                                                                        | jtag_axi_i/aurora_64b66b_0/inst/clock_module_i/mmcm_adv_inst/CLKOUT0                                                                                                                              | jtag_axi_i/aurora_64b66b_0/inst/clock_module_i/user_clk_i                                                                                                                                            |
| src2      | g2        | GTXE2_CHANNEL/RXOUTCLK | GTXE2_CHANNEL_X0Y4 | GTXE2_CHANNEL_X0Y4 | X1Y1         |           1 |               0 |               5.120 | jtag_axi_i/aurora_64b66b_0/inst/jtag_axi_aurora_64b66b_0_0_core_i/jtag_axi_aurora_64b66b_0_0_wrapper_i/jtag_axi_aurora_64b66b_0_0_multi_gt_i/jtag_axi_aurora_64b66b_0_0_gtx_inst/gtxe2_i/RXOUTCLK | jtag_axi_i/aurora_64b66b_0/inst/jtag_axi_aurora_64b66b_0_0_core_i/jtag_axi_aurora_64b66b_0_0_wrapper_i/jtag_axi_aurora_64b66b_0_0_multi_gt_i/jtag_axi_aurora_64b66b_0_0_gtx_inst/gtxe2_i/RXOUTCLK | jtag_axi_i/aurora_64b66b_0/inst/jtag_axi_aurora_64b66b_0_0_core_i/jtag_axi_aurora_64b66b_0_0_wrapper_i/jtag_axi_aurora_64b66b_0_0_multi_gt_i/jtag_axi_aurora_64b66b_0_0_gtx_inst/rxrecclk_from_gtx_i |
| src2      | g7        | GTXE2_CHANNEL/TXOUTCLK | GTXE2_CHANNEL_X0Y4 | GTXE2_CHANNEL_X0Y4 | X1Y1         |           1 |               0 |               5.120 | jtag_axi_i/aurora_64b66b_0/inst/jtag_axi_aurora_64b66b_0_0_core_i/jtag_axi_aurora_64b66b_0_0_wrapper_i/jtag_axi_aurora_64b66b_0_0_multi_gt_i/jtag_axi_aurora_64b66b_0_0_gtx_inst/gtxe2_i/TXOUTCLK | jtag_axi_i/aurora_64b66b_0/inst/jtag_axi_aurora_64b66b_0_0_core_i/jtag_axi_aurora_64b66b_0_0_wrapper_i/jtag_axi_aurora_64b66b_0_0_multi_gt_i/jtag_axi_aurora_64b66b_0_0_gtx_inst/gtxe2_i/TXOUTCLK | jtag_axi_i/aurora_64b66b_0/inst/jtag_axi_aurora_64b66b_0_0_core_i/jtag_axi_aurora_64b66b_0_0_wrapper_i/jtag_axi_aurora_64b66b_0_0_multi_gt_i/jtag_axi_aurora_64b66b_0_0_gtx_inst/tx_out_clk          |
| src3      | g3        | GTXE2_CHANNEL/RXOUTCLK | GTXE2_CHANNEL_X0Y6 | GTXE2_CHANNEL_X0Y6 | X1Y1         |           1 |               0 |               5.120 | jtag_axi_i/aurora_64b66b_1/inst/jtag_axi_aurora_64b66b_0_1_wrapper_i/jtag_axi_aurora_64b66b_0_1_multi_gt_i/jtag_axi_aurora_64b66b_0_1_gtx_inst/gtxe2_i/RXOUTCLK                                   | jtag_axi_i/aurora_64b66b_1/inst/jtag_axi_aurora_64b66b_0_1_wrapper_i/jtag_axi_aurora_64b66b_0_1_multi_gt_i/jtag_axi_aurora_64b66b_0_1_gtx_inst/gtxe2_i/RXOUTCLK                                   | jtag_axi_i/aurora_64b66b_1/inst/jtag_axi_aurora_64b66b_0_1_wrapper_i/jtag_axi_aurora_64b66b_0_1_multi_gt_i/jtag_axi_aurora_64b66b_0_1_gtx_inst/rxrecclk_from_gtx_i                                   |
| src4      | g4        | IBUFDS/O               | IOB_X1Y272         | IOB_X1Y272         | X1Y5         |           1 |               0 |              10.000 | INIT_DIFF_CLK_clk_p                                                                                                                                                                               | jtag_axi_i/aurora_64b66b_0/inst/clock_module_i/IBUFDS_INIT_CLK/O                                                                                                                                  | jtag_axi_i/aurora_64b66b_0/inst/clock_module_i/INIT_CLK_IN                                                                                                                                           |
| src5      | g5        | BSCANE2/TCK            | None               | BSCAN_X0Y0         | X1Y5         |           1 |               0 |              33.000 | dbg_hub/inst/SWITCH_N_EXT_BSCAN.bscan_inst/SERIES7_BSCAN.bscan_inst/TCK                                                                                                                           | dbg_hub/inst/SWITCH_N_EXT_BSCAN.bscan_inst/SERIES7_BSCAN.bscan_inst/TCK                                                                                                                           | dbg_hub/inst/SWITCH_N_EXT_BSCAN.bscan_inst/tck_bs                                                                                                                                                    |
+-----------+-----------+------------------------+--------------------+--------------------+--------------+-------------+-----------------+---------------------+---------------------------------------------------------------------------------------------------------------------------------------------------------------------------------------------------+---------------------------------------------------------------------------------------------------------------------------------------------------------------------------------------------------+------------------------------------------------------------------------------------------------------------------------------------------------------------------------------------------------------+
* Clock Loads column represents the clock pin loads (pin count)
** Non-Clock Loads column represents the non-clock pin loads (pin count)


4. Clock Regions: Key Resource Utilization
------------------------------------------

+-------------------+--------------+--------------+--------------+--------------+--------------+--------------+--------------+--------------+--------------+--------------+---------------+--------------+--------------+--------------+--------------+
|                   | Global Clock |     BUFRs    |    BUFMRs    |    BUFIOs    |     MMCM     |      PLL     |      GT      |      PCI     |    ILOGIC    |    OLOGIC    |       FF      |     LUTM     |    RAMB18    |    RAMB36    |    DSP48E2   |
+-------------------+------+-------+------+-------+------+-------+------+-------+------+-------+------+-------+------+-------+------+-------+------+-------+------+-------+-------+-------+------+-------+------+-------+------+-------+------+-------+
| Clock Region Name | Used | Avail | Used | Avail | Used | Avail | Used | Avail | Used | Avail | Used | Avail | Used | Avail | Used | Avail | Used | Avail | Used | Avail | Used  | Avail | Used | Avail | Used | Avail | Used | Avail | Used | Avail |
+-------------------+------+-------+------+-------+------+-------+------+-------+------+-------+------+-------+------+-------+------+-------+------+-------+------+-------+-------+-------+------+-------+------+-------+------+-------+------+-------+
| X0Y0              |    1 |    12 |    0 |     4 |    0 |     2 |    0 |     4 |    0 |     1 |    0 |     1 |    0 |     0 |    0 |     0 |    0 |    50 |    0 |    50 |   269 |  4500 |   33 |  1600 |    0 |    80 |    0 |    40 |    0 |    80 |
| X1Y0              |    5 |    12 |    0 |     0 |    0 |     0 |    0 |     0 |    0 |     0 |    0 |     0 |    0 |     4 |    0 |     0 |    0 |     0 |    0 |     0 | 10154 |  3700 | 3692 |  1050 |    0 |    80 |   23 |    40 |    0 |    60 |
| X0Y1              |    0 |    12 |    0 |     4 |    0 |     2 |    0 |     4 |    0 |     1 |    0 |     1 |    0 |     0 |    0 |     0 |    0 |    50 |    0 |    50 |     0 |  4500 |    0 |  1600 |    0 |    80 |    0 |    40 |    0 |    80 |
| X1Y1              |    6 |    12 |    0 |     0 |    0 |     0 |    0 |     0 |    0 |     0 |    0 |     0 |    2 |     4 |    0 |     0 |    0 |     0 |    0 |     0 |  5787 |  3700 | 1719 |  1050 |    0 |    80 |    4 |    40 |    0 |    60 |
| X0Y2              |    1 |    12 |    0 |     4 |    0 |     2 |    0 |     4 |    1 |     1 |    0 |     1 |    0 |     0 |    0 |     0 |    0 |    50 |    0 |    50 |     0 |  4500 |    0 |  1600 |    0 |    80 |    0 |    40 |    0 |    80 |
| X1Y2              |    0 |    12 |    0 |     0 |    0 |     0 |    0 |     0 |    0 |     0 |    0 |     0 |    0 |     4 |    0 |     0 |    0 |     0 |    0 |     0 |     0 |  3700 |    0 |  1050 |    0 |    80 |    0 |    40 |    0 |    60 |
| X0Y3              |    0 |    12 |    0 |     4 |    0 |     2 |    0 |     4 |    0 |     1 |    0 |     1 |    0 |     0 |    0 |     0 |    0 |    50 |    0 |    50 |     0 |  4500 |    0 |  1600 |    0 |    80 |    0 |    40 |    0 |    80 |
| X1Y3              |    0 |    12 |    0 |     0 |    0 |     0 |    0 |     0 |    0 |     0 |    0 |     0 |    0 |     4 |    0 |     1 |    0 |     0 |    0 |     0 |     0 |  3550 |    0 |  1000 |    0 |    70 |    0 |    35 |    0 |    60 |
| X0Y4              |    0 |    12 |    0 |     4 |    0 |     2 |    0 |     4 |    0 |     1 |    0 |     1 |    0 |     0 |    0 |     0 |    0 |    50 |    0 |    50 |     0 |  4500 |    0 |  1600 |    0 |    80 |    0 |    40 |    0 |    80 |
| X1Y4              |    0 |    12 |    0 |     4 |    0 |     2 |    0 |     4 |    0 |     1 |    0 |     1 |    0 |     0 |    0 |     0 |    0 |    50 |    0 |    50 |     0 |  4100 |    0 |  1150 |    0 |   100 |    0 |    50 |    0 |    60 |
| X0Y5              |    0 |    12 |    0 |     0 |    0 |     0 |    0 |     0 |    0 |     0 |    0 |     0 |    0 |     0 |    0 |     0 |    0 |     0 |    0 |     0 |     0 |  3200 |    0 |  1000 |    0 |    40 |    0 |    20 |    0 |    40 |
| X1Y5              |    1 |    12 |    0 |     4 |    0 |     2 |    0 |     4 |    1 |     1 |    0 |     1 |    0 |     0 |    0 |     0 |    0 |    50 |    0 |    50 |     0 |  3500 |    0 |  1150 |    0 |   100 |    0 |    50 |    0 |    60 |
| X0Y6              |    0 |    12 |    0 |     0 |    0 |     0 |    0 |     0 |    0 |     0 |    0 |     0 |    0 |     0 |    0 |     0 |    0 |     0 |    0 |     0 |     0 |  3200 |    0 |  1000 |    0 |    40 |    0 |    20 |    0 |    40 |
| X1Y6              |    0 |    12 |    0 |     4 |    0 |     2 |    0 |     4 |    0 |     1 |    0 |     1 |    0 |     0 |    0 |     0 |    0 |    50 |    0 |    50 |     0 |  3500 |    0 |  1150 |    0 |   100 |    0 |    50 |    0 |    60 |
+-------------------+------+-------+------+-------+------+-------+------+-------+------+-------+------+-------+------+-------+------+-------+------+-------+------+-------+-------+-------+------+-------+------+-------+------+-------+------+-------+
* Global Clock column represents track count; while other columns represents cell counts


5. Clock Regions : Global Clock Summary
---------------------------------------

+----+----+----+
|    | X0 | X1 |
+----+----+----+
| Y6 |  0 |  0 |
| Y5 |  0 |  1 |
| Y4 |  0 |  0 |
| Y3 |  0 |  0 |
| Y2 |  1 |  0 |
| Y1 |  0 |  6 |
| Y0 |  1 |  5 |
+----+----+----+


6. Cell Type Counts per Global Clock: Region X0Y0
-------------------------------------------------

+-----------+-------+-----------------+------------+-------------+-----------------+-----+--------+------+-----+----+------+-----+---------+----------------------------------+
| Global Id | Track | Driver Type/Pin | Constraint | Clock Loads | Non-Clock Loads | FF  | LUTRAM | RAMB | DSP | GT | MMCM | PLL | Hard IP | Net                              |
+-----------+-------+-----------------+------------+-------------+-----------------+-----+--------+------+-----+----+------+-----+---------+----------------------------------+
| g0        | n/a   | BUFG/O          | None       |         269 |               0 | 269 |      0 |    0 |   0 |  0 |    0 |   0 |       0 | jtag_axi_i/clk_wiz/inst/clk_out1 |
+-----------+-------+-----------------+------------+-------------+-----------------+-----+--------+------+-----+----+------+-----+---------+----------------------------------+
* Clock Loads column represents the clock pin loads (pin count)
** Non-Clock Loads column represents the non-clock pin loads (pin count)
*** Columns FF, LUTRAM, RAMB through 'Hard IP' represents load cell counts


7. Cell Type Counts per Global Clock: Region X1Y0
-------------------------------------------------

+-----------+-------+-----------------+------------+-------------+-----------------+------+--------+------+-----+----+------+-----+---------+-----------------------------------------------------------------------------------------------------------------------------+
| Global Id | Track | Driver Type/Pin | Constraint | Clock Loads | Non-Clock Loads | FF   | LUTRAM | RAMB | DSP | GT | MMCM | PLL | Hard IP | Net                                                                                                                         |
+-----------+-------+-----------------+------------+-------------+-----------------+------+--------+------+-----+----+------+-----+---------+-----------------------------------------------------------------------------------------------------------------------------+
| g0        | n/a   | BUFG/O          | None       |        7455 |               0 | 6939 |    491 |   22 |   0 |  0 |    0 |   0 |       0 | jtag_axi_i/clk_wiz/inst/clk_out1                                                                                            |
| g1        | n/a   | BUFG/O          | None       |        2365 |               0 | 2220 |    136 |    8 |   0 |  0 |    0 |   0 |       0 | jtag_axi_i/aurora_64b66b_0/inst/clock_module_i/user_clk_i_0                                                                 |
| g2        | n/a   | BUFGCTRL/O      | None       |         557 |               0 |  499 |     57 |    1 |   0 |  0 |    0 |   0 |       0 | jtag_axi_i/aurora_64b66b_0/inst/jtag_axi_aurora_64b66b_0_0_core_i/jtag_axi_aurora_64b66b_0_0_wrapper_i/rxrecclk_to_fabric_i |
| g4        | n/a   | BUFG/O          | None       |         128 |               0 |  126 |      2 |    0 |   0 |  0 |    0 |   0 |       0 | jtag_axi_i/aurora_64b66b_0/inst/clock_module_i/INIT_CLK_i                                                                   |
| g5        | n/a   | BUFG/O          | None       |         370 |               0 |  370 |      0 |    0 |   0 |  0 |    0 |   0 |       0 | dbg_hub/inst/itck_i                                                                                                         |
+-----------+-------+-----------------+------------+-------------+-----------------+------+--------+------+-----+----+------+-----+---------+-----------------------------------------------------------------------------------------------------------------------------+
* Clock Loads column represents the clock pin loads (pin count)
** Non-Clock Loads column represents the non-clock pin loads (pin count)
*** Columns FF, LUTRAM, RAMB through 'Hard IP' represents load cell counts


8. Cell Type Counts per Global Clock: Region X1Y1
-------------------------------------------------

+-----------+-------+-----------------+------------+-------------+-----------------+------+--------+------+-----+----+------+-----+---------+-----------------------------------------------------------------------------------------------------------------------------+
| Global Id | Track | Driver Type/Pin | Constraint | Clock Loads | Non-Clock Loads | FF   | LUTRAM | RAMB | DSP | GT | MMCM | PLL | Hard IP | Net                                                                                                                         |
+-----------+-------+-----------------+------------+-------------+-----------------+------+--------+------+-----+----+------+-----+---------+-----------------------------------------------------------------------------------------------------------------------------+
| g0        | n/a   | BUFG/O          | None       |        2928 |               0 | 2880 |     41 |    3 |   0 |  2 |    0 |   0 |       0 | jtag_axi_i/clk_wiz/inst/clk_out1                                                                                            |
| g1        | n/a   | BUFG/O          | None       |        1847 |               0 | 1837 |      3 |    4 |   0 |  2 |    0 |   0 |       0 | jtag_axi_i/aurora_64b66b_0/inst/clock_module_i/user_clk_i_0                                                                 |
| g2        | n/a   | BUFGCTRL/O      | None       |          47 |               0 |   26 |     20 |    0 |   0 |  1 |    0 |   0 |       0 | jtag_axi_i/aurora_64b66b_0/inst/jtag_axi_aurora_64b66b_0_0_core_i/jtag_axi_aurora_64b66b_0_0_wrapper_i/rxrecclk_to_fabric_i |
| g3        | n/a   | BUFGCTRL/O      | None       |         604 |               0 |  525 |     77 |    1 |   0 |  1 |    0 |   0 |       0 | jtag_axi_i/aurora_64b66b_1/inst/jtag_axi_aurora_64b66b_0_1_wrapper_i/rxrecclk_to_fabric_i                                   |
| g4        | n/a   | BUFG/O          | None       |         465 |               0 |  453 |      9 |    0 |   0 |  2 |    0 |   0 |       0 | jtag_axi_i/aurora_64b66b_0/inst/clock_module_i/INIT_CLK_i                                                                   |
| g6        | n/a   | BUFG/O          | None       |          68 |               0 |   66 |      0 |    0 |   0 |  2 |    0 |   0 |       0 | jtag_axi_i/aurora_64b66b_0/inst/clock_module_i/sync_clk_i_0                                                                 |
+-----------+-------+-----------------+------------+-------------+-----------------+------+--------+------+-----+----+------+-----+---------+-----------------------------------------------------------------------------------------------------------------------------+
* Clock Loads column represents the clock pin loads (pin count)
** Non-Clock Loads column represents the non-clock pin loads (pin count)
*** Columns FF, LUTRAM, RAMB through 'Hard IP' represents load cell counts


9. Cell Type Counts per Global Clock: Region X0Y2
-------------------------------------------------

+-----------+-------+-----------------+------------+-------------+-----------------+----+--------+------+-----+----+------+-----+---------+---------------------------------------------------------+
| Global Id | Track | Driver Type/Pin | Constraint | Clock Loads | Non-Clock Loads | FF | LUTRAM | RAMB | DSP | GT | MMCM | PLL | Hard IP | Net                                                     |
+-----------+-------+-----------------+------------+-------------+-----------------+----+--------+------+-----+----+------+-----+---------+---------------------------------------------------------+
| g7        | n/a   | BUFG/O          | None       |           1 |               0 |  0 |      0 |    0 |   0 |  0 |    1 |   0 |       0 | jtag_axi_i/aurora_64b66b_0/inst/clock_module_i/clk_in_i |
+-----------+-------+-----------------+------------+-------------+-----------------+----+--------+------+-----+----+------+-----+---------+---------------------------------------------------------+
* Clock Loads column represents the clock pin loads (pin count)
** Non-Clock Loads column represents the non-clock pin loads (pin count)
*** Columns FF, LUTRAM, RAMB through 'Hard IP' represents load cell counts


10. Cell Type Counts per Global Clock: Region X1Y5
--------------------------------------------------

+-----------+-------+-----------------+------------+-------------+-----------------+----+--------+------+-----+----+------+-----+---------+---------------------------------------------------------+
| Global Id | Track | Driver Type/Pin | Constraint | Clock Loads | Non-Clock Loads | FF | LUTRAM | RAMB | DSP | GT | MMCM | PLL | Hard IP | Net                                                     |
+-----------+-------+-----------------+------------+-------------+-----------------+----+--------+------+-----+----+------+-----+---------+---------------------------------------------------------+
| g8        | n/a   | BUFG/O          | None       |           1 |               0 |  0 |      0 |    0 |   0 |  0 |    1 |   0 |       0 | jtag_axi_i/clk_wiz/inst/clkfbout_buf_jtag_axi_clk_wiz_0 |
+-----------+-------+-----------------+------------+-------------+-----------------+----+--------+------+-----+----+------+-----+---------+---------------------------------------------------------+
* Clock Loads column represents the clock pin loads (pin count)
** Non-Clock Loads column represents the non-clock pin loads (pin count)
*** Columns FF, LUTRAM, RAMB through 'Hard IP' represents load cell counts


11. Load Cell Placement Summary for Global Clock g0
---------------------------------------------------

+-----------+-----------------+-------------------+-----------------------------+-------------+---------------+----------+-------------+----------+----------------+----------+----------------------------------+
| Global Id | Driver Type/Pin | Driver Region (D) | Clock                       | Period (ns) | Waveform (ns) | Root (R) | Slice Loads | IO Loads | Clocking Loads | GT Loads | Net                              |
+-----------+-----------------+-------------------+-----------------------------+-------------+---------------+----------+-------------+----------+----------------+----------+----------------------------------+
| g0        | BUFG/O          | n/a               | clk_out1_jtag_axi_clk_wiz_0 |       6.667 | {0.000 3.333} |          |       10649 |        0 |              0 |        3 | jtag_axi_i/clk_wiz/inst/clk_out1 |
+-----------+-----------------+-------------------+-----------------------------+-------------+---------------+----------+-------------+----------+----------------+----------+----------------------------------+
* Slice Loads column represents load cell count of all cell types other than IO, GT and clock resources
** IO Loads column represents load cell count of IO types
*** Clocking Loads column represents load cell count that are clock resources (global clock buffer, MMCM, PLL, etc)
**** GT Loads column represents load cell count of GT types


+----+------+-------+
|    | X0   | X1    |
+----+------+-------+
| Y6 |    0 |     0 |
| Y5 |    0 |     0 |
| Y4 |    0 |     0 |
| Y3 |    0 |     0 |
| Y2 |    0 |     0 |
| Y1 |    0 |  2928 |
| Y0 |  269 |  7455 |
+----+------+-------+


12. Load Cell Placement Summary for Global Clock g1
---------------------------------------------------

+-----------+-----------------+-------------------+------------+-------------+---------------+----------+-------------+----------+----------------+----------+-------------------------------------------------------------+
| Global Id | Driver Type/Pin | Driver Region (D) | Clock      | Period (ns) | Waveform (ns) | Root (R) | Slice Loads | IO Loads | Clocking Loads | GT Loads | Net                                                         |
+-----------+-----------------+-------------------+------------+-------------+---------------+----------+-------------+----------+----------------+----------+-------------------------------------------------------------+
| g1        | BUFG/O          | n/a               | user_clk_i |      10.240 | {0.000 5.120} |          |        4210 |        0 |              0 |        2 | jtag_axi_i/aurora_64b66b_0/inst/clock_module_i/user_clk_i_0 |
+-----------+-----------------+-------------------+------------+-------------+---------------+----------+-------------+----------+----------------+----------+-------------------------------------------------------------+
* Slice Loads column represents load cell count of all cell types other than IO, GT and clock resources
** IO Loads column represents load cell count of IO types
*** Clocking Loads column represents load cell count that are clock resources (global clock buffer, MMCM, PLL, etc)
**** GT Loads column represents load cell count of GT types


+----+----+-------+
|    | X0 | X1    |
+----+----+-------+
| Y6 |  0 |     0 |
| Y5 |  0 |     0 |
| Y4 |  0 |     0 |
| Y3 |  0 |     0 |
| Y2 |  0 |     0 |
| Y1 |  0 |  1847 |
| Y0 |  0 |  2365 |
+----+----+-------+


13. Load Cell Placement Summary for Global Clock g2
---------------------------------------------------

+-----------+-----------------+-------------------+---------------------------------------------------------------------------------------------------------------------------------------------------------------------------------------------------+-------------+---------------+----------+-------------+----------+----------------+----------+-----------------------------------------------------------------------------------------------------------------------------+
| Global Id | Driver Type/Pin | Driver Region (D) | Clock                                                                                                                                                                                             | Period (ns) | Waveform (ns) | Root (R) | Slice Loads | IO Loads | Clocking Loads | GT Loads | Net                                                                                                                         |
+-----------+-----------------+-------------------+---------------------------------------------------------------------------------------------------------------------------------------------------------------------------------------------------+-------------+---------------+----------+-------------+----------+----------------+----------+-----------------------------------------------------------------------------------------------------------------------------+
| g2        | BUFGCTRL/O      | n/a               | jtag_axi_i/aurora_64b66b_0/inst/jtag_axi_aurora_64b66b_0_0_core_i/jtag_axi_aurora_64b66b_0_0_wrapper_i/jtag_axi_aurora_64b66b_0_0_multi_gt_i/jtag_axi_aurora_64b66b_0_0_gtx_inst/gtxe2_i/RXOUTCLK |       5.120 | {0.000 2.560} |          |         603 |        0 |              0 |        1 | jtag_axi_i/aurora_64b66b_0/inst/jtag_axi_aurora_64b66b_0_0_core_i/jtag_axi_aurora_64b66b_0_0_wrapper_i/rxrecclk_to_fabric_i |
+-----------+-----------------+-------------------+---------------------------------------------------------------------------------------------------------------------------------------------------------------------------------------------------+-------------+---------------+----------+-------------+----------+----------------+----------+-----------------------------------------------------------------------------------------------------------------------------+
* Slice Loads column represents load cell count of all cell types other than IO, GT and clock resources
** IO Loads column represents load cell count of IO types
*** Clocking Loads column represents load cell count that are clock resources (global clock buffer, MMCM, PLL, etc)
**** GT Loads column represents load cell count of GT types


+----+----+------+
|    | X0 | X1   |
+----+----+------+
| Y6 |  0 |    0 |
| Y5 |  0 |    0 |
| Y4 |  0 |    0 |
| Y3 |  0 |    0 |
| Y2 |  0 |    0 |
| Y1 |  0 |   47 |
| Y0 |  0 |  557 |
+----+----+------+


14. Load Cell Placement Summary for Global Clock g3
---------------------------------------------------

+-----------+-----------------+-------------------+-----------------------------------------------------------------------------------------------------------------------------------------------------------------+-------------+---------------+----------+-------------+----------+----------------+----------+-------------------------------------------------------------------------------------------+
| Global Id | Driver Type/Pin | Driver Region (D) | Clock                                                                                                                                                           | Period (ns) | Waveform (ns) | Root (R) | Slice Loads | IO Loads | Clocking Loads | GT Loads | Net                                                                                       |
+-----------+-----------------+-------------------+-----------------------------------------------------------------------------------------------------------------------------------------------------------------+-------------+---------------+----------+-------------+----------+----------------+----------+-------------------------------------------------------------------------------------------+
| g3        | BUFGCTRL/O      | n/a               | jtag_axi_i/aurora_64b66b_1/inst/jtag_axi_aurora_64b66b_0_1_wrapper_i/jtag_axi_aurora_64b66b_0_1_multi_gt_i/jtag_axi_aurora_64b66b_0_1_gtx_inst/gtxe2_i/RXOUTCLK |       5.120 | {0.000 2.560} |          |         603 |        0 |              0 |        1 | jtag_axi_i/aurora_64b66b_1/inst/jtag_axi_aurora_64b66b_0_1_wrapper_i/rxrecclk_to_fabric_i |
+-----------+-----------------+-------------------+-----------------------------------------------------------------------------------------------------------------------------------------------------------------+-------------+---------------+----------+-------------+----------+----------------+----------+-------------------------------------------------------------------------------------------+
* Slice Loads column represents load cell count of all cell types other than IO, GT and clock resources
** IO Loads column represents load cell count of IO types
*** Clocking Loads column represents load cell count that are clock resources (global clock buffer, MMCM, PLL, etc)
**** GT Loads column represents load cell count of GT types


+----+----+------+
|    | X0 | X1   |
+----+----+------+
| Y6 |  0 |    0 |
| Y5 |  0 |    0 |
| Y4 |  0 |    0 |
| Y3 |  0 |    0 |
| Y2 |  0 |    0 |
| Y1 |  0 |  604 |
| Y0 |  0 |    0 |
+----+----+------+


15. Load Cell Placement Summary for Global Clock g4
---------------------------------------------------

+-----------+-----------------+-------------------+---------------------+-------------+---------------+----------+-------------+----------+----------------+----------+-----------------------------------------------------------+
| Global Id | Driver Type/Pin | Driver Region (D) | Clock               | Period (ns) | Waveform (ns) | Root (R) | Slice Loads | IO Loads | Clocking Loads | GT Loads | Net                                                       |
+-----------+-----------------+-------------------+---------------------+-------------+---------------+----------+-------------+----------+----------------+----------+-----------------------------------------------------------+
| g4        | BUFG/O          | n/a               | INIT_DIFF_CLK_clk_p |      10.000 | {0.000 5.000} |          |         590 |        0 |              0 |        3 | jtag_axi_i/aurora_64b66b_0/inst/clock_module_i/INIT_CLK_i |
+-----------+-----------------+-------------------+---------------------+-------------+---------------+----------+-------------+----------+----------------+----------+-----------------------------------------------------------+
* Slice Loads column represents load cell count of all cell types other than IO, GT and clock resources
** IO Loads column represents load cell count of IO types
*** Clocking Loads column represents load cell count that are clock resources (global clock buffer, MMCM, PLL, etc)
**** GT Loads column represents load cell count of GT types


+----+----+------+
|    | X0 | X1   |
+----+----+------+
| Y6 |  0 |    0 |
| Y5 |  0 |    0 |
| Y4 |  0 |    0 |
| Y3 |  0 |    0 |
| Y2 |  0 |    0 |
| Y1 |  0 |  465 |
| Y0 |  0 |  128 |
+----+----+------+


16. Load Cell Placement Summary for Global Clock g5
---------------------------------------------------

+-----------+-----------------+-------------------+-------------------------------------------------------------------------+-------------+----------------+----------+-------------+----------+----------------+----------+---------------------+
| Global Id | Driver Type/Pin | Driver Region (D) | Clock                                                                   | Period (ns) | Waveform (ns)  | Root (R) | Slice Loads | IO Loads | Clocking Loads | GT Loads | Net                 |
+-----------+-----------------+-------------------+-------------------------------------------------------------------------+-------------+----------------+----------+-------------+----------+----------------+----------+---------------------+
| g5        | BUFG/O          | n/a               | dbg_hub/inst/SWITCH_N_EXT_BSCAN.bscan_inst/SERIES7_BSCAN.bscan_inst/TCK |      33.000 | {0.000 16.500} |          |         370 |        0 |              0 |        0 | dbg_hub/inst/itck_i |
+-----------+-----------------+-------------------+-------------------------------------------------------------------------+-------------+----------------+----------+-------------+----------+----------------+----------+---------------------+
* Slice Loads column represents load cell count of all cell types other than IO, GT and clock resources
** IO Loads column represents load cell count of IO types
*** Clocking Loads column represents load cell count that are clock resources (global clock buffer, MMCM, PLL, etc)
**** GT Loads column represents load cell count of GT types


+----+----+------+
|    | X0 | X1   |
+----+----+------+
| Y6 |  0 |    0 |
| Y5 |  0 |    0 |
| Y4 |  0 |    0 |
| Y3 |  0 |    0 |
| Y2 |  0 |    0 |
| Y1 |  0 |    0 |
| Y0 |  0 |  370 |
+----+----+------+


17. Load Cell Placement Summary for Global Clock g6
---------------------------------------------------

+-----------+-----------------+-------------------+------------+-------------+---------------+----------+-------------+----------+----------------+----------+-------------------------------------------------------------+
| Global Id | Driver Type/Pin | Driver Region (D) | Clock      | Period (ns) | Waveform (ns) | Root (R) | Slice Loads | IO Loads | Clocking Loads | GT Loads | Net                                                         |
+-----------+-----------------+-------------------+------------+-------------+---------------+----------+-------------+----------+----------------+----------+-------------------------------------------------------------+
| g6        | BUFG/O          | n/a               | sync_clk_i |       5.120 | {0.000 2.560} |          |          66 |        0 |              0 |        2 | jtag_axi_i/aurora_64b66b_0/inst/clock_module_i/sync_clk_i_0 |
+-----------+-----------------+-------------------+------------+-------------+---------------+----------+-------------+----------+----------------+----------+-------------------------------------------------------------+
* Slice Loads column represents load cell count of all cell types other than IO, GT and clock resources
** IO Loads column represents load cell count of IO types
*** Clocking Loads column represents load cell count that are clock resources (global clock buffer, MMCM, PLL, etc)
**** GT Loads column represents load cell count of GT types


+----+----+-----+
|    | X0 | X1  |
+----+----+-----+
| Y6 |  0 |   0 |
| Y5 |  0 |   0 |
| Y4 |  0 |   0 |
| Y3 |  0 |   0 |
| Y2 |  0 |   0 |
| Y1 |  0 |  68 |
| Y0 |  0 |   0 |
+----+----+-----+


18. Load Cell Placement Summary for Global Clock g7
---------------------------------------------------

+-----------+-----------------+-------------------+---------------------------------------------------------------------------------------------------------------------------------------------------------------------------------------------------+-------------+---------------+----------+-------------+----------+----------------+----------+---------------------------------------------------------+
| Global Id | Driver Type/Pin | Driver Region (D) | Clock                                                                                                                                                                                             | Period (ns) | Waveform (ns) | Root (R) | Slice Loads | IO Loads | Clocking Loads | GT Loads | Net                                                     |
+-----------+-----------------+-------------------+---------------------------------------------------------------------------------------------------------------------------------------------------------------------------------------------------+-------------+---------------+----------+-------------+----------+----------------+----------+---------------------------------------------------------+
| g7        | BUFG/O          | n/a               | jtag_axi_i/aurora_64b66b_0/inst/jtag_axi_aurora_64b66b_0_0_core_i/jtag_axi_aurora_64b66b_0_0_wrapper_i/jtag_axi_aurora_64b66b_0_0_multi_gt_i/jtag_axi_aurora_64b66b_0_0_gtx_inst/gtxe2_i/TXOUTCLK |       5.120 | {0.000 2.560} |          |           0 |        0 |              1 |        0 | jtag_axi_i/aurora_64b66b_0/inst/clock_module_i/clk_in_i |
+-----------+-----------------+-------------------+---------------------------------------------------------------------------------------------------------------------------------------------------------------------------------------------------+-------------+---------------+----------+-------------+----------+----------------+----------+---------------------------------------------------------+
* Slice Loads column represents load cell count of all cell types other than IO, GT and clock resources
** IO Loads column represents load cell count of IO types
*** Clocking Loads column represents load cell count that are clock resources (global clock buffer, MMCM, PLL, etc)
**** GT Loads column represents load cell count of GT types


+----+----+----+
|    | X0 | X1 |
+----+----+----+
| Y6 |  0 |  0 |
| Y5 |  0 |  0 |
| Y4 |  0 |  0 |
| Y3 |  0 |  0 |
| Y2 |  1 |  0 |
| Y1 |  0 |  0 |
| Y0 |  0 |  0 |
+----+----+----+


19. Load Cell Placement Summary for Global Clock g8
---------------------------------------------------

+-----------+-----------------+-------------------+-----------------------------+-------------+----------------+----------+-------------+----------+----------------+----------+---------------------------------------------------------+
| Global Id | Driver Type/Pin | Driver Region (D) | Clock                       | Period (ns) | Waveform (ns)  | Root (R) | Slice Loads | IO Loads | Clocking Loads | GT Loads | Net                                                     |
+-----------+-----------------+-------------------+-----------------------------+-------------+----------------+----------+-------------+----------+----------------+----------+---------------------------------------------------------+
| g8        | BUFG/O          | n/a               | clkfbout_jtag_axi_clk_wiz_0 |      20.000 | {0.000 10.000} |          |           0 |        0 |              1 |        0 | jtag_axi_i/clk_wiz/inst/clkfbout_buf_jtag_axi_clk_wiz_0 |
+-----------+-----------------+-------------------+-----------------------------+-------------+----------------+----------+-------------+----------+----------------+----------+---------------------------------------------------------+
* Slice Loads column represents load cell count of all cell types other than IO, GT and clock resources
** IO Loads column represents load cell count of IO types
*** Clocking Loads column represents load cell count that are clock resources (global clock buffer, MMCM, PLL, etc)
**** GT Loads column represents load cell count of GT types


+----+----+----+
|    | X0 | X1 |
+----+----+----+
| Y6 |  0 |  0 |
| Y5 |  0 |  1 |
| Y4 |  0 |  0 |
| Y3 |  0 |  0 |
| Y2 |  0 |  0 |
| Y1 |  0 |  0 |
| Y0 |  0 |  0 |
+----+----+----+



# Location of BUFG Primitives 
set_property LOC BUFGCTRL_X0Y18 [get_cells jtag_axi_i/clk_wiz/inst/clkf_buf]
set_property LOC BUFGCTRL_X0Y16 [get_cells jtag_axi_i/clk_wiz/inst/clkout1_buf]
set_property LOC BUFGCTRL_X0Y2 [get_cells jtag_axi_i/aurora_64b66b_1/inst/jtag_axi_aurora_64b66b_0_1_wrapper_i/rxrecclk_bufg_i]
set_property LOC BUFGCTRL_X0Y1 [get_cells jtag_axi_i/aurora_64b66b_0/inst/jtag_axi_aurora_64b66b_0_0_core_i/jtag_axi_aurora_64b66b_0_0_wrapper_i/rxrecclk_bufg_i]
set_property LOC BUFGCTRL_X0Y0 [get_cells jtag_axi_i/aurora_64b66b_0/inst/clock_module_i/user_clk_net_i]
set_property LOC BUFGCTRL_X0Y3 [get_cells jtag_axi_i/aurora_64b66b_0/inst/clock_module_i/sync_clock_net_i]
set_property LOC BUFGCTRL_X0Y5 [get_cells jtag_axi_i/aurora_64b66b_0/inst/clock_module_i/txout_clock_net_i]
set_property LOC BUFGCTRL_X0Y17 [get_cells jtag_axi_i/aurora_64b66b_0/inst/clock_module_i/initclk_bufg_i]
set_property LOC BUFGCTRL_X0Y4 [get_cells dbg_hub/inst/SWITCH_N_EXT_BSCAN.u_bufg_icon_tck]

# Location of IO Primitives which is load of clock spine

# Location of clock ports
set_property LOC IOB_X1Y271 [get_ports INIT_DIFF_CLK_clk_n]
set_property LOC IOB_X1Y272 [get_ports INIT_DIFF_CLK_clk_p]
set_property LOC IOB_X1Y273 [get_ports diff_clock_rtl_clk_n]
set_property LOC IOB_X1Y274 [get_ports diff_clock_rtl_clk_p]

# Clock net "jtag_axi_i/clk_wiz/inst/clk_out1" driven by instance "jtag_axi_i/clk_wiz/inst/clkout1_buf" located at site "BUFGCTRL_X0Y16"
#startgroup
create_pblock {CLKAG_jtag_axi_i/clk_wiz/inst/clk_out1}
add_cells_to_pblock [get_pblocks  {CLKAG_jtag_axi_i/clk_wiz/inst/clk_out1}] [get_cells -filter { PRIMITIVE_GROUP != I/O && IS_PRIMITIVE==1 && PRIMITIVE_LEVEL !=INTERNAL } -of_object [get_pins -filter {DIRECTION==IN} -of_objects [get_nets -hierarchical -filter {PARENT=="jtag_axi_i/clk_wiz/inst/clk_out1"}]]]
resize_pblock [get_pblocks {CLKAG_jtag_axi_i/clk_wiz/inst/clk_out1}] -add {CLOCKREGION_X0Y0:CLOCKREGION_X0Y0 CLOCKREGION_X1Y0:CLOCKREGION_X1Y0 CLOCKREGION_X1Y1:CLOCKREGION_X1Y1}
#endgroup

# Clock net "jtag_axi_i/aurora_64b66b_1/inst/jtag_axi_aurora_64b66b_0_1_wrapper_i/rxrecclk_to_fabric_i" driven by instance "jtag_axi_i/aurora_64b66b_1/inst/jtag_axi_aurora_64b66b_0_1_wrapper_i/rxrecclk_bufg_i" located at site "BUFGCTRL_X0Y2"
#startgroup
create_pblock {CLKAG_jtag_axi_i/aurora_64b66b_1/inst/jtag_axi_aurora_64b66b_0_1_wrapper_i/rxrecclk_to_fabric_i}
add_cells_to_pblock [get_pblocks  {CLKAG_jtag_axi_i/aurora_64b66b_1/inst/jtag_axi_aurora_64b66b_0_1_wrapper_i/rxrecclk_to_fabric_i}] [get_cells -filter { PRIMITIVE_GROUP != I/O && IS_PRIMITIVE==1 && PRIMITIVE_LEVEL !=INTERNAL } -of_object [get_pins -filter {DIRECTION==IN} -of_objects [get_nets -hierarchical -filter {PARENT=="jtag_axi_i/aurora_64b66b_1/inst/jtag_axi_aurora_64b66b_0_1_wrapper_i/rxrecclk_to_fabric_i"}]]]
resize_pblock [get_pblocks {CLKAG_jtag_axi_i/aurora_64b66b_1/inst/jtag_axi_aurora_64b66b_0_1_wrapper_i/rxrecclk_to_fabric_i}] -add {CLOCKREGION_X1Y1:CLOCKREGION_X1Y1}
#endgroup

# Clock net "jtag_axi_i/aurora_64b66b_0/inst/jtag_axi_aurora_64b66b_0_0_core_i/jtag_axi_aurora_64b66b_0_0_wrapper_i/rxrecclk_to_fabric_i" driven by instance "jtag_axi_i/aurora_64b66b_0/inst/jtag_axi_aurora_64b66b_0_0_core_i/jtag_axi_aurora_64b66b_0_0_wrapper_i/rxrecclk_bufg_i" located at site "BUFGCTRL_X0Y1"
#startgroup
create_pblock {CLKAG_jtag_axi_i/aurora_64b66b_0/inst/jtag_axi_aurora_64b66b_0_0_core_i/jtag_axi_aurora_64b66b_0_0_wrapper_i/rxrecclk_to_fabric_i}
add_cells_to_pblock [get_pblocks  {CLKAG_jtag_axi_i/aurora_64b66b_0/inst/jtag_axi_aurora_64b66b_0_0_core_i/jtag_axi_aurora_64b66b_0_0_wrapper_i/rxrecclk_to_fabric_i}] [get_cells -filter { PRIMITIVE_GROUP != I/O && IS_PRIMITIVE==1 && PRIMITIVE_LEVEL !=INTERNAL } -of_object [get_pins -filter {DIRECTION==IN} -of_objects [get_nets -hierarchical -filter {PARENT=="jtag_axi_i/aurora_64b66b_0/inst/jtag_axi_aurora_64b66b_0_0_core_i/jtag_axi_aurora_64b66b_0_0_wrapper_i/rxrecclk_to_fabric_i"}]]]
resize_pblock [get_pblocks {CLKAG_jtag_axi_i/aurora_64b66b_0/inst/jtag_axi_aurora_64b66b_0_0_core_i/jtag_axi_aurora_64b66b_0_0_wrapper_i/rxrecclk_to_fabric_i}] -add {CLOCKREGION_X1Y0:CLOCKREGION_X1Y0 CLOCKREGION_X1Y1:CLOCKREGION_X1Y1}
#endgroup

# Clock net "jtag_axi_i/aurora_64b66b_0/inst/clock_module_i/user_clk_i_0" driven by instance "jtag_axi_i/aurora_64b66b_0/inst/clock_module_i/user_clk_net_i" located at site "BUFGCTRL_X0Y0"
#startgroup
create_pblock {CLKAG_jtag_axi_i/aurora_64b66b_0/inst/clock_module_i/user_clk_i_0}
add_cells_to_pblock [get_pblocks  {CLKAG_jtag_axi_i/aurora_64b66b_0/inst/clock_module_i/user_clk_i_0}] [get_cells -filter { PRIMITIVE_GROUP != I/O && IS_PRIMITIVE==1 && PRIMITIVE_LEVEL !=INTERNAL } -of_object [get_pins -filter {DIRECTION==IN} -of_objects [get_nets -hierarchical -filter {PARENT=="jtag_axi_i/aurora_64b66b_0/inst/clock_module_i/user_clk_i_0"}]]]
resize_pblock [get_pblocks {CLKAG_jtag_axi_i/aurora_64b66b_0/inst/clock_module_i/user_clk_i_0}] -add {CLOCKREGION_X1Y0:CLOCKREGION_X1Y0 CLOCKREGION_X1Y1:CLOCKREGION_X1Y1}
#endgroup

# Clock net "jtag_axi_i/aurora_64b66b_0/inst/clock_module_i/sync_clk_i_0" driven by instance "jtag_axi_i/aurora_64b66b_0/inst/clock_module_i/sync_clock_net_i" located at site "BUFGCTRL_X0Y3"
#startgroup
create_pblock {CLKAG_jtag_axi_i/aurora_64b66b_0/inst/clock_module_i/sync_clk_i_0}
add_cells_to_pblock [get_pblocks  {CLKAG_jtag_axi_i/aurora_64b66b_0/inst/clock_module_i/sync_clk_i_0}] [get_cells -filter { PRIMITIVE_GROUP != I/O && IS_PRIMITIVE==1 && PRIMITIVE_LEVEL !=INTERNAL } -of_object [get_pins -filter {DIRECTION==IN} -of_objects [get_nets -hierarchical -filter {PARENT=="jtag_axi_i/aurora_64b66b_0/inst/clock_module_i/sync_clk_i_0"}]]]
resize_pblock [get_pblocks {CLKAG_jtag_axi_i/aurora_64b66b_0/inst/clock_module_i/sync_clk_i_0}] -add {CLOCKREGION_X1Y1:CLOCKREGION_X1Y1}
#endgroup

# Clock net "jtag_axi_i/aurora_64b66b_0/inst/clock_module_i/INIT_CLK_i" driven by instance "jtag_axi_i/aurora_64b66b_0/inst/clock_module_i/initclk_bufg_i" located at site "BUFGCTRL_X0Y17"
#startgroup
create_pblock {CLKAG_jtag_axi_i/aurora_64b66b_0/inst/clock_module_i/INIT_CLK_i}
add_cells_to_pblock [get_pblocks  {CLKAG_jtag_axi_i/aurora_64b66b_0/inst/clock_module_i/INIT_CLK_i}] [get_cells -filter { PRIMITIVE_GROUP != I/O && IS_PRIMITIVE==1 && PRIMITIVE_LEVEL !=INTERNAL } -of_object [get_pins -filter {DIRECTION==IN} -of_objects [get_nets -hierarchical -filter {PARENT=="jtag_axi_i/aurora_64b66b_0/inst/clock_module_i/INIT_CLK_i"}]]]
resize_pblock [get_pblocks {CLKAG_jtag_axi_i/aurora_64b66b_0/inst/clock_module_i/INIT_CLK_i}] -add {CLOCKREGION_X1Y0:CLOCKREGION_X1Y0 CLOCKREGION_X1Y1:CLOCKREGION_X1Y1}
#endgroup

# Clock net "dbg_hub/inst/itck_i" driven by instance "dbg_hub/inst/SWITCH_N_EXT_BSCAN.u_bufg_icon_tck" located at site "BUFGCTRL_X0Y4"
#startgroup
create_pblock {CLKAG_dbg_hub/inst/itck_i}
add_cells_to_pblock [get_pblocks  {CLKAG_dbg_hub/inst/itck_i}] [get_cells -filter { PRIMITIVE_GROUP != I/O && IS_PRIMITIVE==1 && PRIMITIVE_LEVEL !=INTERNAL } -of_object [get_pins -filter {DIRECTION==IN} -of_objects [get_nets -hierarchical -filter {PARENT=="dbg_hub/inst/itck_i"}]]]
resize_pblock [get_pblocks {CLKAG_dbg_hub/inst/itck_i}] -add {CLOCKREGION_X1Y0:CLOCKREGION_X1Y0}
#endgroup
