
*** Running vivado
    with args -log b2000t_c2c_bram_vio_0_0.vds -m64 -product Vivado -mode batch -messageDb vivado.pb -notrace -source b2000t_c2c_bram_vio_0_0.tcl


****** Vivado v2016.4 (64-bit)
  **** SW Build 1733598 on Wed Dec 14 22:35:42 MST 2016
  **** IP Build 1731160 on Wed Dec 14 23:47:21 MST 2016
    ** Copyright 1986-2016 Xilinx, Inc. All Rights Reserved.

source b2000t_c2c_bram_vio_0_0.tcl -notrace
Starting RTL Elaboration : Time (s): cpu = 00:00:11 ; elapsed = 00:00:11 . Memory (MB): peak = 1251.191 ; gain = 236.000 ; free physical = 67896 ; free virtual = 176211
INFO: [Synth 8-638] synthesizing module 'b2000t_c2c_bram_vio_0_0' [/home/wesleyguo/github/vivado/vivado/2000t_c2c_bram/b2000t_c2c_bram/b2000t_c2c_bram.srcs/sources_1/bd/b2000t_c2c_bram/ip/b2000t_c2c_bram_vio_0_0/synth/b2000t_c2c_bram_vio_0_0.v:59]
INFO: [Synth 8-256] done synthesizing module 'b2000t_c2c_bram_vio_0_0' (8#1) [/home/wesleyguo/github/vivado/vivado/2000t_c2c_bram/b2000t_c2c_bram/b2000t_c2c_bram.srcs/sources_1/bd/b2000t_c2c_bram/ip/b2000t_c2c_bram_vio_0_0/synth/b2000t_c2c_bram_vio_0_0.v:59]
Finished RTL Elaboration : Time (s): cpu = 00:00:15 ; elapsed = 00:00:16 . Memory (MB): peak = 1376.664 ; gain = 361.473 ; free physical = 67693 ; free virtual = 176008
Finished RTL Optimization Phase 1 : Time (s): cpu = 00:00:16 ; elapsed = 00:00:16 . Memory (MB): peak = 1376.664 ; gain = 361.473 ; free physical = 67682 ; free virtual = 175998
INFO: [Device 21-403] Loading part xc7v2000tflg1925-1
Constraint Validation Runtime : Time (s): cpu = 00:00:00.03 ; elapsed = 00:00:00.02 . Memory (MB): peak = 2089.270 ; gain = 0.004 ; free physical = 66501 ; free virtual = 174868
Finished Constraint Validation : Time (s): cpu = 00:00:52 ; elapsed = 00:00:53 . Memory (MB): peak = 2089.270 ; gain = 1074.078 ; free physical = 66481 ; free virtual = 174847
Finished Loading Part and Timing Information : Time (s): cpu = 00:00:52 ; elapsed = 00:00:53 . Memory (MB): peak = 2089.270 ; gain = 1074.078 ; free physical = 66481 ; free virtual = 174847
Finished applying 'set_property' XDC Constraints : Time (s): cpu = 00:00:52 ; elapsed = 00:00:53 . Memory (MB): peak = 2089.270 ; gain = 1074.078 ; free physical = 66479 ; free virtual = 174846
Finished RTL Optimization Phase 2 : Time (s): cpu = 00:00:53 ; elapsed = 00:00:54 . Memory (MB): peak = 2089.270 ; gain = 1074.078 ; free physical = 66473 ; free virtual = 174840
Finished Cross Boundary and Area Optimization : Time (s): cpu = 00:00:54 ; elapsed = 00:00:55 . Memory (MB): peak = 2089.270 ; gain = 1074.078 ; free physical = 66438 ; free virtual = 174805
Finished Applying XDC Timing Constraints : Time (s): cpu = 00:01:02 ; elapsed = 00:01:03 . Memory (MB): peak = 2089.270 ; gain = 1074.078 ; free physical = 67762 ; free virtual = 176129
Finished Timing Optimization : Time (s): cpu = 00:01:02 ; elapsed = 00:01:03 . Memory (MB): peak = 2089.270 ; gain = 1074.078 ; free physical = 67749 ; free virtual = 176115
Finished Technology Mapping : Time (s): cpu = 00:01:02 ; elapsed = 00:01:04 . Memory (MB): peak = 2089.270 ; gain = 1074.078 ; free physical = 67730 ; free virtual = 176097
Finished IO Insertion : Time (s): cpu = 00:01:03 ; elapsed = 00:01:04 . Memory (MB): peak = 2089.270 ; gain = 1074.078 ; free physical = 67616 ; free virtual = 175983
Finished Renaming Generated Instances : Time (s): cpu = 00:01:03 ; elapsed = 00:01:04 . Memory (MB): peak = 2089.270 ; gain = 1074.078 ; free physical = 67611 ; free virtual = 175977
Finished Rebuilding User Hierarchy : Time (s): cpu = 00:01:03 ; elapsed = 00:01:04 . Memory (MB): peak = 2089.270 ; gain = 1074.078 ; free physical = 67577 ; free virtual = 175943
Finished Renaming Generated Ports : Time (s): cpu = 00:01:03 ; elapsed = 00:01:04 . Memory (MB): peak = 2089.270 ; gain = 1074.078 ; free physical = 67574 ; free virtual = 175940
Finished Handling Custom Attributes : Time (s): cpu = 00:01:03 ; elapsed = 00:01:04 . Memory (MB): peak = 2089.270 ; gain = 1074.078 ; free physical = 67537 ; free virtual = 175904
Finished Renaming Generated Nets : Time (s): cpu = 00:01:03 ; elapsed = 00:01:04 . Memory (MB): peak = 2089.270 ; gain = 1074.078 ; free physical = 67534 ; free virtual = 175901

Report Cell Usage: 
+------+-----+------+
|      |Cell |Count |
+------+-----+------+
|1     |LUT1 |     4|
|2     |LUT2 |    17|
|3     |LUT3 |    81|
|4     |LUT4 |   163|
|5     |LUT5 |    43|
|6     |LUT6 |    68|
|7     |FDRE |   627|
|8     |FDSE |     7|
+------+-----+------+
Finished Writing Synthesis Report : Time (s): cpu = 00:01:03 ; elapsed = 00:01:04 . Memory (MB): peak = 2089.270 ; gain = 1074.078 ; free physical = 67532 ; free virtual = 175899
synth_design: Time (s): cpu = 00:01:02 ; elapsed = 00:01:03 . Memory (MB): peak = 2089.270 ; gain = 960.574 ; free physical = 67421 ; free virtual = 175788
