
*** Running vivado
    with args -log b2000t_c2c_bram_vio_0_0.vds -m64 -product Vivado -mode batch -messageDb vivado.pb -notrace -source b2000t_c2c_bram_vio_0_0.tcl


****** Vivado v2016.4 (64-bit)
  **** SW Build 1733598 on Wed Dec 14 22:35:42 MST 2016
  **** IP Build 1731160 on Wed Dec 14 23:47:21 MST 2016
    ** Copyright 1986-2016 Xilinx, Inc. All Rights Reserved.

source b2000t_c2c_bram_vio_0_0.tcl -notrace
Starting RTL Elaboration : Time (s): cpu = 00:00:11 ; elapsed = 00:00:11 . Memory (MB): peak = 1249.188 ; gain = 234.000 ; free physical = 77833 ; free virtual = 185802
INFO: [Synth 8-638] synthesizing module 'b2000t_c2c_bram_vio_0_0' [/home/wesleyguo/github/vivado/vivado/2000t_c2c_bram/b2000t_c2c_bram/b2000t_c2c_bram.srcs/sources_1/bd/b2000t_c2c_bram/ip/b2000t_c2c_bram_vio_0_0/synth/b2000t_c2c_bram_vio_0_0.v:59]
INFO: [Synth 8-256] done synthesizing module 'b2000t_c2c_bram_vio_0_0' (8#1) [/home/wesleyguo/github/vivado/vivado/2000t_c2c_bram/b2000t_c2c_bram/b2000t_c2c_bram.srcs/sources_1/bd/b2000t_c2c_bram/ip/b2000t_c2c_bram_vio_0_0/synth/b2000t_c2c_bram_vio_0_0.v:59]
Finished RTL Elaboration : Time (s): cpu = 00:00:16 ; elapsed = 00:00:16 . Memory (MB): peak = 1375.660 ; gain = 360.473 ; free physical = 76529 ; free virtual = 184497
Finished RTL Optimization Phase 1 : Time (s): cpu = 00:00:16 ; elapsed = 00:00:17 . Memory (MB): peak = 1375.660 ; gain = 360.473 ; free physical = 76526 ; free virtual = 184494
INFO: [Device 21-403] Loading part xc7v2000tflg1925-1
Constraint Validation Runtime : Time (s): cpu = 00:00:00.04 ; elapsed = 00:00:00.03 . Memory (MB): peak = 2088.266 ; gain = 0.004 ; free physical = 73859 ; free virtual = 181829
Finished Constraint Validation : Time (s): cpu = 00:00:53 ; elapsed = 00:00:54 . Memory (MB): peak = 2088.266 ; gain = 1073.078 ; free physical = 73755 ; free virtual = 181725
Finished Loading Part and Timing Information : Time (s): cpu = 00:00:53 ; elapsed = 00:00:54 . Memory (MB): peak = 2088.266 ; gain = 1073.078 ; free physical = 73755 ; free virtual = 181725
Finished applying 'set_property' XDC Constraints : Time (s): cpu = 00:00:53 ; elapsed = 00:00:54 . Memory (MB): peak = 2088.266 ; gain = 1073.078 ; free physical = 73753 ; free virtual = 181723
Finished RTL Optimization Phase 2 : Time (s): cpu = 00:00:53 ; elapsed = 00:00:55 . Memory (MB): peak = 2088.266 ; gain = 1073.078 ; free physical = 73751 ; free virtual = 181721
Finished Cross Boundary and Area Optimization : Time (s): cpu = 00:00:55 ; elapsed = 00:00:56 . Memory (MB): peak = 2088.266 ; gain = 1073.078 ; free physical = 73678 ; free virtual = 181648
Finished Applying XDC Timing Constraints : Time (s): cpu = 00:01:03 ; elapsed = 00:01:04 . Memory (MB): peak = 2088.266 ; gain = 1073.078 ; free physical = 77589 ; free virtual = 185561
Finished Timing Optimization : Time (s): cpu = 00:01:03 ; elapsed = 00:01:04 . Memory (MB): peak = 2088.266 ; gain = 1073.078 ; free physical = 77589 ; free virtual = 185561
Finished Technology Mapping : Time (s): cpu = 00:01:03 ; elapsed = 00:01:05 . Memory (MB): peak = 2088.266 ; gain = 1073.078 ; free physical = 77575 ; free virtual = 185547
Finished IO Insertion : Time (s): cpu = 00:01:04 ; elapsed = 00:01:05 . Memory (MB): peak = 2088.266 ; gain = 1073.078 ; free physical = 77573 ; free virtual = 185545
Finished Renaming Generated Instances : Time (s): cpu = 00:01:04 ; elapsed = 00:01:05 . Memory (MB): peak = 2088.266 ; gain = 1073.078 ; free physical = 77573 ; free virtual = 185545
Finished Rebuilding User Hierarchy : Time (s): cpu = 00:01:04 ; elapsed = 00:01:05 . Memory (MB): peak = 2088.266 ; gain = 1073.078 ; free physical = 77573 ; free virtual = 185545
Finished Renaming Generated Ports : Time (s): cpu = 00:01:04 ; elapsed = 00:01:05 . Memory (MB): peak = 2088.266 ; gain = 1073.078 ; free physical = 77573 ; free virtual = 185545
Finished Handling Custom Attributes : Time (s): cpu = 00:01:04 ; elapsed = 00:01:05 . Memory (MB): peak = 2088.266 ; gain = 1073.078 ; free physical = 77573 ; free virtual = 185545
Finished Renaming Generated Nets : Time (s): cpu = 00:01:04 ; elapsed = 00:01:05 . Memory (MB): peak = 2088.266 ; gain = 1073.078 ; free physical = 77573 ; free virtual = 185545

Report Cell Usage: 
+------+------+------+
|      |Cell  |Count |
+------+------+------+
|1     |LUT1  |     4|
|2     |LUT2  |    17|
|3     |LUT3  |    96|
|4     |LUT4  |   288|
|5     |LUT5  |    43|
|6     |LUT6  |   103|
|7     |MUXF7 |    32|
|8     |FDRE  |   868|
|9     |FDSE  |     7|
+------+------+------+
Finished Writing Synthesis Report : Time (s): cpu = 00:01:04 ; elapsed = 00:01:05 . Memory (MB): peak = 2088.266 ; gain = 1073.078 ; free physical = 77573 ; free virtual = 185545
synth_design: Time (s): cpu = 00:01:03 ; elapsed = 00:01:04 . Memory (MB): peak = 2091.266 ; gain = 963.574 ; free physical = 77574 ; free virtual = 185546
