
*** Running vivado
    with args -log jack.vdi -applog -m64 -product Vivado -messageDb vivado.pb -mode batch -source jack.tcl -notrace


****** Vivado v2016.4 (64-bit)
  **** SW Build 1733598 on Wed Dec 14 22:35:42 MST 2016
  **** IP Build 1731160 on Wed Dec 14 23:47:21 MST 2016
    ** Copyright 1986-2016 Xilinx, Inc. All Rights Reserved.

source jack.tcl -notrace
Design is defaulting to srcset: sources_1
Design is defaulting to constrset: constrs_1
INFO: [Netlist 29-17] Analyzing 78 Unisim elements for replacement
INFO: [Netlist 29-28] Unisim Transformation completed in 0 CPU seconds
INFO: [Project 1-479] Netlist was created with Vivado 2016.4
INFO: [Device 21-403] Loading part xc7v2000tflg1925-1
INFO: [Project 1-570] Preparing netlist for logic optimization
INFO: [Opt 31-138] Pushed 0 inverter(s) to 0 load pin(s).
INFO: [Project 1-111] Unisim Transformation Summary:
No Unisim elements were transformed.

link_design: Time (s): cpu = 00:00:31 ; elapsed = 00:00:32 . Memory (MB): peak = 1857.047 ; gain = 764.352 ; free physical = 86385 ; free virtual = 191705
INFO: [Vivado_Tcl 4-424] Cannot write hardware definition file as there are no IPI block design hardware handoff files present
Command: opt_design
Attempting to get a license for feature 'Implementation' and/or device 'xc7v2000t'
INFO: [Common 17-349] Got license for feature 'Implementation' and/or device 'xc7v2000t'
Running DRC as a precondition to command opt_design

Starting DRC Task
INFO: [DRC 23-27] Running DRC with 8 threads
INFO: [Project 1-461] DRC finished with 0 Errors
INFO: [Project 1-462] Please refer to the DRC report (report_drc) for more information.

Time (s): cpu = 00:00:00.84 ; elapsed = 00:00:00.28 . Memory (MB): peak = 1975.082 ; gain = 108.031 ; free physical = 86358 ; free virtual = 191678
INFO: [Timing 38-35] Done setting XDC timing constraints.

Starting Logic Optimization Task
Implement Debug Cores | Checksum: 11b0a9fac

Phase 1 Retarget
INFO: [Opt 31-138] Pushed 0 inverter(s) to 0 load pin(s).
INFO: [Opt 31-49] Retargeted 0 cell(s).
Phase 1 Retarget | Checksum: 11b0a9fac

Time (s): cpu = 00:00:00 ; elapsed = 00:00:00.01 . Memory (MB): peak = 2603.070 ; gain = 0.000 ; free physical = 85740 ; free virtual = 191059

Phase 2 Constant propagation
INFO: [Opt 31-138] Pushed 0 inverter(s) to 0 load pin(s).
INFO: [Opt 31-10] Eliminated 0 cells.
Phase 2 Constant propagation | Checksum: 11b0a9fac

Time (s): cpu = 00:00:00.01 ; elapsed = 00:00:00.01 . Memory (MB): peak = 2603.070 ; gain = 0.000 ; free physical = 85740 ; free virtual = 191059

Phase 3 Sweep
INFO: [Opt 31-12] Eliminated 0 unconnected nets.
INFO: [Opt 31-11] Eliminated 0 unconnected cells.
Phase 3 Sweep | Checksum: 11b0a9fac

Time (s): cpu = 00:00:00.01 ; elapsed = 00:00:00.02 . Memory (MB): peak = 2603.070 ; gain = 0.000 ; free physical = 85740 ; free virtual = 191059

Phase 4 BUFG optimization
INFO: [Opt 31-12] Eliminated 0 unconnected nets.
INFO: [Opt 31-11] Eliminated 0 unconnected cells.
Phase 4 BUFG optimization | Checksum: 11b0a9fac

Time (s): cpu = 00:00:00.02 ; elapsed = 00:00:00.02 . Memory (MB): peak = 2603.070 ; gain = 0.000 ; free physical = 85740 ; free virtual = 191059

Starting Connectivity Check Task

Time (s): cpu = 00:00:00 ; elapsed = 00:00:00 . Memory (MB): peak = 2603.070 ; gain = 0.000 ; free physical = 85740 ; free virtual = 191059
Ending Logic Optimization Task | Checksum: 11b0a9fac

Time (s): cpu = 00:00:00.02 ; elapsed = 00:00:00.03 . Memory (MB): peak = 2603.070 ; gain = 0.000 ; free physical = 85740 ; free virtual = 191059

Starting Power Optimization Task
INFO: [Pwropt 34-132] Skipping clock gating for clocks with a period < 2.00 ns.
Ending Power Optimization Task | Checksum: 11b0a9fac

Time (s): cpu = 00:00:00.01 ; elapsed = 00:00:00.01 . Memory (MB): peak = 2603.070 ; gain = 0.000 ; free physical = 85739 ; free virtual = 191059
INFO: [Common 17-83] Releasing license: Implementation
23 Infos, 0 Warnings, 0 Critical Warnings and 0 Errors encountered.
opt_design completed successfully
opt_design: Time (s): cpu = 00:00:25 ; elapsed = 00:00:24 . Memory (MB): peak = 2603.070 ; gain = 746.020 ; free physical = 85739 ; free virtual = 191059
INFO: [Common 17-1381] The checkpoint '/home/wesleyguo/github/vivado/vivado/ip/dut/jack/jack/jack.runs/impl_1/jack_opt.dcp' has been generated.
INFO: [DRC 23-27] Running DRC with 8 threads
INFO: [Coretcl 2-168] The results of DRC are in file /home/wesleyguo/github/vivado/vivado/ip/dut/jack/jack/jack.runs/impl_1/jack_drc_opted.rpt.
INFO: [Chipscope 16-241] No debug cores found in the current design.
Before running the implement_debug_core command, either use the Set Up Debug wizard (GUI mode)
or use the create_debug_core and connect_debug_core Tcl commands to insert debug cores into the design.
Command: place_design
Attempting to get a license for feature 'Implementation' and/or device 'xc7v2000t'
INFO: [Common 17-349] Got license for feature 'Implementation' and/or device 'xc7v2000t'
INFO: [DRC 23-27] Running DRC with 8 threads
INFO: [Vivado_Tcl 4-198] DRC finished with 0 Errors
INFO: [Vivado_Tcl 4-199] Please refer to the DRC report (report_drc) for more information.
Running DRC as a precondition to command place_design
INFO: [DRC 23-27] Running DRC with 8 threads
INFO: [Vivado_Tcl 4-198] DRC finished with 0 Errors
INFO: [Vivado_Tcl 4-199] Please refer to the DRC report (report_drc) for more information.

Starting Placer Task
INFO: [Place 30-611] Multithreading enabled for place_design using a maximum of 8 CPUs

Phase 1 Placer Initialization
Netlist sorting complete. Time (s): cpu = 00:00:00 ; elapsed = 00:00:00 . Memory (MB): peak = 2683.102 ; gain = 0.000 ; free physical = 85725 ; free virtual = 191045
Netlist sorting complete. Time (s): cpu = 00:00:00 ; elapsed = 00:00:00 . Memory (MB): peak = 2683.102 ; gain = 0.000 ; free physical = 85725 ; free virtual = 191045

Phase 1.1 IO Placement/ Clock Placement/ Build Placer Device
INFO: [Timing 38-35] Done setting XDC timing constraints.
Phase 1.1 IO Placement/ Clock Placement/ Build Placer Device | Checksum: f86a5a4a

Time (s): cpu = 00:00:05 ; elapsed = 00:00:03 . Memory (MB): peak = 2713.086 ; gain = 29.984 ; free physical = 85709 ; free virtual = 191029

Phase 1.2 Build Placer Netlist Model
Phase 1.2 Build Placer Netlist Model | Checksum: 1f71b1d24

Time (s): cpu = 00:00:05 ; elapsed = 00:00:03 . Memory (MB): peak = 2713.086 ; gain = 29.984 ; free physical = 85709 ; free virtual = 191029

Phase 1.3 Constrain Clocks/Macros
Phase 1.3 Constrain Clocks/Macros | Checksum: 1f71b1d24

Time (s): cpu = 00:00:05 ; elapsed = 00:00:03 . Memory (MB): peak = 2713.086 ; gain = 29.984 ; free physical = 85709 ; free virtual = 191029
Phase 1 Placer Initialization | Checksum: 1f71b1d24

Time (s): cpu = 00:00:05 ; elapsed = 00:00:04 . Memory (MB): peak = 2805.082 ; gain = 121.980 ; free physical = 85582 ; free virtual = 190901

Phase 2 Global Placement
Phase 2 Global Placement | Checksum: 1f6dc77d4

Time (s): cpu = 00:00:08 ; elapsed = 00:00:05 . Memory (MB): peak = 2987.672 ; gain = 304.570 ; free physical = 85495 ; free virtual = 190814

Phase 3 Detail Placement

Phase 3.1 Commit Multi Column Macros
Phase 3.1 Commit Multi Column Macros | Checksum: 1f6dc77d4

Time (s): cpu = 00:00:09 ; elapsed = 00:00:05 . Memory (MB): peak = 2987.672 ; gain = 304.570 ; free physical = 85495 ; free virtual = 190814

Phase 3.2 Commit Most Macros & LUTRAMs
Phase 3.2 Commit Most Macros & LUTRAMs | Checksum: 1dc032ba7

Time (s): cpu = 00:00:09 ; elapsed = 00:00:05 . Memory (MB): peak = 2987.672 ; gain = 304.570 ; free physical = 85472 ; free virtual = 190791

Phase 3.3 Area Swap Optimization
Phase 3.3 Area Swap Optimization | Checksum: 140b314cf

Time (s): cpu = 00:00:09 ; elapsed = 00:00:06 . Memory (MB): peak = 2987.672 ; gain = 304.570 ; free physical = 85464 ; free virtual = 190784

Phase 3.4 Pipeline Register Optimization
Phase 3.4 Pipeline Register Optimization | Checksum: 140b314cf

Time (s): cpu = 00:00:09 ; elapsed = 00:00:06 . Memory (MB): peak = 2987.672 ; gain = 304.570 ; free physical = 85464 ; free virtual = 190784

Phase 3.5 Small Shape Detail Placement
Phase 3.5 Small Shape Detail Placement | Checksum: 16c2249cc

Time (s): cpu = 00:00:12 ; elapsed = 00:00:08 . Memory (MB): peak = 2987.672 ; gain = 304.570 ; free physical = 85378 ; free virtual = 190698

Phase 3.6 Re-assign LUT pins
Phase 3.6 Re-assign LUT pins | Checksum: 16c2249cc

Time (s): cpu = 00:00:12 ; elapsed = 00:00:08 . Memory (MB): peak = 2987.672 ; gain = 304.570 ; free physical = 85378 ; free virtual = 190698

Phase 3.7 Pipeline Register Optimization
Phase 3.7 Pipeline Register Optimization | Checksum: 16c2249cc

Time (s): cpu = 00:00:12 ; elapsed = 00:00:08 . Memory (MB): peak = 2987.672 ; gain = 304.570 ; free physical = 85378 ; free virtual = 190698
Phase 3 Detail Placement | Checksum: 16c2249cc

Time (s): cpu = 00:00:12 ; elapsed = 00:00:08 . Memory (MB): peak = 2987.672 ; gain = 304.570 ; free physical = 85378 ; free virtual = 190698

Phase 4 Post Placement Optimization and Clean-Up

Phase 4.1 Post Commit Optimization
Phase 4.1 Post Commit Optimization | Checksum: 16c2249cc

Time (s): cpu = 00:00:13 ; elapsed = 00:00:08 . Memory (MB): peak = 2987.672 ; gain = 304.570 ; free physical = 85378 ; free virtual = 190698

Phase 4.2 Post Placement Cleanup
Phase 4.2 Post Placement Cleanup | Checksum: 16c2249cc

Time (s): cpu = 00:00:13 ; elapsed = 00:00:08 . Memory (MB): peak = 2987.672 ; gain = 304.570 ; free physical = 85378 ; free virtual = 190698

Phase 4.3 Placer Reporting
Phase 4.3 Placer Reporting | Checksum: 16c2249cc

Time (s): cpu = 00:00:13 ; elapsed = 00:00:08 . Memory (MB): peak = 2987.672 ; gain = 304.570 ; free physical = 85378 ; free virtual = 190698

Phase 4.4 Final Placement Cleanup
Phase 4.4 Final Placement Cleanup | Checksum: 16c2249cc

Time (s): cpu = 00:00:13 ; elapsed = 00:00:08 . Memory (MB): peak = 2987.672 ; gain = 304.570 ; free physical = 85378 ; free virtual = 190698
Phase 4 Post Placement Optimization and Clean-Up | Checksum: 16c2249cc

Time (s): cpu = 00:00:13 ; elapsed = 00:00:08 . Memory (MB): peak = 2987.672 ; gain = 304.570 ; free physical = 85378 ; free virtual = 190698
Ending Placer Task | Checksum: 9a476f28

Time (s): cpu = 00:00:13 ; elapsed = 00:00:08 . Memory (MB): peak = 2987.672 ; gain = 304.570 ; free physical = 85378 ; free virtual = 190698
INFO: [Common 17-83] Releasing license: Implementation
37 Infos, 0 Warnings, 0 Critical Warnings and 0 Errors encountered.
place_design completed successfully
place_design: Time (s): cpu = 00:00:15 ; elapsed = 00:00:09 . Memory (MB): peak = 2987.672 ; gain = 304.570 ; free physical = 85378 ; free virtual = 190698
Writing placer database...
Writing XDEF routing.
Writing XDEF routing logical nets.
Writing XDEF routing special nets.
Write XDEF Complete: Time (s): cpu = 00:00:00.09 ; elapsed = 00:00:00.08 . Memory (MB): peak = 2987.672 ; gain = 0.000 ; free physical = 85376 ; free virtual = 190699
INFO: [Common 17-1381] The checkpoint '/home/wesleyguo/github/vivado/vivado/ip/dut/jack/jack/jack.runs/impl_1/jack_placed.dcp' has been generated.
report_io: Time (s): cpu = 00:00:00.38 ; elapsed = 00:00:00.44 . Memory (MB): peak = 2987.672 ; gain = 0.000 ; free physical = 85378 ; free virtual = 190699
report_utilization: Time (s): cpu = 00:00:00.18 ; elapsed = 00:00:00.23 . Memory (MB): peak = 2987.672 ; gain = 0.000 ; free physical = 85376 ; free virtual = 190697
report_control_sets: Time (s): cpu = 00:00:00.01 ; elapsed = 00:00:00.06 . Memory (MB): peak = 2987.672 ; gain = 0.000 ; free physical = 85376 ; free virtual = 190697
Command: route_design
Attempting to get a license for feature 'Implementation' and/or device 'xc7v2000t'
INFO: [Common 17-349] Got license for feature 'Implementation' and/or device 'xc7v2000t'
Running DRC as a precondition to command route_design
INFO: [DRC 23-27] Running DRC with 8 threads
INFO: [Vivado_Tcl 4-198] DRC finished with 0 Errors
INFO: [Vivado_Tcl 4-199] Please refer to the DRC report (report_drc) for more information.


Starting Routing Task
INFO: [Route 35-254] Multithreading enabled for route_design using a maximum of 8 CPUs
Checksum: PlaceDB: 377a14d7 ConstDB: 0 ShapeSum: 62cd5a51 RouteDB: 0

Phase 1 Build RT Design
Phase 1 Build RT Design | Checksum: c08e9753

Time (s): cpu = 00:02:56 ; elapsed = 00:01:35 . Memory (MB): peak = 3686.254 ; gain = 650.688 ; free physical = 84274 ; free virtual = 189595

Phase 2 Router Initialization
INFO: [Route 35-64] No timing constraints were detected. The router will operate in resource-optimization mode.

Phase 2.1 Fix Topology Constraints
Phase 2.1 Fix Topology Constraints | Checksum: c08e9753

Time (s): cpu = 00:02:56 ; elapsed = 00:01:36 . Memory (MB): peak = 3714.863 ; gain = 679.297 ; free physical = 84206 ; free virtual = 189527

Phase 2.2 Pre Route Cleanup
Phase 2.2 Pre Route Cleanup | Checksum: c08e9753

Time (s): cpu = 00:02:56 ; elapsed = 00:01:36 . Memory (MB): peak = 3714.863 ; gain = 679.297 ; free physical = 84206 ; free virtual = 189527
 Number of Nodes with overlaps = 0
Phase 2 Router Initialization | Checksum: e9360593

Time (s): cpu = 00:02:59 ; elapsed = 00:01:38 . Memory (MB): peak = 3809.020 ; gain = 773.453 ; free physical = 84112 ; free virtual = 189432

Phase 3 Initial Routing
Phase 3 Initial Routing | Checksum: 19bd17c7e

Time (s): cpu = 00:03:03 ; elapsed = 00:01:39 . Memory (MB): peak = 3809.020 ; gain = 773.453 ; free physical = 84112 ; free virtual = 189432

Phase 4 Rip-up And Reroute

Phase 4.1 Global Iteration 0
 Number of Nodes with overlaps = 0
Phase 4.1 Global Iteration 0 | Checksum: fee23dab

Time (s): cpu = 00:03:03 ; elapsed = 00:01:40 . Memory (MB): peak = 3809.020 ; gain = 773.453 ; free physical = 84112 ; free virtual = 189432
Phase 4 Rip-up And Reroute | Checksum: fee23dab

Time (s): cpu = 00:03:03 ; elapsed = 00:01:40 . Memory (MB): peak = 3809.020 ; gain = 773.453 ; free physical = 84112 ; free virtual = 189432

Phase 5 Delay and Skew Optimization
Phase 5 Delay and Skew Optimization | Checksum: fee23dab

Time (s): cpu = 00:03:03 ; elapsed = 00:01:40 . Memory (MB): peak = 3809.020 ; gain = 773.453 ; free physical = 84112 ; free virtual = 189432

Phase 6 Post Hold Fix

Phase 6.1 Hold Fix Iter
Phase 6.1 Hold Fix Iter | Checksum: fee23dab

Time (s): cpu = 00:03:03 ; elapsed = 00:01:40 . Memory (MB): peak = 3809.020 ; gain = 773.453 ; free physical = 84112 ; free virtual = 189432
Phase 6 Post Hold Fix | Checksum: fee23dab

Time (s): cpu = 00:03:03 ; elapsed = 00:01:40 . Memory (MB): peak = 3809.020 ; gain = 773.453 ; free physical = 84112 ; free virtual = 189432

Phase 7 Route finalize

Router Utilization Summary
  Global Vertical Routing Utilization    = 0.0245287 %
  Global Horizontal Routing Utilization  = 0.0379568 %
  Routable Net Status*
  *Does not include unroutable nets such as driverless and loadless.
  Run report_route_status for detailed report.
  Number of Failed Nets               = 0
  Number of Unrouted Nets             = 0
  Number of Partially Routed Nets     = 0
  Number of Node Overlaps             = 0

Congestion Report
North Dir 1x1 Area, Max Cong = 50%, No Congested Regions.
South Dir 1x1 Area, Max Cong = 27.027%, No Congested Regions.
East Dir 1x1 Area, Max Cong = 17.6471%, No Congested Regions.
West Dir 1x1 Area, Max Cong = 20.5882%, No Congested Regions.
Phase 7 Route finalize | Checksum: fee23dab

Time (s): cpu = 00:03:05 ; elapsed = 00:01:40 . Memory (MB): peak = 3809.020 ; gain = 773.453 ; free physical = 84112 ; free virtual = 189432

Phase 8 Verifying routed nets

 Verification completed successfully
Phase 8 Verifying routed nets | Checksum: fee23dab

Time (s): cpu = 00:03:05 ; elapsed = 00:01:40 . Memory (MB): peak = 3809.020 ; gain = 773.453 ; free physical = 84112 ; free virtual = 189432

Phase 9 Depositing Routes
Phase 9 Depositing Routes | Checksum: 1b6bd460c

Time (s): cpu = 00:03:05 ; elapsed = 00:01:40 . Memory (MB): peak = 3809.020 ; gain = 773.453 ; free physical = 84112 ; free virtual = 189432
INFO: [Route 35-16] Router Completed Successfully

Time (s): cpu = 00:03:05 ; elapsed = 00:01:40 . Memory (MB): peak = 3809.020 ; gain = 773.453 ; free physical = 84112 ; free virtual = 189432

Routing Is Done.
INFO: [Common 17-83] Releasing license: Implementation
46 Infos, 0 Warnings, 0 Critical Warnings and 0 Errors encountered.
route_design completed successfully
route_design: Time (s): cpu = 00:03:07 ; elapsed = 00:01:41 . Memory (MB): peak = 3809.027 ; gain = 821.355 ; free physical = 84112 ; free virtual = 189432
Writing placer database...
Writing XDEF routing.
Writing XDEF routing logical nets.
Writing XDEF routing special nets.
Write XDEF Complete: Time (s): cpu = 00:00:00.05 ; elapsed = 00:00:00.03 . Memory (MB): peak = 3809.027 ; gain = 0.000 ; free physical = 84109 ; free virtual = 189432
INFO: [Common 17-1381] The checkpoint '/home/wesleyguo/github/vivado/vivado/ip/dut/jack/jack/jack.runs/impl_1/jack_routed.dcp' has been generated.
INFO: [DRC 23-27] Running DRC with 8 threads
INFO: [Coretcl 2-168] The results of DRC are in file /home/wesleyguo/github/vivado/vivado/ip/dut/jack/jack/jack.runs/impl_1/jack_drc_routed.rpt.
INFO: [Timing 38-35] Done setting XDC timing constraints.
INFO: [DRC 23-133] Running Methodology with 8 threads
INFO: [Coretcl 2-1520] The results of Report Methodology are in file /home/wesleyguo/github/vivado/vivado/ip/dut/jack/jack/jack.runs/impl_1/jack_methodology_drc_routed.rpt.
INFO: [Timing 38-35] Done setting XDC timing constraints.
INFO: [Timing 38-91] UpdateTimingParams: Speed grade: -1, Delay Type: min_max.
INFO: [Timing 38-191] Multithreading enabled for timing update using a maximum of 8 CPUs
INFO: [Timing 38-35] Done setting XDC timing constraints.
WARNING: [Timing 38-313] There are no user specified timing constraints. Timing constraints are needed for proper timing analysis.
Command: report_power -file jack_power_routed.rpt -pb jack_power_summary_routed.pb -rpx jack_power_routed.rpx
WARNING: [Power 33-232] No user defined clocks were found in the design!
Resolution: Please specify clocks using create_clock/create_generated_clock for sequential elements. For pure combinatorial circuits, please specify a virtual clock, otherwise the vectorless estimation might be inaccurate
Running Vector-less Activity Propagation...

Finished Running Vector-less Activity Propagation
56 Infos, 2 Warnings, 0 Critical Warnings and 0 Errors encountered.
report_power completed successfully
INFO: [Common 17-206] Exiting Vivado at Tue Jun 20 18:45:16 2017...
