
*** Running vivado
    with args -log b2000t_c2c_bram_aurora_64b66b_0_0.vds -m64 -product Vivado -mode batch -messageDb vivado.pb -notrace -source b2000t_c2c_bram_aurora_64b66b_0_0.tcl


****** Vivado v2016.4 (64-bit)
  **** SW Build 1733598 on Wed Dec 14 22:35:39 MST 2016
  **** IP Build 1731160 on Wed Dec 14 23:47:21 MST 2016
    ** Copyright 1986-2016 Xilinx, Inc. All Rights Reserved.

source b2000t_c2c_bram_aurora_64b66b_0_0.tcl -notrace
Starting RTL Elaboration : Time (s): cpu = 00:00:17 ; elapsed = 00:00:33 . Memory (MB): peak = 379.063 ; gain = 169.105
INFO: [Synth 8-638] synthesizing module 'b2000t_c2c_bram_aurora_64b66b_0_0' [f:/GITHUB/vivado/2000t_c2c_bram/b2000t_c2c_bram/b2000t_c2c_bram.srcs/sources_1/bd/b2000t_c2c_bram/ip/b2000t_c2c_bram_aurora_64b66b_0_0/b2000t_c2c_bram_aurora_64b66b_0_0.v:70]
INFO: [Synth 8-638] synthesizing module 'b2000t_c2c_bram_aurora_64b66b_0_0_support' [f:/GITHUB/vivado/2000t_c2c_bram/b2000t_c2c_bram/b2000t_c2c_bram.srcs/sources_1/bd/b2000t_c2c_bram/ip/b2000t_c2c_bram_aurora_64b66b_0_0/b2000t_c2c_bram_aurora_64b66b_0_0/src/b2000t_c2c_bram_aurora_64b66b_0_0_support.v:67]
INFO: [Synth 8-638] synthesizing module 'b2000t_c2c_bram_aurora_64b66b_0_0_gt_common_wrapper' [f:/GITHUB/vivado/2000t_c2c_bram/b2000t_c2c_bram/b2000t_c2c_bram.srcs/sources_1/bd/b2000t_c2c_bram/ip/b2000t_c2c_bram_aurora_64b66b_0_0/b2000t_c2c_bram_aurora_64b66b_0_0/src/b2000t_c2c_bram_aurora_64b66b_0_0_gt_common_wrapper.v:64]
INFO: [Synth 8-638] synthesizing module 'GTXE2_COMMON' [C:/Xilinx/Vivado/Vivado/2016.4/scripts/rt/data/unisim_comp.v:11199]
INFO: [Synth 8-256] done synthesizing module 'GTXE2_COMMON' (1#1) [C:/Xilinx/Vivado/Vivado/2016.4/scripts/rt/data/unisim_comp.v:11199]
INFO: [Synth 8-256] done synthesizing module 'b2000t_c2c_bram_aurora_64b66b_0_0_gt_common_wrapper' (2#1) [f:/GITHUB/vivado/2000t_c2c_bram/b2000t_c2c_bram/b2000t_c2c_bram.srcs/sources_1/bd/b2000t_c2c_bram/ip/b2000t_c2c_bram_aurora_64b66b_0_0/b2000t_c2c_bram_aurora_64b66b_0_0/src/b2000t_c2c_bram_aurora_64b66b_0_0_gt_common_wrapper.v:64]
INFO: [Synth 8-638] synthesizing module 'IBUFDS_GTE2' [C:/Xilinx/Vivado/Vivado/2016.4/scripts/rt/data/unisim_comp.v:14298]
INFO: [Synth 8-256] done synthesizing module 'IBUFDS_GTE2' (3#1) [C:/Xilinx/Vivado/Vivado/2016.4/scripts/rt/data/unisim_comp.v:14298]
INFO: [Synth 8-638] synthesizing module 'b2000t_c2c_bram_aurora_64b66b_0_0_CLOCK_MODULE' [f:/GITHUB/vivado/2000t_c2c_bram/b2000t_c2c_bram/b2000t_c2c_bram.srcs/sources_1/bd/b2000t_c2c_bram/ip/b2000t_c2c_bram_aurora_64b66b_0_0/b2000t_c2c_bram_aurora_64b66b_0_0/src/b2000t_c2c_bram_aurora_64b66b_0_0_clock_module.v:68]
INFO: [Synth 8-638] synthesizing module 'MMCME2_ADV' [C:/Xilinx/Vivado/Vivado/2016.4/scripts/rt/data/unisim_comp.v:20414]
INFO: [Synth 8-256] done synthesizing module 'MMCME2_ADV' (4#1) [C:/Xilinx/Vivado/Vivado/2016.4/scripts/rt/data/unisim_comp.v:20414]
INFO: [Synth 8-638] synthesizing module 'BUFG' [C:/Xilinx/Vivado/Vivado/2016.4/scripts/rt/data/unisim_comp.v:607]
INFO: [Synth 8-256] done synthesizing module 'BUFG' (5#1) [C:/Xilinx/Vivado/Vivado/2016.4/scripts/rt/data/unisim_comp.v:607]
INFO: [Synth 8-638] synthesizing module 'IBUFDS' [C:/Xilinx/Vivado/Vivado/2016.4/scripts/rt/data/unisim_comp.v:14161]
INFO: [Synth 8-256] done synthesizing module 'IBUFDS' (6#1) [C:/Xilinx/Vivado/Vivado/2016.4/scripts/rt/data/unisim_comp.v:14161]
INFO: [Synth 8-256] done synthesizing module 'b2000t_c2c_bram_aurora_64b66b_0_0_CLOCK_MODULE' (7#1) [f:/GITHUB/vivado/2000t_c2c_bram/b2000t_c2c_bram/b2000t_c2c_bram.srcs/sources_1/bd/b2000t_c2c_bram/ip/b2000t_c2c_bram_aurora_64b66b_0_0/b2000t_c2c_bram_aurora_64b66b_0_0/src/b2000t_c2c_bram_aurora_64b66b_0_0_clock_module.v:68]
INFO: [Synth 8-638] synthesizing module 'b2000t_c2c_bram_aurora_64b66b_0_0_rst_sync' [f:/GITHUB/vivado/2000t_c2c_bram/b2000t_c2c_bram/b2000t_c2c_bram.srcs/sources_1/bd/b2000t_c2c_bram/ip/b2000t_c2c_bram_aurora_64b66b_0_0/b2000t_c2c_bram_aurora_64b66b_0_0/src/b2000t_c2c_bram_aurora_64b66b_0_0_cdc_sync.v:539]
INFO: [Synth 8-256] done synthesizing module 'b2000t_c2c_bram_aurora_64b66b_0_0_rst_sync' (8#1) [f:/GITHUB/vivado/2000t_c2c_bram/b2000t_c2c_bram/b2000t_c2c_bram.srcs/sources_1/bd/b2000t_c2c_bram/ip/b2000t_c2c_bram_aurora_64b66b_0_0/b2000t_c2c_bram_aurora_64b66b_0_0/src/b2000t_c2c_bram_aurora_64b66b_0_0_cdc_sync.v:539]
INFO: [Synth 8-638] synthesizing module 'b2000t_c2c_bram_aurora_64b66b_0_0_SUPPORT_RESET_LOGIC' [f:/GITHUB/vivado/2000t_c2c_bram/b2000t_c2c_bram/b2000t_c2c_bram.srcs/sources_1/bd/b2000t_c2c_bram/ip/b2000t_c2c_bram_aurora_64b66b_0_0/b2000t_c2c_bram_aurora_64b66b_0_0/src/b2000t_c2c_bram_aurora_64b66b_0_0_support_reset_logic.v:63]
INFO: [Synth 8-256] done synthesizing module 'b2000t_c2c_bram_aurora_64b66b_0_0_SUPPORT_RESET_LOGIC' (9#1) [f:/GITHUB/vivado/2000t_c2c_bram/b2000t_c2c_bram/b2000t_c2c_bram.srcs/sources_1/bd/b2000t_c2c_bram/ip/b2000t_c2c_bram_aurora_64b66b_0_0/b2000t_c2c_bram_aurora_64b66b_0_0/src/b2000t_c2c_bram_aurora_64b66b_0_0_support_reset_logic.v:63]
INFO: [Synth 8-638] synthesizing module 'b2000t_c2c_bram_aurora_64b66b_0_0_core' [f:/GITHUB/vivado/2000t_c2c_bram/b2000t_c2c_bram/b2000t_c2c_bram.srcs/sources_1/bd/b2000t_c2c_bram/ip/b2000t_c2c_bram_aurora_64b66b_0_0/b2000t_c2c_bram_aurora_64b66b_0_0_core.v:72]
INFO: [Synth 8-638] synthesizing module 'b2000t_c2c_bram_aurora_64b66b_0_0_RESET_LOGIC' [f:/GITHUB/vivado/2000t_c2c_bram/b2000t_c2c_bram/b2000t_c2c_bram.srcs/sources_1/bd/b2000t_c2c_bram/ip/b2000t_c2c_bram_aurora_64b66b_0_0/b2000t_c2c_bram_aurora_64b66b_0_0/src/b2000t_c2c_bram_aurora_64b66b_0_0_reset_logic.v:63]
INFO: [Synth 8-256] done synthesizing module 'b2000t_c2c_bram_aurora_64b66b_0_0_RESET_LOGIC' (10#1) [f:/GITHUB/vivado/2000t_c2c_bram/b2000t_c2c_bram/b2000t_c2c_bram.srcs/sources_1/bd/b2000t_c2c_bram/ip/b2000t_c2c_bram_aurora_64b66b_0_0/b2000t_c2c_bram_aurora_64b66b_0_0/src/b2000t_c2c_bram_aurora_64b66b_0_0_reset_logic.v:63]
INFO: [Synth 8-638] synthesizing module 'b2000t_c2c_bram_aurora_64b66b_0_0_AURORA_LANE' [f:/GITHUB/vivado/2000t_c2c_bram/b2000t_c2c_bram/b2000t_c2c_bram.srcs/sources_1/bd/b2000t_c2c_bram/ip/b2000t_c2c_bram_aurora_64b66b_0_0/b2000t_c2c_bram_aurora_64b66b_0_0/src/b2000t_c2c_bram_aurora_64b66b_0_0_aurora_lane.v:74]
INFO: [Synth 8-638] synthesizing module 'b2000t_c2c_bram_aurora_64b66b_0_0_LANE_INIT_SM' [f:/GITHUB/vivado/2000t_c2c_bram/b2000t_c2c_bram/b2000t_c2c_bram.srcs/sources_1/bd/b2000t_c2c_bram/ip/b2000t_c2c_bram_aurora_64b66b_0_0/b2000t_c2c_bram_aurora_64b66b_0_0/src/b2000t_c2c_bram_aurora_64b66b_0_0_lane_init_sm.v:69]
INFO: [Synth 8-638] synthesizing module 'SRLC32E' [C:/Xilinx/Vivado/Vivado/2016.4/scripts/rt/data/unisim_comp.v:43478]
INFO: [Synth 8-256] done synthesizing module 'SRLC32E' (11#1) [C:/Xilinx/Vivado/Vivado/2016.4/scripts/rt/data/unisim_comp.v:43478]
INFO: [Synth 8-638] synthesizing module 'FDR' [C:/Xilinx/Vivado/Vivado/2016.4/scripts/rt/data/unisim_comp.v:3951]
INFO: [Synth 8-256] done synthesizing module 'FDR' (12#1) [C:/Xilinx/Vivado/Vivado/2016.4/scripts/rt/data/unisim_comp.v:3951]
INFO: [Synth 8-638] synthesizing module 'b2000t_c2c_bram_aurora_64b66b_0_0_cdc_sync' [f:/GITHUB/vivado/2000t_c2c_bram/b2000t_c2c_bram/b2000t_c2c_bram.srcs/sources_1/bd/b2000t_c2c_bram/ip/b2000t_c2c_bram_aurora_64b66b_0_0/b2000t_c2c_bram_aurora_64b66b_0_0/src/b2000t_c2c_bram_aurora_64b66b_0_0_cdc_sync.v:105]
INFO: [Synth 8-256] done synthesizing module 'b2000t_c2c_bram_aurora_64b66b_0_0_cdc_sync' (13#1) [f:/GITHUB/vivado/2000t_c2c_bram/b2000t_c2c_bram/b2000t_c2c_bram.srcs/sources_1/bd/b2000t_c2c_bram/ip/b2000t_c2c_bram_aurora_64b66b_0_0/b2000t_c2c_bram_aurora_64b66b_0_0/src/b2000t_c2c_bram_aurora_64b66b_0_0_cdc_sync.v:105]
INFO: [Synth 8-256] done synthesizing module 'b2000t_c2c_bram_aurora_64b66b_0_0_LANE_INIT_SM' (14#1) [f:/GITHUB/vivado/2000t_c2c_bram/b2000t_c2c_bram/b2000t_c2c_bram.srcs/sources_1/bd/b2000t_c2c_bram/ip/b2000t_c2c_bram_aurora_64b66b_0_0/b2000t_c2c_bram_aurora_64b66b_0_0/src/b2000t_c2c_bram_aurora_64b66b_0_0_lane_init_sm.v:69]
INFO: [Synth 8-638] synthesizing module 'b2000t_c2c_bram_aurora_64b66b_0_0_SYM_GEN' [f:/GITHUB/vivado/2000t_c2c_bram/b2000t_c2c_bram/b2000t_c2c_bram.srcs/sources_1/bd/b2000t_c2c_bram/ip/b2000t_c2c_bram_aurora_64b66b_0_0/b2000t_c2c_bram_aurora_64b66b_0_0/src/b2000t_c2c_bram_aurora_64b66b_0_0_sym_gen.v:72]
INFO: [Synth 8-256] done synthesizing module 'b2000t_c2c_bram_aurora_64b66b_0_0_SYM_GEN' (15#1) [f:/GITHUB/vivado/2000t_c2c_bram/b2000t_c2c_bram/b2000t_c2c_bram.srcs/sources_1/bd/b2000t_c2c_bram/ip/b2000t_c2c_bram_aurora_64b66b_0_0/b2000t_c2c_bram_aurora_64b66b_0_0/src/b2000t_c2c_bram_aurora_64b66b_0_0_sym_gen.v:72]
INFO: [Synth 8-638] synthesizing module 'b2000t_c2c_bram_aurora_64b66b_0_0_SYM_DEC' [f:/GITHUB/vivado/2000t_c2c_bram/b2000t_c2c_bram/b2000t_c2c_bram.srcs/sources_1/bd/b2000t_c2c_bram/ip/b2000t_c2c_bram_aurora_64b66b_0_0/b2000t_c2c_bram_aurora_64b66b_0_0/src/b2000t_c2c_bram_aurora_64b66b_0_0_sym_dec.v:73]
INFO: [Synth 8-256] done synthesizing module 'b2000t_c2c_bram_aurora_64b66b_0_0_SYM_DEC' (16#1) [f:/GITHUB/vivado/2000t_c2c_bram/b2000t_c2c_bram/b2000t_c2c_bram.srcs/sources_1/bd/b2000t_c2c_bram/ip/b2000t_c2c_bram_aurora_64b66b_0_0/b2000t_c2c_bram_aurora_64b66b_0_0/src/b2000t_c2c_bram_aurora_64b66b_0_0_sym_dec.v:73]
INFO: [Synth 8-638] synthesizing module 'b2000t_c2c_bram_aurora_64b66b_0_0_ERR_DETECT' [f:/GITHUB/vivado/2000t_c2c_bram/b2000t_c2c_bram/b2000t_c2c_bram.srcs/sources_1/bd/b2000t_c2c_bram/ip/b2000t_c2c_bram_aurora_64b66b_0_0/b2000t_c2c_bram_aurora_64b66b_0_0/src/b2000t_c2c_bram_aurora_64b66b_0_0_err_detect.v:68]
INFO: [Synth 8-256] done synthesizing module 'b2000t_c2c_bram_aurora_64b66b_0_0_ERR_DETECT' (17#1) [f:/GITHUB/vivado/2000t_c2c_bram/b2000t_c2c_bram/b2000t_c2c_bram.srcs/sources_1/bd/b2000t_c2c_bram/ip/b2000t_c2c_bram_aurora_64b66b_0_0/b2000t_c2c_bram_aurora_64b66b_0_0/src/b2000t_c2c_bram_aurora_64b66b_0_0_err_detect.v:68]
INFO: [Synth 8-256] done synthesizing module 'b2000t_c2c_bram_aurora_64b66b_0_0_AURORA_LANE' (18#1) [f:/GITHUB/vivado/2000t_c2c_bram/b2000t_c2c_bram/b2000t_c2c_bram.srcs/sources_1/bd/b2000t_c2c_bram/ip/b2000t_c2c_bram_aurora_64b66b_0_0/b2000t_c2c_bram_aurora_64b66b_0_0/src/b2000t_c2c_bram_aurora_64b66b_0_0_aurora_lane.v:74]
INFO: [Synth 8-638] synthesizing module 'b2000t_c2c_bram_aurora_64b66b_0_0_WRAPPER' [f:/GITHUB/vivado/2000t_c2c_bram/b2000t_c2c_bram/b2000t_c2c_bram.srcs/sources_1/bd/b2000t_c2c_bram/ip/b2000t_c2c_bram_aurora_64b66b_0_0/b2000t_c2c_bram_aurora_64b66b_0_0/example_design/gt/b2000t_c2c_bram_aurora_64b66b_0_0_wrapper.v:65]
INFO: [Synth 8-638] synthesizing module 'b2000t_c2c_bram_aurora_64b66b_0_0_rst_sync__parameterized0' [f:/GITHUB/vivado/2000t_c2c_bram/b2000t_c2c_bram/b2000t_c2c_bram.srcs/sources_1/bd/b2000t_c2c_bram/ip/b2000t_c2c_bram_aurora_64b66b_0_0/b2000t_c2c_bram_aurora_64b66b_0_0/src/b2000t_c2c_bram_aurora_64b66b_0_0_cdc_sync.v:539]
INFO: [Synth 8-256] done synthesizing module 'b2000t_c2c_bram_aurora_64b66b_0_0_rst_sync__parameterized0' (18#1) [f:/GITHUB/vivado/2000t_c2c_bram/b2000t_c2c_bram/b2000t_c2c_bram.srcs/sources_1/bd/b2000t_c2c_bram/ip/b2000t_c2c_bram_aurora_64b66b_0_0/b2000t_c2c_bram_aurora_64b66b_0_0/src/b2000t_c2c_bram_aurora_64b66b_0_0_cdc_sync.v:539]
INFO: [Synth 8-638] synthesizing module 'b2000t_c2c_bram_aurora_64b66b_0_0_rst_sync__parameterized1' [f:/GITHUB/vivado/2000t_c2c_bram/b2000t_c2c_bram/b2000t_c2c_bram.srcs/sources_1/bd/b2000t_c2c_bram/ip/b2000t_c2c_bram_aurora_64b66b_0_0/b2000t_c2c_bram_aurora_64b66b_0_0/src/b2000t_c2c_bram_aurora_64b66b_0_0_cdc_sync.v:539]
INFO: [Synth 8-256] done synthesizing module 'b2000t_c2c_bram_aurora_64b66b_0_0_rst_sync__parameterized1' (18#1) [f:/GITHUB/vivado/2000t_c2c_bram/b2000t_c2c_bram/b2000t_c2c_bram.srcs/sources_1/bd/b2000t_c2c_bram/ip/b2000t_c2c_bram_aurora_64b66b_0_0/b2000t_c2c_bram_aurora_64b66b_0_0/src/b2000t_c2c_bram_aurora_64b66b_0_0_cdc_sync.v:539]
INFO: [Synth 8-638] synthesizing module 'BUFGCE' [C:/Xilinx/Vivado/Vivado/2016.4/scripts/rt/data/unisim_comp.v:617]
INFO: [Synth 8-256] done synthesizing module 'BUFGCE' (19#1) [C:/Xilinx/Vivado/Vivado/2016.4/scripts/rt/data/unisim_comp.v:617]
INFO: [Synth 8-638] synthesizing module 'b2000t_c2c_bram_aurora_64b66b_0_0_cdc_sync__parameterized0' [f:/GITHUB/vivado/2000t_c2c_bram/b2000t_c2c_bram/b2000t_c2c_bram.srcs/sources_1/bd/b2000t_c2c_bram/ip/b2000t_c2c_bram_aurora_64b66b_0_0/b2000t_c2c_bram_aurora_64b66b_0_0/src/b2000t_c2c_bram_aurora_64b66b_0_0_cdc_sync.v:105]
INFO: [Synth 8-256] done synthesizing module 'b2000t_c2c_bram_aurora_64b66b_0_0_cdc_sync__parameterized0' (19#1) [f:/GITHUB/vivado/2000t_c2c_bram/b2000t_c2c_bram/b2000t_c2c_bram.srcs/sources_1/bd/b2000t_c2c_bram/ip/b2000t_c2c_bram_aurora_64b66b_0_0/b2000t_c2c_bram_aurora_64b66b_0_0/src/b2000t_c2c_bram_aurora_64b66b_0_0_cdc_sync.v:105]
INFO: [Synth 8-638] synthesizing module 'b2000t_c2c_bram_aurora_64b66b_0_0_TX_STARTUP_FSM' [f:/GITHUB/vivado/2000t_c2c_bram/b2000t_c2c_bram/b2000t_c2c_bram.srcs/sources_1/bd/b2000t_c2c_bram/ip/b2000t_c2c_bram_aurora_64b66b_0_0/b2000t_c2c_bram_aurora_64b66b_0_0/src/b2000t_c2c_bram_aurora_64b66b_0_0_tx_startup_fsm.v:60]
INFO: [Synth 8-638] synthesizing module 'b2000t_c2c_bram_aurora_64b66b_0_0_rst_sync__parameterized2' [f:/GITHUB/vivado/2000t_c2c_bram/b2000t_c2c_bram/b2000t_c2c_bram.srcs/sources_1/bd/b2000t_c2c_bram/ip/b2000t_c2c_bram_aurora_64b66b_0_0/b2000t_c2c_bram_aurora_64b66b_0_0/src/b2000t_c2c_bram_aurora_64b66b_0_0_cdc_sync.v:539]
INFO: [Synth 8-256] done synthesizing module 'b2000t_c2c_bram_aurora_64b66b_0_0_rst_sync__parameterized2' (19#1) [f:/GITHUB/vivado/2000t_c2c_bram/b2000t_c2c_bram/b2000t_c2c_bram.srcs/sources_1/bd/b2000t_c2c_bram/ip/b2000t_c2c_bram_aurora_64b66b_0_0/b2000t_c2c_bram_aurora_64b66b_0_0/src/b2000t_c2c_bram_aurora_64b66b_0_0_cdc_sync.v:539]
INFO: [Synth 8-638] synthesizing module 'b2000t_c2c_bram_aurora_64b66b_0_0_rst_sync__parameterized3' [f:/GITHUB/vivado/2000t_c2c_bram/b2000t_c2c_bram/b2000t_c2c_bram.srcs/sources_1/bd/b2000t_c2c_bram/ip/b2000t_c2c_bram_aurora_64b66b_0_0/b2000t_c2c_bram_aurora_64b66b_0_0/src/b2000t_c2c_bram_aurora_64b66b_0_0_cdc_sync.v:539]
INFO: [Synth 8-256] done synthesizing module 'b2000t_c2c_bram_aurora_64b66b_0_0_rst_sync__parameterized3' (19#1) [f:/GITHUB/vivado/2000t_c2c_bram/b2000t_c2c_bram/b2000t_c2c_bram.srcs/sources_1/bd/b2000t_c2c_bram/ip/b2000t_c2c_bram_aurora_64b66b_0_0/b2000t_c2c_bram_aurora_64b66b_0_0/src/b2000t_c2c_bram_aurora_64b66b_0_0_cdc_sync.v:539]
INFO: [Synth 8-638] synthesizing module 'b2000t_c2c_bram_aurora_64b66b_0_0_rst_sync__parameterized4' [f:/GITHUB/vivado/2000t_c2c_bram/b2000t_c2c_bram/b2000t_c2c_bram.srcs/sources_1/bd/b2000t_c2c_bram/ip/b2000t_c2c_bram_aurora_64b66b_0_0/b2000t_c2c_bram_aurora_64b66b_0_0/src/b2000t_c2c_bram_aurora_64b66b_0_0_cdc_sync.v:539]
INFO: [Synth 8-256] done synthesizing module 'b2000t_c2c_bram_aurora_64b66b_0_0_rst_sync__parameterized4' (19#1) [f:/GITHUB/vivado/2000t_c2c_bram/b2000t_c2c_bram/b2000t_c2c_bram.srcs/sources_1/bd/b2000t_c2c_bram/ip/b2000t_c2c_bram_aurora_64b66b_0_0/b2000t_c2c_bram_aurora_64b66b_0_0/src/b2000t_c2c_bram_aurora_64b66b_0_0_cdc_sync.v:539]
INFO: [Synth 8-638] synthesizing module 'b2000t_c2c_bram_aurora_64b66b_0_0_rst_sync__parameterized5' [f:/GITHUB/vivado/2000t_c2c_bram/b2000t_c2c_bram/b2000t_c2c_bram.srcs/sources_1/bd/b2000t_c2c_bram/ip/b2000t_c2c_bram_aurora_64b66b_0_0/b2000t_c2c_bram_aurora_64b66b_0_0/src/b2000t_c2c_bram_aurora_64b66b_0_0_cdc_sync.v:539]
INFO: [Synth 8-256] done synthesizing module 'b2000t_c2c_bram_aurora_64b66b_0_0_rst_sync__parameterized5' (19#1) [f:/GITHUB/vivado/2000t_c2c_bram/b2000t_c2c_bram/b2000t_c2c_bram.srcs/sources_1/bd/b2000t_c2c_bram/ip/b2000t_c2c_bram_aurora_64b66b_0_0/b2000t_c2c_bram_aurora_64b66b_0_0/src/b2000t_c2c_bram_aurora_64b66b_0_0_cdc_sync.v:539]
INFO: [Synth 8-638] synthesizing module 'b2000t_c2c_bram_aurora_64b66b_0_0_rst_sync__parameterized6' [f:/GITHUB/vivado/2000t_c2c_bram/b2000t_c2c_bram/b2000t_c2c_bram.srcs/sources_1/bd/b2000t_c2c_bram/ip/b2000t_c2c_bram_aurora_64b66b_0_0/b2000t_c2c_bram_aurora_64b66b_0_0/src/b2000t_c2c_bram_aurora_64b66b_0_0_cdc_sync.v:539]
INFO: [Synth 8-256] done synthesizing module 'b2000t_c2c_bram_aurora_64b66b_0_0_rst_sync__parameterized6' (19#1) [f:/GITHUB/vivado/2000t_c2c_bram/b2000t_c2c_bram/b2000t_c2c_bram.srcs/sources_1/bd/b2000t_c2c_bram/ip/b2000t_c2c_bram_aurora_64b66b_0_0/b2000t_c2c_bram_aurora_64b66b_0_0/src/b2000t_c2c_bram_aurora_64b66b_0_0_cdc_sync.v:539]
INFO: [Synth 8-638] synthesizing module 'b2000t_c2c_bram_aurora_64b66b_0_0_rst_sync__parameterized7' [f:/GITHUB/vivado/2000t_c2c_bram/b2000t_c2c_bram/b2000t_c2c_bram.srcs/sources_1/bd/b2000t_c2c_bram/ip/b2000t_c2c_bram_aurora_64b66b_0_0/b2000t_c2c_bram_aurora_64b66b_0_0/src/b2000t_c2c_bram_aurora_64b66b_0_0_cdc_sync.v:539]
INFO: [Synth 8-256] done synthesizing module 'b2000t_c2c_bram_aurora_64b66b_0_0_rst_sync__parameterized7' (19#1) [f:/GITHUB/vivado/2000t_c2c_bram/b2000t_c2c_bram/b2000t_c2c_bram.srcs/sources_1/bd/b2000t_c2c_bram/ip/b2000t_c2c_bram_aurora_64b66b_0_0/b2000t_c2c_bram_aurora_64b66b_0_0/src/b2000t_c2c_bram_aurora_64b66b_0_0_cdc_sync.v:539]
INFO: [Synth 8-256] done synthesizing module 'b2000t_c2c_bram_aurora_64b66b_0_0_TX_STARTUP_FSM' (20#1) [f:/GITHUB/vivado/2000t_c2c_bram/b2000t_c2c_bram/b2000t_c2c_bram.srcs/sources_1/bd/b2000t_c2c_bram/ip/b2000t_c2c_bram_aurora_64b66b_0_0/b2000t_c2c_bram_aurora_64b66b_0_0/src/b2000t_c2c_bram_aurora_64b66b_0_0_tx_startup_fsm.v:60]
INFO: [Synth 8-638] synthesizing module 'b2000t_c2c_bram_aurora_64b66b_0_0_RX_STARTUP_FSM' [f:/GITHUB/vivado/2000t_c2c_bram/b2000t_c2c_bram/b2000t_c2c_bram.srcs/sources_1/bd/b2000t_c2c_bram/ip/b2000t_c2c_bram_aurora_64b66b_0_0/b2000t_c2c_bram_aurora_64b66b_0_0/src/b2000t_c2c_bram_aurora_64b66b_0_0_rx_startup_fsm.v:60]
INFO: [Synth 8-638] synthesizing module 'b2000t_c2c_bram_aurora_64b66b_0_0_rst_sync__parameterized8' [f:/GITHUB/vivado/2000t_c2c_bram/b2000t_c2c_bram/b2000t_c2c_bram.srcs/sources_1/bd/b2000t_c2c_bram/ip/b2000t_c2c_bram_aurora_64b66b_0_0/b2000t_c2c_bram_aurora_64b66b_0_0/src/b2000t_c2c_bram_aurora_64b66b_0_0_cdc_sync.v:539]
INFO: [Synth 8-256] done synthesizing module 'b2000t_c2c_bram_aurora_64b66b_0_0_rst_sync__parameterized8' (20#1) [f:/GITHUB/vivado/2000t_c2c_bram/b2000t_c2c_bram/b2000t_c2c_bram.srcs/sources_1/bd/b2000t_c2c_bram/ip/b2000t_c2c_bram_aurora_64b66b_0_0/b2000t_c2c_bram_aurora_64b66b_0_0/src/b2000t_c2c_bram_aurora_64b66b_0_0_cdc_sync.v:539]
INFO: [Synth 8-638] synthesizing module 'b2000t_c2c_bram_aurora_64b66b_0_0_rst_sync__parameterized9' [f:/GITHUB/vivado/2000t_c2c_bram/b2000t_c2c_bram/b2000t_c2c_bram.srcs/sources_1/bd/b2000t_c2c_bram/ip/b2000t_c2c_bram_aurora_64b66b_0_0/b2000t_c2c_bram_aurora_64b66b_0_0/src/b2000t_c2c_bram_aurora_64b66b_0_0_cdc_sync.v:539]
INFO: [Synth 8-256] done synthesizing module 'b2000t_c2c_bram_aurora_64b66b_0_0_rst_sync__parameterized9' (20#1) [f:/GITHUB/vivado/2000t_c2c_bram/b2000t_c2c_bram/b2000t_c2c_bram.srcs/sources_1/bd/b2000t_c2c_bram/ip/b2000t_c2c_bram_aurora_64b66b_0_0/b2000t_c2c_bram_aurora_64b66b_0_0/src/b2000t_c2c_bram_aurora_64b66b_0_0_cdc_sync.v:539]
INFO: [Synth 8-638] synthesizing module 'b2000t_c2c_bram_aurora_64b66b_0_0_rst_sync__parameterized10' [f:/GITHUB/vivado/2000t_c2c_bram/b2000t_c2c_bram/b2000t_c2c_bram.srcs/sources_1/bd/b2000t_c2c_bram/ip/b2000t_c2c_bram_aurora_64b66b_0_0/b2000t_c2c_bram_aurora_64b66b_0_0/src/b2000t_c2c_bram_aurora_64b66b_0_0_cdc_sync.v:539]
INFO: [Synth 8-256] done synthesizing module 'b2000t_c2c_bram_aurora_64b66b_0_0_rst_sync__parameterized10' (20#1) [f:/GITHUB/vivado/2000t_c2c_bram/b2000t_c2c_bram/b2000t_c2c_bram.srcs/sources_1/bd/b2000t_c2c_bram/ip/b2000t_c2c_bram_aurora_64b66b_0_0/b2000t_c2c_bram_aurora_64b66b_0_0/src/b2000t_c2c_bram_aurora_64b66b_0_0_cdc_sync.v:539]
INFO: [Synth 8-638] synthesizing module 'b2000t_c2c_bram_aurora_64b66b_0_0_rst_sync__parameterized11' [f:/GITHUB/vivado/2000t_c2c_bram/b2000t_c2c_bram/b2000t_c2c_bram.srcs/sources_1/bd/b2000t_c2c_bram/ip/b2000t_c2c_bram_aurora_64b66b_0_0/b2000t_c2c_bram_aurora_64b66b_0_0/src/b2000t_c2c_bram_aurora_64b66b_0_0_cdc_sync.v:539]
INFO: [Synth 8-256] done synthesizing module 'b2000t_c2c_bram_aurora_64b66b_0_0_rst_sync__parameterized11' (20#1) [f:/GITHUB/vivado/2000t_c2c_bram/b2000t_c2c_bram/b2000t_c2c_bram.srcs/sources_1/bd/b2000t_c2c_bram/ip/b2000t_c2c_bram_aurora_64b66b_0_0/b2000t_c2c_bram_aurora_64b66b_0_0/src/b2000t_c2c_bram_aurora_64b66b_0_0_cdc_sync.v:539]
INFO: [Synth 8-638] synthesizing module 'b2000t_c2c_bram_aurora_64b66b_0_0_rst_sync__parameterized12' [f:/GITHUB/vivado/2000t_c2c_bram/b2000t_c2c_bram/b2000t_c2c_bram.srcs/sources_1/bd/b2000t_c2c_bram/ip/b2000t_c2c_bram_aurora_64b66b_0_0/b2000t_c2c_bram_aurora_64b66b_0_0/src/b2000t_c2c_bram_aurora_64b66b_0_0_cdc_sync.v:539]
INFO: [Synth 8-256] done synthesizing module 'b2000t_c2c_bram_aurora_64b66b_0_0_rst_sync__parameterized12' (20#1) [f:/GITHUB/vivado/2000t_c2c_bram/b2000t_c2c_bram/b2000t_c2c_bram.srcs/sources_1/bd/b2000t_c2c_bram/ip/b2000t_c2c_bram_aurora_64b66b_0_0/b2000t_c2c_bram_aurora_64b66b_0_0/src/b2000t_c2c_bram_aurora_64b66b_0_0_cdc_sync.v:539]
INFO: [Synth 8-638] synthesizing module 'b2000t_c2c_bram_aurora_64b66b_0_0_rst_sync__parameterized13' [f:/GITHUB/vivado/2000t_c2c_bram/b2000t_c2c_bram/b2000t_c2c_bram.srcs/sources_1/bd/b2000t_c2c_bram/ip/b2000t_c2c_bram_aurora_64b66b_0_0/b2000t_c2c_bram_aurora_64b66b_0_0/src/b2000t_c2c_bram_aurora_64b66b_0_0_cdc_sync.v:539]
INFO: [Synth 8-256] done synthesizing module 'b2000t_c2c_bram_aurora_64b66b_0_0_rst_sync__parameterized13' (20#1) [f:/GITHUB/vivado/2000t_c2c_bram/b2000t_c2c_bram/b2000t_c2c_bram.srcs/sources_1/bd/b2000t_c2c_bram/ip/b2000t_c2c_bram_aurora_64b66b_0_0/b2000t_c2c_bram_aurora_64b66b_0_0/src/b2000t_c2c_bram_aurora_64b66b_0_0_cdc_sync.v:539]
INFO: [Synth 8-638] synthesizing module 'b2000t_c2c_bram_aurora_64b66b_0_0_rst_sync__parameterized14' [f:/GITHUB/vivado/2000t_c2c_bram/b2000t_c2c_bram/b2000t_c2c_bram.srcs/sources_1/bd/b2000t_c2c_bram/ip/b2000t_c2c_bram_aurora_64b66b_0_0/b2000t_c2c_bram_aurora_64b66b_0_0/src/b2000t_c2c_bram_aurora_64b66b_0_0_cdc_sync.v:539]
INFO: [Synth 8-256] done synthesizing module 'b2000t_c2c_bram_aurora_64b66b_0_0_rst_sync__parameterized14' (20#1) [f:/GITHUB/vivado/2000t_c2c_bram/b2000t_c2c_bram/b2000t_c2c_bram.srcs/sources_1/bd/b2000t_c2c_bram/ip/b2000t_c2c_bram_aurora_64b66b_0_0/b2000t_c2c_bram_aurora_64b66b_0_0/src/b2000t_c2c_bram_aurora_64b66b_0_0_cdc_sync.v:539]
INFO: [Synth 8-638] synthesizing module 'b2000t_c2c_bram_aurora_64b66b_0_0_rst_sync__parameterized15' [f:/GITHUB/vivado/2000t_c2c_bram/b2000t_c2c_bram/b2000t_c2c_bram.srcs/sources_1/bd/b2000t_c2c_bram/ip/b2000t_c2c_bram_aurora_64b66b_0_0/b2000t_c2c_bram_aurora_64b66b_0_0/src/b2000t_c2c_bram_aurora_64b66b_0_0_cdc_sync.v:539]
INFO: [Synth 8-256] done synthesizing module 'b2000t_c2c_bram_aurora_64b66b_0_0_rst_sync__parameterized15' (20#1) [f:/GITHUB/vivado/2000t_c2c_bram/b2000t_c2c_bram/b2000t_c2c_bram.srcs/sources_1/bd/b2000t_c2c_bram/ip/b2000t_c2c_bram_aurora_64b66b_0_0/b2000t_c2c_bram_aurora_64b66b_0_0/src/b2000t_c2c_bram_aurora_64b66b_0_0_cdc_sync.v:539]
INFO: [Synth 8-256] done synthesizing module 'b2000t_c2c_bram_aurora_64b66b_0_0_RX_STARTUP_FSM' (21#1) [f:/GITHUB/vivado/2000t_c2c_bram/b2000t_c2c_bram/b2000t_c2c_bram.srcs/sources_1/bd/b2000t_c2c_bram/ip/b2000t_c2c_bram_aurora_64b66b_0_0/b2000t_c2c_bram_aurora_64b66b_0_0/src/b2000t_c2c_bram_aurora_64b66b_0_0_rx_startup_fsm.v:60]
INFO: [Synth 8-638] synthesizing module 'b2000t_c2c_bram_aurora_64b66b_0_0_rst_sync__parameterized16' [f:/GITHUB/vivado/2000t_c2c_bram/b2000t_c2c_bram/b2000t_c2c_bram.srcs/sources_1/bd/b2000t_c2c_bram/ip/b2000t_c2c_bram_aurora_64b66b_0_0/b2000t_c2c_bram_aurora_64b66b_0_0/src/b2000t_c2c_bram_aurora_64b66b_0_0_cdc_sync.v:539]
INFO: [Synth 8-256] done synthesizing module 'b2000t_c2c_bram_aurora_64b66b_0_0_rst_sync__parameterized16' (21#1) [f:/GITHUB/vivado/2000t_c2c_bram/b2000t_c2c_bram/b2000t_c2c_bram.srcs/sources_1/bd/b2000t_c2c_bram/ip/b2000t_c2c_bram_aurora_64b66b_0_0/b2000t_c2c_bram_aurora_64b66b_0_0/src/b2000t_c2c_bram_aurora_64b66b_0_0_cdc_sync.v:539]
INFO: [Synth 8-638] synthesizing module 'b2000t_c2c_bram_aurora_64b66b_0_0_rst_sync__parameterized17' [f:/GITHUB/vivado/2000t_c2c_bram/b2000t_c2c_bram/b2000t_c2c_bram.srcs/sources_1/bd/b2000t_c2c_bram/ip/b2000t_c2c_bram_aurora_64b66b_0_0/b2000t_c2c_bram_aurora_64b66b_0_0/src/b2000t_c2c_bram_aurora_64b66b_0_0_cdc_sync.v:539]
INFO: [Synth 8-256] done synthesizing module 'b2000t_c2c_bram_aurora_64b66b_0_0_rst_sync__parameterized17' (21#1) [f:/GITHUB/vivado/2000t_c2c_bram/b2000t_c2c_bram/b2000t_c2c_bram.srcs/sources_1/bd/b2000t_c2c_bram/ip/b2000t_c2c_bram_aurora_64b66b_0_0/b2000t_c2c_bram_aurora_64b66b_0_0/src/b2000t_c2c_bram_aurora_64b66b_0_0_cdc_sync.v:539]
INFO: [Synth 8-638] synthesizing module 'b2000t_c2c_bram_aurora_64b66b_0_0_rst_sync__parameterized18' [f:/GITHUB/vivado/2000t_c2c_bram/b2000t_c2c_bram/b2000t_c2c_bram.srcs/sources_1/bd/b2000t_c2c_bram/ip/b2000t_c2c_bram_aurora_64b66b_0_0/b2000t_c2c_bram_aurora_64b66b_0_0/src/b2000t_c2c_bram_aurora_64b66b_0_0_cdc_sync.v:539]
INFO: [Synth 8-256] done synthesizing module 'b2000t_c2c_bram_aurora_64b66b_0_0_rst_sync__parameterized18' (21#1) [f:/GITHUB/vivado/2000t_c2c_bram/b2000t_c2c_bram/b2000t_c2c_bram.srcs/sources_1/bd/b2000t_c2c_bram/ip/b2000t_c2c_bram_aurora_64b66b_0_0/b2000t_c2c_bram_aurora_64b66b_0_0/src/b2000t_c2c_bram_aurora_64b66b_0_0_cdc_sync.v:539]
INFO: [Synth 8-638] synthesizing module 'b2000t_c2c_bram_aurora_64b66b_0_0_rst_sync__parameterized19' [f:/GITHUB/vivado/2000t_c2c_bram/b2000t_c2c_bram/b2000t_c2c_bram.srcs/sources_1/bd/b2000t_c2c_bram/ip/b2000t_c2c_bram_aurora_64b66b_0_0/b2000t_c2c_bram_aurora_64b66b_0_0/src/b2000t_c2c_bram_aurora_64b66b_0_0_cdc_sync.v:539]
INFO: [Synth 8-256] done synthesizing module 'b2000t_c2c_bram_aurora_64b66b_0_0_rst_sync__parameterized19' (21#1) [f:/GITHUB/vivado/2000t_c2c_bram/b2000t_c2c_bram/b2000t_c2c_bram.srcs/sources_1/bd/b2000t_c2c_bram/ip/b2000t_c2c_bram_aurora_64b66b_0_0/b2000t_c2c_bram_aurora_64b66b_0_0/src/b2000t_c2c_bram_aurora_64b66b_0_0_cdc_sync.v:539]
INFO: [Synth 8-638] synthesizing module 'b2000t_c2c_bram_aurora_64b66b_0_0_MULTI_GT' [f:/GITHUB/vivado/2000t_c2c_bram/b2000t_c2c_bram/b2000t_c2c_bram.srcs/sources_1/bd/b2000t_c2c_bram/ip/b2000t_c2c_bram_aurora_64b66b_0_0/b2000t_c2c_bram_aurora_64b66b_0_0/example_design/gt/b2000t_c2c_bram_aurora_64b66b_0_0_multi_wrapper.v:64]
INFO: [Synth 8-638] synthesizing module 'b2000t_c2c_bram_aurora_64b66b_0_0_GTX' [f:/GITHUB/vivado/2000t_c2c_bram/b2000t_c2c_bram/b2000t_c2c_bram.srcs/sources_1/bd/b2000t_c2c_bram/ip/b2000t_c2c_bram_aurora_64b66b_0_0/b2000t_c2c_bram_aurora_64b66b_0_0/example_design/gt/b2000t_c2c_bram_aurora_64b66b_0_0_gtx.v:71]
INFO: [Synth 8-638] synthesizing module 'GTXE2_CHANNEL' [C:/Xilinx/Vivado/Vivado/2016.4/scripts/rt/data/unisim_comp.v:10526]
INFO: [Synth 8-256] done synthesizing module 'GTXE2_CHANNEL' (22#1) [C:/Xilinx/Vivado/Vivado/2016.4/scripts/rt/data/unisim_comp.v:10526]
INFO: [Synth 8-638] synthesizing module 'FD' [C:/Xilinx/Vivado/Vivado/2016.4/scripts/rt/data/unisim_comp.v:3723]
INFO: [Synth 8-256] done synthesizing module 'FD' (23#1) [C:/Xilinx/Vivado/Vivado/2016.4/scripts/rt/data/unisim_comp.v:3723]
INFO: [Synth 8-256] done synthesizing module 'b2000t_c2c_bram_aurora_64b66b_0_0_GTX' (24#1) [f:/GITHUB/vivado/2000t_c2c_bram/b2000t_c2c_bram/b2000t_c2c_bram.srcs/sources_1/bd/b2000t_c2c_bram/ip/b2000t_c2c_bram_aurora_64b66b_0_0/b2000t_c2c_bram_aurora_64b66b_0_0/example_design/gt/b2000t_c2c_bram_aurora_64b66b_0_0_gtx.v:71]
INFO: [Synth 8-256] done synthesizing module 'b2000t_c2c_bram_aurora_64b66b_0_0_MULTI_GT' (25#1) [f:/GITHUB/vivado/2000t_c2c_bram/b2000t_c2c_bram/b2000t_c2c_bram.srcs/sources_1/bd/b2000t_c2c_bram/ip/b2000t_c2c_bram_aurora_64b66b_0_0/b2000t_c2c_bram_aurora_64b66b_0_0/example_design/gt/b2000t_c2c_bram_aurora_64b66b_0_0_multi_wrapper.v:64]
INFO: [Synth 8-638] synthesizing module 'b2000t_c2c_bram_aurora_64b66b_0_0_common_reset_cbcc' [f:/GITHUB/vivado/2000t_c2c_bram/b2000t_c2c_bram/b2000t_c2c_bram.srcs/sources_1/bd/b2000t_c2c_bram/ip/b2000t_c2c_bram_aurora_64b66b_0_0/b2000t_c2c_bram_aurora_64b66b_0_0/src/b2000t_c2c_bram_aurora_64b66b_0_0_common_reset_cbcc.v:63]
INFO: [Synth 8-638] synthesizing module 'b2000t_c2c_bram_aurora_64b66b_0_0_rst_sync__parameterized20' [f:/GITHUB/vivado/2000t_c2c_bram/b2000t_c2c_bram/b2000t_c2c_bram.srcs/sources_1/bd/b2000t_c2c_bram/ip/b2000t_c2c_bram_aurora_64b66b_0_0/b2000t_c2c_bram_aurora_64b66b_0_0/src/b2000t_c2c_bram_aurora_64b66b_0_0_cdc_sync.v:539]
INFO: [Synth 8-256] done synthesizing module 'b2000t_c2c_bram_aurora_64b66b_0_0_rst_sync__parameterized20' (25#1) [f:/GITHUB/vivado/2000t_c2c_bram/b2000t_c2c_bram/b2000t_c2c_bram.srcs/sources_1/bd/b2000t_c2c_bram/ip/b2000t_c2c_bram_aurora_64b66b_0_0/b2000t_c2c_bram_aurora_64b66b_0_0/src/b2000t_c2c_bram_aurora_64b66b_0_0_cdc_sync.v:539]
INFO: [Synth 8-638] synthesizing module 'b2000t_c2c_bram_aurora_64b66b_0_0_cdc_sync__parameterized1' [f:/GITHUB/vivado/2000t_c2c_bram/b2000t_c2c_bram/b2000t_c2c_bram.srcs/sources_1/bd/b2000t_c2c_bram/ip/b2000t_c2c_bram_aurora_64b66b_0_0/b2000t_c2c_bram_aurora_64b66b_0_0/src/b2000t_c2c_bram_aurora_64b66b_0_0_cdc_sync.v:105]
INFO: [Synth 8-256] done synthesizing module 'b2000t_c2c_bram_aurora_64b66b_0_0_cdc_sync__parameterized1' (25#1) [f:/GITHUB/vivado/2000t_c2c_bram/b2000t_c2c_bram/b2000t_c2c_bram.srcs/sources_1/bd/b2000t_c2c_bram/ip/b2000t_c2c_bram_aurora_64b66b_0_0/b2000t_c2c_bram_aurora_64b66b_0_0/src/b2000t_c2c_bram_aurora_64b66b_0_0_cdc_sync.v:105]
INFO: [Synth 8-638] synthesizing module 'b2000t_c2c_bram_aurora_64b66b_0_0_rst_sync__parameterized21' [f:/GITHUB/vivado/2000t_c2c_bram/b2000t_c2c_bram/b2000t_c2c_bram.srcs/sources_1/bd/b2000t_c2c_bram/ip/b2000t_c2c_bram_aurora_64b66b_0_0/b2000t_c2c_bram_aurora_64b66b_0_0/src/b2000t_c2c_bram_aurora_64b66b_0_0_cdc_sync.v:539]
INFO: [Synth 8-256] done synthesizing module 'b2000t_c2c_bram_aurora_64b66b_0_0_rst_sync__parameterized21' (25#1) [f:/GITHUB/vivado/2000t_c2c_bram/b2000t_c2c_bram/b2000t_c2c_bram.srcs/sources_1/bd/b2000t_c2c_bram/ip/b2000t_c2c_bram_aurora_64b66b_0_0/b2000t_c2c_bram_aurora_64b66b_0_0/src/b2000t_c2c_bram_aurora_64b66b_0_0_cdc_sync.v:539]
INFO: [Synth 8-638] synthesizing module 'b2000t_c2c_bram_aurora_64b66b_0_0_rst_sync__parameterized22' [f:/GITHUB/vivado/2000t_c2c_bram/b2000t_c2c_bram/b2000t_c2c_bram.srcs/sources_1/bd/b2000t_c2c_bram/ip/b2000t_c2c_bram_aurora_64b66b_0_0/b2000t_c2c_bram_aurora_64b66b_0_0/src/b2000t_c2c_bram_aurora_64b66b_0_0_cdc_sync.v:539]
INFO: [Synth 8-256] done synthesizing module 'b2000t_c2c_bram_aurora_64b66b_0_0_rst_sync__parameterized22' (25#1) [f:/GITHUB/vivado/2000t_c2c_bram/b2000t_c2c_bram/b2000t_c2c_bram.srcs/sources_1/bd/b2000t_c2c_bram/ip/b2000t_c2c_bram_aurora_64b66b_0_0/b2000t_c2c_bram_aurora_64b66b_0_0/src/b2000t_c2c_bram_aurora_64b66b_0_0_cdc_sync.v:539]
INFO: [Synth 8-638] synthesizing module 'b2000t_c2c_bram_aurora_64b66b_0_0_rst_sync__parameterized23' [f:/GITHUB/vivado/2000t_c2c_bram/b2000t_c2c_bram/b2000t_c2c_bram.srcs/sources_1/bd/b2000t_c2c_bram/ip/b2000t_c2c_bram_aurora_64b66b_0_0/b2000t_c2c_bram_aurora_64b66b_0_0/src/b2000t_c2c_bram_aurora_64b66b_0_0_cdc_sync.v:539]
INFO: [Synth 8-256] done synthesizing module 'b2000t_c2c_bram_aurora_64b66b_0_0_rst_sync__parameterized23' (25#1) [f:/GITHUB/vivado/2000t_c2c_bram/b2000t_c2c_bram/b2000t_c2c_bram.srcs/sources_1/bd/b2000t_c2c_bram/ip/b2000t_c2c_bram_aurora_64b66b_0_0/b2000t_c2c_bram_aurora_64b66b_0_0/src/b2000t_c2c_bram_aurora_64b66b_0_0_cdc_sync.v:539]
INFO: [Synth 8-638] synthesizing module 'b2000t_c2c_bram_aurora_64b66b_0_0_rst_sync__parameterized24' [f:/GITHUB/vivado/2000t_c2c_bram/b2000t_c2c_bram/b2000t_c2c_bram.srcs/sources_1/bd/b2000t_c2c_bram/ip/b2000t_c2c_bram_aurora_64b66b_0_0/b2000t_c2c_bram_aurora_64b66b_0_0/src/b2000t_c2c_bram_aurora_64b66b_0_0_cdc_sync.v:539]
INFO: [Synth 8-256] done synthesizing module 'b2000t_c2c_bram_aurora_64b66b_0_0_rst_sync__parameterized24' (25#1) [f:/GITHUB/vivado/2000t_c2c_bram/b2000t_c2c_bram/b2000t_c2c_bram.srcs/sources_1/bd/b2000t_c2c_bram/ip/b2000t_c2c_bram_aurora_64b66b_0_0/b2000t_c2c_bram_aurora_64b66b_0_0/src/b2000t_c2c_bram_aurora_64b66b_0_0_cdc_sync.v:539]
INFO: [Synth 8-638] synthesizing module 'b2000t_c2c_bram_aurora_64b66b_0_0_rst_sync__parameterized25' [f:/GITHUB/vivado/2000t_c2c_bram/b2000t_c2c_bram/b2000t_c2c_bram.srcs/sources_1/bd/b2000t_c2c_bram/ip/b2000t_c2c_bram_aurora_64b66b_0_0/b2000t_c2c_bram_aurora_64b66b_0_0/src/b2000t_c2c_bram_aurora_64b66b_0_0_cdc_sync.v:539]
INFO: [Synth 8-256] done synthesizing module 'b2000t_c2c_bram_aurora_64b66b_0_0_rst_sync__parameterized25' (25#1) [f:/GITHUB/vivado/2000t_c2c_bram/b2000t_c2c_bram/b2000t_c2c_bram.srcs/sources_1/bd/b2000t_c2c_bram/ip/b2000t_c2c_bram_aurora_64b66b_0_0/b2000t_c2c_bram_aurora_64b66b_0_0/src/b2000t_c2c_bram_aurora_64b66b_0_0_cdc_sync.v:539]
INFO: [Synth 8-638] synthesizing module 'b2000t_c2c_bram_aurora_64b66b_0_0_rst_sync__parameterized26' [f:/GITHUB/vivado/2000t_c2c_bram/b2000t_c2c_bram/b2000t_c2c_bram.srcs/sources_1/bd/b2000t_c2c_bram/ip/b2000t_c2c_bram_aurora_64b66b_0_0/b2000t_c2c_bram_aurora_64b66b_0_0/src/b2000t_c2c_bram_aurora_64b66b_0_0_cdc_sync.v:539]
INFO: [Synth 8-256] done synthesizing module 'b2000t_c2c_bram_aurora_64b66b_0_0_rst_sync__parameterized26' (25#1) [f:/GITHUB/vivado/2000t_c2c_bram/b2000t_c2c_bram/b2000t_c2c_bram.srcs/sources_1/bd/b2000t_c2c_bram/ip/b2000t_c2c_bram_aurora_64b66b_0_0/b2000t_c2c_bram_aurora_64b66b_0_0/src/b2000t_c2c_bram_aurora_64b66b_0_0_cdc_sync.v:539]
INFO: [Synth 8-638] synthesizing module 'b2000t_c2c_bram_aurora_64b66b_0_0_rst_sync__parameterized27' [f:/GITHUB/vivado/2000t_c2c_bram/b2000t_c2c_bram/b2000t_c2c_bram.srcs/sources_1/bd/b2000t_c2c_bram/ip/b2000t_c2c_bram_aurora_64b66b_0_0/b2000t_c2c_bram_aurora_64b66b_0_0/src/b2000t_c2c_bram_aurora_64b66b_0_0_cdc_sync.v:539]
INFO: [Synth 8-256] done synthesizing module 'b2000t_c2c_bram_aurora_64b66b_0_0_rst_sync__parameterized27' (25#1) [f:/GITHUB/vivado/2000t_c2c_bram/b2000t_c2c_bram/b2000t_c2c_bram.srcs/sources_1/bd/b2000t_c2c_bram/ip/b2000t_c2c_bram_aurora_64b66b_0_0/b2000t_c2c_bram_aurora_64b66b_0_0/src/b2000t_c2c_bram_aurora_64b66b_0_0_cdc_sync.v:539]
INFO: [Synth 8-638] synthesizing module 'b2000t_c2c_bram_aurora_64b66b_0_0_rst_sync__parameterized28' [f:/GITHUB/vivado/2000t_c2c_bram/b2000t_c2c_bram/b2000t_c2c_bram.srcs/sources_1/bd/b2000t_c2c_bram/ip/b2000t_c2c_bram_aurora_64b66b_0_0/b2000t_c2c_bram_aurora_64b66b_0_0/src/b2000t_c2c_bram_aurora_64b66b_0_0_cdc_sync.v:539]
INFO: [Synth 8-256] done synthesizing module 'b2000t_c2c_bram_aurora_64b66b_0_0_rst_sync__parameterized28' (25#1) [f:/GITHUB/vivado/2000t_c2c_bram/b2000t_c2c_bram/b2000t_c2c_bram.srcs/sources_1/bd/b2000t_c2c_bram/ip/b2000t_c2c_bram_aurora_64b66b_0_0/b2000t_c2c_bram_aurora_64b66b_0_0/src/b2000t_c2c_bram_aurora_64b66b_0_0_cdc_sync.v:539]
INFO: [Synth 8-256] done synthesizing module 'b2000t_c2c_bram_aurora_64b66b_0_0_common_reset_cbcc' (26#1) [f:/GITHUB/vivado/2000t_c2c_bram/b2000t_c2c_bram/b2000t_c2c_bram.srcs/sources_1/bd/b2000t_c2c_bram/ip/b2000t_c2c_bram_aurora_64b66b_0_0/b2000t_c2c_bram_aurora_64b66b_0_0/src/b2000t_c2c_bram_aurora_64b66b_0_0_common_reset_cbcc.v:63]
INFO: [Synth 8-638] synthesizing module 'b2000t_c2c_bram_aurora_64b66b_0_0_common_logic_cbcc' [f:/GITHUB/vivado/2000t_c2c_bram/b2000t_c2c_bram/b2000t_c2c_bram.srcs/sources_1/bd/b2000t_c2c_bram/ip/b2000t_c2c_bram_aurora_64b66b_0_0/b2000t_c2c_bram_aurora_64b66b_0_0/src/b2000t_c2c_bram_aurora_64b66b_0_0_common_logic_cbcc.v:63]
INFO: [Synth 8-256] done synthesizing module 'b2000t_c2c_bram_aurora_64b66b_0_0_common_logic_cbcc' (27#1) [f:/GITHUB/vivado/2000t_c2c_bram/b2000t_c2c_bram/b2000t_c2c_bram.srcs/sources_1/bd/b2000t_c2c_bram/ip/b2000t_c2c_bram_aurora_64b66b_0_0/b2000t_c2c_bram_aurora_64b66b_0_0/src/b2000t_c2c_bram_aurora_64b66b_0_0_common_logic_cbcc.v:63]
INFO: [Synth 8-638] synthesizing module 'b2000t_c2c_bram_aurora_64b66b_0_0_SCRAMBLER_64B66B' [f:/GITHUB/vivado/2000t_c2c_bram/b2000t_c2c_bram/b2000t_c2c_bram.srcs/sources_1/bd/b2000t_c2c_bram/ip/b2000t_c2c_bram_aurora_64b66b_0_0/b2000t_c2c_bram_aurora_64b66b_0_0/src/b2000t_c2c_bram_aurora_64b66b_0_0_64b66b_scrambler.v:63]
INFO: [Synth 8-256] done synthesizing module 'b2000t_c2c_bram_aurora_64b66b_0_0_SCRAMBLER_64B66B' (28#1) [f:/GITHUB/vivado/2000t_c2c_bram/b2000t_c2c_bram/b2000t_c2c_bram.srcs/sources_1/bd/b2000t_c2c_bram/ip/b2000t_c2c_bram_aurora_64b66b_0_0/b2000t_c2c_bram_aurora_64b66b_0_0/src/b2000t_c2c_bram_aurora_64b66b_0_0_64b66b_scrambler.v:63]
INFO: [Synth 8-638] synthesizing module 'b2000t_c2c_bram_aurora_64b66b_0_0_cdc_sync__parameterized2' [f:/GITHUB/vivado/2000t_c2c_bram/b2000t_c2c_bram/b2000t_c2c_bram.srcs/sources_1/bd/b2000t_c2c_bram/ip/b2000t_c2c_bram_aurora_64b66b_0_0/b2000t_c2c_bram_aurora_64b66b_0_0/src/b2000t_c2c_bram_aurora_64b66b_0_0_cdc_sync.v:105]
INFO: [Synth 8-256] done synthesizing module 'b2000t_c2c_bram_aurora_64b66b_0_0_cdc_sync__parameterized2' (28#1) [f:/GITHUB/vivado/2000t_c2c_bram/b2000t_c2c_bram/b2000t_c2c_bram.srcs/sources_1/bd/b2000t_c2c_bram/ip/b2000t_c2c_bram_aurora_64b66b_0_0/b2000t_c2c_bram_aurora_64b66b_0_0/src/b2000t_c2c_bram_aurora_64b66b_0_0_cdc_sync.v:105]
INFO: [Synth 8-638] synthesizing module 'b2000t_c2c_bram_aurora_64b66b_0_0_DESCRAMBLER_64B66B' [f:/GITHUB/vivado/2000t_c2c_bram/b2000t_c2c_bram/b2000t_c2c_bram.srcs/sources_1/bd/b2000t_c2c_bram/ip/b2000t_c2c_bram_aurora_64b66b_0_0/b2000t_c2c_bram_aurora_64b66b_0_0/src/b2000t_c2c_bram_aurora_64b66b_0_0_64b66b_descrambler.v:62]
INFO: [Synth 8-256] done synthesizing module 'b2000t_c2c_bram_aurora_64b66b_0_0_DESCRAMBLER_64B66B' (29#1) [f:/GITHUB/vivado/2000t_c2c_bram/b2000t_c2c_bram/b2000t_c2c_bram.srcs/sources_1/bd/b2000t_c2c_bram/ip/b2000t_c2c_bram_aurora_64b66b_0_0/b2000t_c2c_bram_aurora_64b66b_0_0/src/b2000t_c2c_bram_aurora_64b66b_0_0_64b66b_descrambler.v:62]
INFO: [Synth 8-638] synthesizing module 'b2000t_c2c_bram_aurora_64b66b_0_0_BLOCK_SYNC_SM' [f:/GITHUB/vivado/2000t_c2c_bram/b2000t_c2c_bram/b2000t_c2c_bram.srcs/sources_1/bd/b2000t_c2c_bram/ip/b2000t_c2c_bram_aurora_64b66b_0_0/b2000t_c2c_bram_aurora_64b66b_0_0/src/b2000t_c2c_bram_aurora_64b66b_0_0_block_sync_sm.v:63]
INFO: [Synth 8-256] done synthesizing module 'b2000t_c2c_bram_aurora_64b66b_0_0_BLOCK_SYNC_SM' (30#1) [f:/GITHUB/vivado/2000t_c2c_bram/b2000t_c2c_bram/b2000t_c2c_bram.srcs/sources_1/bd/b2000t_c2c_bram/ip/b2000t_c2c_bram_aurora_64b66b_0_0/b2000t_c2c_bram_aurora_64b66b_0_0/src/b2000t_c2c_bram_aurora_64b66b_0_0_block_sync_sm.v:63]
INFO: [Synth 8-638] synthesizing module 'b2000t_c2c_bram_aurora_64b66b_0_0_CLOCK_CORRECTION_CHANNEL_BONDING' [f:/GITHUB/vivado/2000t_c2c_bram/b2000t_c2c_bram/b2000t_c2c_bram.srcs/sources_1/bd/b2000t_c2c_bram/ip/b2000t_c2c_bram_aurora_64b66b_0_0/b2000t_c2c_bram_aurora_64b66b_0_0/src/b2000t_c2c_bram_aurora_64b66b_0_0_cbcc_gtx_6466.v:71]
INFO: [Synth 8-638] synthesizing module 'b2000t_c2c_bram_aurora_64b66b_0_0_cdc_sync__parameterized3' [f:/GITHUB/vivado/2000t_c2c_bram/b2000t_c2c_bram/b2000t_c2c_bram.srcs/sources_1/bd/b2000t_c2c_bram/ip/b2000t_c2c_bram_aurora_64b66b_0_0/b2000t_c2c_bram_aurora_64b66b_0_0/src/b2000t_c2c_bram_aurora_64b66b_0_0_cdc_sync.v:105]
INFO: [Synth 8-256] done synthesizing module 'b2000t_c2c_bram_aurora_64b66b_0_0_cdc_sync__parameterized3' (30#1) [f:/GITHUB/vivado/2000t_c2c_bram/b2000t_c2c_bram/b2000t_c2c_bram.srcs/sources_1/bd/b2000t_c2c_bram/ip/b2000t_c2c_bram_aurora_64b66b_0_0/b2000t_c2c_bram_aurora_64b66b_0_0/src/b2000t_c2c_bram_aurora_64b66b_0_0_cdc_sync.v:105]
INFO: [Synth 8-638] synthesizing module 'b2000t_c2c_bram_aurora_64b66b_0_0_rst_sync__parameterized29' [f:/GITHUB/vivado/2000t_c2c_bram/b2000t_c2c_bram/b2000t_c2c_bram.srcs/sources_1/bd/b2000t_c2c_bram/ip/b2000t_c2c_bram_aurora_64b66b_0_0/b2000t_c2c_bram_aurora_64b66b_0_0/src/b2000t_c2c_bram_aurora_64b66b_0_0_cdc_sync.v:539]
INFO: [Synth 8-256] done synthesizing module 'b2000t_c2c_bram_aurora_64b66b_0_0_rst_sync__parameterized29' (30#1) [f:/GITHUB/vivado/2000t_c2c_bram/b2000t_c2c_bram/b2000t_c2c_bram.srcs/sources_1/bd/b2000t_c2c_bram/ip/b2000t_c2c_bram_aurora_64b66b_0_0/b2000t_c2c_bram_aurora_64b66b_0_0/src/b2000t_c2c_bram_aurora_64b66b_0_0_cdc_sync.v:539]
INFO: [Synth 8-638] synthesizing module 'b2000t_c2c_bram_aurora_64b66b_0_0_cdc_sync__parameterized4' [f:/GITHUB/vivado/2000t_c2c_bram/b2000t_c2c_bram/b2000t_c2c_bram.srcs/sources_1/bd/b2000t_c2c_bram/ip/b2000t_c2c_bram_aurora_64b66b_0_0/b2000t_c2c_bram_aurora_64b66b_0_0/src/b2000t_c2c_bram_aurora_64b66b_0_0_cdc_sync.v:105]
INFO: [Synth 8-256] done synthesizing module 'b2000t_c2c_bram_aurora_64b66b_0_0_cdc_sync__parameterized4' (30#1) [f:/GITHUB/vivado/2000t_c2c_bram/b2000t_c2c_bram/b2000t_c2c_bram.srcs/sources_1/bd/b2000t_c2c_bram/ip/b2000t_c2c_bram_aurora_64b66b_0_0/b2000t_c2c_bram_aurora_64b66b_0_0/src/b2000t_c2c_bram_aurora_64b66b_0_0_cdc_sync.v:105]
INFO: [Synth 8-638] synthesizing module 'FIFO36E1' [C:/Xilinx/Vivado/Vivado/2016.4/scripts/rt/data/unisim_comp.v:4497]
INFO: [Synth 8-256] done synthesizing module 'FIFO36E1' (31#1) [C:/Xilinx/Vivado/Vivado/2016.4/scripts/rt/data/unisim_comp.v:4497]
INFO: [Synth 8-638] synthesizing module 'b2000t_c2c_bram_aurora_64b66b_0_0_cdc_sync__parameterized5' [f:/GITHUB/vivado/2000t_c2c_bram/b2000t_c2c_bram/b2000t_c2c_bram.srcs/sources_1/bd/b2000t_c2c_bram/ip/b2000t_c2c_bram_aurora_64b66b_0_0/b2000t_c2c_bram_aurora_64b66b_0_0/src/b2000t_c2c_bram_aurora_64b66b_0_0_cdc_sync.v:105]
INFO: [Synth 8-256] done synthesizing module 'b2000t_c2c_bram_aurora_64b66b_0_0_cdc_sync__parameterized5' (31#1) [f:/GITHUB/vivado/2000t_c2c_bram/b2000t_c2c_bram/b2000t_c2c_bram.srcs/sources_1/bd/b2000t_c2c_bram/ip/b2000t_c2c_bram_aurora_64b66b_0_0/b2000t_c2c_bram_aurora_64b66b_0_0/src/b2000t_c2c_bram_aurora_64b66b_0_0_cdc_sync.v:105]
INFO: [Synth 8-256] done synthesizing module 'b2000t_c2c_bram_aurora_64b66b_0_0_CLOCK_CORRECTION_CHANNEL_BONDING' (32#1) [f:/GITHUB/vivado/2000t_c2c_bram/b2000t_c2c_bram/b2000t_c2c_bram.srcs/sources_1/bd/b2000t_c2c_bram/ip/b2000t_c2c_bram_aurora_64b66b_0_0/b2000t_c2c_bram_aurora_64b66b_0_0/src/b2000t_c2c_bram_aurora_64b66b_0_0_cbcc_gtx_6466.v:71]
INFO: [Synth 8-256] done synthesizing module 'b2000t_c2c_bram_aurora_64b66b_0_0_WRAPPER' (33#1) [f:/GITHUB/vivado/2000t_c2c_bram/b2000t_c2c_bram/b2000t_c2c_bram.srcs/sources_1/bd/b2000t_c2c_bram/ip/b2000t_c2c_bram_aurora_64b66b_0_0/b2000t_c2c_bram_aurora_64b66b_0_0/example_design/gt/b2000t_c2c_bram_aurora_64b66b_0_0_wrapper.v:65]
INFO: [Synth 8-638] synthesizing module 'b2000t_c2c_bram_aurora_64b66b_0_0_GLOBAL_LOGIC' [f:/GITHUB/vivado/2000t_c2c_bram/b2000t_c2c_bram/b2000t_c2c_bram.srcs/sources_1/bd/b2000t_c2c_bram/ip/b2000t_c2c_bram_aurora_64b66b_0_0/b2000t_c2c_bram_aurora_64b66b_0_0/src/b2000t_c2c_bram_aurora_64b66b_0_0_global_logic.v:68]
INFO: [Synth 8-638] synthesizing module 'b2000t_c2c_bram_aurora_64b66b_0_0_CHANNEL_INIT_SM' [f:/GITHUB/vivado/2000t_c2c_bram/b2000t_c2c_bram/b2000t_c2c_bram.srcs/sources_1/bd/b2000t_c2c_bram/ip/b2000t_c2c_bram_aurora_64b66b_0_0/b2000t_c2c_bram_aurora_64b66b_0_0/src/b2000t_c2c_bram_aurora_64b66b_0_0_channel_init_sm.v:80]
INFO: [Synth 8-638] synthesizing module 'FD__parameterized0' [C:/Xilinx/Vivado/Vivado/2016.4/scripts/rt/data/unisim_comp.v:3723]
INFO: [Synth 8-256] done synthesizing module 'FD__parameterized0' (33#1) [C:/Xilinx/Vivado/Vivado/2016.4/scripts/rt/data/unisim_comp.v:3723]
INFO: [Synth 8-256] done synthesizing module 'b2000t_c2c_bram_aurora_64b66b_0_0_CHANNEL_INIT_SM' (34#1) [f:/GITHUB/vivado/2000t_c2c_bram/b2000t_c2c_bram/b2000t_c2c_bram.srcs/sources_1/bd/b2000t_c2c_bram/ip/b2000t_c2c_bram_aurora_64b66b_0_0/b2000t_c2c_bram_aurora_64b66b_0_0/src/b2000t_c2c_bram_aurora_64b66b_0_0_channel_init_sm.v:80]
INFO: [Synth 8-638] synthesizing module 'b2000t_c2c_bram_aurora_64b66b_0_0_CHANNEL_BOND_GEN' [f:/GITHUB/vivado/2000t_c2c_bram/b2000t_c2c_bram/b2000t_c2c_bram.srcs/sources_1/bd/b2000t_c2c_bram/ip/b2000t_c2c_bram_aurora_64b66b_0_0/b2000t_c2c_bram_aurora_64b66b_0_0/src/b2000t_c2c_bram_aurora_64b66b_0_0_ch_bond_code_gen.v:75]
INFO: [Synth 8-256] done synthesizing module 'b2000t_c2c_bram_aurora_64b66b_0_0_CHANNEL_BOND_GEN' (35#1) [f:/GITHUB/vivado/2000t_c2c_bram/b2000t_c2c_bram/b2000t_c2c_bram.srcs/sources_1/bd/b2000t_c2c_bram/ip/b2000t_c2c_bram_aurora_64b66b_0_0/b2000t_c2c_bram_aurora_64b66b_0_0/src/b2000t_c2c_bram_aurora_64b66b_0_0_ch_bond_code_gen.v:75]
INFO: [Synth 8-638] synthesizing module 'b2000t_c2c_bram_aurora_64b66b_0_0_CHANNEL_ERR_DETECT' [f:/GITHUB/vivado/2000t_c2c_bram/b2000t_c2c_bram/b2000t_c2c_bram.srcs/sources_1/bd/b2000t_c2c_bram/ip/b2000t_c2c_bram_aurora_64b66b_0_0/b2000t_c2c_bram_aurora_64b66b_0_0/src/b2000t_c2c_bram_aurora_64b66b_0_0_channel_err_detect.v:73]
INFO: [Synth 8-256] done synthesizing module 'b2000t_c2c_bram_aurora_64b66b_0_0_CHANNEL_ERR_DETECT' (36#1) [f:/GITHUB/vivado/2000t_c2c_bram/b2000t_c2c_bram/b2000t_c2c_bram.srcs/sources_1/bd/b2000t_c2c_bram/ip/b2000t_c2c_bram_aurora_64b66b_0_0/b2000t_c2c_bram_aurora_64b66b_0_0/src/b2000t_c2c_bram_aurora_64b66b_0_0_channel_err_detect.v:73]
INFO: [Synth 8-256] done synthesizing module 'b2000t_c2c_bram_aurora_64b66b_0_0_GLOBAL_LOGIC' (37#1) [f:/GITHUB/vivado/2000t_c2c_bram/b2000t_c2c_bram/b2000t_c2c_bram.srcs/sources_1/bd/b2000t_c2c_bram/ip/b2000t_c2c_bram_aurora_64b66b_0_0/b2000t_c2c_bram_aurora_64b66b_0_0/src/b2000t_c2c_bram_aurora_64b66b_0_0_global_logic.v:68]
INFO: [Synth 8-638] synthesizing module 'b2000t_c2c_bram_aurora_64b66b_0_0_AXI_TO_LL' [f:/GITHUB/vivado/2000t_c2c_bram/b2000t_c2c_bram/b2000t_c2c_bram.srcs/sources_1/bd/b2000t_c2c_bram/ip/b2000t_c2c_bram_aurora_64b66b_0_0/b2000t_c2c_bram_aurora_64b66b_0_0/src/b2000t_c2c_bram_aurora_64b66b_0_0_axi_to_ll.v:64]
INFO: [Synth 8-256] done synthesizing module 'b2000t_c2c_bram_aurora_64b66b_0_0_AXI_TO_LL' (38#1) [f:/GITHUB/vivado/2000t_c2c_bram/b2000t_c2c_bram/b2000t_c2c_bram.srcs/sources_1/bd/b2000t_c2c_bram/ip/b2000t_c2c_bram_aurora_64b66b_0_0/b2000t_c2c_bram_aurora_64b66b_0_0/src/b2000t_c2c_bram_aurora_64b66b_0_0_axi_to_ll.v:64]
INFO: [Synth 8-638] synthesizing module 'b2000t_c2c_bram_aurora_64b66b_0_0_LL_TO_AXI' [f:/GITHUB/vivado/2000t_c2c_bram/b2000t_c2c_bram/b2000t_c2c_bram.srcs/sources_1/bd/b2000t_c2c_bram/ip/b2000t_c2c_bram_aurora_64b66b_0_0/b2000t_c2c_bram_aurora_64b66b_0_0/src/b2000t_c2c_bram_aurora_64b66b_0_0_ll_to_axi.v:64]
INFO: [Synth 8-256] done synthesizing module 'b2000t_c2c_bram_aurora_64b66b_0_0_LL_TO_AXI' (39#1) [f:/GITHUB/vivado/2000t_c2c_bram/b2000t_c2c_bram/b2000t_c2c_bram.srcs/sources_1/bd/b2000t_c2c_bram/ip/b2000t_c2c_bram_aurora_64b66b_0_0/b2000t_c2c_bram_aurora_64b66b_0_0/src/b2000t_c2c_bram_aurora_64b66b_0_0_ll_to_axi.v:64]
INFO: [Synth 8-638] synthesizing module 'b2000t_c2c_bram_aurora_64b66b_0_0_TX_STREAM' [f:/GITHUB/vivado/2000t_c2c_bram/b2000t_c2c_bram/b2000t_c2c_bram.srcs/sources_1/bd/b2000t_c2c_bram/ip/b2000t_c2c_bram_aurora_64b66b_0_0/b2000t_c2c_bram_aurora_64b66b_0_0/src/b2000t_c2c_bram_aurora_64b66b_0_0_tx_stream.v:70]
INFO: [Synth 8-638] synthesizing module 'b2000t_c2c_bram_aurora_64b66b_0_0_TX_STREAM_DATAPATH' [f:/GITHUB/vivado/2000t_c2c_bram/b2000t_c2c_bram/b2000t_c2c_bram.srcs/sources_1/bd/b2000t_c2c_bram/ip/b2000t_c2c_bram_aurora_64b66b_0_0/b2000t_c2c_bram_aurora_64b66b_0_0/src/b2000t_c2c_bram_aurora_64b66b_0_0_tx_stream_datapath.v:69]
INFO: [Synth 8-256] done synthesizing module 'b2000t_c2c_bram_aurora_64b66b_0_0_TX_STREAM_DATAPATH' (40#1) [f:/GITHUB/vivado/2000t_c2c_bram/b2000t_c2c_bram/b2000t_c2c_bram.srcs/sources_1/bd/b2000t_c2c_bram/ip/b2000t_c2c_bram_aurora_64b66b_0_0/b2000t_c2c_bram_aurora_64b66b_0_0/src/b2000t_c2c_bram_aurora_64b66b_0_0_tx_stream_datapath.v:69]
INFO: [Synth 8-638] synthesizing module 'b2000t_c2c_bram_aurora_64b66b_0_0_TX_STREAM_CONTROL_SM' [f:/GITHUB/vivado/2000t_c2c_bram/b2000t_c2c_bram/b2000t_c2c_bram.srcs/sources_1/bd/b2000t_c2c_bram/ip/b2000t_c2c_bram_aurora_64b66b_0_0/b2000t_c2c_bram_aurora_64b66b_0_0/src/b2000t_c2c_bram_aurora_64b66b_0_0_tx_stream_control_sm.v:72]
INFO: [Synth 8-256] done synthesizing module 'b2000t_c2c_bram_aurora_64b66b_0_0_TX_STREAM_CONTROL_SM' (41#1) [f:/GITHUB/vivado/2000t_c2c_bram/b2000t_c2c_bram/b2000t_c2c_bram.srcs/sources_1/bd/b2000t_c2c_bram/ip/b2000t_c2c_bram_aurora_64b66b_0_0/b2000t_c2c_bram_aurora_64b66b_0_0/src/b2000t_c2c_bram_aurora_64b66b_0_0_tx_stream_control_sm.v:72]
INFO: [Synth 8-256] done synthesizing module 'b2000t_c2c_bram_aurora_64b66b_0_0_TX_STREAM' (42#1) [f:/GITHUB/vivado/2000t_c2c_bram/b2000t_c2c_bram/b2000t_c2c_bram.srcs/sources_1/bd/b2000t_c2c_bram/ip/b2000t_c2c_bram_aurora_64b66b_0_0/b2000t_c2c_bram_aurora_64b66b_0_0/src/b2000t_c2c_bram_aurora_64b66b_0_0_tx_stream.v:70]
INFO: [Synth 8-638] synthesizing module 'b2000t_c2c_bram_aurora_64b66b_0_0_RX_STREAM' [f:/GITHUB/vivado/2000t_c2c_bram/b2000t_c2c_bram/b2000t_c2c_bram.srcs/sources_1/bd/b2000t_c2c_bram/ip/b2000t_c2c_bram_aurora_64b66b_0_0/b2000t_c2c_bram_aurora_64b66b_0_0/src/b2000t_c2c_bram_aurora_64b66b_0_0_rx_stream.v:69]
INFO: [Synth 8-638] synthesizing module 'b2000t_c2c_bram_aurora_64b66b_0_0_RX_STREAM_DATAPATH' [f:/GITHUB/vivado/2000t_c2c_bram/b2000t_c2c_bram/b2000t_c2c_bram.srcs/sources_1/bd/b2000t_c2c_bram/ip/b2000t_c2c_bram_aurora_64b66b_0_0/b2000t_c2c_bram_aurora_64b66b_0_0/src/b2000t_c2c_bram_aurora_64b66b_0_0_rx_stream_datapath.v:69]
INFO: [Synth 8-256] done synthesizing module 'b2000t_c2c_bram_aurora_64b66b_0_0_RX_STREAM_DATAPATH' (43#1) [f:/GITHUB/vivado/2000t_c2c_bram/b2000t_c2c_bram/b2000t_c2c_bram.srcs/sources_1/bd/b2000t_c2c_bram/ip/b2000t_c2c_bram_aurora_64b66b_0_0/b2000t_c2c_bram_aurora_64b66b_0_0/src/b2000t_c2c_bram_aurora_64b66b_0_0_rx_stream_datapath.v:69]
INFO: [Synth 8-256] done synthesizing module 'b2000t_c2c_bram_aurora_64b66b_0_0_RX_STREAM' (44#1) [f:/GITHUB/vivado/2000t_c2c_bram/b2000t_c2c_bram/b2000t_c2c_bram.srcs/sources_1/bd/b2000t_c2c_bram/ip/b2000t_c2c_bram_aurora_64b66b_0_0/b2000t_c2c_bram_aurora_64b66b_0_0/src/b2000t_c2c_bram_aurora_64b66b_0_0_rx_stream.v:69]
INFO: [Synth 8-638] synthesizing module 'b2000t_c2c_bram_aurora_64b66b_0_0_STANDARD_CC_MODULE' [f:/GITHUB/vivado/2000t_c2c_bram/b2000t_c2c_bram/b2000t_c2c_bram.srcs/sources_1/bd/b2000t_c2c_bram/ip/b2000t_c2c_bram_aurora_64b66b_0_0/b2000t_c2c_bram_aurora_64b66b_0_0/src/b2000t_c2c_bram_aurora_64b66b_0_0_standard_cc_module.v:71]
INFO: [Synth 8-256] done synthesizing module 'b2000t_c2c_bram_aurora_64b66b_0_0_STANDARD_CC_MODULE' (45#1) [f:/GITHUB/vivado/2000t_c2c_bram/b2000t_c2c_bram/b2000t_c2c_bram.srcs/sources_1/bd/b2000t_c2c_bram/ip/b2000t_c2c_bram_aurora_64b66b_0_0/b2000t_c2c_bram_aurora_64b66b_0_0/src/b2000t_c2c_bram_aurora_64b66b_0_0_standard_cc_module.v:71]
INFO: [Synth 8-256] done synthesizing module 'b2000t_c2c_bram_aurora_64b66b_0_0_core' (46#1) [f:/GITHUB/vivado/2000t_c2c_bram/b2000t_c2c_bram/b2000t_c2c_bram.srcs/sources_1/bd/b2000t_c2c_bram/ip/b2000t_c2c_bram_aurora_64b66b_0_0/b2000t_c2c_bram_aurora_64b66b_0_0_core.v:72]
INFO: [Synth 8-256] done synthesizing module 'b2000t_c2c_bram_aurora_64b66b_0_0_support' (47#1) [f:/GITHUB/vivado/2000t_c2c_bram/b2000t_c2c_bram/b2000t_c2c_bram.srcs/sources_1/bd/b2000t_c2c_bram/ip/b2000t_c2c_bram_aurora_64b66b_0_0/b2000t_c2c_bram_aurora_64b66b_0_0/src/b2000t_c2c_bram_aurora_64b66b_0_0_support.v:67]
INFO: [Synth 8-256] done synthesizing module 'b2000t_c2c_bram_aurora_64b66b_0_0' (48#1) [f:/GITHUB/vivado/2000t_c2c_bram/b2000t_c2c_bram/b2000t_c2c_bram.srcs/sources_1/bd/b2000t_c2c_bram/ip/b2000t_c2c_bram_aurora_64b66b_0_0/b2000t_c2c_bram_aurora_64b66b_0_0.v:70]
Finished RTL Elaboration : Time (s): cpu = 00:00:21 ; elapsed = 00:00:40 . Memory (MB): peak = 423.824 ; gain = 213.867
Finished RTL Optimization Phase 1 : Time (s): cpu = 00:00:22 ; elapsed = 00:00:42 . Memory (MB): peak = 423.824 ; gain = 213.867
INFO: [Device 21-403] Loading part xc7v2000tflg1925-1
Constraint Validation Runtime : Time (s): cpu = 00:00:01 ; elapsed = 00:00:00.086 . Memory (MB): peak = 1228.992 ; gain = 0.102
Finished Constraint Validation : Time (s): cpu = 00:01:47 ; elapsed = 00:02:24 . Memory (MB): peak = 1228.992 ; gain = 1019.035
Finished Loading Part and Timing Information : Time (s): cpu = 00:01:47 ; elapsed = 00:02:24 . Memory (MB): peak = 1228.992 ; gain = 1019.035
Finished applying 'set_property' XDC Constraints : Time (s): cpu = 00:01:47 ; elapsed = 00:02:24 . Memory (MB): peak = 1228.992 ; gain = 1019.035
Finished RTL Optimization Phase 2 : Time (s): cpu = 00:01:53 ; elapsed = 00:02:33 . Memory (MB): peak = 1228.992 ; gain = 1019.035
Finished Cross Boundary and Area Optimization : Time (s): cpu = 00:02:05 ; elapsed = 00:02:57 . Memory (MB): peak = 1228.992 ; gain = 1019.035
Finished Applying XDC Timing Constraints : Time (s): cpu = 00:02:24 ; elapsed = 00:03:22 . Memory (MB): peak = 1228.992 ; gain = 1019.035
Finished Timing Optimization : Time (s): cpu = 00:02:25 ; elapsed = 00:03:23 . Memory (MB): peak = 1228.992 ; gain = 1019.035
Finished Technology Mapping : Time (s): cpu = 00:02:28 ; elapsed = 00:03:26 . Memory (MB): peak = 1228.992 ; gain = 1019.035
Finished IO Insertion : Time (s): cpu = 00:02:29 ; elapsed = 00:03:29 . Memory (MB): peak = 1228.992 ; gain = 1019.035
Finished Renaming Generated Instances : Time (s): cpu = 00:02:29 ; elapsed = 00:03:29 . Memory (MB): peak = 1228.992 ; gain = 1019.035
Finished Rebuilding User Hierarchy : Time (s): cpu = 00:02:30 ; elapsed = 00:03:30 . Memory (MB): peak = 1228.992 ; gain = 1019.035
Finished Renaming Generated Ports : Time (s): cpu = 00:02:30 ; elapsed = 00:03:30 . Memory (MB): peak = 1228.992 ; gain = 1019.035
Finished Handling Custom Attributes : Time (s): cpu = 00:02:30 ; elapsed = 00:03:30 . Memory (MB): peak = 1228.992 ; gain = 1019.035
Finished Renaming Generated Nets : Time (s): cpu = 00:02:30 ; elapsed = 00:03:30 . Memory (MB): peak = 1228.992 ; gain = 1019.035

Report Cell Usage: 
+------+--------------+------+
|      |Cell          |Count |
+------+--------------+------+
|1     |BUFG          |     4|
|2     |BUFGCE        |     1|
|3     |CARRY4        |    41|
|4     |FIFO36E1      |     1|
|5     |GTXE2_CHANNEL |     1|
|6     |GTXE2_COMMON  |     1|
|7     |IBUFDS_GTE2   |     1|
|8     |LUT1          |  1777|
|9     |LUT2          |    65|
|10    |LUT3          |   188|
|11    |LUT4          |    77|
|12    |LUT5          |   138|
|13    |LUT6          |   163|
|14    |MMCME2_ADV    |     1|
|15    |SRL16E        |    42|
|16    |SRLC32E       |    47|
|17    |FD            |    13|
|18    |FDCE          |    46|
|19    |FDPE          |     3|
|20    |FDR           |     2|
|21    |FDRE          |  1409|
|22    |FDSE          |    51|
|23    |IBUFDS        |     1|
+------+--------------+------+
Finished Writing Synthesis Report : Time (s): cpu = 00:02:30 ; elapsed = 00:03:30 . Memory (MB): peak = 1228.992 ; gain = 1019.035
synth_design: Time (s): cpu = 00:02:30 ; elapsed = 00:03:20 . Memory (MB): peak = 1228.992 ; gain = 945.742
