
*** Running vivado
    with args -log dut_120.vdi -applog -m64 -product Vivado -messageDb vivado.pb -mode batch -source dut_120.tcl -notrace


****** Vivado v2016.4 (64-bit)
  **** SW Build 1733598 on Wed Dec 14 22:35:42 MST 2016
  **** IP Build 1731160 on Wed Dec 14 23:47:21 MST 2016
    ** Copyright 1986-2016 Xilinx, Inc. All Rights Reserved.

source dut_120.tcl -notrace
Design is defaulting to srcset: sources_1
Design is defaulting to constrset: constrs_1
INFO: [Netlist 29-17] Analyzing 140 Unisim elements for replacement
INFO: [Netlist 29-28] Unisim Transformation completed in 0 CPU seconds
WARNING: [Netlist 29-101] Netlist 'dut_120' is not ideal for floorplanning, since the cellview 'dut_120' contains a large number of primitives.  Please consider enabling hierarchy in synthesis if you want to do floorplanning.
INFO: [Project 1-479] Netlist was created with Vivado 2016.4
INFO: [Device 21-403] Loading part xc7v2000tflg1925-1
INFO: [Project 1-570] Preparing netlist for logic optimization
INFO: [Opt 31-138] Pushed 0 inverter(s) to 0 load pin(s).
INFO: [Project 1-111] Unisim Transformation Summary:
No Unisim elements were transformed.

link_design: Time (s): cpu = 00:00:31 ; elapsed = 00:00:32 . Memory (MB): peak = 1787.023 ; gain = 694.328 ; free physical = 85659 ; free virtual = 193750
INFO: [Vivado_Tcl 4-424] Cannot write hardware definition file as there are no IPI block design hardware handoff files present
Command: opt_design
Attempting to get a license for feature 'Implementation' and/or device 'xc7v2000t'
INFO: [Common 17-349] Got license for feature 'Implementation' and/or device 'xc7v2000t'
Running DRC as a precondition to command opt_design

Starting DRC Task
INFO: [DRC 23-27] Running DRC with 8 threads
INFO: [Project 1-461] DRC finished with 0 Errors
INFO: [Project 1-462] Please refer to the DRC report (report_drc) for more information.

Time (s): cpu = 00:00:00.94 ; elapsed = 00:00:00.26 . Memory (MB): peak = 1910.059 ; gain = 112.035 ; free physical = 85628 ; free virtual = 193718
INFO: [Timing 38-35] Done setting XDC timing constraints.

Starting Logic Optimization Task
Implement Debug Cores | Checksum: db7017aa

Phase 1 Retarget
INFO: [Opt 31-138] Pushed 0 inverter(s) to 0 load pin(s).
INFO: [Opt 31-49] Retargeted 0 cell(s).
Phase 1 Retarget | Checksum: 1059a0df5

Time (s): cpu = 00:00:00.04 ; elapsed = 00:00:00.04 . Memory (MB): peak = 2534.043 ; gain = 0.000 ; free physical = 85014 ; free virtual = 193104

Phase 2 Constant propagation
INFO: [Opt 31-138] Pushed 0 inverter(s) to 0 load pin(s).
INFO: [Opt 31-10] Eliminated 0 cells.
Phase 2 Constant propagation | Checksum: 1059a0df5

Time (s): cpu = 00:00:00.06 ; elapsed = 00:00:00.06 . Memory (MB): peak = 2534.043 ; gain = 0.000 ; free physical = 85013 ; free virtual = 193103

Phase 3 Sweep
INFO: [Opt 31-12] Eliminated 10 unconnected nets.
INFO: [Opt 31-11] Eliminated 0 unconnected cells.
Phase 3 Sweep | Checksum: 1a229db4b

Time (s): cpu = 00:00:00.17 ; elapsed = 00:00:00.16 . Memory (MB): peak = 2534.043 ; gain = 0.000 ; free physical = 85013 ; free virtual = 193103

Phase 4 BUFG optimization
INFO: [Opt 31-12] Eliminated 0 unconnected nets.
INFO: [Opt 31-11] Eliminated 0 unconnected cells.
Phase 4 BUFG optimization | Checksum: 1a229db4b

Time (s): cpu = 00:00:00.23 ; elapsed = 00:00:00.23 . Memory (MB): peak = 2534.043 ; gain = 0.000 ; free physical = 85013 ; free virtual = 193103

Starting Connectivity Check Task

Time (s): cpu = 00:00:00 ; elapsed = 00:00:00 . Memory (MB): peak = 2534.043 ; gain = 0.000 ; free physical = 85013 ; free virtual = 193103
Ending Logic Optimization Task | Checksum: 1a229db4b

Time (s): cpu = 00:00:00.24 ; elapsed = 00:00:00.23 . Memory (MB): peak = 2534.043 ; gain = 0.000 ; free physical = 85013 ; free virtual = 193103

Starting Power Optimization Task
INFO: [Pwropt 34-132] Skipping clock gating for clocks with a period < 2.00 ns.
Ending Power Optimization Task | Checksum: 1a229db4b

Time (s): cpu = 00:00:00.01 ; elapsed = 00:00:00.01 . Memory (MB): peak = 2534.043 ; gain = 0.000 ; free physical = 85013 ; free virtual = 193103
INFO: [Common 17-83] Releasing license: Implementation
23 Infos, 1 Warnings, 0 Critical Warnings and 0 Errors encountered.
opt_design completed successfully
opt_design: Time (s): cpu = 00:00:26 ; elapsed = 00:00:25 . Memory (MB): peak = 2534.043 ; gain = 747.020 ; free physical = 85013 ; free virtual = 193103
INFO: [Common 17-1381] The checkpoint '/home/wesleyguo/github/vivado/vivado/ip/dut/gpio_loopback_120/gpio_loopback.runs/impl_1/dut_120_opt.dcp' has been generated.
INFO: [DRC 23-27] Running DRC with 8 threads
INFO: [Coretcl 2-168] The results of DRC are in file /home/wesleyguo/github/vivado/vivado/ip/dut/gpio_loopback_120/gpio_loopback.runs/impl_1/dut_120_drc_opted.rpt.
INFO: [Chipscope 16-241] No debug cores found in the current design.
Before running the implement_debug_core command, either use the Set Up Debug wizard (GUI mode)
or use the create_debug_core and connect_debug_core Tcl commands to insert debug cores into the design.
Command: place_design
Attempting to get a license for feature 'Implementation' and/or device 'xc7v2000t'
INFO: [Common 17-349] Got license for feature 'Implementation' and/or device 'xc7v2000t'
INFO: [DRC 23-27] Running DRC with 8 threads
INFO: [Vivado_Tcl 4-198] DRC finished with 0 Errors
INFO: [Vivado_Tcl 4-199] Please refer to the DRC report (report_drc) for more information.
Running DRC as a precondition to command place_design
INFO: [DRC 23-27] Running DRC with 8 threads
INFO: [Vivado_Tcl 4-198] DRC finished with 0 Errors
INFO: [Vivado_Tcl 4-199] Please refer to the DRC report (report_drc) for more information.

Starting Placer Task
INFO: [Place 30-611] Multithreading enabled for place_design using a maximum of 8 CPUs

Phase 1 Placer Initialization
Netlist sorting complete. Time (s): cpu = 00:00:00 ; elapsed = 00:00:00 . Memory (MB): peak = 2614.074 ; gain = 0.000 ; free physical = 84999 ; free virtual = 193089
Netlist sorting complete. Time (s): cpu = 00:00:00 ; elapsed = 00:00:00 . Memory (MB): peak = 2614.074 ; gain = 0.000 ; free physical = 84999 ; free virtual = 193089

Phase 1.1 IO Placement/ Clock Placement/ Build Placer Device
INFO: [Timing 38-35] Done setting XDC timing constraints.
Phase 1.1 IO Placement/ Clock Placement/ Build Placer Device | Checksum: 11462dbd6

Time (s): cpu = 00:00:10 ; elapsed = 00:00:06 . Memory (MB): peak = 2710.082 ; gain = 96.008 ; free physical = 84976 ; free virtual = 193066

Phase 1.2 Build Placer Netlist Model
Phase 1.2 Build Placer Netlist Model | Checksum: 1d9270b2f

Time (s): cpu = 00:00:10 ; elapsed = 00:00:06 . Memory (MB): peak = 2710.082 ; gain = 96.008 ; free physical = 84975 ; free virtual = 193065

Phase 1.3 Constrain Clocks/Macros
Phase 1.3 Constrain Clocks/Macros | Checksum: 1d9270b2f

Time (s): cpu = 00:00:10 ; elapsed = 00:00:06 . Memory (MB): peak = 2710.082 ; gain = 96.008 ; free physical = 84975 ; free virtual = 193065
Phase 1 Placer Initialization | Checksum: 1d9270b2f

Time (s): cpu = 00:00:10 ; elapsed = 00:00:07 . Memory (MB): peak = 2812.391 ; gain = 198.316 ; free physical = 84834 ; free virtual = 192924

Phase 2 Global Placement
Phase 2 Global Placement | Checksum: 122b2abd2

Time (s): cpu = 00:00:14 ; elapsed = 00:00:09 . Memory (MB): peak = 3013.625 ; gain = 399.551 ; free physical = 84746 ; free virtual = 192836

Phase 3 Detail Placement

Phase 3.1 Commit Multi Column Macros
Phase 3.1 Commit Multi Column Macros | Checksum: 122b2abd2

Time (s): cpu = 00:00:15 ; elapsed = 00:00:09 . Memory (MB): peak = 3013.625 ; gain = 399.551 ; free physical = 84746 ; free virtual = 192836

Phase 3.2 Commit Most Macros & LUTRAMs
Phase 3.2 Commit Most Macros & LUTRAMs | Checksum: 19fe2e401

Time (s): cpu = 00:00:15 ; elapsed = 00:00:09 . Memory (MB): peak = 3013.625 ; gain = 399.551 ; free physical = 84730 ; free virtual = 192820

Phase 3.3 Area Swap Optimization
Phase 3.3 Area Swap Optimization | Checksum: 20883bd0c

Time (s): cpu = 00:00:16 ; elapsed = 00:00:09 . Memory (MB): peak = 3013.625 ; gain = 399.551 ; free physical = 84722 ; free virtual = 192812

Phase 3.4 Pipeline Register Optimization
Phase 3.4 Pipeline Register Optimization | Checksum: 20883bd0c

Time (s): cpu = 00:00:16 ; elapsed = 00:00:09 . Memory (MB): peak = 3013.625 ; gain = 399.551 ; free physical = 84722 ; free virtual = 192812

Phase 3.5 Small Shape Detail Placement
Phase 3.5 Small Shape Detail Placement | Checksum: 1d811d5fc

Time (s): cpu = 00:00:19 ; elapsed = 00:00:11 . Memory (MB): peak = 3013.625 ; gain = 399.551 ; free physical = 84610 ; free virtual = 192700

Phase 3.6 Re-assign LUT pins
Phase 3.6 Re-assign LUT pins | Checksum: 1d811d5fc

Time (s): cpu = 00:00:19 ; elapsed = 00:00:11 . Memory (MB): peak = 3013.625 ; gain = 399.551 ; free physical = 84610 ; free virtual = 192700

Phase 3.7 Pipeline Register Optimization
Phase 3.7 Pipeline Register Optimization | Checksum: 1d811d5fc

Time (s): cpu = 00:00:19 ; elapsed = 00:00:12 . Memory (MB): peak = 3013.625 ; gain = 399.551 ; free physical = 84610 ; free virtual = 192700
Phase 3 Detail Placement | Checksum: 1d811d5fc

Time (s): cpu = 00:00:19 ; elapsed = 00:00:12 . Memory (MB): peak = 3013.625 ; gain = 399.551 ; free physical = 84610 ; free virtual = 192700

Phase 4 Post Placement Optimization and Clean-Up

Phase 4.1 Post Commit Optimization
Phase 4.1 Post Commit Optimization | Checksum: 1d811d5fc

Time (s): cpu = 00:00:20 ; elapsed = 00:00:12 . Memory (MB): peak = 3013.625 ; gain = 399.551 ; free physical = 84610 ; free virtual = 192700

Phase 4.2 Post Placement Cleanup
Phase 4.2 Post Placement Cleanup | Checksum: 1d811d5fc

Time (s): cpu = 00:00:20 ; elapsed = 00:00:12 . Memory (MB): peak = 3013.625 ; gain = 399.551 ; free physical = 84610 ; free virtual = 192700

Phase 4.3 Placer Reporting
Phase 4.3 Placer Reporting | Checksum: 1d811d5fc

Time (s): cpu = 00:00:20 ; elapsed = 00:00:12 . Memory (MB): peak = 3013.625 ; gain = 399.551 ; free physical = 84610 ; free virtual = 192700

Phase 4.4 Final Placement Cleanup
Phase 4.4 Final Placement Cleanup | Checksum: 12471963f

Time (s): cpu = 00:00:20 ; elapsed = 00:00:12 . Memory (MB): peak = 3013.625 ; gain = 399.551 ; free physical = 84610 ; free virtual = 192700
Phase 4 Post Placement Optimization and Clean-Up | Checksum: 12471963f

Time (s): cpu = 00:00:20 ; elapsed = 00:00:12 . Memory (MB): peak = 3013.625 ; gain = 399.551 ; free physical = 84610 ; free virtual = 192700
Ending Placer Task | Checksum: e890f410

Time (s): cpu = 00:00:20 ; elapsed = 00:00:12 . Memory (MB): peak = 3013.625 ; gain = 399.551 ; free physical = 84610 ; free virtual = 192700
INFO: [Common 17-83] Releasing license: Implementation
37 Infos, 1 Warnings, 0 Critical Warnings and 0 Errors encountered.
place_design completed successfully
place_design: Time (s): cpu = 00:00:22 ; elapsed = 00:00:13 . Memory (MB): peak = 3013.625 ; gain = 399.551 ; free physical = 84610 ; free virtual = 192700
Writing placer database...
Writing XDEF routing.
Writing XDEF routing logical nets.
Writing XDEF routing special nets.
Write XDEF Complete: Time (s): cpu = 00:00:00.30 ; elapsed = 00:00:00.15 . Memory (MB): peak = 3031.758 ; gain = 0.004 ; free physical = 84607 ; free virtual = 192701
INFO: [Common 17-1381] The checkpoint '/home/wesleyguo/github/vivado/vivado/ip/dut/gpio_loopback_120/gpio_loopback.runs/impl_1/dut_120_placed.dcp' has been generated.
report_io: Time (s): cpu = 00:00:00.50 ; elapsed = 00:00:00.56 . Memory (MB): peak = 3031.758 ; gain = 0.000 ; free physical = 84608 ; free virtual = 192699
report_utilization: Time (s): cpu = 00:00:00.20 ; elapsed = 00:00:00.25 . Memory (MB): peak = 3031.758 ; gain = 0.000 ; free physical = 84607 ; free virtual = 192699
report_control_sets: Time (s): cpu = 00:00:00.01 ; elapsed = 00:00:00.07 . Memory (MB): peak = 3031.758 ; gain = 0.000 ; free physical = 84608 ; free virtual = 192699
Command: route_design
Attempting to get a license for feature 'Implementation' and/or device 'xc7v2000t'
INFO: [Common 17-349] Got license for feature 'Implementation' and/or device 'xc7v2000t'
Running DRC as a precondition to command route_design
INFO: [DRC 23-27] Running DRC with 8 threads
INFO: [Vivado_Tcl 4-198] DRC finished with 0 Errors
INFO: [Vivado_Tcl 4-199] Please refer to the DRC report (report_drc) for more information.


Starting Routing Task
INFO: [Route 35-254] Multithreading enabled for route_design using a maximum of 8 CPUs
Checksum: PlaceDB: 9ea3b55b ConstDB: 0 ShapeSum: 49ed3eb5 RouteDB: 0

Phase 1 Build RT Design
Phase 1 Build RT Design | Checksum: 10c4ca019

Time (s): cpu = 00:03:02 ; elapsed = 00:01:37 . Memory (MB): peak = 3701.465 ; gain = 619.688 ; free physical = 83559 ; free virtual = 191657

Phase 2 Router Initialization
INFO: [Route 35-64] No timing constraints were detected. The router will operate in resource-optimization mode.

Phase 2.1 Fix Topology Constraints
Phase 2.1 Fix Topology Constraints | Checksum: 10c4ca019

Time (s): cpu = 00:03:02 ; elapsed = 00:01:37 . Memory (MB): peak = 3729.824 ; gain = 648.047 ; free physical = 83491 ; free virtual = 191590

Phase 2.2 Pre Route Cleanup
Phase 2.2 Pre Route Cleanup | Checksum: 10c4ca019

Time (s): cpu = 00:03:02 ; elapsed = 00:01:37 . Memory (MB): peak = 3729.824 ; gain = 648.047 ; free physical = 83491 ; free virtual = 191590
 Number of Nodes with overlaps = 0
Phase 2 Router Initialization | Checksum: 123ced5a6

Time (s): cpu = 00:03:07 ; elapsed = 00:01:42 . Memory (MB): peak = 3841.980 ; gain = 760.203 ; free physical = 83354 ; free virtual = 191453

Phase 3 Initial Routing
Phase 3 Initial Routing | Checksum: 1675ac07f

Time (s): cpu = 00:03:11 ; elapsed = 00:01:43 . Memory (MB): peak = 3841.980 ; gain = 760.203 ; free physical = 83284 ; free virtual = 191383

Phase 4 Rip-up And Reroute

Phase 4.1 Global Iteration 0
 Number of Nodes with overlaps = 34
 Number of Nodes with overlaps = 0
Phase 4.1 Global Iteration 0 | Checksum: 716eb818

Time (s): cpu = 00:03:13 ; elapsed = 00:01:44 . Memory (MB): peak = 3841.980 ; gain = 760.203 ; free physical = 83211 ; free virtual = 191310
Phase 4 Rip-up And Reroute | Checksum: 716eb818

Time (s): cpu = 00:03:13 ; elapsed = 00:01:44 . Memory (MB): peak = 3841.980 ; gain = 760.203 ; free physical = 83210 ; free virtual = 191309

Phase 5 Delay and Skew Optimization
Phase 5 Delay and Skew Optimization | Checksum: 716eb818

Time (s): cpu = 00:03:13 ; elapsed = 00:01:44 . Memory (MB): peak = 3841.980 ; gain = 760.203 ; free physical = 83208 ; free virtual = 191307

Phase 6 Post Hold Fix

Phase 6.1 Hold Fix Iter
Phase 6.1 Hold Fix Iter | Checksum: 716eb818

Time (s): cpu = 00:03:13 ; elapsed = 00:01:44 . Memory (MB): peak = 3841.980 ; gain = 760.203 ; free physical = 83200 ; free virtual = 191299
Phase 6 Post Hold Fix | Checksum: 716eb818

Time (s): cpu = 00:03:13 ; elapsed = 00:01:44 . Memory (MB): peak = 3841.980 ; gain = 760.203 ; free physical = 83199 ; free virtual = 191298

Phase 7 Route finalize

Router Utilization Summary
  Global Vertical Routing Utilization    = 0.0319352 %
  Global Horizontal Routing Utilization  = 0.0578011 %
  Routable Net Status*
  *Does not include unroutable nets such as driverless and loadless.
  Run report_route_status for detailed report.
  Number of Failed Nets               = 0
  Number of Unrouted Nets             = 0
  Number of Partially Routed Nets     = 0
  Number of Node Overlaps             = 0

Congestion Report
North Dir 1x1 Area, Max Cong = 50%, No Congested Regions.
South Dir 1x1 Area, Max Cong = 47.7477%, No Congested Regions.
East Dir 1x1 Area, Max Cong = 25%, No Congested Regions.
West Dir 1x1 Area, Max Cong = 23.5294%, No Congested Regions.
Phase 7 Route finalize | Checksum: 716eb818

Time (s): cpu = 00:03:15 ; elapsed = 00:01:44 . Memory (MB): peak = 3841.980 ; gain = 760.203 ; free physical = 83171 ; free virtual = 191269

Phase 8 Verifying routed nets

 Verification completed successfully
Phase 8 Verifying routed nets | Checksum: 716eb818

Time (s): cpu = 00:03:15 ; elapsed = 00:01:44 . Memory (MB): peak = 3841.980 ; gain = 760.203 ; free physical = 83171 ; free virtual = 191269

Phase 9 Depositing Routes
Phase 9 Depositing Routes | Checksum: c6f647d6

Time (s): cpu = 00:03:15 ; elapsed = 00:01:45 . Memory (MB): peak = 3841.980 ; gain = 760.203 ; free physical = 83170 ; free virtual = 191269
INFO: [Route 35-16] Router Completed Successfully

Time (s): cpu = 00:03:15 ; elapsed = 00:01:45 . Memory (MB): peak = 3841.980 ; gain = 760.203 ; free physical = 83168 ; free virtual = 191267

Routing Is Done.
INFO: [Common 17-83] Releasing license: Implementation
46 Infos, 1 Warnings, 0 Critical Warnings and 0 Errors encountered.
route_design completed successfully
route_design: Time (s): cpu = 00:03:17 ; elapsed = 00:01:46 . Memory (MB): peak = 3841.988 ; gain = 810.230 ; free physical = 83164 ; free virtual = 191263
Writing placer database...
Writing XDEF routing.
Writing XDEF routing logical nets.
Writing XDEF routing special nets.
Write XDEF Complete: Time (s): cpu = 00:00:00.29 ; elapsed = 00:00:00.12 . Memory (MB): peak = 3841.988 ; gain = 0.000 ; free physical = 83157 ; free virtual = 191260
INFO: [Common 17-1381] The checkpoint '/home/wesleyguo/github/vivado/vivado/ip/dut/gpio_loopback_120/gpio_loopback.runs/impl_1/dut_120_routed.dcp' has been generated.
INFO: [DRC 23-27] Running DRC with 8 threads
INFO: [Coretcl 2-168] The results of DRC are in file /home/wesleyguo/github/vivado/vivado/ip/dut/gpio_loopback_120/gpio_loopback.runs/impl_1/dut_120_drc_routed.rpt.
INFO: [Timing 38-35] Done setting XDC timing constraints.
INFO: [DRC 23-133] Running Methodology with 8 threads
INFO: [Coretcl 2-1520] The results of Report Methodology are in file /home/wesleyguo/github/vivado/vivado/ip/dut/gpio_loopback_120/gpio_loopback.runs/impl_1/dut_120_methodology_drc_routed.rpt.
INFO: [Timing 38-35] Done setting XDC timing constraints.
INFO: [Timing 38-91] UpdateTimingParams: Speed grade: -1, Delay Type: min_max.
INFO: [Timing 38-191] Multithreading enabled for timing update using a maximum of 8 CPUs
INFO: [Timing 38-35] Done setting XDC timing constraints.
WARNING: [Timing 38-313] There are no user specified timing constraints. Timing constraints are needed for proper timing analysis.
Command: report_power -file dut_120_power_routed.rpt -pb dut_120_power_summary_routed.pb -rpx dut_120_power_routed.rpx
WARNING: [Power 33-232] No user defined clocks were found in the design!
Resolution: Please specify clocks using create_clock/create_generated_clock for sequential elements. For pure combinatorial circuits, please specify a virtual clock, otherwise the vectorless estimation might be inaccurate
Running Vector-less Activity Propagation...

Finished Running Vector-less Activity Propagation
56 Infos, 3 Warnings, 0 Critical Warnings and 0 Errors encountered.
report_power completed successfully
INFO: [Common 17-206] Exiting Vivado at Tue Jun 27 10:03:56 2017...
