
*** Running vivado
    with args -log b2000t_c2c_bram_xbar_0.vds -m64 -product Vivado -mode batch -messageDb vivado.pb -notrace -source b2000t_c2c_bram_xbar_0.tcl


****** Vivado v2016.4 (64-bit)
  **** SW Build 1733598 on Wed Dec 14 22:35:42 MST 2016
  **** IP Build 1731160 on Wed Dec 14 23:47:21 MST 2016
    ** Copyright 1986-2016 Xilinx, Inc. All Rights Reserved.

source b2000t_c2c_bram_xbar_0.tcl -notrace
Starting RTL Elaboration : Time (s): cpu = 00:00:10 ; elapsed = 00:00:11 . Memory (MB): peak = 1232.191 ; gain = 217.000 ; free physical = 95609 ; free virtual = 198092
INFO: [Synth 8-638] synthesizing module 'b2000t_c2c_bram_xbar_0' [/home/wesleyguo/github/vivado/vivado/2000t_c2c_bram/b2000t_c2c_bram/b2000t_c2c_bram.srcs/sources_1/bd/b2000t_c2c_bram/ip/b2000t_c2c_bram_xbar_0/synth/b2000t_c2c_bram_xbar_0.v:59]
INFO: [Synth 8-638] synthesizing module 'axi_crossbar_v2_1_12_axi_crossbar' [/home/wesleyguo/github/vivado/vivado/2000t_c2c_bram/b2000t_c2c_bram/b2000t_c2c_bram.srcs/sources_1/bd/b2000t_c2c_bram/ipshared/896d/hdl/axi_crossbar_v2_1_vl_rfs.v:4882]
INFO: [Synth 8-638] synthesizing module 'axi_crossbar_v2_1_12_crossbar' [/home/wesleyguo/github/vivado/vivado/2000t_c2c_bram/b2000t_c2c_bram/b2000t_c2c_bram.srcs/sources_1/bd/b2000t_c2c_bram/ipshared/896d/hdl/axi_crossbar_v2_1_vl_rfs.v:2239]
INFO: [Synth 8-638] synthesizing module 'axi_crossbar_v2_1_12_si_transactor' [/home/wesleyguo/github/vivado/vivado/2000t_c2c_bram/b2000t_c2c_bram/b2000t_c2c_bram.srcs/sources_1/bd/b2000t_c2c_bram/ipshared/896d/hdl/axi_crossbar_v2_1_vl_rfs.v:3798]
INFO: [Synth 8-638] synthesizing module 'axi_crossbar_v2_1_12_addr_decoder' [/home/wesleyguo/github/vivado/vivado/2000t_c2c_bram/b2000t_c2c_bram/b2000t_c2c_bram.srcs/sources_1/bd/b2000t_c2c_bram/ipshared/896d/hdl/axi_crossbar_v2_1_vl_rfs.v:794]
INFO: [Synth 8-638] synthesizing module 'generic_baseblocks_v2_1_0_comparator_static' [/home/wesleyguo/github/vivado/vivado/2000t_c2c_bram/b2000t_c2c_bram/b2000t_c2c_bram.srcs/sources_1/bd/b2000t_c2c_bram/ipshared/7ee0/hdl/generic_baseblocks_v2_1_vl_rfs.v:2133]
INFO: [Synth 8-638] synthesizing module 'generic_baseblocks_v2_1_0_carry_and' [/home/wesleyguo/github/vivado/vivado/2000t_c2c_bram/b2000t_c2c_bram/b2000t_c2c_bram.srcs/sources_1/bd/b2000t_c2c_bram/ipshared/7ee0/hdl/generic_baseblocks_v2_1_vl_rfs.v:62]
INFO: [Synth 8-256] done synthesizing module 'generic_baseblocks_v2_1_0_carry_and' (1#1) [/home/wesleyguo/github/vivado/vivado/2000t_c2c_bram/b2000t_c2c_bram/b2000t_c2c_bram.srcs/sources_1/bd/b2000t_c2c_bram/ipshared/7ee0/hdl/generic_baseblocks_v2_1_vl_rfs.v:62]
INFO: [Synth 8-256] done synthesizing module 'generic_baseblocks_v2_1_0_comparator_static' (2#1) [/home/wesleyguo/github/vivado/vivado/2000t_c2c_bram/b2000t_c2c_bram/b2000t_c2c_bram.srcs/sources_1/bd/b2000t_c2c_bram/ipshared/7ee0/hdl/generic_baseblocks_v2_1_vl_rfs.v:2133]
INFO: [Synth 8-256] done synthesizing module 'axi_crossbar_v2_1_12_addr_decoder' (3#1) [/home/wesleyguo/github/vivado/vivado/2000t_c2c_bram/b2000t_c2c_bram/b2000t_c2c_bram.srcs/sources_1/bd/b2000t_c2c_bram/ipshared/896d/hdl/axi_crossbar_v2_1_vl_rfs.v:794]
INFO: [Synth 8-638] synthesizing module 'axi_data_fifo_v2_1_10_axic_srl_fifo' [/home/wesleyguo/github/vivado/vivado/2000t_c2c_bram/b2000t_c2c_bram/b2000t_c2c_bram.srcs/sources_1/bd/b2000t_c2c_bram/ipshared/39ba/hdl/axi_data_fifo_v2_1_vl_rfs.v:698]
INFO: [Synth 8-638] synthesizing module 'axi_data_fifo_v2_1_10_ndeep_srl' [/home/wesleyguo/github/vivado/vivado/2000t_c2c_bram/b2000t_c2c_bram/b2000t_c2c_bram.srcs/sources_1/bd/b2000t_c2c_bram/ipshared/39ba/hdl/axi_data_fifo_v2_1_vl_rfs.v:1134]
INFO: [Synth 8-638] synthesizing module 'SRLC32E' [/home/vivado/vivado201604/Vivado/2016.4/scripts/rt/data/unisim_comp.v:43478]
INFO: [Synth 8-256] done synthesizing module 'SRLC32E' (4#1) [/home/vivado/vivado201604/Vivado/2016.4/scripts/rt/data/unisim_comp.v:43478]
INFO: [Synth 8-256] done synthesizing module 'axi_data_fifo_v2_1_10_ndeep_srl' (5#1) [/home/wesleyguo/github/vivado/vivado/2000t_c2c_bram/b2000t_c2c_bram/b2000t_c2c_bram.srcs/sources_1/bd/b2000t_c2c_bram/ipshared/39ba/hdl/axi_data_fifo_v2_1_vl_rfs.v:1134]
INFO: [Synth 8-256] done synthesizing module 'axi_data_fifo_v2_1_10_axic_srl_fifo' (6#1) [/home/wesleyguo/github/vivado/vivado/2000t_c2c_bram/b2000t_c2c_bram/b2000t_c2c_bram.srcs/sources_1/bd/b2000t_c2c_bram/ipshared/39ba/hdl/axi_data_fifo_v2_1_vl_rfs.v:698]
INFO: [Synth 8-638] synthesizing module 'axi_crossbar_v2_1_12_arbiter_resp' [/home/wesleyguo/github/vivado/vivado/2000t_c2c_bram/b2000t_c2c_bram/b2000t_c2c_bram.srcs/sources_1/bd/b2000t_c2c_bram/ipshared/896d/hdl/axi_crossbar_v2_1_vl_rfs.v:1025]
INFO: [Synth 8-256] done synthesizing module 'axi_crossbar_v2_1_12_arbiter_resp' (7#1) [/home/wesleyguo/github/vivado/vivado/2000t_c2c_bram/b2000t_c2c_bram/b2000t_c2c_bram.srcs/sources_1/bd/b2000t_c2c_bram/ipshared/896d/hdl/axi_crossbar_v2_1_vl_rfs.v:1025]
INFO: [Synth 8-638] synthesizing module 'generic_baseblocks_v2_1_0_mux_enc' [/home/wesleyguo/github/vivado/vivado/2000t_c2c_bram/b2000t_c2c_bram/b2000t_c2c_bram.srcs/sources_1/bd/b2000t_c2c_bram/ipshared/7ee0/hdl/generic_baseblocks_v2_1_vl_rfs.v:2452]
INFO: [Synth 8-256] done synthesizing module 'generic_baseblocks_v2_1_0_mux_enc' (8#1) [/home/wesleyguo/github/vivado/vivado/2000t_c2c_bram/b2000t_c2c_bram/b2000t_c2c_bram.srcs/sources_1/bd/b2000t_c2c_bram/ipshared/7ee0/hdl/generic_baseblocks_v2_1_vl_rfs.v:2452]
INFO: [Synth 8-256] done synthesizing module 'axi_crossbar_v2_1_12_si_transactor' (9#1) [/home/wesleyguo/github/vivado/vivado/2000t_c2c_bram/b2000t_c2c_bram/b2000t_c2c_bram.srcs/sources_1/bd/b2000t_c2c_bram/ipshared/896d/hdl/axi_crossbar_v2_1_vl_rfs.v:3798]
INFO: [Synth 8-638] synthesizing module 'axi_crossbar_v2_1_12_si_transactor__parameterized0' [/home/wesleyguo/github/vivado/vivado/2000t_c2c_bram/b2000t_c2c_bram/b2000t_c2c_bram.srcs/sources_1/bd/b2000t_c2c_bram/ipshared/896d/hdl/axi_crossbar_v2_1_vl_rfs.v:3798]
INFO: [Synth 8-638] synthesizing module 'generic_baseblocks_v2_1_0_mux_enc__parameterized0' [/home/wesleyguo/github/vivado/vivado/2000t_c2c_bram/b2000t_c2c_bram/b2000t_c2c_bram.srcs/sources_1/bd/b2000t_c2c_bram/ipshared/7ee0/hdl/generic_baseblocks_v2_1_vl_rfs.v:2452]
INFO: [Synth 8-256] done synthesizing module 'generic_baseblocks_v2_1_0_mux_enc__parameterized0' (9#1) [/home/wesleyguo/github/vivado/vivado/2000t_c2c_bram/b2000t_c2c_bram/b2000t_c2c_bram.srcs/sources_1/bd/b2000t_c2c_bram/ipshared/7ee0/hdl/generic_baseblocks_v2_1_vl_rfs.v:2452]
INFO: [Synth 8-256] done synthesizing module 'axi_crossbar_v2_1_12_si_transactor__parameterized0' (9#1) [/home/wesleyguo/github/vivado/vivado/2000t_c2c_bram/b2000t_c2c_bram/b2000t_c2c_bram.srcs/sources_1/bd/b2000t_c2c_bram/ipshared/896d/hdl/axi_crossbar_v2_1_vl_rfs.v:3798]
INFO: [Synth 8-638] synthesizing module 'axi_crossbar_v2_1_12_splitter' [/home/wesleyguo/github/vivado/vivado/2000t_c2c_bram/b2000t_c2c_bram/b2000t_c2c_bram.srcs/sources_1/bd/b2000t_c2c_bram/ipshared/896d/hdl/axi_crossbar_v2_1_vl_rfs.v:4459]
INFO: [Synth 8-256] done synthesizing module 'axi_crossbar_v2_1_12_splitter' (10#1) [/home/wesleyguo/github/vivado/vivado/2000t_c2c_bram/b2000t_c2c_bram/b2000t_c2c_bram.srcs/sources_1/bd/b2000t_c2c_bram/ipshared/896d/hdl/axi_crossbar_v2_1_vl_rfs.v:4459]
INFO: [Synth 8-638] synthesizing module 'axi_crossbar_v2_1_12_wdata_router' [/home/wesleyguo/github/vivado/vivado/2000t_c2c_bram/b2000t_c2c_bram/b2000t_c2c_bram.srcs/sources_1/bd/b2000t_c2c_bram/ipshared/896d/hdl/axi_crossbar_v2_1_vl_rfs.v:4734]
INFO: [Synth 8-638] synthesizing module 'axi_data_fifo_v2_1_10_axic_reg_srl_fifo' [/home/wesleyguo/github/vivado/vivado/2000t_c2c_bram/b2000t_c2c_bram/b2000t_c2c_bram.srcs/sources_1/bd/b2000t_c2c_bram/ipshared/39ba/hdl/axi_data_fifo_v2_1_vl_rfs.v:889]
INFO: [Synth 8-256] done synthesizing module 'axi_data_fifo_v2_1_10_axic_reg_srl_fifo' (11#1) [/home/wesleyguo/github/vivado/vivado/2000t_c2c_bram/b2000t_c2c_bram/b2000t_c2c_bram.srcs/sources_1/bd/b2000t_c2c_bram/ipshared/39ba/hdl/axi_data_fifo_v2_1_vl_rfs.v:889]
INFO: [Synth 8-256] done synthesizing module 'axi_crossbar_v2_1_12_wdata_router' (12#1) [/home/wesleyguo/github/vivado/vivado/2000t_c2c_bram/b2000t_c2c_bram/b2000t_c2c_bram.srcs/sources_1/bd/b2000t_c2c_bram/ipshared/896d/hdl/axi_crossbar_v2_1_vl_rfs.v:4734]
INFO: [Synth 8-638] synthesizing module 'axi_crossbar_v2_1_12_si_transactor__parameterized1' [/home/wesleyguo/github/vivado/vivado/2000t_c2c_bram/b2000t_c2c_bram/b2000t_c2c_bram.srcs/sources_1/bd/b2000t_c2c_bram/ipshared/896d/hdl/axi_crossbar_v2_1_vl_rfs.v:3798]
INFO: [Synth 8-256] done synthesizing module 'axi_crossbar_v2_1_12_si_transactor__parameterized1' (12#1) [/home/wesleyguo/github/vivado/vivado/2000t_c2c_bram/b2000t_c2c_bram/b2000t_c2c_bram.srcs/sources_1/bd/b2000t_c2c_bram/ipshared/896d/hdl/axi_crossbar_v2_1_vl_rfs.v:3798]
INFO: [Synth 8-638] synthesizing module 'axi_crossbar_v2_1_12_si_transactor__parameterized2' [/home/wesleyguo/github/vivado/vivado/2000t_c2c_bram/b2000t_c2c_bram/b2000t_c2c_bram.srcs/sources_1/bd/b2000t_c2c_bram/ipshared/896d/hdl/axi_crossbar_v2_1_vl_rfs.v:3798]
INFO: [Synth 8-638] synthesizing module 'generic_baseblocks_v2_1_0_mux_enc__parameterized1' [/home/wesleyguo/github/vivado/vivado/2000t_c2c_bram/b2000t_c2c_bram/b2000t_c2c_bram.srcs/sources_1/bd/b2000t_c2c_bram/ipshared/7ee0/hdl/generic_baseblocks_v2_1_vl_rfs.v:2452]
INFO: [Synth 8-256] done synthesizing module 'generic_baseblocks_v2_1_0_mux_enc__parameterized1' (12#1) [/home/wesleyguo/github/vivado/vivado/2000t_c2c_bram/b2000t_c2c_bram/b2000t_c2c_bram.srcs/sources_1/bd/b2000t_c2c_bram/ipshared/7ee0/hdl/generic_baseblocks_v2_1_vl_rfs.v:2452]
INFO: [Synth 8-256] done synthesizing module 'axi_crossbar_v2_1_12_si_transactor__parameterized2' (12#1) [/home/wesleyguo/github/vivado/vivado/2000t_c2c_bram/b2000t_c2c_bram/b2000t_c2c_bram.srcs/sources_1/bd/b2000t_c2c_bram/ipshared/896d/hdl/axi_crossbar_v2_1_vl_rfs.v:3798]
INFO: [Synth 8-638] synthesizing module 'axi_crossbar_v2_1_12_addr_decoder__parameterized0' [/home/wesleyguo/github/vivado/vivado/2000t_c2c_bram/b2000t_c2c_bram/b2000t_c2c_bram.srcs/sources_1/bd/b2000t_c2c_bram/ipshared/896d/hdl/axi_crossbar_v2_1_vl_rfs.v:794]
INFO: [Synth 8-638] synthesizing module 'generic_baseblocks_v2_1_0_comparator_static__parameterized0' [/home/wesleyguo/github/vivado/vivado/2000t_c2c_bram/b2000t_c2c_bram/b2000t_c2c_bram.srcs/sources_1/bd/b2000t_c2c_bram/ipshared/7ee0/hdl/generic_baseblocks_v2_1_vl_rfs.v:2133]
INFO: [Synth 8-256] done synthesizing module 'generic_baseblocks_v2_1_0_comparator_static__parameterized0' (12#1) [/home/wesleyguo/github/vivado/vivado/2000t_c2c_bram/b2000t_c2c_bram/b2000t_c2c_bram.srcs/sources_1/bd/b2000t_c2c_bram/ipshared/7ee0/hdl/generic_baseblocks_v2_1_vl_rfs.v:2133]
INFO: [Synth 8-638] synthesizing module 'generic_baseblocks_v2_1_0_comparator_static__parameterized1' [/home/wesleyguo/github/vivado/vivado/2000t_c2c_bram/b2000t_c2c_bram/b2000t_c2c_bram.srcs/sources_1/bd/b2000t_c2c_bram/ipshared/7ee0/hdl/generic_baseblocks_v2_1_vl_rfs.v:2133]
INFO: [Synth 8-256] done synthesizing module 'generic_baseblocks_v2_1_0_comparator_static__parameterized1' (12#1) [/home/wesleyguo/github/vivado/vivado/2000t_c2c_bram/b2000t_c2c_bram/b2000t_c2c_bram.srcs/sources_1/bd/b2000t_c2c_bram/ipshared/7ee0/hdl/generic_baseblocks_v2_1_vl_rfs.v:2133]
INFO: [Synth 8-256] done synthesizing module 'axi_crossbar_v2_1_12_addr_decoder__parameterized0' (12#1) [/home/wesleyguo/github/vivado/vivado/2000t_c2c_bram/b2000t_c2c_bram/b2000t_c2c_bram.srcs/sources_1/bd/b2000t_c2c_bram/ipshared/896d/hdl/axi_crossbar_v2_1_vl_rfs.v:794]
INFO: [Synth 8-638] synthesizing module 'axi_crossbar_v2_1_12_addr_decoder__parameterized1' [/home/wesleyguo/github/vivado/vivado/2000t_c2c_bram/b2000t_c2c_bram/b2000t_c2c_bram.srcs/sources_1/bd/b2000t_c2c_bram/ipshared/896d/hdl/axi_crossbar_v2_1_vl_rfs.v:794]
INFO: [Synth 8-638] synthesizing module 'generic_baseblocks_v2_1_0_comparator_static__parameterized2' [/home/wesleyguo/github/vivado/vivado/2000t_c2c_bram/b2000t_c2c_bram/b2000t_c2c_bram.srcs/sources_1/bd/b2000t_c2c_bram/ipshared/7ee0/hdl/generic_baseblocks_v2_1_vl_rfs.v:2133]
INFO: [Synth 8-256] done synthesizing module 'generic_baseblocks_v2_1_0_comparator_static__parameterized2' (12#1) [/home/wesleyguo/github/vivado/vivado/2000t_c2c_bram/b2000t_c2c_bram/b2000t_c2c_bram.srcs/sources_1/bd/b2000t_c2c_bram/ipshared/7ee0/hdl/generic_baseblocks_v2_1_vl_rfs.v:2133]
INFO: [Synth 8-638] synthesizing module 'generic_baseblocks_v2_1_0_comparator_static__parameterized3' [/home/wesleyguo/github/vivado/vivado/2000t_c2c_bram/b2000t_c2c_bram/b2000t_c2c_bram.srcs/sources_1/bd/b2000t_c2c_bram/ipshared/7ee0/hdl/generic_baseblocks_v2_1_vl_rfs.v:2133]
INFO: [Synth 8-256] done synthesizing module 'generic_baseblocks_v2_1_0_comparator_static__parameterized3' (12#1) [/home/wesleyguo/github/vivado/vivado/2000t_c2c_bram/b2000t_c2c_bram/b2000t_c2c_bram.srcs/sources_1/bd/b2000t_c2c_bram/ipshared/7ee0/hdl/generic_baseblocks_v2_1_vl_rfs.v:2133]
INFO: [Synth 8-256] done synthesizing module 'axi_crossbar_v2_1_12_addr_decoder__parameterized1' (12#1) [/home/wesleyguo/github/vivado/vivado/2000t_c2c_bram/b2000t_c2c_bram/b2000t_c2c_bram.srcs/sources_1/bd/b2000t_c2c_bram/ipshared/896d/hdl/axi_crossbar_v2_1_vl_rfs.v:794]
INFO: [Synth 8-638] synthesizing module 'axi_data_fifo_v2_1_10_axic_srl_fifo__parameterized0' [/home/wesleyguo/github/vivado/vivado/2000t_c2c_bram/b2000t_c2c_bram/b2000t_c2c_bram.srcs/sources_1/bd/b2000t_c2c_bram/ipshared/39ba/hdl/axi_data_fifo_v2_1_vl_rfs.v:698]
INFO: [Synth 8-256] done synthesizing module 'axi_data_fifo_v2_1_10_axic_srl_fifo__parameterized0' (12#1) [/home/wesleyguo/github/vivado/vivado/2000t_c2c_bram/b2000t_c2c_bram/b2000t_c2c_bram.srcs/sources_1/bd/b2000t_c2c_bram/ipshared/39ba/hdl/axi_data_fifo_v2_1_vl_rfs.v:698]
INFO: [Synth 8-638] synthesizing module 'axi_crossbar_v2_1_12_wdata_mux' [/home/wesleyguo/github/vivado/vivado/2000t_c2c_bram/b2000t_c2c_bram/b2000t_c2c_bram.srcs/sources_1/bd/b2000t_c2c_bram/ipshared/896d/hdl/axi_crossbar_v2_1_vl_rfs.v:4559]
INFO: [Synth 8-638] synthesizing module 'axi_data_fifo_v2_1_10_axic_reg_srl_fifo__parameterized0' [/home/wesleyguo/github/vivado/vivado/2000t_c2c_bram/b2000t_c2c_bram/b2000t_c2c_bram.srcs/sources_1/bd/b2000t_c2c_bram/ipshared/39ba/hdl/axi_data_fifo_v2_1_vl_rfs.v:889]
INFO: [Synth 8-256] done synthesizing module 'axi_data_fifo_v2_1_10_axic_reg_srl_fifo__parameterized0' (12#1) [/home/wesleyguo/github/vivado/vivado/2000t_c2c_bram/b2000t_c2c_bram/b2000t_c2c_bram.srcs/sources_1/bd/b2000t_c2c_bram/ipshared/39ba/hdl/axi_data_fifo_v2_1_vl_rfs.v:889]
INFO: [Synth 8-638] synthesizing module 'generic_baseblocks_v2_1_0_mux_enc__parameterized2' [/home/wesleyguo/github/vivado/vivado/2000t_c2c_bram/b2000t_c2c_bram/b2000t_c2c_bram.srcs/sources_1/bd/b2000t_c2c_bram/ipshared/7ee0/hdl/generic_baseblocks_v2_1_vl_rfs.v:2452]
INFO: [Synth 8-256] done synthesizing module 'generic_baseblocks_v2_1_0_mux_enc__parameterized2' (12#1) [/home/wesleyguo/github/vivado/vivado/2000t_c2c_bram/b2000t_c2c_bram/b2000t_c2c_bram.srcs/sources_1/bd/b2000t_c2c_bram/ipshared/7ee0/hdl/generic_baseblocks_v2_1_vl_rfs.v:2452]
INFO: [Synth 8-256] done synthesizing module 'axi_crossbar_v2_1_12_wdata_mux' (13#1) [/home/wesleyguo/github/vivado/vivado/2000t_c2c_bram/b2000t_c2c_bram/b2000t_c2c_bram.srcs/sources_1/bd/b2000t_c2c_bram/ipshared/896d/hdl/axi_crossbar_v2_1_vl_rfs.v:4559]
INFO: [Synth 8-638] synthesizing module 'axi_register_slice_v2_1_11_axi_register_slice' [/home/wesleyguo/github/vivado/vivado/2000t_c2c_bram/b2000t_c2c_bram/b2000t_c2c_bram.srcs/sources_1/bd/b2000t_c2c_bram/ipshared/0b6b/hdl/axi_register_slice_v2_1_vl_rfs.v:791]
INFO: [Synth 8-638] synthesizing module 'axi_infrastructure_v1_1_0_axi2vector' [/home/wesleyguo/github/vivado/vivado/2000t_c2c_bram/b2000t_c2c_bram/b2000t_c2c_bram.srcs/sources_1/bd/b2000t_c2c_bram/ipshared/7e3a/hdl/axi_infrastructure_v1_1_vl_rfs.v:60]
INFO: [Synth 8-256] done synthesizing module 'axi_infrastructure_v1_1_0_axi2vector' (14#1) [/home/wesleyguo/github/vivado/vivado/2000t_c2c_bram/b2000t_c2c_bram/b2000t_c2c_bram.srcs/sources_1/bd/b2000t_c2c_bram/ipshared/7e3a/hdl/axi_infrastructure_v1_1_vl_rfs.v:60]
INFO: [Synth 8-638] synthesizing module 'axi_register_slice_v2_1_11_axic_register_slice' [/home/wesleyguo/github/vivado/vivado/2000t_c2c_bram/b2000t_c2c_bram/b2000t_c2c_bram.srcs/sources_1/bd/b2000t_c2c_bram/ipshared/0b6b/hdl/axi_register_slice_v2_1_vl_rfs.v:85]
INFO: [Synth 8-256] done synthesizing module 'axi_register_slice_v2_1_11_axic_register_slice' (15#1) [/home/wesleyguo/github/vivado/vivado/2000t_c2c_bram/b2000t_c2c_bram/b2000t_c2c_bram.srcs/sources_1/bd/b2000t_c2c_bram/ipshared/0b6b/hdl/axi_register_slice_v2_1_vl_rfs.v:85]
INFO: [Synth 8-638] synthesizing module 'axi_register_slice_v2_1_11_axic_register_slice__parameterized0' [/home/wesleyguo/github/vivado/vivado/2000t_c2c_bram/b2000t_c2c_bram/b2000t_c2c_bram.srcs/sources_1/bd/b2000t_c2c_bram/ipshared/0b6b/hdl/axi_register_slice_v2_1_vl_rfs.v:85]
INFO: [Synth 8-256] done synthesizing module 'axi_register_slice_v2_1_11_axic_register_slice__parameterized0' (15#1) [/home/wesleyguo/github/vivado/vivado/2000t_c2c_bram/b2000t_c2c_bram/b2000t_c2c_bram.srcs/sources_1/bd/b2000t_c2c_bram/ipshared/0b6b/hdl/axi_register_slice_v2_1_vl_rfs.v:85]
INFO: [Synth 8-638] synthesizing module 'axi_register_slice_v2_1_11_axic_register_slice__parameterized1' [/home/wesleyguo/github/vivado/vivado/2000t_c2c_bram/b2000t_c2c_bram/b2000t_c2c_bram.srcs/sources_1/bd/b2000t_c2c_bram/ipshared/0b6b/hdl/axi_register_slice_v2_1_vl_rfs.v:85]
INFO: [Synth 8-256] done synthesizing module 'axi_register_slice_v2_1_11_axic_register_slice__parameterized1' (15#1) [/home/wesleyguo/github/vivado/vivado/2000t_c2c_bram/b2000t_c2c_bram/b2000t_c2c_bram.srcs/sources_1/bd/b2000t_c2c_bram/ipshared/0b6b/hdl/axi_register_slice_v2_1_vl_rfs.v:85]
INFO: [Synth 8-638] synthesizing module 'axi_register_slice_v2_1_11_axic_register_slice__parameterized2' [/home/wesleyguo/github/vivado/vivado/2000t_c2c_bram/b2000t_c2c_bram/b2000t_c2c_bram.srcs/sources_1/bd/b2000t_c2c_bram/ipshared/0b6b/hdl/axi_register_slice_v2_1_vl_rfs.v:85]
INFO: [Synth 8-256] done synthesizing module 'axi_register_slice_v2_1_11_axic_register_slice__parameterized2' (15#1) [/home/wesleyguo/github/vivado/vivado/2000t_c2c_bram/b2000t_c2c_bram/b2000t_c2c_bram.srcs/sources_1/bd/b2000t_c2c_bram/ipshared/0b6b/hdl/axi_register_slice_v2_1_vl_rfs.v:85]
INFO: [Synth 8-638] synthesizing module 'axi_infrastructure_v1_1_0_vector2axi' [/home/wesleyguo/github/vivado/vivado/2000t_c2c_bram/b2000t_c2c_bram/b2000t_c2c_bram.srcs/sources_1/bd/b2000t_c2c_bram/ipshared/7e3a/hdl/axi_infrastructure_v1_1_vl_rfs.v:474]
INFO: [Synth 8-256] done synthesizing module 'axi_infrastructure_v1_1_0_vector2axi' (16#1) [/home/wesleyguo/github/vivado/vivado/2000t_c2c_bram/b2000t_c2c_bram/b2000t_c2c_bram.srcs/sources_1/bd/b2000t_c2c_bram/ipshared/7e3a/hdl/axi_infrastructure_v1_1_vl_rfs.v:474]
INFO: [Synth 8-256] done synthesizing module 'axi_register_slice_v2_1_11_axi_register_slice' (17#1) [/home/wesleyguo/github/vivado/vivado/2000t_c2c_bram/b2000t_c2c_bram/b2000t_c2c_bram.srcs/sources_1/bd/b2000t_c2c_bram/ipshared/0b6b/hdl/axi_register_slice_v2_1_vl_rfs.v:791]
INFO: [Synth 8-638] synthesizing module 'axi_crossbar_v2_1_12_addr_decoder__parameterized2' [/home/wesleyguo/github/vivado/vivado/2000t_c2c_bram/b2000t_c2c_bram/b2000t_c2c_bram.srcs/sources_1/bd/b2000t_c2c_bram/ipshared/896d/hdl/axi_crossbar_v2_1_vl_rfs.v:794]
INFO: [Synth 8-638] synthesizing module 'generic_baseblocks_v2_1_0_comparator_static__parameterized4' [/home/wesleyguo/github/vivado/vivado/2000t_c2c_bram/b2000t_c2c_bram/b2000t_c2c_bram.srcs/sources_1/bd/b2000t_c2c_bram/ipshared/7ee0/hdl/generic_baseblocks_v2_1_vl_rfs.v:2133]
INFO: [Synth 8-256] done synthesizing module 'generic_baseblocks_v2_1_0_comparator_static__parameterized4' (17#1) [/home/wesleyguo/github/vivado/vivado/2000t_c2c_bram/b2000t_c2c_bram/b2000t_c2c_bram.srcs/sources_1/bd/b2000t_c2c_bram/ipshared/7ee0/hdl/generic_baseblocks_v2_1_vl_rfs.v:2133]
INFO: [Synth 8-638] synthesizing module 'generic_baseblocks_v2_1_0_comparator_static__parameterized5' [/home/wesleyguo/github/vivado/vivado/2000t_c2c_bram/b2000t_c2c_bram/b2000t_c2c_bram.srcs/sources_1/bd/b2000t_c2c_bram/ipshared/7ee0/hdl/generic_baseblocks_v2_1_vl_rfs.v:2133]
INFO: [Synth 8-256] done synthesizing module 'generic_baseblocks_v2_1_0_comparator_static__parameterized5' (17#1) [/home/wesleyguo/github/vivado/vivado/2000t_c2c_bram/b2000t_c2c_bram/b2000t_c2c_bram.srcs/sources_1/bd/b2000t_c2c_bram/ipshared/7ee0/hdl/generic_baseblocks_v2_1_vl_rfs.v:2133]
INFO: [Synth 8-256] done synthesizing module 'axi_crossbar_v2_1_12_addr_decoder__parameterized2' (17#1) [/home/wesleyguo/github/vivado/vivado/2000t_c2c_bram/b2000t_c2c_bram/b2000t_c2c_bram.srcs/sources_1/bd/b2000t_c2c_bram/ipshared/896d/hdl/axi_crossbar_v2_1_vl_rfs.v:794]
INFO: [Synth 8-638] synthesizing module 'axi_crossbar_v2_1_12_addr_decoder__parameterized3' [/home/wesleyguo/github/vivado/vivado/2000t_c2c_bram/b2000t_c2c_bram/b2000t_c2c_bram.srcs/sources_1/bd/b2000t_c2c_bram/ipshared/896d/hdl/axi_crossbar_v2_1_vl_rfs.v:794]
INFO: [Synth 8-638] synthesizing module 'generic_baseblocks_v2_1_0_comparator_static__parameterized6' [/home/wesleyguo/github/vivado/vivado/2000t_c2c_bram/b2000t_c2c_bram/b2000t_c2c_bram.srcs/sources_1/bd/b2000t_c2c_bram/ipshared/7ee0/hdl/generic_baseblocks_v2_1_vl_rfs.v:2133]
INFO: [Synth 8-256] done synthesizing module 'generic_baseblocks_v2_1_0_comparator_static__parameterized6' (17#1) [/home/wesleyguo/github/vivado/vivado/2000t_c2c_bram/b2000t_c2c_bram/b2000t_c2c_bram.srcs/sources_1/bd/b2000t_c2c_bram/ipshared/7ee0/hdl/generic_baseblocks_v2_1_vl_rfs.v:2133]
INFO: [Synth 8-638] synthesizing module 'generic_baseblocks_v2_1_0_comparator_static__parameterized7' [/home/wesleyguo/github/vivado/vivado/2000t_c2c_bram/b2000t_c2c_bram/b2000t_c2c_bram.srcs/sources_1/bd/b2000t_c2c_bram/ipshared/7ee0/hdl/generic_baseblocks_v2_1_vl_rfs.v:2133]
INFO: [Synth 8-256] done synthesizing module 'generic_baseblocks_v2_1_0_comparator_static__parameterized7' (17#1) [/home/wesleyguo/github/vivado/vivado/2000t_c2c_bram/b2000t_c2c_bram/b2000t_c2c_bram.srcs/sources_1/bd/b2000t_c2c_bram/ipshared/7ee0/hdl/generic_baseblocks_v2_1_vl_rfs.v:2133]
INFO: [Synth 8-256] done synthesizing module 'axi_crossbar_v2_1_12_addr_decoder__parameterized3' (17#1) [/home/wesleyguo/github/vivado/vivado/2000t_c2c_bram/b2000t_c2c_bram/b2000t_c2c_bram.srcs/sources_1/bd/b2000t_c2c_bram/ipshared/896d/hdl/axi_crossbar_v2_1_vl_rfs.v:794]
INFO: [Synth 8-638] synthesizing module 'axi_data_fifo_v2_1_10_axic_srl_fifo__parameterized1' [/home/wesleyguo/github/vivado/vivado/2000t_c2c_bram/b2000t_c2c_bram/b2000t_c2c_bram.srcs/sources_1/bd/b2000t_c2c_bram/ipshared/39ba/hdl/axi_data_fifo_v2_1_vl_rfs.v:698]
INFO: [Synth 8-256] done synthesizing module 'axi_data_fifo_v2_1_10_axic_srl_fifo__parameterized1' (17#1) [/home/wesleyguo/github/vivado/vivado/2000t_c2c_bram/b2000t_c2c_bram/b2000t_c2c_bram.srcs/sources_1/bd/b2000t_c2c_bram/ipshared/39ba/hdl/axi_data_fifo_v2_1_vl_rfs.v:698]
INFO: [Synth 8-638] synthesizing module 'axi_crossbar_v2_1_12_wdata_mux__parameterized0' [/home/wesleyguo/github/vivado/vivado/2000t_c2c_bram/b2000t_c2c_bram/b2000t_c2c_bram.srcs/sources_1/bd/b2000t_c2c_bram/ipshared/896d/hdl/axi_crossbar_v2_1_vl_rfs.v:4559]
INFO: [Synth 8-638] synthesizing module 'axi_data_fifo_v2_1_10_axic_reg_srl_fifo__parameterized1' [/home/wesleyguo/github/vivado/vivado/2000t_c2c_bram/b2000t_c2c_bram/b2000t_c2c_bram.srcs/sources_1/bd/b2000t_c2c_bram/ipshared/39ba/hdl/axi_data_fifo_v2_1_vl_rfs.v:889]
INFO: [Synth 8-256] done synthesizing module 'axi_data_fifo_v2_1_10_axic_reg_srl_fifo__parameterized1' (17#1) [/home/wesleyguo/github/vivado/vivado/2000t_c2c_bram/b2000t_c2c_bram/b2000t_c2c_bram.srcs/sources_1/bd/b2000t_c2c_bram/ipshared/39ba/hdl/axi_data_fifo_v2_1_vl_rfs.v:889]
INFO: [Synth 8-638] synthesizing module 'generic_baseblocks_v2_1_0_mux_enc__parameterized3' [/home/wesleyguo/github/vivado/vivado/2000t_c2c_bram/b2000t_c2c_bram/b2000t_c2c_bram.srcs/sources_1/bd/b2000t_c2c_bram/ipshared/7ee0/hdl/generic_baseblocks_v2_1_vl_rfs.v:2452]
INFO: [Synth 8-256] done synthesizing module 'generic_baseblocks_v2_1_0_mux_enc__parameterized3' (17#1) [/home/wesleyguo/github/vivado/vivado/2000t_c2c_bram/b2000t_c2c_bram/b2000t_c2c_bram.srcs/sources_1/bd/b2000t_c2c_bram/ipshared/7ee0/hdl/generic_baseblocks_v2_1_vl_rfs.v:2452]
INFO: [Synth 8-256] done synthesizing module 'axi_crossbar_v2_1_12_wdata_mux__parameterized0' (17#1) [/home/wesleyguo/github/vivado/vivado/2000t_c2c_bram/b2000t_c2c_bram/b2000t_c2c_bram.srcs/sources_1/bd/b2000t_c2c_bram/ipshared/896d/hdl/axi_crossbar_v2_1_vl_rfs.v:4559]
INFO: [Synth 8-638] synthesizing module 'axi_crossbar_v2_1_12_decerr_slave' [/home/wesleyguo/github/vivado/vivado/2000t_c2c_bram/b2000t_c2c_bram/b2000t_c2c_bram.srcs/sources_1/bd/b2000t_c2c_bram/ipshared/896d/hdl/axi_crossbar_v2_1_vl_rfs.v:3500]
INFO: [Synth 8-256] done synthesizing module 'axi_crossbar_v2_1_12_decerr_slave' (18#1) [/home/wesleyguo/github/vivado/vivado/2000t_c2c_bram/b2000t_c2c_bram/b2000t_c2c_bram.srcs/sources_1/bd/b2000t_c2c_bram/ipshared/896d/hdl/axi_crossbar_v2_1_vl_rfs.v:3500]
INFO: [Synth 8-638] synthesizing module 'axi_crossbar_v2_1_12_addr_arbiter' [/home/wesleyguo/github/vivado/vivado/2000t_c2c_bram/b2000t_c2c_bram/b2000t_c2c_bram.srcs/sources_1/bd/b2000t_c2c_bram/ipshared/896d/hdl/axi_crossbar_v2_1_vl_rfs.v:423]
INFO: [Synth 8-638] synthesizing module 'generic_baseblocks_v2_1_0_mux_enc__parameterized4' [/home/wesleyguo/github/vivado/vivado/2000t_c2c_bram/b2000t_c2c_bram/b2000t_c2c_bram.srcs/sources_1/bd/b2000t_c2c_bram/ipshared/7ee0/hdl/generic_baseblocks_v2_1_vl_rfs.v:2452]
INFO: [Synth 8-256] done synthesizing module 'generic_baseblocks_v2_1_0_mux_enc__parameterized4' (18#1) [/home/wesleyguo/github/vivado/vivado/2000t_c2c_bram/b2000t_c2c_bram/b2000t_c2c_bram.srcs/sources_1/bd/b2000t_c2c_bram/ipshared/7ee0/hdl/generic_baseblocks_v2_1_vl_rfs.v:2452]
INFO: [Synth 8-638] synthesizing module 'generic_baseblocks_v2_1_0_mux_enc__parameterized5' [/home/wesleyguo/github/vivado/vivado/2000t_c2c_bram/b2000t_c2c_bram/b2000t_c2c_bram.srcs/sources_1/bd/b2000t_c2c_bram/ipshared/7ee0/hdl/generic_baseblocks_v2_1_vl_rfs.v:2452]
INFO: [Synth 8-256] done synthesizing module 'generic_baseblocks_v2_1_0_mux_enc__parameterized5' (18#1) [/home/wesleyguo/github/vivado/vivado/2000t_c2c_bram/b2000t_c2c_bram/b2000t_c2c_bram.srcs/sources_1/bd/b2000t_c2c_bram/ipshared/7ee0/hdl/generic_baseblocks_v2_1_vl_rfs.v:2452]
INFO: [Synth 8-256] done synthesizing module 'axi_crossbar_v2_1_12_addr_arbiter' (19#1) [/home/wesleyguo/github/vivado/vivado/2000t_c2c_bram/b2000t_c2c_bram/b2000t_c2c_bram.srcs/sources_1/bd/b2000t_c2c_bram/ipshared/896d/hdl/axi_crossbar_v2_1_vl_rfs.v:423]
INFO: [Synth 8-256] done synthesizing module 'axi_crossbar_v2_1_12_crossbar' (20#1) [/home/wesleyguo/github/vivado/vivado/2000t_c2c_bram/b2000t_c2c_bram/b2000t_c2c_bram.srcs/sources_1/bd/b2000t_c2c_bram/ipshared/896d/hdl/axi_crossbar_v2_1_vl_rfs.v:2239]
INFO: [Synth 8-256] done synthesizing module 'axi_crossbar_v2_1_12_axi_crossbar' (21#1) [/home/wesleyguo/github/vivado/vivado/2000t_c2c_bram/b2000t_c2c_bram/b2000t_c2c_bram.srcs/sources_1/bd/b2000t_c2c_bram/ipshared/896d/hdl/axi_crossbar_v2_1_vl_rfs.v:4882]
INFO: [Synth 8-256] done synthesizing module 'b2000t_c2c_bram_xbar_0' (22#1) [/home/wesleyguo/github/vivado/vivado/2000t_c2c_bram/b2000t_c2c_bram/b2000t_c2c_bram.srcs/sources_1/bd/b2000t_c2c_bram/ip/b2000t_c2c_bram_xbar_0/synth/b2000t_c2c_bram_xbar_0.v:59]
Finished RTL Elaboration : Time (s): cpu = 00:00:15 ; elapsed = 00:00:15 . Memory (MB): peak = 1362.664 ; gain = 347.473 ; free physical = 95176 ; free virtual = 197661
Finished RTL Optimization Phase 1 : Time (s): cpu = 00:00:15 ; elapsed = 00:00:16 . Memory (MB): peak = 1362.664 ; gain = 347.473 ; free physical = 95152 ; free virtual = 197636
INFO: [Device 21-403] Loading part xc7v2000tflg1925-1
Constraint Validation Runtime : Time (s): cpu = 00:00:00.11 ; elapsed = 00:00:00.06 . Memory (MB): peak = 2083.191 ; gain = 0.004 ; free physical = 93378 ; free virtual = 195863
Finished Constraint Validation : Time (s): cpu = 00:00:52 ; elapsed = 00:00:53 . Memory (MB): peak = 2083.191 ; gain = 1068.000 ; free physical = 93349 ; free virtual = 195834
Finished Loading Part and Timing Information : Time (s): cpu = 00:00:52 ; elapsed = 00:00:53 . Memory (MB): peak = 2083.191 ; gain = 1068.000 ; free physical = 93349 ; free virtual = 195834
Finished applying 'set_property' XDC Constraints : Time (s): cpu = 00:00:52 ; elapsed = 00:00:53 . Memory (MB): peak = 2083.191 ; gain = 1068.000 ; free physical = 93349 ; free virtual = 195834
Finished RTL Optimization Phase 2 : Time (s): cpu = 00:00:54 ; elapsed = 00:00:55 . Memory (MB): peak = 2083.191 ; gain = 1068.000 ; free physical = 93327 ; free virtual = 195812
Finished Cross Boundary and Area Optimization : Time (s): cpu = 00:00:59 ; elapsed = 00:01:00 . Memory (MB): peak = 2083.191 ; gain = 1068.000 ; free physical = 93300 ; free virtual = 195785
Finished Applying XDC Timing Constraints : Time (s): cpu = 00:01:07 ; elapsed = 00:01:08 . Memory (MB): peak = 2083.191 ; gain = 1068.000 ; free physical = 94221 ; free virtual = 196708
Finished Timing Optimization : Time (s): cpu = 00:01:12 ; elapsed = 00:01:13 . Memory (MB): peak = 2083.191 ; gain = 1068.000 ; free physical = 95195 ; free virtual = 197683
Finished Technology Mapping : Time (s): cpu = 00:01:12 ; elapsed = 00:01:13 . Memory (MB): peak = 2089.848 ; gain = 1074.656 ; free physical = 95188 ; free virtual = 197676
Finished IO Insertion : Time (s): cpu = 00:01:13 ; elapsed = 00:01:14 . Memory (MB): peak = 2089.852 ; gain = 1074.660 ; free physical = 95188 ; free virtual = 197676
Finished Renaming Generated Instances : Time (s): cpu = 00:01:13 ; elapsed = 00:01:14 . Memory (MB): peak = 2089.852 ; gain = 1074.660 ; free physical = 95187 ; free virtual = 197675
Finished Rebuilding User Hierarchy : Time (s): cpu = 00:01:13 ; elapsed = 00:01:14 . Memory (MB): peak = 2089.852 ; gain = 1074.660 ; free physical = 95188 ; free virtual = 197675
Finished Renaming Generated Ports : Time (s): cpu = 00:01:13 ; elapsed = 00:01:14 . Memory (MB): peak = 2089.852 ; gain = 1074.660 ; free physical = 95188 ; free virtual = 197675
Finished Handling Custom Attributes : Time (s): cpu = 00:01:13 ; elapsed = 00:01:14 . Memory (MB): peak = 2089.852 ; gain = 1074.660 ; free physical = 95188 ; free virtual = 197675
Finished Renaming Generated Nets : Time (s): cpu = 00:01:13 ; elapsed = 00:01:14 . Memory (MB): peak = 2089.852 ; gain = 1074.660 ; free physical = 95188 ; free virtual = 197675

Report Cell Usage: 
+------+--------+------+
|      |Cell    |Count |
+------+--------+------+
|1     |LUT1    |    13|
|2     |LUT2    |   120|
|3     |LUT3    |   285|
|4     |LUT4    |    63|
|5     |LUT5    |    52|
|6     |LUT6    |   144|
|7     |SRLC32E |     4|
|8     |FDRE    |   421|
|9     |FDSE    |    18|
+------+--------+------+
Finished Writing Synthesis Report : Time (s): cpu = 00:01:13 ; elapsed = 00:01:14 . Memory (MB): peak = 2089.852 ; gain = 1074.660 ; free physical = 95188 ; free virtual = 197675
synth_design: Time (s): cpu = 00:01:13 ; elapsed = 00:01:13 . Memory (MB): peak = 2167.871 ; gain = 1055.176 ; free physical = 95164 ; free virtual = 197652
