
*** Running vivado
    with args -log jtag_axi_axi_perf_mon_0_0.vds -m64 -product Vivado -mode batch -messageDb vivado.pb -notrace -source jtag_axi_axi_perf_mon_0_0.tcl


****** Vivado v2016.4 (64-bit)
  **** SW Build 1733598 on Wed Dec 14 22:35:42 MST 2016
  **** IP Build 1731160 on Wed Dec 14 23:47:21 MST 2016
    ** Copyright 1986-2016 Xilinx, Inc. All Rights Reserved.

source jtag_axi_axi_perf_mon_0_0.tcl -notrace
Starting RTL Elaboration : Time (s): cpu = 00:00:10 ; elapsed = 00:00:11 . Memory (MB): peak = 1233.188 ; gain = 218.000 ; free physical = 95288 ; free virtual = 197998
INFO: [Synth 8-638] synthesizing module 'jtag_axi_axi_perf_mon_0_0' [/home/wesleyguo/github/vivado/vivado/jtag_c2c/jtag_c2c/jtag_c2c.srcs/sources_1/bd/jtag_axi/ip/jtag_axi_axi_perf_mon_0_0/synth/jtag_axi_axi_perf_mon_0_0.v:64]
INFO: [Synth 8-638] synthesizing module 'axi_perf_mon_v5_0_13_top' [/home/wesleyguo/github/vivado/vivado/jtag_c2c/jtag_c2c/jtag_c2c.srcs/sources_1/bd/jtag_axi/ipshared/1be8/hdl/axi_perf_mon_v5_0_syn_rfs.v:24153]
INFO: [Synth 8-638] synthesizing module 'axi_perf_mon_v5_0_13_advanced' [/home/wesleyguo/github/vivado/vivado/jtag_c2c/jtag_c2c/jtag_c2c.srcs/sources_1/bd/jtag_axi/ipshared/1be8/hdl/axi_perf_mon_v5_0_syn_rfs.v:12878]
INFO: [Synth 8-638] synthesizing module 'axi_perf_mon_v5_0_13_intr_sync' [/home/wesleyguo/github/vivado/vivado/jtag_c2c/jtag_c2c/jtag_c2c.srcs/sources_1/bd/jtag_axi/ipshared/1be8/hdl/axi_perf_mon_v5_0_syn_rfs.v:8077]
INFO: [Synth 8-638] synthesizing module 'axi_perf_mon_v5_0_13_cdc_sync' [/home/wesleyguo/github/vivado/vivado/jtag_c2c/jtag_c2c/jtag_c2c.srcs/sources_1/bd/jtag_axi/ipshared/1be8/hdl/axi_perf_mon_v5_0_syn_rfs.v:67]
INFO: [Synth 8-256] done synthesizing module 'axi_perf_mon_v5_0_13_cdc_sync' (1#1) [/home/wesleyguo/github/vivado/vivado/jtag_c2c/jtag_c2c/jtag_c2c.srcs/sources_1/bd/jtag_axi/ipshared/1be8/hdl/axi_perf_mon_v5_0_syn_rfs.v:67]
INFO: [Synth 8-256] done synthesizing module 'axi_perf_mon_v5_0_13_intr_sync' (2#1) [/home/wesleyguo/github/vivado/vivado/jtag_c2c/jtag_c2c/jtag_c2c.srcs/sources_1/bd/jtag_axi/ipshared/1be8/hdl/axi_perf_mon_v5_0_syn_rfs.v:8077]
INFO: [Synth 8-638] synthesizing module 'axi_perf_mon_v5_0_13_cdc_sync__parameterized0' [/home/wesleyguo/github/vivado/vivado/jtag_c2c/jtag_c2c/jtag_c2c.srcs/sources_1/bd/jtag_axi/ipshared/1be8/hdl/axi_perf_mon_v5_0_syn_rfs.v:67]
INFO: [Synth 8-256] done synthesizing module 'axi_perf_mon_v5_0_13_cdc_sync__parameterized0' (2#1) [/home/wesleyguo/github/vivado/vivado/jtag_c2c/jtag_c2c/jtag_c2c.srcs/sources_1/bd/jtag_axi/ipshared/1be8/hdl/axi_perf_mon_v5_0_syn_rfs.v:67]
INFO: [Synth 8-638] synthesizing module 'axi_perf_mon_v5_0_13_cdc_sync__parameterized1' [/home/wesleyguo/github/vivado/vivado/jtag_c2c/jtag_c2c/jtag_c2c.srcs/sources_1/bd/jtag_axi/ipshared/1be8/hdl/axi_perf_mon_v5_0_syn_rfs.v:67]
INFO: [Synth 8-256] done synthesizing module 'axi_perf_mon_v5_0_13_cdc_sync__parameterized1' (2#1) [/home/wesleyguo/github/vivado/vivado/jtag_c2c/jtag_c2c/jtag_c2c.srcs/sources_1/bd/jtag_axi/ipshared/1be8/hdl/axi_perf_mon_v5_0_syn_rfs.v:67]
INFO: [Synth 8-638] synthesizing module 'axi_perf_mon_v5_0_13_samp_intl_cnt' [/home/wesleyguo/github/vivado/vivado/jtag_c2c/jtag_c2c/jtag_c2c.srcs/sources_1/bd/jtag_axi/ipshared/1be8/hdl/axi_perf_mon_v5_0_syn_rfs.v:7111]
INFO: [Synth 8-638] synthesizing module 'axi_perf_mon_v5_0_13_counter' [/home/wesleyguo/github/vivado/vivado/jtag_c2c/jtag_c2c/jtag_c2c.srcs/sources_1/bd/jtag_axi/ipshared/1be8/hdl/axi_perf_mon_v5_0_syn_rfs.v:2767]
INFO: [Synth 8-256] done synthesizing module 'axi_perf_mon_v5_0_13_counter' (3#1) [/home/wesleyguo/github/vivado/vivado/jtag_c2c/jtag_c2c/jtag_c2c.srcs/sources_1/bd/jtag_axi/ipshared/1be8/hdl/axi_perf_mon_v5_0_syn_rfs.v:2767]
INFO: [Synth 8-256] done synthesizing module 'axi_perf_mon_v5_0_13_samp_intl_cnt' (4#1) [/home/wesleyguo/github/vivado/vivado/jtag_c2c/jtag_c2c/jtag_c2c.srcs/sources_1/bd/jtag_axi/ipshared/1be8/hdl/axi_perf_mon_v5_0_syn_rfs.v:7111]
INFO: [Synth 8-638] synthesizing module 'axi_perf_mon_v5_0_13_axi_interface' [/home/wesleyguo/github/vivado/vivado/jtag_c2c/jtag_c2c/jtag_c2c.srcs/sources_1/bd/jtag_axi/ipshared/1be8/hdl/axi_perf_mon_v5_0_syn_rfs.v:2364]
INFO: [Synth 8-256] done synthesizing module 'axi_perf_mon_v5_0_13_axi_interface' (5#1) [/home/wesleyguo/github/vivado/vivado/jtag_c2c/jtag_c2c/jtag_c2c.srcs/sources_1/bd/jtag_axi/ipshared/1be8/hdl/axi_perf_mon_v5_0_syn_rfs.v:2364]
INFO: [Synth 8-638] synthesizing module 'axi_perf_mon_v5_0_13_register_module' [/home/wesleyguo/github/vivado/vivado/jtag_c2c/jtag_c2c/jtag_c2c.srcs/sources_1/bd/jtag_axi/ipshared/1be8/hdl/axi_perf_mon_v5_0_syn_rfs.v:4703]
INFO: [Synth 8-638] synthesizing module 'axi_perf_mon_v5_0_13_cdc_sync__parameterized2' [/home/wesleyguo/github/vivado/vivado/jtag_c2c/jtag_c2c/jtag_c2c.srcs/sources_1/bd/jtag_axi/ipshared/1be8/hdl/axi_perf_mon_v5_0_syn_rfs.v:67]
INFO: [Synth 8-256] done synthesizing module 'axi_perf_mon_v5_0_13_cdc_sync__parameterized2' (5#1) [/home/wesleyguo/github/vivado/vivado/jtag_c2c/jtag_c2c/jtag_c2c.srcs/sources_1/bd/jtag_axi/ipshared/1be8/hdl/axi_perf_mon_v5_0_syn_rfs.v:67]
INFO: [Synth 8-638] synthesizing module 'axi_perf_mon_v5_0_13_cdc_sync__parameterized3' [/home/wesleyguo/github/vivado/vivado/jtag_c2c/jtag_c2c/jtag_c2c.srcs/sources_1/bd/jtag_axi/ipshared/1be8/hdl/axi_perf_mon_v5_0_syn_rfs.v:67]
INFO: [Synth 8-256] done synthesizing module 'axi_perf_mon_v5_0_13_cdc_sync__parameterized3' (5#1) [/home/wesleyguo/github/vivado/vivado/jtag_c2c/jtag_c2c/jtag_c2c.srcs/sources_1/bd/jtag_axi/ipshared/1be8/hdl/axi_perf_mon_v5_0_syn_rfs.v:67]
INFO: [Synth 8-256] done synthesizing module 'axi_perf_mon_v5_0_13_register_module' (6#1) [/home/wesleyguo/github/vivado/vivado/jtag_c2c/jtag_c2c/jtag_c2c.srcs/sources_1/bd/jtag_axi/ipshared/1be8/hdl/axi_perf_mon_v5_0_syn_rfs.v:4703]
INFO: [Synth 8-638] synthesizing module 'axi_perf_mon_v5_0_13_interrupt_module' [/home/wesleyguo/github/vivado/vivado/jtag_c2c/jtag_c2c/jtag_c2c.srcs/sources_1/bd/jtag_axi/ipshared/1be8/hdl/axi_perf_mon_v5_0_syn_rfs.v:4181]
INFO: [Synth 8-256] done synthesizing module 'axi_perf_mon_v5_0_13_interrupt_module' (7#1) [/home/wesleyguo/github/vivado/vivado/jtag_c2c/jtag_c2c/jtag_c2c.srcs/sources_1/bd/jtag_axi/ipshared/1be8/hdl/axi_perf_mon_v5_0_syn_rfs.v:4181]
INFO: [Synth 8-638] synthesizing module 'axi_perf_mon_v5_0_13_cdc_sync__parameterized4' [/home/wesleyguo/github/vivado/vivado/jtag_c2c/jtag_c2c/jtag_c2c.srcs/sources_1/bd/jtag_axi/ipshared/1be8/hdl/axi_perf_mon_v5_0_syn_rfs.v:67]
INFO: [Synth 8-256] done synthesizing module 'axi_perf_mon_v5_0_13_cdc_sync__parameterized4' (7#1) [/home/wesleyguo/github/vivado/vivado/jtag_c2c/jtag_c2c/jtag_c2c.srcs/sources_1/bd/jtag_axi/ipshared/1be8/hdl/axi_perf_mon_v5_0_syn_rfs.v:67]
INFO: [Synth 8-638] synthesizing module 'axi_perf_mon_v5_0_13_glbl_clk_cnt' [/home/wesleyguo/github/vivado/vivado/jtag_c2c/jtag_c2c/jtag_c2c.srcs/sources_1/bd/jtag_axi/ipshared/1be8/hdl/axi_perf_mon_v5_0_syn_rfs.v:4062]
INFO: [Synth 8-256] done synthesizing module 'axi_perf_mon_v5_0_13_glbl_clk_cnt' (8#1) [/home/wesleyguo/github/vivado/vivado/jtag_c2c/jtag_c2c/jtag_c2c.srcs/sources_1/bd/jtag_axi/ipshared/1be8/hdl/axi_perf_mon_v5_0_syn_rfs.v:4062]
INFO: [Synth 8-638] synthesizing module 'axi_perf_mon_v5_0_13_mon_fifo' [/home/wesleyguo/github/vivado/vivado/jtag_c2c/jtag_c2c/jtag_c2c.srcs/sources_1/bd/jtag_axi/ipshared/1be8/hdl/axi_perf_mon_v5_0_syn_rfs.v:4345]
INFO: [Synth 8-638] synthesizing module 'axi_perf_mon_v5_0_13_async_fifo' [/home/wesleyguo/github/vivado/vivado/jtag_c2c/jtag_c2c/jtag_c2c.srcs/sources_1/bd/jtag_axi/ipshared/1be8/hdl/axi_perf_mon_v5_0_syn_rfs.v:653]
INFO: [Synth 8-256] done synthesizing module 'axi_perf_mon_v5_0_13_async_fifo' (30#1) [/home/wesleyguo/github/vivado/vivado/jtag_c2c/jtag_c2c/jtag_c2c.srcs/sources_1/bd/jtag_axi/ipshared/1be8/hdl/axi_perf_mon_v5_0_syn_rfs.v:653]
INFO: [Synth 8-256] done synthesizing module 'axi_perf_mon_v5_0_13_mon_fifo' (31#1) [/home/wesleyguo/github/vivado/vivado/jtag_c2c/jtag_c2c/jtag_c2c.srcs/sources_1/bd/jtag_axi/ipshared/1be8/hdl/axi_perf_mon_v5_0_syn_rfs.v:4345]
INFO: [Synth 8-638] synthesizing module 'axi_perf_mon_v5_0_13_metric_calc' [/home/wesleyguo/github/vivado/vivado/jtag_c2c/jtag_c2c/jtag_c2c.srcs/sources_1/bd/jtag_axi/ipshared/1be8/hdl/axi_perf_mon_v5_0_syn_rfs.v:8212]
INFO: [Synth 8-638] synthesizing module 'axi_perf_mon_v5_0_13_cdc_sync__parameterized5' [/home/wesleyguo/github/vivado/vivado/jtag_c2c/jtag_c2c/jtag_c2c.srcs/sources_1/bd/jtag_axi/ipshared/1be8/hdl/axi_perf_mon_v5_0_syn_rfs.v:67]
INFO: [Synth 8-256] done synthesizing module 'axi_perf_mon_v5_0_13_cdc_sync__parameterized5' (31#1) [/home/wesleyguo/github/vivado/vivado/jtag_c2c/jtag_c2c/jtag_c2c.srcs/sources_1/bd/jtag_axi/ipshared/1be8/hdl/axi_perf_mon_v5_0_syn_rfs.v:67]
INFO: [Synth 8-638] synthesizing module 'axi_perf_mon_v5_0_13_sync_fifo' [/home/wesleyguo/github/vivado/vivado/jtag_c2c/jtag_c2c/jtag_c2c.srcs/sources_1/bd/jtag_axi/ipshared/1be8/hdl/axi_perf_mon_v5_0_syn_rfs.v:1203]
INFO: [Synth 8-256] done synthesizing module 'axi_perf_mon_v5_0_13_sync_fifo' (32#1) [/home/wesleyguo/github/vivado/vivado/jtag_c2c/jtag_c2c/jtag_c2c.srcs/sources_1/bd/jtag_axi/ipshared/1be8/hdl/axi_perf_mon_v5_0_syn_rfs.v:1203]
INFO: [Synth 8-638] synthesizing module 'axi_perf_mon_v5_0_13_sync_fifo__parameterized0' [/home/wesleyguo/github/vivado/vivado/jtag_c2c/jtag_c2c/jtag_c2c.srcs/sources_1/bd/jtag_axi/ipshared/1be8/hdl/axi_perf_mon_v5_0_syn_rfs.v:1203]
INFO: [Synth 8-256] done synthesizing module 'axi_perf_mon_v5_0_13_sync_fifo__parameterized0' (32#1) [/home/wesleyguo/github/vivado/vivado/jtag_c2c/jtag_c2c/jtag_c2c.srcs/sources_1/bd/jtag_axi/ipshared/1be8/hdl/axi_perf_mon_v5_0_syn_rfs.v:1203]
INFO: [Synth 8-638] synthesizing module 'axi_perf_mon_v5_0_13_sync_fifo__parameterized1' [/home/wesleyguo/github/vivado/vivado/jtag_c2c/jtag_c2c/jtag_c2c.srcs/sources_1/bd/jtag_axi/ipshared/1be8/hdl/axi_perf_mon_v5_0_syn_rfs.v:1203]
INFO: [Synth 8-256] done synthesizing module 'axi_perf_mon_v5_0_13_sync_fifo__parameterized1' (32#1) [/home/wesleyguo/github/vivado/vivado/jtag_c2c/jtag_c2c/jtag_c2c.srcs/sources_1/bd/jtag_axi/ipshared/1be8/hdl/axi_perf_mon_v5_0_syn_rfs.v:1203]
INFO: [Synth 8-638] synthesizing module 'axi_perf_mon_v5_0_13_counter_ovf' [/home/wesleyguo/github/vivado/vivado/jtag_c2c/jtag_c2c/jtag_c2c.srcs/sources_1/bd/jtag_axi/ipshared/1be8/hdl/axi_perf_mon_v5_0_syn_rfs.v:2920]
INFO: [Synth 8-256] done synthesizing module 'axi_perf_mon_v5_0_13_counter_ovf' (33#1) [/home/wesleyguo/github/vivado/vivado/jtag_c2c/jtag_c2c/jtag_c2c.srcs/sources_1/bd/jtag_axi/ipshared/1be8/hdl/axi_perf_mon_v5_0_syn_rfs.v:2920]
INFO: [Synth 8-638] synthesizing module 'axi_perf_mon_v5_0_13_sync_fifo__parameterized2' [/home/wesleyguo/github/vivado/vivado/jtag_c2c/jtag_c2c/jtag_c2c.srcs/sources_1/bd/jtag_axi/ipshared/1be8/hdl/axi_perf_mon_v5_0_syn_rfs.v:1203]
INFO: [Synth 8-256] done synthesizing module 'axi_perf_mon_v5_0_13_sync_fifo__parameterized2' (33#1) [/home/wesleyguo/github/vivado/vivado/jtag_c2c/jtag_c2c/jtag_c2c.srcs/sources_1/bd/jtag_axi/ipshared/1be8/hdl/axi_perf_mon_v5_0_syn_rfs.v:1203]
INFO: [Synth 8-638] synthesizing module 'axi_perf_mon_v5_0_13_sync_fifo__parameterized3' [/home/wesleyguo/github/vivado/vivado/jtag_c2c/jtag_c2c/jtag_c2c.srcs/sources_1/bd/jtag_axi/ipshared/1be8/hdl/axi_perf_mon_v5_0_syn_rfs.v:1203]
INFO: [Synth 8-256] done synthesizing module 'axi_perf_mon_v5_0_13_sync_fifo__parameterized3' (33#1) [/home/wesleyguo/github/vivado/vivado/jtag_c2c/jtag_c2c/jtag_c2c.srcs/sources_1/bd/jtag_axi/ipshared/1be8/hdl/axi_perf_mon_v5_0_syn_rfs.v:1203]
INFO: [Synth 8-638] synthesizing module 'axi_perf_mon_v5_0_13_sync_fifo__parameterized4' [/home/wesleyguo/github/vivado/vivado/jtag_c2c/jtag_c2c/jtag_c2c.srcs/sources_1/bd/jtag_axi/ipshared/1be8/hdl/axi_perf_mon_v5_0_syn_rfs.v:1203]
INFO: [Synth 8-256] done synthesizing module 'axi_perf_mon_v5_0_13_sync_fifo__parameterized4' (33#1) [/home/wesleyguo/github/vivado/vivado/jtag_c2c/jtag_c2c/jtag_c2c.srcs/sources_1/bd/jtag_axi/ipshared/1be8/hdl/axi_perf_mon_v5_0_syn_rfs.v:1203]
INFO: [Synth 8-256] done synthesizing module 'axi_perf_mon_v5_0_13_metric_calc' (34#1) [/home/wesleyguo/github/vivado/vivado/jtag_c2c/jtag_c2c/jtag_c2c.srcs/sources_1/bd/jtag_axi/ipshared/1be8/hdl/axi_perf_mon_v5_0_syn_rfs.v:8212]
INFO: [Synth 8-638] synthesizing module 'axi_perf_mon_v5_0_13_mon_fifo__parameterized0' [/home/wesleyguo/github/vivado/vivado/jtag_c2c/jtag_c2c/jtag_c2c.srcs/sources_1/bd/jtag_axi/ipshared/1be8/hdl/axi_perf_mon_v5_0_syn_rfs.v:4345]
INFO: [Synth 8-638] synthesizing module 'axi_perf_mon_v5_0_13_async_fifo__parameterized0' [/home/wesleyguo/github/vivado/vivado/jtag_c2c/jtag_c2c/jtag_c2c.srcs/sources_1/bd/jtag_axi/ipshared/1be8/hdl/axi_perf_mon_v5_0_syn_rfs.v:653]
INFO: [Synth 8-256] done synthesizing module 'axi_perf_mon_v5_0_13_async_fifo__parameterized0' (34#1) [/home/wesleyguo/github/vivado/vivado/jtag_c2c/jtag_c2c/jtag_c2c.srcs/sources_1/bd/jtag_axi/ipshared/1be8/hdl/axi_perf_mon_v5_0_syn_rfs.v:653]
INFO: [Synth 8-256] done synthesizing module 'axi_perf_mon_v5_0_13_mon_fifo__parameterized0' (34#1) [/home/wesleyguo/github/vivado/vivado/jtag_c2c/jtag_c2c/jtag_c2c.srcs/sources_1/bd/jtag_axi/ipshared/1be8/hdl/axi_perf_mon_v5_0_syn_rfs.v:4345]
INFO: [Synth 8-638] synthesizing module 'axi_perf_mon_v5_0_13_ext_calc' [/home/wesleyguo/github/vivado/vivado/jtag_c2c/jtag_c2c/jtag_c2c.srcs/sources_1/bd/jtag_axi/ipshared/1be8/hdl/axi_perf_mon_v5_0_syn_rfs.v:4538]
INFO: [Synth 8-256] done synthesizing module 'axi_perf_mon_v5_0_13_ext_calc' (35#1) [/home/wesleyguo/github/vivado/vivado/jtag_c2c/jtag_c2c/jtag_c2c.srcs/sources_1/bd/jtag_axi/ipshared/1be8/hdl/axi_perf_mon_v5_0_syn_rfs.v:4538]
INFO: [Synth 8-638] synthesizing module 'axi_perf_mon_v5_0_13_metric_counters' [/home/wesleyguo/github/vivado/vivado/jtag_c2c/jtag_c2c/jtag_c2c.srcs/sources_1/bd/jtag_axi/ipshared/1be8/hdl/axi_perf_mon_v5_0_syn_rfs.v:10275]
INFO: [Synth 8-638] synthesizing module 'axi_perf_mon_v5_0_13_metric_sel_n_cnt' [/home/wesleyguo/github/vivado/vivado/jtag_c2c/jtag_c2c/jtag_c2c.srcs/sources_1/bd/jtag_axi/ipshared/1be8/hdl/axi_perf_mon_v5_0_syn_rfs.v:12249]
INFO: [Synth 8-638] synthesizing module 'axi_perf_mon_v5_0_13_acc_n_incr' [/home/wesleyguo/github/vivado/vivado/jtag_c2c/jtag_c2c/jtag_c2c.srcs/sources_1/bd/jtag_axi/ipshared/1be8/hdl/axi_perf_mon_v5_0_syn_rfs.v:1363]
INFO: [Synth 8-638] synthesizing module 'axi_perf_mon_v5_0_13_counter__parameterized0' [/home/wesleyguo/github/vivado/vivado/jtag_c2c/jtag_c2c/jtag_c2c.srcs/sources_1/bd/jtag_axi/ipshared/1be8/hdl/axi_perf_mon_v5_0_syn_rfs.v:2767]
INFO: [Synth 8-256] done synthesizing module 'axi_perf_mon_v5_0_13_counter__parameterized0' (35#1) [/home/wesleyguo/github/vivado/vivado/jtag_c2c/jtag_c2c/jtag_c2c.srcs/sources_1/bd/jtag_axi/ipshared/1be8/hdl/axi_perf_mon_v5_0_syn_rfs.v:2767]
INFO: [Synth 8-256] done synthesizing module 'axi_perf_mon_v5_0_13_acc_n_incr' (36#1) [/home/wesleyguo/github/vivado/vivado/jtag_c2c/jtag_c2c/jtag_c2c.srcs/sources_1/bd/jtag_axi/ipshared/1be8/hdl/axi_perf_mon_v5_0_syn_rfs.v:1363]
INFO: [Synth 8-256] done synthesizing module 'axi_perf_mon_v5_0_13_metric_sel_n_cnt' (37#1) [/home/wesleyguo/github/vivado/vivado/jtag_c2c/jtag_c2c/jtag_c2c.srcs/sources_1/bd/jtag_axi/ipshared/1be8/hdl/axi_perf_mon_v5_0_syn_rfs.v:12249]
INFO: [Synth 8-256] done synthesizing module 'axi_perf_mon_v5_0_13_metric_counters' (38#1) [/home/wesleyguo/github/vivado/vivado/jtag_c2c/jtag_c2c/jtag_c2c.srcs/sources_1/bd/jtag_axi/ipshared/1be8/hdl/axi_perf_mon_v5_0_syn_rfs.v:10275]
INFO: [Synth 8-638] synthesizing module 'axi_perf_mon_v5_0_13_samp_metrics_data' [/home/wesleyguo/github/vivado/vivado/jtag_c2c/jtag_c2c/jtag_c2c.srcs/sources_1/bd/jtag_axi/ipshared/1be8/hdl/axi_perf_mon_v5_0_syn_rfs.v:7235]
INFO: [Synth 8-256] done synthesizing module 'axi_perf_mon_v5_0_13_samp_metrics_data' (39#1) [/home/wesleyguo/github/vivado/vivado/jtag_c2c/jtag_c2c/jtag_c2c.srcs/sources_1/bd/jtag_axi/ipshared/1be8/hdl/axi_perf_mon_v5_0_syn_rfs.v:7235]
INFO: [Synth 8-256] done synthesizing module 'axi_perf_mon_v5_0_13_advanced' (40#1) [/home/wesleyguo/github/vivado/vivado/jtag_c2c/jtag_c2c/jtag_c2c.srcs/sources_1/bd/jtag_axi/ipshared/1be8/hdl/axi_perf_mon_v5_0_syn_rfs.v:12878]
INFO: [Synth 8-638] synthesizing module 'axi_perf_mon_v5_0_13_dff_async_reset' [/home/wesleyguo/github/vivado/vivado/jtag_c2c/jtag_c2c/jtag_c2c.srcs/sources_1/bd/jtag_axi/ipshared/1be8/hdl/axi_perf_mon_v5_0_syn_rfs.v:567]
INFO: [Synth 8-256] done synthesizing module 'axi_perf_mon_v5_0_13_dff_async_reset' (41#1) [/home/wesleyguo/github/vivado/vivado/jtag_c2c/jtag_c2c/jtag_c2c.srcs/sources_1/bd/jtag_axi/ipshared/1be8/hdl/axi_perf_mon_v5_0_syn_rfs.v:567]
INFO: [Synth 8-638] synthesizing module 'axi_perf_mon_v5_0_13_cdc_sync__parameterized6' [/home/wesleyguo/github/vivado/vivado/jtag_c2c/jtag_c2c/jtag_c2c.srcs/sources_1/bd/jtag_axi/ipshared/1be8/hdl/axi_perf_mon_v5_0_syn_rfs.v:67]
INFO: [Synth 8-256] done synthesizing module 'axi_perf_mon_v5_0_13_cdc_sync__parameterized6' (41#1) [/home/wesleyguo/github/vivado/vivado/jtag_c2c/jtag_c2c/jtag_c2c.srcs/sources_1/bd/jtag_axi/ipshared/1be8/hdl/axi_perf_mon_v5_0_syn_rfs.v:67]
INFO: [Synth 8-638] synthesizing module 'axi_perf_mon_v5_0_13_cdc_sync__parameterized7' [/home/wesleyguo/github/vivado/vivado/jtag_c2c/jtag_c2c/jtag_c2c.srcs/sources_1/bd/jtag_axi/ipshared/1be8/hdl/axi_perf_mon_v5_0_syn_rfs.v:67]
INFO: [Synth 8-256] done synthesizing module 'axi_perf_mon_v5_0_13_cdc_sync__parameterized7' (41#1) [/home/wesleyguo/github/vivado/vivado/jtag_c2c/jtag_c2c/jtag_c2c.srcs/sources_1/bd/jtag_axi/ipshared/1be8/hdl/axi_perf_mon_v5_0_syn_rfs.v:67]
INFO: [Synth 8-256] done synthesizing module 'axi_perf_mon_v5_0_13_top' (42#1) [/home/wesleyguo/github/vivado/vivado/jtag_c2c/jtag_c2c/jtag_c2c.srcs/sources_1/bd/jtag_axi/ipshared/1be8/hdl/axi_perf_mon_v5_0_syn_rfs.v:24153]
INFO: [Synth 8-256] done synthesizing module 'jtag_axi_axi_perf_mon_0_0' (43#1) [/home/wesleyguo/github/vivado/vivado/jtag_c2c/jtag_c2c/jtag_c2c.srcs/sources_1/bd/jtag_axi/ip/jtag_axi_axi_perf_mon_0_0/synth/jtag_axi_axi_perf_mon_0_0.v:64]
Finished RTL Elaboration : Time (s): cpu = 00:01:02 ; elapsed = 00:01:03 . Memory (MB): peak = 1379.660 ; gain = 364.473 ; free physical = 96620 ; free virtual = 199324
Finished RTL Optimization Phase 1 : Time (s): cpu = 00:01:02 ; elapsed = 00:01:03 . Memory (MB): peak = 1379.660 ; gain = 364.473 ; free physical = 96614 ; free virtual = 199318
INFO: [Device 21-403] Loading part xc7z045ffv900-2
Constraint Validation Runtime : Time (s): cpu = 00:00:00.10 ; elapsed = 00:00:00.05 . Memory (MB): peak = 1724.938 ; gain = 0.000 ; free physical = 96312 ; free virtual = 199015
Finished Constraint Validation : Time (s): cpu = 00:01:16 ; elapsed = 00:01:17 . Memory (MB): peak = 1724.938 ; gain = 709.750 ; free physical = 96310 ; free virtual = 199014
Finished Loading Part and Timing Information : Time (s): cpu = 00:01:16 ; elapsed = 00:01:17 . Memory (MB): peak = 1724.938 ; gain = 709.750 ; free physical = 96310 ; free virtual = 199014
Finished applying 'set_property' XDC Constraints : Time (s): cpu = 00:01:17 ; elapsed = 00:01:18 . Memory (MB): peak = 1724.938 ; gain = 709.750 ; free physical = 96310 ; free virtual = 199014
Finished RTL Optimization Phase 2 : Time (s): cpu = 00:01:19 ; elapsed = 00:01:20 . Memory (MB): peak = 1724.938 ; gain = 709.750 ; free physical = 96397 ; free virtual = 199010
Finished Cross Boundary and Area Optimization : Time (s): cpu = 00:01:27 ; elapsed = 00:01:28 . Memory (MB): peak = 1724.938 ; gain = 709.750 ; free physical = 96765 ; free virtual = 199378
---------------------------------------------------------------------------------
Start ROM, RAM, DSP and Shift Register Reporting
---------------------------------------------------------------------------------

Block RAM: Preliminary Mapping  Report (see note below)
+-------------------------------------+------------------------------------+------------------------+---+---+------------------------+---+---+------------------+--------+--------+
|Module Name                          | RTL Object                         | PORT A (Depth x Width) | W | R | PORT B (Depth x Width) | W | R | Ports driving FF | RAMB18 | RAMB36 | 
+-------------------------------------+------------------------------------+------------------------+---+---+------------------------+---+---+------------------+--------+--------+
|axi_perf_mon_v5_0_13_register_module | GEN_METRIC_RAM.Metric_ram_CDCR_reg | 256 x 32(READ_FIRST)   | W | R |                        |   |   | Port A           | 1      | 0      | 
+-------------------------------------+------------------------------------+------------------------+---+---+------------------------+---+---+------------------+--------+--------+

Note: The table above is a preliminary report that shows the Block RAMs at the current stage of the synthesis flow. Some Block RAMs may be reimplemented as non Block RAM primitives later in the synthesis flow. Multiple instantiated Block RAMs are reported only once. 

Distributed RAM: Preliminary Mapping  Report (see note below)
+---------------------------------+-------------------------------------------------------------------------------+----------------+----------------------+----------------+
|Module Name                      | RTL Object                                                                    | Inference      | Size (Depth x Width) | Primitives     | 
+---------------------------------+-------------------------------------------------------------------------------+----------------+----------------------+----------------+
|fifo_generator_v13_1_3           | inst_fifo_gen/gconvfifo.rf/grf.rf/gntv_or_sync_fifo.mem/gdm.dm_gen.dm/RAM_reg | User Attribute | 32 x 68              | RAM32M x 12    | 
|axi_perf_mon_v5_0_13_metric_calc | F1_AWID_MATCH/mem_reg                                                         | User Attribute | 32 x 1               | RAM32X1D x 1   | 
|axi_perf_mon_v5_0_13_metric_calc | F2_FIRST_WRITE/mem_reg                                                        | User Attribute | 32 x 1               | RAM32X1D x 1   | 
|axi_perf_mon_v5_0_13_metric_calc | F3_WR_LAT_START/mem_reg                                                       | User Attribute | 32 x 33              | RAM32M x 6     | 
|axi_perf_mon_v5_0_13_metric_calc | F4_WR_LAT_END/mem_reg                                                         | User Attribute | 32 x 33              | RAM32M x 6     | 
|axi_perf_mon_v5_0_13_metric_calc | rd_latency_fifo_inst/mem_reg                                                  | User Attribute | 32 x 33              | RAM32M x 6     | 
|axi_perf_mon_v5_0_13_metric_calc | FBC_WR_BEAT_CNT/mem_reg                                                       | User Attribute | 32 x 64              | RAM32M x 11    | 
|axi_perf_mon_v5_0_13_metric_calc | BEAT_CNT_AWID_MATCH/mem_reg                                                   | User Attribute | 32 x 1               | RAM32X1D x 1   | 
|axi_perf_mon_v5_0_13_metric_calc | LAST_CNT_AWID_MATCH/mem_reg                                                   | User Attribute | 32 x 1               | RAM32X1D x 1   | 
|axi_perf_mon_v5_0_13_metric_calc | FSWI_WR_LAST_CNT/mem_reg                                                      | User Attribute | 32 x 32              | RAM32M x 6     | 
|axi_perf_mon_v5_0_13_metric_calc | IDLE_CNT_AWID_MATCH/mem_reg                                                   | User Attribute | 32 x 1               | RAM32X1D x 1   | 
|fifo_generator_v13_1_3           | inst_fifo_gen/gconvfifo.rf/grf.rf/gntv_or_sync_fifo.mem/gdm.dm_gen.dm/RAM_reg | User Attribute | 32 x 3               | RAM32M x 1     | 
+---------------------------------+-------------------------------------------------------------------------------+----------------+----------------------+----------------+

Note: The table above is a preliminary report that shows the Distributed RAMs at the current stage of the synthesis flow. Some Distributed RAMs may be reimplemented as non Distributed RAM primitives later in the synthesis flow. Multiple instantiated RAMs are reported only once.
---------------------------------------------------------------------------------
Finished ROM, RAM, DSP and Shift Register Reporting
---------------------------------------------------------------------------------
Finished Applying XDC Timing Constraints : Time (s): cpu = 00:01:36 ; elapsed = 00:01:37 . Memory (MB): peak = 1724.938 ; gain = 709.750 ; free physical = 96317 ; free virtual = 198967
Finished Timing Optimization : Time (s): cpu = 00:01:37 ; elapsed = 00:01:39 . Memory (MB): peak = 1724.938 ; gain = 709.750 ; free physical = 96317 ; free virtual = 198967
Finished Technology Mapping : Time (s): cpu = 00:01:39 ; elapsed = 00:01:40 . Memory (MB): peak = 1724.938 ; gain = 709.750 ; free physical = 96296 ; free virtual = 198946
Finished IO Insertion : Time (s): cpu = 00:01:39 ; elapsed = 00:01:41 . Memory (MB): peak = 1724.938 ; gain = 709.750 ; free physical = 96257 ; free virtual = 198907
Finished Renaming Generated Instances : Time (s): cpu = 00:01:39 ; elapsed = 00:01:41 . Memory (MB): peak = 1724.938 ; gain = 709.750 ; free physical = 96256 ; free virtual = 198906
Finished Rebuilding User Hierarchy : Time (s): cpu = 00:01:40 ; elapsed = 00:01:41 . Memory (MB): peak = 1724.938 ; gain = 709.750 ; free physical = 96225 ; free virtual = 198875
Finished Renaming Generated Ports : Time (s): cpu = 00:01:40 ; elapsed = 00:01:41 . Memory (MB): peak = 1724.938 ; gain = 709.750 ; free physical = 96224 ; free virtual = 198874
Finished Handling Custom Attributes : Time (s): cpu = 00:01:40 ; elapsed = 00:01:42 . Memory (MB): peak = 1724.938 ; gain = 709.750 ; free physical = 96213 ; free virtual = 198864
Finished Renaming Generated Nets : Time (s): cpu = 00:01:40 ; elapsed = 00:01:42 . Memory (MB): peak = 1724.938 ; gain = 709.750 ; free physical = 96212 ; free virtual = 198862

Report Cell Usage: 
+------+---------+------+
|      |Cell     |Count |
+------+---------+------+
|1     |CARRY4   |   133|
|2     |LUT1     |   733|
|3     |LUT2     |   447|
|4     |LUT3     |    71|
|5     |LUT4     |   359|
|6     |LUT5     |   297|
|7     |LUT6     |   409|
|8     |RAM32M   |    42|
|9     |RAM32X1D |     5|
|10    |RAMB18E1 |     1|
|11    |FDCE     |   224|
|12    |FDPE     |    60|
|13    |FDRE     |  2213|
|14    |FDSE     |    77|
+------+---------+------+
Finished Writing Synthesis Report : Time (s): cpu = 00:01:40 ; elapsed = 00:01:42 . Memory (MB): peak = 1724.938 ; gain = 709.750 ; free physical = 96211 ; free virtual = 198862
synth_design: Time (s): cpu = 00:01:43 ; elapsed = 00:01:44 . Memory (MB): peak = 2232.680 ; gain = 1120.988 ; free physical = 95687 ; free virtual = 198338
