
*** Running vivado
    with args -log b2000t_c2c_bram_vio_0_0.vds -m64 -product Vivado -mode batch -messageDb vivado.pb -notrace -source b2000t_c2c_bram_vio_0_0.tcl


****** Vivado v2016.4 (64-bit)
  **** SW Build 1733598 on Wed Dec 14 22:35:42 MST 2016
  **** IP Build 1731160 on Wed Dec 14 23:47:21 MST 2016
    ** Copyright 1986-2016 Xilinx, Inc. All Rights Reserved.

source b2000t_c2c_bram_vio_0_0.tcl -notrace
Starting RTL Elaboration : Time (s): cpu = 00:00:11 ; elapsed = 00:00:12 . Memory (MB): peak = 1230.441 ; gain = 215.254 ; free physical = 84321 ; free virtual = 194160
INFO: [Synth 8-638] synthesizing module 'b2000t_c2c_bram_vio_0_0' [/home/wesleyguo/github/vivado/vivado/2000t_c2c_bram/b2000t_c2c_bram/b2000t_c2c_bram.srcs/sources_1/bd/b2000t_c2c_bram/ip/b2000t_c2c_bram_vio_0_0/synth/b2000t_c2c_bram_vio_0_0.v:59]
INFO: [Synth 8-256] done synthesizing module 'b2000t_c2c_bram_vio_0_0' (8#1) [/home/wesleyguo/github/vivado/vivado/2000t_c2c_bram/b2000t_c2c_bram/b2000t_c2c_bram.srcs/sources_1/bd/b2000t_c2c_bram/ip/b2000t_c2c_bram_vio_0_0/synth/b2000t_c2c_bram_vio_0_0.v:59]
Finished RTL Elaboration : Time (s): cpu = 00:00:16 ; elapsed = 00:00:17 . Memory (MB): peak = 1354.918 ; gain = 339.730 ; free physical = 82374 ; free virtual = 192217
Finished RTL Optimization Phase 1 : Time (s): cpu = 00:00:17 ; elapsed = 00:00:18 . Memory (MB): peak = 1354.918 ; gain = 339.730 ; free physical = 82286 ; free virtual = 192131
INFO: [Device 21-403] Loading part xc7v2000tflg1925-1
Constraint Validation Runtime : Time (s): cpu = 00:00:00.04 ; elapsed = 00:00:00.04 . Memory (MB): peak = 2067.523 ; gain = 0.004 ; free physical = 73883 ; free virtual = 183729
Finished Constraint Validation : Time (s): cpu = 00:00:54 ; elapsed = 00:00:56 . Memory (MB): peak = 2067.523 ; gain = 1052.336 ; free physical = 73485 ; free virtual = 183333
Finished Loading Part and Timing Information : Time (s): cpu = 00:00:54 ; elapsed = 00:00:56 . Memory (MB): peak = 2067.523 ; gain = 1052.336 ; free physical = 73485 ; free virtual = 183333
Finished applying 'set_property' XDC Constraints : Time (s): cpu = 00:00:55 ; elapsed = 00:00:56 . Memory (MB): peak = 2067.523 ; gain = 1052.336 ; free physical = 73485 ; free virtual = 183331
Finished RTL Optimization Phase 2 : Time (s): cpu = 00:00:55 ; elapsed = 00:00:57 . Memory (MB): peak = 2067.523 ; gain = 1052.336 ; free physical = 73476 ; free virtual = 183321
Finished Cross Boundary and Area Optimization : Time (s): cpu = 00:00:56 ; elapsed = 00:00:58 . Memory (MB): peak = 2067.523 ; gain = 1052.336 ; free physical = 73430 ; free virtual = 183276
Finished Applying XDC Timing Constraints : Time (s): cpu = 00:01:06 ; elapsed = 00:01:07 . Memory (MB): peak = 2067.523 ; gain = 1052.336 ; free physical = 72888 ; free virtual = 182734
Finished Timing Optimization : Time (s): cpu = 00:01:06 ; elapsed = 00:01:07 . Memory (MB): peak = 2067.523 ; gain = 1052.336 ; free physical = 72870 ; free virtual = 182717
Finished Technology Mapping : Time (s): cpu = 00:01:06 ; elapsed = 00:01:08 . Memory (MB): peak = 2067.523 ; gain = 1052.336 ; free physical = 72826 ; free virtual = 182672
Finished IO Insertion : Time (s): cpu = 00:01:07 ; elapsed = 00:01:08 . Memory (MB): peak = 2067.523 ; gain = 1052.336 ; free physical = 72766 ; free virtual = 182612
Finished Renaming Generated Instances : Time (s): cpu = 00:01:07 ; elapsed = 00:01:08 . Memory (MB): peak = 2067.523 ; gain = 1052.336 ; free physical = 72765 ; free virtual = 182611
Finished Rebuilding User Hierarchy : Time (s): cpu = 00:01:07 ; elapsed = 00:01:08 . Memory (MB): peak = 2067.523 ; gain = 1052.336 ; free physical = 72760 ; free virtual = 182606
Finished Renaming Generated Ports : Time (s): cpu = 00:01:07 ; elapsed = 00:01:08 . Memory (MB): peak = 2067.523 ; gain = 1052.336 ; free physical = 72759 ; free virtual = 182606
Finished Handling Custom Attributes : Time (s): cpu = 00:01:07 ; elapsed = 00:01:08 . Memory (MB): peak = 2067.523 ; gain = 1052.336 ; free physical = 72754 ; free virtual = 182600
Finished Renaming Generated Nets : Time (s): cpu = 00:01:07 ; elapsed = 00:01:08 . Memory (MB): peak = 2067.523 ; gain = 1052.336 ; free physical = 72754 ; free virtual = 182600

Report Cell Usage: 
+------+-----+------+
|      |Cell |Count |
+------+-----+------+
|1     |LUT1 |     4|
|2     |LUT2 |    17|
|3     |LUT3 |    71|
|4     |LUT4 |   153|
|5     |LUT5 |    39|
|6     |LUT6 |    66|
|7     |FDRE |   595|
|8     |FDSE |     7|
+------+-----+------+
Finished Writing Synthesis Report : Time (s): cpu = 00:01:07 ; elapsed = 00:01:08 . Memory (MB): peak = 2067.523 ; gain = 1052.336 ; free physical = 72754 ; free virtual = 182600
synth_design: Time (s): cpu = 00:01:06 ; elapsed = 00:01:07 . Memory (MB): peak = 2067.523 ; gain = 958.574 ; free physical = 73477 ; free virtual = 183324
