#-----------------------------------------------------------
# Vivado v2016.4 (64-bit)
# SW Build 1733598 on Wed Dec 14 22:35:42 MST 2016
# IP Build 1731160 on Wed Dec 14 23:47:21 MST 2016
# Start of session at: Fri Jun 23 15:16:08 2017
# Process ID: 27293
# Current directory: /home/wesleyguo/demo_2016.4_wesleyguo/zynq_iic_nandy
# Command line: vivado zynq_iic.xpr
# Log file: /home/wesleyguo/demo_2016.4_wesleyguo/zynq_iic_nandy/vivado.log
# Journal file: /home/wesleyguo/demo_2016.4_wesleyguo/zynq_iic_nandy/vivado.jou
#-----------------------------------------------------------
start_gui
open_project zynq_iic.xpr
INFO: [Project 1-313] Project file moved from '/home/nandykong/zynq_iic' since last save.
Scanning sources...
Finished scanning sources
INFO: [IP_Flow 19-234] Refreshing IP repositories
INFO: [IP_Flow 19-1704] No user IP repositories specified
INFO: [IP_Flow 19-2313] Loaded Vivado IP repository '/home/vivado/vivado201604/Vivado/2016.4/data/ip'.
open_project: Time (s): cpu = 00:00:13 ; elapsed = 00:00:05 . Memory (MB): peak = 6107.559 ; gain = 134.445 ; free physical = 86137 ; free virtual = 193956
open_bd_design {/home/wesleyguo/demo_2016.4_wesleyguo/zynq_iic_nandy/zynq_iic.srcs/sources_1/bd/zynq_iic/zynq_iic.bd}
Adding cell -- xilinx.com:ip:processing_system7:5.5 - processing_system7_0
Adding cell -- xilinx.com:ip:proc_sys_reset:5.0 - proc_sys_reset_0
Adding cell -- xilinx.com:ip:axi_gpio:2.0 - axi_gpio_0
Adding cell -- xilinx.com:ip:axi_uartlite:2.0 - axi_uartlite_0
Adding cell -- xilinx.com:ip:axi_crossbar:2.1 - xbar
Adding cell -- xilinx.com:ip:axi_protocol_converter:2.1 - auto_pc
Successfully read diagram <zynq_iic> from BD file </home/wesleyguo/demo_2016.4_wesleyguo/zynq_iic_nandy/zynq_iic.srcs/sources_1/bd/zynq_iic/zynq_iic.bd>
open_hw
connect_hw_server -url 192.168.0.44:3121
INFO: [Labtools 27-2285] Connecting to hw_server url TCP:192.168.0.44:3121
current_hw_target [get_hw_targets */xilinx_tcf/Xilinx/000018938f9c01]
ERROR: [Labtoolstcl 44-199] No matching targets found on connected servers: 192.168.0.44
Resolution: If needed connect the desired target to a server and use command refresh_hw_server. Then rerun the get_hw_targets command.
ERROR: [Common 17-39] 'get_hw_targets' failed due to earlier errors.
INFO: [Labtoolstcl 44-466] Opening hw_target 192.168.0.44:3121/xilinx_tcf/Xilinx/00001894580501
ERROR: [Labtools 27-2269] No devices detected on target 192.168.0.44:3121/xilinx_tcf/Xilinx/00001894580501.
Check cable connectivity and that the target board is powered up then
use the disconnect_hw_server and connect_hw_server to re-register this hardware target.
ERROR: [Common 17-39] 'open_hw_target' failed due to earlier errors.
ERROR: [Labtoolstcl 44-513] HW Target shutdown. Closing target: 192.168.0.44:3121/xilinx_tcf/Xilinx/00001894580501
INFO: [Labtoolstcl 44-466] Opening hw_target 192.168.0.44:3121/xilinx_tcf/Xilinx/00001894580501
INFO: [Labtools 27-1435] Device xc7v2000t (JTAG device index = 0) is not programmed (DONE status = 0).
