
*** Running vivado
    with args -log b2000t_c2c_bram_blk_mem_gen_0_0.vds -m64 -product Vivado -mode batch -messageDb vivado.pb -notrace -source b2000t_c2c_bram_blk_mem_gen_0_0.tcl


****** Vivado v2016.4 (64-bit)
  **** SW Build 1733598 on Wed Dec 14 22:35:42 MST 2016
  **** IP Build 1731160 on Wed Dec 14 23:47:21 MST 2016
    ** Copyright 1986-2016 Xilinx, Inc. All Rights Reserved.

source b2000t_c2c_bram_blk_mem_gen_0_0.tcl -notrace
Starting RTL Elaboration : Time (s): cpu = 00:00:09 ; elapsed = 00:00:10 . Memory (MB): peak = 1220.191 ; gain = 205.000 ; free physical = 95334 ; free virtual = 198064
INFO: [Synth 8-638] synthesizing module 'b2000t_c2c_bram_blk_mem_gen_0_0' [/home/wesleyguo/github/vivado/vivado/2000t_c2c_bram/b2000t_c2c_bram/b2000t_c2c_bram.srcs/sources_1/bd/b2000t_c2c_bram/ip/b2000t_c2c_bram_blk_mem_gen_0_0/synth/b2000t_c2c_bram_blk_mem_gen_0_0.vhd:78]
INFO: [Synth 8-256] done synthesizing module 'b2000t_c2c_bram_blk_mem_gen_0_0' (11#1) [/home/wesleyguo/github/vivado/vivado/2000t_c2c_bram/b2000t_c2c_bram/b2000t_c2c_bram.srcs/sources_1/bd/b2000t_c2c_bram/ip/b2000t_c2c_bram_blk_mem_gen_0_0/synth/b2000t_c2c_bram_blk_mem_gen_0_0.vhd:78]
Finished RTL Elaboration : Time (s): cpu = 00:01:03 ; elapsed = 00:01:03 . Memory (MB): peak = 1420.867 ; gain = 405.676 ; free physical = 93679 ; free virtual = 196411
Finished RTL Optimization Phase 1 : Time (s): cpu = 00:01:03 ; elapsed = 00:01:03 . Memory (MB): peak = 1420.867 ; gain = 405.676 ; free physical = 93679 ; free virtual = 196411
INFO: [Device 21-403] Loading part xc7v2000tflg1925-1
Constraint Validation Runtime : Time (s): cpu = 00:00:00.02 ; elapsed = 00:00:00.02 . Memory (MB): peak = 2039.230 ; gain = 1.004 ; free physical = 95227 ; free virtual = 197962
Finished Constraint Validation : Time (s): cpu = 00:01:40 ; elapsed = 00:01:41 . Memory (MB): peak = 2039.230 ; gain = 1024.039 ; free physical = 95227 ; free virtual = 197962
Finished Loading Part and Timing Information : Time (s): cpu = 00:01:40 ; elapsed = 00:01:41 . Memory (MB): peak = 2039.230 ; gain = 1024.039 ; free physical = 95227 ; free virtual = 197962
Finished applying 'set_property' XDC Constraints : Time (s): cpu = 00:01:40 ; elapsed = 00:01:41 . Memory (MB): peak = 2039.230 ; gain = 1024.039 ; free physical = 95227 ; free virtual = 197962
Finished RTL Optimization Phase 2 : Time (s): cpu = 00:01:40 ; elapsed = 00:01:41 . Memory (MB): peak = 2039.230 ; gain = 1024.039 ; free physical = 95227 ; free virtual = 197962
Finished Cross Boundary and Area Optimization : Time (s): cpu = 00:01:40 ; elapsed = 00:01:42 . Memory (MB): peak = 2039.230 ; gain = 1024.039 ; free physical = 95212 ; free virtual = 197947
Finished Applying XDC Timing Constraints : Time (s): cpu = 00:01:49 ; elapsed = 00:01:50 . Memory (MB): peak = 2039.230 ; gain = 1024.039 ; free physical = 95199 ; free virtual = 197934
Finished Timing Optimization : Time (s): cpu = 00:01:49 ; elapsed = 00:01:50 . Memory (MB): peak = 2039.230 ; gain = 1024.039 ; free physical = 95198 ; free virtual = 197933
Finished Technology Mapping : Time (s): cpu = 00:01:49 ; elapsed = 00:01:50 . Memory (MB): peak = 2039.230 ; gain = 1024.039 ; free physical = 95198 ; free virtual = 197933
Finished IO Insertion : Time (s): cpu = 00:01:49 ; elapsed = 00:01:50 . Memory (MB): peak = 2039.230 ; gain = 1024.039 ; free physical = 95198 ; free virtual = 197933
Finished Renaming Generated Instances : Time (s): cpu = 00:01:49 ; elapsed = 00:01:50 . Memory (MB): peak = 2039.230 ; gain = 1024.039 ; free physical = 95198 ; free virtual = 197933
Finished Rebuilding User Hierarchy : Time (s): cpu = 00:01:49 ; elapsed = 00:01:50 . Memory (MB): peak = 2039.230 ; gain = 1024.039 ; free physical = 95198 ; free virtual = 197933
Finished Renaming Generated Ports : Time (s): cpu = 00:01:49 ; elapsed = 00:01:50 . Memory (MB): peak = 2039.230 ; gain = 1024.039 ; free physical = 95198 ; free virtual = 197933
Finished Handling Custom Attributes : Time (s): cpu = 00:01:49 ; elapsed = 00:01:50 . Memory (MB): peak = 2039.230 ; gain = 1024.039 ; free physical = 95198 ; free virtual = 197933
Finished Renaming Generated Nets : Time (s): cpu = 00:01:49 ; elapsed = 00:01:50 . Memory (MB): peak = 2039.230 ; gain = 1024.039 ; free physical = 95198 ; free virtual = 197933

Report Cell Usage: 
+------+---------+------+
|      |Cell     |Count |
+------+---------+------+
|1     |RAMB36E1 |    16|
+------+---------+------+
Finished Writing Synthesis Report : Time (s): cpu = 00:01:49 ; elapsed = 00:01:50 . Memory (MB): peak = 2039.230 ; gain = 1024.039 ; free physical = 95198 ; free virtual = 197933
synth_design: Time (s): cpu = 00:01:49 ; elapsed = 00:01:50 . Memory (MB): peak = 2039.230 ; gain = 930.535 ; free physical = 95165 ; free virtual = 197900
