
*** Running vivado
    with args -log jtag_axi_auto_pc_0.vds -m64 -product Vivado -mode batch -messageDb vivado.pb -notrace -source jtag_axi_auto_pc_0.tcl


****** Vivado v2016.4 (64-bit)
  **** SW Build 1733598 on Wed Dec 14 22:35:42 MST 2016
  **** IP Build 1731160 on Wed Dec 14 23:47:21 MST 2016
    ** Copyright 1986-2016 Xilinx, Inc. All Rights Reserved.

source jtag_axi_auto_pc_0.tcl -notrace
Starting RTL Elaboration : Time (s): cpu = 00:00:10 ; elapsed = 00:00:10 . Memory (MB): peak = 1231.188 ; gain = 216.000 ; free physical = 85942 ; free virtual = 193680
INFO: [Synth 8-638] synthesizing module 'jtag_axi_auto_pc_0' [/home/wesleyguo/github/vivado/vivado/jtag_c2c/jtag_c2c/jtag_c2c.srcs/sources_1/bd/jtag_axi/ip/jtag_axi_auto_pc_0/synth/jtag_axi_auto_pc_0.v:58]
INFO: [Synth 8-638] synthesizing module 'axi_protocol_converter_v2_1_11_axi_protocol_converter' [/home/wesleyguo/github/vivado/vivado/jtag_c2c/jtag_c2c/jtag_c2c.srcs/sources_1/bd/jtag_axi/ipshared/df1b/hdl/axi_protocol_converter_v2_1_vl_rfs.v:4806]
INFO: [Synth 8-256] done synthesizing module 'axi_protocol_converter_v2_1_11_axi_protocol_converter' (1#1) [/home/wesleyguo/github/vivado/vivado/jtag_c2c/jtag_c2c/jtag_c2c.srcs/sources_1/bd/jtag_axi/ipshared/df1b/hdl/axi_protocol_converter_v2_1_vl_rfs.v:4806]
INFO: [Synth 8-256] done synthesizing module 'jtag_axi_auto_pc_0' (2#1) [/home/wesleyguo/github/vivado/vivado/jtag_c2c/jtag_c2c/jtag_c2c.srcs/sources_1/bd/jtag_axi/ip/jtag_axi_auto_pc_0/synth/jtag_axi_auto_pc_0.v:58]
Finished RTL Elaboration : Time (s): cpu = 00:00:31 ; elapsed = 00:00:31 . Memory (MB): peak = 1352.660 ; gain = 337.473 ; free physical = 84566 ; free virtual = 192306
Finished RTL Optimization Phase 1 : Time (s): cpu = 00:00:31 ; elapsed = 00:00:32 . Memory (MB): peak = 1352.660 ; gain = 337.473 ; free physical = 84565 ; free virtual = 192306
INFO: [Device 21-403] Loading part xc7z045ffv900-2
Constraint Validation Runtime : Time (s): cpu = 00:00:00.02 ; elapsed = 00:00:00.02 . Memory (MB): peak = 1596.938 ; gain = 0.004 ; free physical = 84105 ; free virtual = 191846
Finished Constraint Validation : Time (s): cpu = 00:00:42 ; elapsed = 00:00:43 . Memory (MB): peak = 1596.938 ; gain = 581.750 ; free physical = 84895 ; free virtual = 192639
Finished Loading Part and Timing Information : Time (s): cpu = 00:00:42 ; elapsed = 00:00:43 . Memory (MB): peak = 1596.938 ; gain = 581.750 ; free physical = 84895 ; free virtual = 192639
Finished applying 'set_property' XDC Constraints : Time (s): cpu = 00:00:42 ; elapsed = 00:00:43 . Memory (MB): peak = 1596.938 ; gain = 581.750 ; free physical = 84895 ; free virtual = 192639
Finished RTL Optimization Phase 2 : Time (s): cpu = 00:00:42 ; elapsed = 00:00:43 . Memory (MB): peak = 1596.938 ; gain = 581.750 ; free physical = 84895 ; free virtual = 192639
Finished Cross Boundary and Area Optimization : Time (s): cpu = 00:00:43 ; elapsed = 00:00:44 . Memory (MB): peak = 1596.938 ; gain = 581.750 ; free physical = 84895 ; free virtual = 192639
Finished Applying XDC Timing Constraints : Time (s): cpu = 00:00:51 ; elapsed = 00:00:52 . Memory (MB): peak = 1596.938 ; gain = 581.750 ; free physical = 85400 ; free virtual = 193143
Finished Timing Optimization : Time (s): cpu = 00:00:51 ; elapsed = 00:00:52 . Memory (MB): peak = 1596.938 ; gain = 581.750 ; free physical = 85400 ; free virtual = 193143
Finished Technology Mapping : Time (s): cpu = 00:00:51 ; elapsed = 00:00:52 . Memory (MB): peak = 1596.938 ; gain = 581.750 ; free physical = 85391 ; free virtual = 193134
Finished IO Insertion : Time (s): cpu = 00:00:52 ; elapsed = 00:00:53 . Memory (MB): peak = 1596.938 ; gain = 581.750 ; free physical = 85391 ; free virtual = 193134
Finished Renaming Generated Instances : Time (s): cpu = 00:00:52 ; elapsed = 00:00:53 . Memory (MB): peak = 1596.938 ; gain = 581.750 ; free physical = 85391 ; free virtual = 193134
Finished Rebuilding User Hierarchy : Time (s): cpu = 00:00:52 ; elapsed = 00:00:53 . Memory (MB): peak = 1596.938 ; gain = 581.750 ; free physical = 85391 ; free virtual = 193134
Finished Renaming Generated Ports : Time (s): cpu = 00:00:52 ; elapsed = 00:00:53 . Memory (MB): peak = 1596.938 ; gain = 581.750 ; free physical = 85391 ; free virtual = 193134
Finished Handling Custom Attributes : Time (s): cpu = 00:00:52 ; elapsed = 00:00:53 . Memory (MB): peak = 1596.938 ; gain = 581.750 ; free physical = 85391 ; free virtual = 193134
Finished Renaming Generated Nets : Time (s): cpu = 00:00:52 ; elapsed = 00:00:53 . Memory (MB): peak = 1596.938 ; gain = 581.750 ; free physical = 85391 ; free virtual = 193134

Report Cell Usage: 
+-+-----+------+
| |Cell |Count |
+-+-----+------+
+-+-----+------+
Finished Writing Synthesis Report : Time (s): cpu = 00:00:52 ; elapsed = 00:00:53 . Memory (MB): peak = 1596.938 ; gain = 581.750 ; free physical = 85391 ; free virtual = 193134
synth_design: Time (s): cpu = 00:00:49 ; elapsed = 00:00:49 . Memory (MB): peak = 1612.934 ; gain = 501.242 ; free physical = 85362 ; free virtual = 193105
