
*** Running vivado
    with args -log jtag_axi_axi_hwicap_0_0.vds -m64 -product Vivado -mode batch -messageDb vivado.pb -notrace -source jtag_axi_axi_hwicap_0_0.tcl


****** Vivado v2016.4 (64-bit)
  **** SW Build 1733598 on Wed Dec 14 22:35:39 MST 2016
  **** IP Build 1731160 on Wed Dec 14 23:47:21 MST 2016
    ** Copyright 1986-2016 Xilinx, Inc. All Rights Reserved.

source jtag_axi_axi_hwicap_0_0.tcl -notrace
Starting RTL Elaboration : Time (s): cpu = 00:00:17 ; elapsed = 00:00:28 . Memory (MB): peak = 349.203 ; gain = 138.527
INFO: [Synth 8-638] synthesizing module 'jtag_axi_axi_hwicap_0_0' [f:/GITHUB/vivado/jtag_axi/jtag_axi.srcs/sources_1/bd/jtag_axi/ip/jtag_axi_axi_hwicap_0_0/synth/jtag_axi_axi_hwicap_0_0.vhd:86]
INFO: [Synth 8-638] synthesizing module 'axi_hwicap' [f:/GITHUB/vivado/jtag_axi/jtag_axi.srcs/sources_1/bd/jtag_axi/ipshared/0b83/hdl/axi_hwicap_v3_0_vh_rfs.vhd:4004]
INFO: [Synth 8-638] synthesizing module 'axi_lite_ipif' [f:/GITHUB/vivado/jtag_axi/jtag_axi.srcs/sources_1/bd/jtag_axi/ipshared/0ba0/hdl/axi_lite_ipif_v3_0_vh_rfs.vhd:2948]
INFO: [Synth 8-638] synthesizing module 'slave_attachment' [f:/GITHUB/vivado/jtag_axi/jtag_axi.srcs/sources_1/bd/jtag_axi/ipshared/0ba0/hdl/axi_lite_ipif_v3_0_vh_rfs.vhd:2341]
INFO: [Synth 8-638] synthesizing module 'address_decoder' [f:/GITHUB/vivado/jtag_axi/jtag_axi.srcs/sources_1/bd/jtag_axi/ipshared/0ba0/hdl/axi_lite_ipif_v3_0_vh_rfs.vhd:1775]
INFO: [Synth 8-638] synthesizing module 'pselect_f' [f:/GITHUB/vivado/jtag_axi/jtag_axi.srcs/sources_1/bd/jtag_axi/ipshared/0ba0/hdl/axi_lite_ipif_v3_0_vh_rfs.vhd:1534]
INFO: [Synth 8-256] done synthesizing module 'pselect_f' (1#1) [f:/GITHUB/vivado/jtag_axi/jtag_axi.srcs/sources_1/bd/jtag_axi/ipshared/0ba0/hdl/axi_lite_ipif_v3_0_vh_rfs.vhd:1534]
INFO: [Synth 8-638] synthesizing module 'pselect_f__parameterized0' [f:/GITHUB/vivado/jtag_axi/jtag_axi.srcs/sources_1/bd/jtag_axi/ipshared/0ba0/hdl/axi_lite_ipif_v3_0_vh_rfs.vhd:1534]
INFO: [Synth 8-256] done synthesizing module 'pselect_f__parameterized0' (1#1) [f:/GITHUB/vivado/jtag_axi/jtag_axi.srcs/sources_1/bd/jtag_axi/ipshared/0ba0/hdl/axi_lite_ipif_v3_0_vh_rfs.vhd:1534]
INFO: [Synth 8-638] synthesizing module 'pselect_f__parameterized1' [f:/GITHUB/vivado/jtag_axi/jtag_axi.srcs/sources_1/bd/jtag_axi/ipshared/0ba0/hdl/axi_lite_ipif_v3_0_vh_rfs.vhd:1534]
INFO: [Synth 8-256] done synthesizing module 'pselect_f__parameterized1' (1#1) [f:/GITHUB/vivado/jtag_axi/jtag_axi.srcs/sources_1/bd/jtag_axi/ipshared/0ba0/hdl/axi_lite_ipif_v3_0_vh_rfs.vhd:1534]
INFO: [Synth 8-638] synthesizing module 'pselect_f__parameterized2' [f:/GITHUB/vivado/jtag_axi/jtag_axi.srcs/sources_1/bd/jtag_axi/ipshared/0ba0/hdl/axi_lite_ipif_v3_0_vh_rfs.vhd:1534]
INFO: [Synth 8-256] done synthesizing module 'pselect_f__parameterized2' (1#1) [f:/GITHUB/vivado/jtag_axi/jtag_axi.srcs/sources_1/bd/jtag_axi/ipshared/0ba0/hdl/axi_lite_ipif_v3_0_vh_rfs.vhd:1534]
INFO: [Synth 8-638] synthesizing module 'pselect_f__parameterized3' [f:/GITHUB/vivado/jtag_axi/jtag_axi.srcs/sources_1/bd/jtag_axi/ipshared/0ba0/hdl/axi_lite_ipif_v3_0_vh_rfs.vhd:1534]
INFO: [Synth 8-256] done synthesizing module 'pselect_f__parameterized3' (1#1) [f:/GITHUB/vivado/jtag_axi/jtag_axi.srcs/sources_1/bd/jtag_axi/ipshared/0ba0/hdl/axi_lite_ipif_v3_0_vh_rfs.vhd:1534]
INFO: [Synth 8-638] synthesizing module 'pselect_f__parameterized4' [f:/GITHUB/vivado/jtag_axi/jtag_axi.srcs/sources_1/bd/jtag_axi/ipshared/0ba0/hdl/axi_lite_ipif_v3_0_vh_rfs.vhd:1534]
INFO: [Synth 8-256] done synthesizing module 'pselect_f__parameterized4' (1#1) [f:/GITHUB/vivado/jtag_axi/jtag_axi.srcs/sources_1/bd/jtag_axi/ipshared/0ba0/hdl/axi_lite_ipif_v3_0_vh_rfs.vhd:1534]
INFO: [Synth 8-638] synthesizing module 'pselect_f__parameterized5' [f:/GITHUB/vivado/jtag_axi/jtag_axi.srcs/sources_1/bd/jtag_axi/ipshared/0ba0/hdl/axi_lite_ipif_v3_0_vh_rfs.vhd:1534]
INFO: [Synth 8-256] done synthesizing module 'pselect_f__parameterized5' (1#1) [f:/GITHUB/vivado/jtag_axi/jtag_axi.srcs/sources_1/bd/jtag_axi/ipshared/0ba0/hdl/axi_lite_ipif_v3_0_vh_rfs.vhd:1534]
INFO: [Synth 8-638] synthesizing module 'pselect_f__parameterized6' [f:/GITHUB/vivado/jtag_axi/jtag_axi.srcs/sources_1/bd/jtag_axi/ipshared/0ba0/hdl/axi_lite_ipif_v3_0_vh_rfs.vhd:1534]
INFO: [Synth 8-256] done synthesizing module 'pselect_f__parameterized6' (1#1) [f:/GITHUB/vivado/jtag_axi/jtag_axi.srcs/sources_1/bd/jtag_axi/ipshared/0ba0/hdl/axi_lite_ipif_v3_0_vh_rfs.vhd:1534]
INFO: [Synth 8-638] synthesizing module 'pselect_f__parameterized7' [f:/GITHUB/vivado/jtag_axi/jtag_axi.srcs/sources_1/bd/jtag_axi/ipshared/0ba0/hdl/axi_lite_ipif_v3_0_vh_rfs.vhd:1534]
INFO: [Synth 8-256] done synthesizing module 'pselect_f__parameterized7' (1#1) [f:/GITHUB/vivado/jtag_axi/jtag_axi.srcs/sources_1/bd/jtag_axi/ipshared/0ba0/hdl/axi_lite_ipif_v3_0_vh_rfs.vhd:1534]
INFO: [Synth 8-638] synthesizing module 'pselect_f__parameterized8' [f:/GITHUB/vivado/jtag_axi/jtag_axi.srcs/sources_1/bd/jtag_axi/ipshared/0ba0/hdl/axi_lite_ipif_v3_0_vh_rfs.vhd:1534]
INFO: [Synth 8-256] done synthesizing module 'pselect_f__parameterized8' (1#1) [f:/GITHUB/vivado/jtag_axi/jtag_axi.srcs/sources_1/bd/jtag_axi/ipshared/0ba0/hdl/axi_lite_ipif_v3_0_vh_rfs.vhd:1534]
INFO: [Synth 8-638] synthesizing module 'pselect_f__parameterized9' [f:/GITHUB/vivado/jtag_axi/jtag_axi.srcs/sources_1/bd/jtag_axi/ipshared/0ba0/hdl/axi_lite_ipif_v3_0_vh_rfs.vhd:1534]
INFO: [Synth 8-256] done synthesizing module 'pselect_f__parameterized9' (1#1) [f:/GITHUB/vivado/jtag_axi/jtag_axi.srcs/sources_1/bd/jtag_axi/ipshared/0ba0/hdl/axi_lite_ipif_v3_0_vh_rfs.vhd:1534]
INFO: [Synth 8-638] synthesizing module 'pselect_f__parameterized10' [f:/GITHUB/vivado/jtag_axi/jtag_axi.srcs/sources_1/bd/jtag_axi/ipshared/0ba0/hdl/axi_lite_ipif_v3_0_vh_rfs.vhd:1534]
INFO: [Synth 8-256] done synthesizing module 'pselect_f__parameterized10' (1#1) [f:/GITHUB/vivado/jtag_axi/jtag_axi.srcs/sources_1/bd/jtag_axi/ipshared/0ba0/hdl/axi_lite_ipif_v3_0_vh_rfs.vhd:1534]
INFO: [Synth 8-638] synthesizing module 'pselect_f__parameterized11' [f:/GITHUB/vivado/jtag_axi/jtag_axi.srcs/sources_1/bd/jtag_axi/ipshared/0ba0/hdl/axi_lite_ipif_v3_0_vh_rfs.vhd:1534]
INFO: [Synth 8-256] done synthesizing module 'pselect_f__parameterized11' (1#1) [f:/GITHUB/vivado/jtag_axi/jtag_axi.srcs/sources_1/bd/jtag_axi/ipshared/0ba0/hdl/axi_lite_ipif_v3_0_vh_rfs.vhd:1534]
INFO: [Synth 8-638] synthesizing module 'pselect_f__parameterized12' [f:/GITHUB/vivado/jtag_axi/jtag_axi.srcs/sources_1/bd/jtag_axi/ipshared/0ba0/hdl/axi_lite_ipif_v3_0_vh_rfs.vhd:1534]
INFO: [Synth 8-256] done synthesizing module 'pselect_f__parameterized12' (1#1) [f:/GITHUB/vivado/jtag_axi/jtag_axi.srcs/sources_1/bd/jtag_axi/ipshared/0ba0/hdl/axi_lite_ipif_v3_0_vh_rfs.vhd:1534]
INFO: [Synth 8-638] synthesizing module 'pselect_f__parameterized13' [f:/GITHUB/vivado/jtag_axi/jtag_axi.srcs/sources_1/bd/jtag_axi/ipshared/0ba0/hdl/axi_lite_ipif_v3_0_vh_rfs.vhd:1534]
INFO: [Synth 8-256] done synthesizing module 'pselect_f__parameterized13' (1#1) [f:/GITHUB/vivado/jtag_axi/jtag_axi.srcs/sources_1/bd/jtag_axi/ipshared/0ba0/hdl/axi_lite_ipif_v3_0_vh_rfs.vhd:1534]
INFO: [Synth 8-638] synthesizing module 'pselect_f__parameterized14' [f:/GITHUB/vivado/jtag_axi/jtag_axi.srcs/sources_1/bd/jtag_axi/ipshared/0ba0/hdl/axi_lite_ipif_v3_0_vh_rfs.vhd:1534]
INFO: [Synth 8-256] done synthesizing module 'pselect_f__parameterized14' (1#1) [f:/GITHUB/vivado/jtag_axi/jtag_axi.srcs/sources_1/bd/jtag_axi/ipshared/0ba0/hdl/axi_lite_ipif_v3_0_vh_rfs.vhd:1534]
INFO: [Synth 8-638] synthesizing module 'pselect_f__parameterized15' [f:/GITHUB/vivado/jtag_axi/jtag_axi.srcs/sources_1/bd/jtag_axi/ipshared/0ba0/hdl/axi_lite_ipif_v3_0_vh_rfs.vhd:1534]
INFO: [Synth 8-256] done synthesizing module 'pselect_f__parameterized15' (1#1) [f:/GITHUB/vivado/jtag_axi/jtag_axi.srcs/sources_1/bd/jtag_axi/ipshared/0ba0/hdl/axi_lite_ipif_v3_0_vh_rfs.vhd:1534]
INFO: [Synth 8-638] synthesizing module 'pselect_f__parameterized16' [f:/GITHUB/vivado/jtag_axi/jtag_axi.srcs/sources_1/bd/jtag_axi/ipshared/0ba0/hdl/axi_lite_ipif_v3_0_vh_rfs.vhd:1534]
INFO: [Synth 8-256] done synthesizing module 'pselect_f__parameterized16' (1#1) [f:/GITHUB/vivado/jtag_axi/jtag_axi.srcs/sources_1/bd/jtag_axi/ipshared/0ba0/hdl/axi_lite_ipif_v3_0_vh_rfs.vhd:1534]
INFO: [Synth 8-638] synthesizing module 'pselect_f__parameterized17' [f:/GITHUB/vivado/jtag_axi/jtag_axi.srcs/sources_1/bd/jtag_axi/ipshared/0ba0/hdl/axi_lite_ipif_v3_0_vh_rfs.vhd:1534]
INFO: [Synth 8-256] done synthesizing module 'pselect_f__parameterized17' (1#1) [f:/GITHUB/vivado/jtag_axi/jtag_axi.srcs/sources_1/bd/jtag_axi/ipshared/0ba0/hdl/axi_lite_ipif_v3_0_vh_rfs.vhd:1534]
INFO: [Synth 8-638] synthesizing module 'pselect_f__parameterized18' [f:/GITHUB/vivado/jtag_axi/jtag_axi.srcs/sources_1/bd/jtag_axi/ipshared/0ba0/hdl/axi_lite_ipif_v3_0_vh_rfs.vhd:1534]
INFO: [Synth 8-256] done synthesizing module 'pselect_f__parameterized18' (1#1) [f:/GITHUB/vivado/jtag_axi/jtag_axi.srcs/sources_1/bd/jtag_axi/ipshared/0ba0/hdl/axi_lite_ipif_v3_0_vh_rfs.vhd:1534]
INFO: [Synth 8-638] synthesizing module 'pselect_f__parameterized19' [f:/GITHUB/vivado/jtag_axi/jtag_axi.srcs/sources_1/bd/jtag_axi/ipshared/0ba0/hdl/axi_lite_ipif_v3_0_vh_rfs.vhd:1534]
INFO: [Synth 8-256] done synthesizing module 'pselect_f__parameterized19' (1#1) [f:/GITHUB/vivado/jtag_axi/jtag_axi.srcs/sources_1/bd/jtag_axi/ipshared/0ba0/hdl/axi_lite_ipif_v3_0_vh_rfs.vhd:1534]
INFO: [Synth 8-638] synthesizing module 'pselect_f__parameterized20' [f:/GITHUB/vivado/jtag_axi/jtag_axi.srcs/sources_1/bd/jtag_axi/ipshared/0ba0/hdl/axi_lite_ipif_v3_0_vh_rfs.vhd:1534]
INFO: [Synth 8-256] done synthesizing module 'pselect_f__parameterized20' (1#1) [f:/GITHUB/vivado/jtag_axi/jtag_axi.srcs/sources_1/bd/jtag_axi/ipshared/0ba0/hdl/axi_lite_ipif_v3_0_vh_rfs.vhd:1534]
INFO: [Synth 8-638] synthesizing module 'pselect_f__parameterized21' [f:/GITHUB/vivado/jtag_axi/jtag_axi.srcs/sources_1/bd/jtag_axi/ipshared/0ba0/hdl/axi_lite_ipif_v3_0_vh_rfs.vhd:1534]
INFO: [Synth 8-256] done synthesizing module 'pselect_f__parameterized21' (1#1) [f:/GITHUB/vivado/jtag_axi/jtag_axi.srcs/sources_1/bd/jtag_axi/ipshared/0ba0/hdl/axi_lite_ipif_v3_0_vh_rfs.vhd:1534]
INFO: [Synth 8-638] synthesizing module 'pselect_f__parameterized22' [f:/GITHUB/vivado/jtag_axi/jtag_axi.srcs/sources_1/bd/jtag_axi/ipshared/0ba0/hdl/axi_lite_ipif_v3_0_vh_rfs.vhd:1534]
INFO: [Synth 8-256] done synthesizing module 'pselect_f__parameterized22' (1#1) [f:/GITHUB/vivado/jtag_axi/jtag_axi.srcs/sources_1/bd/jtag_axi/ipshared/0ba0/hdl/axi_lite_ipif_v3_0_vh_rfs.vhd:1534]
INFO: [Synth 8-638] synthesizing module 'pselect_f__parameterized23' [f:/GITHUB/vivado/jtag_axi/jtag_axi.srcs/sources_1/bd/jtag_axi/ipshared/0ba0/hdl/axi_lite_ipif_v3_0_vh_rfs.vhd:1534]
INFO: [Synth 8-256] done synthesizing module 'pselect_f__parameterized23' (1#1) [f:/GITHUB/vivado/jtag_axi/jtag_axi.srcs/sources_1/bd/jtag_axi/ipshared/0ba0/hdl/axi_lite_ipif_v3_0_vh_rfs.vhd:1534]
INFO: [Synth 8-638] synthesizing module 'pselect_f__parameterized24' [f:/GITHUB/vivado/jtag_axi/jtag_axi.srcs/sources_1/bd/jtag_axi/ipshared/0ba0/hdl/axi_lite_ipif_v3_0_vh_rfs.vhd:1534]
INFO: [Synth 8-256] done synthesizing module 'pselect_f__parameterized24' (1#1) [f:/GITHUB/vivado/jtag_axi/jtag_axi.srcs/sources_1/bd/jtag_axi/ipshared/0ba0/hdl/axi_lite_ipif_v3_0_vh_rfs.vhd:1534]
INFO: [Synth 8-256] done synthesizing module 'address_decoder' (2#1) [f:/GITHUB/vivado/jtag_axi/jtag_axi.srcs/sources_1/bd/jtag_axi/ipshared/0ba0/hdl/axi_lite_ipif_v3_0_vh_rfs.vhd:1775]
INFO: [Synth 8-256] done synthesizing module 'slave_attachment' (3#1) [f:/GITHUB/vivado/jtag_axi/jtag_axi.srcs/sources_1/bd/jtag_axi/ipshared/0ba0/hdl/axi_lite_ipif_v3_0_vh_rfs.vhd:2341]
INFO: [Synth 8-256] done synthesizing module 'axi_lite_ipif' (4#1) [f:/GITHUB/vivado/jtag_axi/jtag_axi.srcs/sources_1/bd/jtag_axi/ipshared/0ba0/hdl/axi_lite_ipif_v3_0_vh_rfs.vhd:2948]
INFO: [Synth 8-638] synthesizing module 'hwicap' [f:/GITHUB/vivado/jtag_axi/jtag_axi.srcs/sources_1/bd/jtag_axi/ipshared/0b83/hdl/axi_hwicap_v3_0_vh_rfs.vhd:2751]
INFO: [Synth 8-638] synthesizing module 'ipic_if' [f:/GITHUB/vivado/jtag_axi/jtag_axi.srcs/sources_1/bd/jtag_axi/ipshared/0b83/hdl/axi_hwicap_v3_0_vh_rfs.vhd:216]
INFO: [Synth 8-638] synthesizing module 'cdc_sync' [f:/GITHUB/vivado/jtag_axi/jtag_axi.srcs/sources_1/bd/jtag_axi/ipshared/52cb/hdl/lib_cdc_v1_0_rfs.vhd:106]
INFO: [Synth 8-256] done synthesizing module 'cdc_sync' (5#1) [f:/GITHUB/vivado/jtag_axi/jtag_axi.srcs/sources_1/bd/jtag_axi/ipshared/52cb/hdl/lib_cdc_v1_0_rfs.vhd:106]
INFO: [Synth 8-638] synthesizing module 'cdc_sync__parameterized0' [f:/GITHUB/vivado/jtag_axi/jtag_axi.srcs/sources_1/bd/jtag_axi/ipshared/52cb/hdl/lib_cdc_v1_0_rfs.vhd:106]
INFO: [Synth 8-256] done synthesizing module 'cdc_sync__parameterized0' (5#1) [f:/GITHUB/vivado/jtag_axi/jtag_axi.srcs/sources_1/bd/jtag_axi/ipshared/52cb/hdl/lib_cdc_v1_0_rfs.vhd:106]
INFO: [Synth 8-638] synthesizing module 'async_fifo_fg' [f:/GITHUB/vivado/jtag_axi/jtag_axi.srcs/sources_1/bd/jtag_axi/ipshared/5ab6/hdl/lib_fifo_v1_0_rfs.vhd:253]
INFO: [Synth 8-256] done synthesizing module 'async_fifo_fg' (35#1) [f:/GITHUB/vivado/jtag_axi/jtag_axi.srcs/sources_1/bd/jtag_axi/ipshared/5ab6/hdl/lib_fifo_v1_0_rfs.vhd:253]
INFO: [Synth 8-638] synthesizing module 'cdc_sync__parameterized1' [f:/GITHUB/vivado/jtag_axi/jtag_axi.srcs/sources_1/bd/jtag_axi/ipshared/52cb/hdl/lib_cdc_v1_0_rfs.vhd:106]
INFO: [Synth 8-256] done synthesizing module 'cdc_sync__parameterized1' (35#1) [f:/GITHUB/vivado/jtag_axi/jtag_axi.srcs/sources_1/bd/jtag_axi/ipshared/52cb/hdl/lib_cdc_v1_0_rfs.vhd:106]
INFO: [Synth 8-638] synthesizing module 'async_fifo_fg__parameterized0' [f:/GITHUB/vivado/jtag_axi/jtag_axi.srcs/sources_1/bd/jtag_axi/ipshared/5ab6/hdl/lib_fifo_v1_0_rfs.vhd:253]
INFO: [Synth 8-256] done synthesizing module 'async_fifo_fg__parameterized0' (35#1) [f:/GITHUB/vivado/jtag_axi/jtag_axi.srcs/sources_1/bd/jtag_axi/ipshared/5ab6/hdl/lib_fifo_v1_0_rfs.vhd:253]
INFO: [Synth 8-638] synthesizing module 'cdc_sync__parameterized2' [f:/GITHUB/vivado/jtag_axi/jtag_axi.srcs/sources_1/bd/jtag_axi/ipshared/52cb/hdl/lib_cdc_v1_0_rfs.vhd:106]
INFO: [Synth 8-256] done synthesizing module 'cdc_sync__parameterized2' (35#1) [f:/GITHUB/vivado/jtag_axi/jtag_axi.srcs/sources_1/bd/jtag_axi/ipshared/52cb/hdl/lib_cdc_v1_0_rfs.vhd:106]
INFO: [Synth 8-638] synthesizing module 'cdc_sync__parameterized3' [f:/GITHUB/vivado/jtag_axi/jtag_axi.srcs/sources_1/bd/jtag_axi/ipshared/52cb/hdl/lib_cdc_v1_0_rfs.vhd:106]
INFO: [Synth 8-256] done synthesizing module 'cdc_sync__parameterized3' (35#1) [f:/GITHUB/vivado/jtag_axi/jtag_axi.srcs/sources_1/bd/jtag_axi/ipshared/52cb/hdl/lib_cdc_v1_0_rfs.vhd:106]
INFO: [Synth 8-638] synthesizing module 'cdc_sync__parameterized4' [f:/GITHUB/vivado/jtag_axi/jtag_axi.srcs/sources_1/bd/jtag_axi/ipshared/52cb/hdl/lib_cdc_v1_0_rfs.vhd:106]
INFO: [Synth 8-256] done synthesizing module 'cdc_sync__parameterized4' (35#1) [f:/GITHUB/vivado/jtag_axi/jtag_axi.srcs/sources_1/bd/jtag_axi/ipshared/52cb/hdl/lib_cdc_v1_0_rfs.vhd:106]
INFO: [Synth 8-638] synthesizing module 'cdc_sync__parameterized5' [f:/GITHUB/vivado/jtag_axi/jtag_axi.srcs/sources_1/bd/jtag_axi/ipshared/52cb/hdl/lib_cdc_v1_0_rfs.vhd:106]
INFO: [Synth 8-256] done synthesizing module 'cdc_sync__parameterized5' (35#1) [f:/GITHUB/vivado/jtag_axi/jtag_axi.srcs/sources_1/bd/jtag_axi/ipshared/52cb/hdl/lib_cdc_v1_0_rfs.vhd:106]
INFO: [Synth 8-638] synthesizing module 'cdc_sync__parameterized6' [f:/GITHUB/vivado/jtag_axi/jtag_axi.srcs/sources_1/bd/jtag_axi/ipshared/52cb/hdl/lib_cdc_v1_0_rfs.vhd:106]
INFO: [Synth 8-256] done synthesizing module 'cdc_sync__parameterized6' (35#1) [f:/GITHUB/vivado/jtag_axi/jtag_axi.srcs/sources_1/bd/jtag_axi/ipshared/52cb/hdl/lib_cdc_v1_0_rfs.vhd:106]
INFO: [Synth 8-638] synthesizing module 'cdc_sync__parameterized7' [f:/GITHUB/vivado/jtag_axi/jtag_axi.srcs/sources_1/bd/jtag_axi/ipshared/52cb/hdl/lib_cdc_v1_0_rfs.vhd:106]
INFO: [Synth 8-256] done synthesizing module 'cdc_sync__parameterized7' (35#1) [f:/GITHUB/vivado/jtag_axi/jtag_axi.srcs/sources_1/bd/jtag_axi/ipshared/52cb/hdl/lib_cdc_v1_0_rfs.vhd:106]
INFO: [Synth 8-638] synthesizing module 'cdc_sync__parameterized8' [f:/GITHUB/vivado/jtag_axi/jtag_axi.srcs/sources_1/bd/jtag_axi/ipshared/52cb/hdl/lib_cdc_v1_0_rfs.vhd:106]
INFO: [Synth 8-256] done synthesizing module 'cdc_sync__parameterized8' (35#1) [f:/GITHUB/vivado/jtag_axi/jtag_axi.srcs/sources_1/bd/jtag_axi/ipshared/52cb/hdl/lib_cdc_v1_0_rfs.vhd:106]
INFO: [Synth 8-638] synthesizing module 'cdc_sync__parameterized9' [f:/GITHUB/vivado/jtag_axi/jtag_axi.srcs/sources_1/bd/jtag_axi/ipshared/52cb/hdl/lib_cdc_v1_0_rfs.vhd:106]
INFO: [Synth 8-256] done synthesizing module 'cdc_sync__parameterized9' (35#1) [f:/GITHUB/vivado/jtag_axi/jtag_axi.srcs/sources_1/bd/jtag_axi/ipshared/52cb/hdl/lib_cdc_v1_0_rfs.vhd:106]
INFO: [Synth 8-256] done synthesizing module 'ipic_if' (36#1) [f:/GITHUB/vivado/jtag_axi/jtag_axi.srcs/sources_1/bd/jtag_axi/ipshared/0b83/hdl/axi_hwicap_v3_0_vh_rfs.vhd:216]
INFO: [Synth 8-638] synthesizing module 'icap_statemachine' [f:/GITHUB/vivado/jtag_axi/jtag_axi.srcs/sources_1/bd/jtag_axi/ipshared/0b83/hdl/axi_hwicap_v3_0_vh_rfs.vhd:1475]
INFO: [Synth 8-256] done synthesizing module 'icap_statemachine' (37#1) [f:/GITHUB/vivado/jtag_axi/jtag_axi.srcs/sources_1/bd/jtag_axi/ipshared/0b83/hdl/axi_hwicap_v3_0_vh_rfs.vhd:1475]
INFO: [Synth 8-638] synthesizing module 'cdc_sync__parameterized10' [f:/GITHUB/vivado/jtag_axi/jtag_axi.srcs/sources_1/bd/jtag_axi/ipshared/52cb/hdl/lib_cdc_v1_0_rfs.vhd:106]
INFO: [Synth 8-256] done synthesizing module 'cdc_sync__parameterized10' (37#1) [f:/GITHUB/vivado/jtag_axi/jtag_axi.srcs/sources_1/bd/jtag_axi/ipshared/52cb/hdl/lib_cdc_v1_0_rfs.vhd:106]
INFO: [Synth 8-256] done synthesizing module 'hwicap' (38#1) [f:/GITHUB/vivado/jtag_axi/jtag_axi.srcs/sources_1/bd/jtag_axi/ipshared/0b83/hdl/axi_hwicap_v3_0_vh_rfs.vhd:2751]
INFO: [Synth 8-638] synthesizing module 'interrupt_control' [f:/GITHUB/vivado/jtag_axi/jtag_axi.srcs/sources_1/bd/jtag_axi/ipshared/e956/hdl/interrupt_control_v3_1_vh_rfs.vhd:259]
INFO: [Synth 8-256] done synthesizing module 'interrupt_control' (39#1) [f:/GITHUB/vivado/jtag_axi/jtag_axi.srcs/sources_1/bd/jtag_axi/ipshared/e956/hdl/interrupt_control_v3_1_vh_rfs.vhd:259]
INFO: [Synth 8-256] done synthesizing module 'axi_hwicap' (40#1) [f:/GITHUB/vivado/jtag_axi/jtag_axi.srcs/sources_1/bd/jtag_axi/ipshared/0b83/hdl/axi_hwicap_v3_0_vh_rfs.vhd:4004]
INFO: [Synth 8-256] done synthesizing module 'jtag_axi_axi_hwicap_0_0' (41#1) [f:/GITHUB/vivado/jtag_axi/jtag_axi.srcs/sources_1/bd/jtag_axi/ip/jtag_axi_axi_hwicap_0_0/synth/jtag_axi_axi_hwicap_0_0.vhd:86]
Finished RTL Elaboration : Time (s): cpu = 00:02:21 ; elapsed = 00:02:56 . Memory (MB): peak = 579.387 ; gain = 368.711
Finished RTL Optimization Phase 1 : Time (s): cpu = 00:02:22 ; elapsed = 00:02:56 . Memory (MB): peak = 579.387 ; gain = 368.711
INFO: [Device 21-403] Loading part xc7z045ffv900-2
Constraint Validation Runtime : Time (s): cpu = 00:00:00 ; elapsed = 00:00:00.060 . Memory (MB): peak = 793.613 ; gain = 0.074
Finished Constraint Validation : Time (s): cpu = 00:02:44 ; elapsed = 00:03:24 . Memory (MB): peak = 793.613 ; gain = 582.938
Finished Loading Part and Timing Information : Time (s): cpu = 00:02:44 ; elapsed = 00:03:24 . Memory (MB): peak = 793.613 ; gain = 582.938
Finished applying 'set_property' XDC Constraints : Time (s): cpu = 00:02:44 ; elapsed = 00:03:24 . Memory (MB): peak = 793.613 ; gain = 582.938
Finished RTL Optimization Phase 2 : Time (s): cpu = 00:02:48 ; elapsed = 00:03:31 . Memory (MB): peak = 793.613 ; gain = 582.938
Finished Cross Boundary and Area Optimization : Time (s): cpu = 00:02:52 ; elapsed = 00:03:39 . Memory (MB): peak = 793.613 ; gain = 582.938
Finished Applying XDC Timing Constraints : Time (s): cpu = 00:03:10 ; elapsed = 00:04:01 . Memory (MB): peak = 793.613 ; gain = 582.938
Finished Timing Optimization : Time (s): cpu = 00:03:11 ; elapsed = 00:04:03 . Memory (MB): peak = 793.613 ; gain = 582.938
Finished Technology Mapping : Time (s): cpu = 00:03:12 ; elapsed = 00:04:04 . Memory (MB): peak = 793.613 ; gain = 582.938
Finished IO Insertion : Time (s): cpu = 00:03:13 ; elapsed = 00:04:05 . Memory (MB): peak = 793.613 ; gain = 582.938
Finished Renaming Generated Instances : Time (s): cpu = 00:03:13 ; elapsed = 00:04:05 . Memory (MB): peak = 793.613 ; gain = 582.938
Finished Rebuilding User Hierarchy : Time (s): cpu = 00:03:14 ; elapsed = 00:04:06 . Memory (MB): peak = 793.613 ; gain = 582.938
Finished Renaming Generated Ports : Time (s): cpu = 00:03:14 ; elapsed = 00:04:06 . Memory (MB): peak = 793.613 ; gain = 582.938
Finished Handling Custom Attributes : Time (s): cpu = 00:03:14 ; elapsed = 00:04:06 . Memory (MB): peak = 793.613 ; gain = 582.938
Finished Renaming Generated Nets : Time (s): cpu = 00:03:14 ; elapsed = 00:04:06 . Memory (MB): peak = 793.613 ; gain = 582.938

Report Cell Usage: 
+------+---------+------+
|      |Cell     |Count |
+------+---------+------+
|1     |CARRY4   |    11|
|2     |ICAPE2   |     1|
|3     |LUT1     |    18|
|4     |LUT2     |    97|
|5     |LUT3     |    30|
|6     |LUT4     |    54|
|7     |LUT5     |    96|
|8     |LUT6     |   106|
|9     |MUXF7    |     2|
|10    |RAMB18E1 |     2|
|11    |FDCE     |   124|
|12    |FDPE     |    34|
|13    |FDR      |   263|
|14    |FDRE     |   536|
|15    |FDSE     |    23|
+------+---------+------+
Finished Writing Synthesis Report : Time (s): cpu = 00:03:14 ; elapsed = 00:04:06 . Memory (MB): peak = 793.613 ; gain = 582.938
get_clocks: Time (s): cpu = 00:00:07 ; elapsed = 00:00:11 . Memory (MB): peak = 1252.043 ; gain = 458.430
synth_design: Time (s): cpu = 00:03:17 ; elapsed = 00:04:08 . Memory (MB): peak = 1252.113 ; gain = 987.520
