Copyright 1986-2016 Xilinx, Inc. All Rights Reserved.
------------------------------------------------------------------------------------
| Tool Version : Vivado v.2016.4 (lin64) Build 1733598 Wed Dec 14 22:35:42 MST 2016
| Date         : Fri Jul  7 13:03:09 2017
| Host         : HyperSilicon running 64-bit CentOS release 6.4 (Final)
| Command      : upgrade_ip
| Device       : xc7v2000tflg1925-1
------------------------------------------------------------------------------------

Upgrade Log for IP 'b2000t_c2c_bram_jack_120_0_1'

1. Summary
----------

SUCCESS in the update of b2000t_c2c_bram_jack_120_0_1 (user.org:user:jack_120:1.1 (Rev. 8)) to current project options.






Copyright 1986-2016 Xilinx, Inc. All Rights Reserved.
------------------------------------------------------------------------------------
| Tool Version : Vivado v.2016.4 (lin64) Build 1733598 Wed Dec 14 22:35:42 MST 2016
| Date         : Fri Jul  7 13:03:09 2017
| Host         : HyperSilicon running 64-bit CentOS release 6.4 (Final)
| Command      : upgrade_ip
| Device       : xc7v2000tflg1925-1
------------------------------------------------------------------------------------

Upgrade Log for IP 'b2000t_c2c_bram_jack_120_0_0'

1. Summary
----------

SUCCESS in the update of b2000t_c2c_bram_jack_120_0_0 (user.org:user:jack_120:1.1 (Rev. 8)) to current project options.






Copyright 1986-2016 Xilinx, Inc. All Rights Reserved.
------------------------------------------------------------------------------------
| Tool Version : Vivado v.2016.4 (lin64) Build 1733598 Wed Dec 14 22:35:42 MST 2016
| Date         : Thu Jul  6 17:57:24 2017
| Host         : HyperSilicon running 64-bit CentOS release 6.4 (Final)
| Command      : upgrade_ip
| Device       : xc7v2000tflg1925-1
------------------------------------------------------------------------------------

Upgrade Log for IP 'b2000t_c2c_bram_jack_120_0_1'

1. Summary
----------

SUCCESS in the update of b2000t_c2c_bram_jack_120_0_1 (user.org:user:jack_120:1.1 (Rev. 8)) to current project options.






Copyright 1986-2016 Xilinx, Inc. All Rights Reserved.
------------------------------------------------------------------------------------
| Tool Version : Vivado v.2016.4 (lin64) Build 1733598 Wed Dec 14 22:35:42 MST 2016
| Date         : Thu Jul  6 17:57:24 2017
| Host         : HyperSilicon running 64-bit CentOS release 6.4 (Final)
| Command      : upgrade_ip
| Device       : xc7v2000tflg1925-1
------------------------------------------------------------------------------------

Upgrade Log for IP 'b2000t_c2c_bram_jack_120_0_0'

1. Summary
----------

SUCCESS in the update of b2000t_c2c_bram_jack_120_0_0 (user.org:user:jack_120:1.1 (Rev. 8)) to current project options.






Copyright 1986-2016 Xilinx, Inc. All Rights Reserved.
------------------------------------------------------------------------------------
| Tool Version : Vivado v.2016.4 (lin64) Build 1733598 Wed Dec 14 22:35:42 MST 2016
| Date         : Thu Jul  6 17:33:28 2017
| Host         : HyperSilicon running 64-bit CentOS release 6.4 (Final)
| Command      : upgrade_ip
| Device       : xc7v2000tflg1925-1
------------------------------------------------------------------------------------

Upgrade Log for IP 'b2000t_c2c_bram_jack_120_0_1'

1. Summary
----------

SUCCESS in the update of b2000t_c2c_bram_jack_120_0_1 (user.org:user:jack_120:1.1 (Rev. 8)) to current project options.






Copyright 1986-2016 Xilinx, Inc. All Rights Reserved.
------------------------------------------------------------------------------------
| Tool Version : Vivado v.2016.4 (lin64) Build 1733598 Wed Dec 14 22:35:42 MST 2016
| Date         : Thu Jul  6 17:33:28 2017
| Host         : HyperSilicon running 64-bit CentOS release 6.4 (Final)
| Command      : upgrade_ip
| Device       : xc7v2000tflg1925-1
------------------------------------------------------------------------------------

Upgrade Log for IP 'b2000t_c2c_bram_jack_120_0_0'

1. Summary
----------

SUCCESS in the update of b2000t_c2c_bram_jack_120_0_0 (user.org:user:jack_120:1.1 (Rev. 8)) to current project options.






Copyright 1986-2016 Xilinx, Inc. All Rights Reserved.
------------------------------------------------------------------------------------
| Tool Version : Vivado v.2016.4 (lin64) Build 1733598 Wed Dec 14 22:35:42 MST 2016
| Date         : Wed Jul  5 14:31:29 2017
| Host         : HyperSilicon running 64-bit CentOS release 6.4 (Final)
| Command      : upgrade_ip
| Device       : xc7v2000tflg1925-1
------------------------------------------------------------------------------------

Upgrade Log for IP 'b2000t_c2c_bram_jack_120_0_1'

1. Summary
----------

SUCCESS in the update of b2000t_c2c_bram_jack_120_0_1 (user.org:user:jack_120:1.1 (Rev. 8)) to current project options.






Copyright 1986-2016 Xilinx, Inc. All Rights Reserved.
------------------------------------------------------------------------------------
| Tool Version : Vivado v.2016.4 (lin64) Build 1733598 Wed Dec 14 22:35:42 MST 2016
| Date         : Wed Jul  5 14:31:29 2017
| Host         : HyperSilicon running 64-bit CentOS release 6.4 (Final)
| Command      : upgrade_ip
| Device       : xc7v2000tflg1925-1
------------------------------------------------------------------------------------

Upgrade Log for IP 'b2000t_c2c_bram_jack_120_0_0'

1. Summary
----------

SUCCESS in the update of b2000t_c2c_bram_jack_120_0_0 (user.org:user:jack_120:1.1 (Rev. 8)) to current project options.






Copyright 1986-2016 Xilinx, Inc. All Rights Reserved.
------------------------------------------------------------------------------------
| Tool Version : Vivado v.2016.4 (lin64) Build 1733598 Wed Dec 14 22:35:42 MST 2016
| Date         : Wed Jul  5 11:37:24 2017
| Host         : HyperSilicon running 64-bit CentOS release 6.4 (Final)
| Command      : upgrade_ip
| Device       : xc7v2000tflg1925-1
------------------------------------------------------------------------------------

Upgrade Log for IP 'b2000t_c2c_bram_jack_120_0_1'

1. Summary
----------

SUCCESS in the update of b2000t_c2c_bram_jack_120_0_1 (user.org:user:jack_120:1.1 (Rev. 8)) to current project options.






Copyright 1986-2016 Xilinx, Inc. All Rights Reserved.
------------------------------------------------------------------------------------
| Tool Version : Vivado v.2016.4 (lin64) Build 1733598 Wed Dec 14 22:35:42 MST 2016
| Date         : Wed Jul  5 11:37:24 2017
| Host         : HyperSilicon running 64-bit CentOS release 6.4 (Final)
| Command      : upgrade_ip
| Device       : xc7v2000tflg1925-1
------------------------------------------------------------------------------------

Upgrade Log for IP 'b2000t_c2c_bram_jack_120_0_0'

1. Summary
----------

SUCCESS in the update of b2000t_c2c_bram_jack_120_0_0 (user.org:user:jack_120:1.1 (Rev. 8)) to current project options.






Copyright 1986-2016 Xilinx, Inc. All Rights Reserved.
------------------------------------------------------------------------------------
| Tool Version : Vivado v.2016.4 (lin64) Build 1733598 Wed Dec 14 22:35:42 MST 2016
| Date         : Mon Jul  3 17:44:05 2017
| Host         : HyperSilicon running 64-bit CentOS release 6.4 (Final)
| Command      : upgrade_ip
| Device       : xc7v2000tflg1925-1
------------------------------------------------------------------------------------

Upgrade Log for IP 'b2000t_c2c_bram_jack_120_0_1'

1. Summary
----------

SUCCESS in the update of b2000t_c2c_bram_jack_120_0_1 (user.org:user:jack_120:1.1 (Rev. 8)) to current project options.






Copyright 1986-2016 Xilinx, Inc. All Rights Reserved.
------------------------------------------------------------------------------------
| Tool Version : Vivado v.2016.4 (lin64) Build 1733598 Wed Dec 14 22:35:42 MST 2016
| Date         : Mon Jul  3 17:44:05 2017
| Host         : HyperSilicon running 64-bit CentOS release 6.4 (Final)
| Command      : upgrade_ip
| Device       : xc7v2000tflg1925-1
------------------------------------------------------------------------------------

Upgrade Log for IP 'b2000t_c2c_bram_jack_120_0_0'

1. Summary
----------

SUCCESS in the update of b2000t_c2c_bram_jack_120_0_0 (user.org:user:jack_120:1.1 (Rev. 8)) to current project options.






Copyright 1986-2016 Xilinx, Inc. All Rights Reserved.
------------------------------------------------------------------------------------
| Tool Version : Vivado v.2016.4 (lin64) Build 1733598 Wed Dec 14 22:35:42 MST 2016
| Date         : Mon Jul  3 16:51:43 2017
| Host         : HyperSilicon running 64-bit CentOS release 6.4 (Final)
| Command      : upgrade_ip
| Device       : xc7v2000tflg1925-1
------------------------------------------------------------------------------------

Upgrade Log for IP 'b2000t_c2c_bram_jack_120_0_1'

1. Summary
----------

SUCCESS in the update of b2000t_c2c_bram_jack_120_0_1 (user.org:user:jack_120:1.1 (Rev. 8)) to current project options.






Copyright 1986-2016 Xilinx, Inc. All Rights Reserved.
------------------------------------------------------------------------------------
| Tool Version : Vivado v.2016.4 (lin64) Build 1733598 Wed Dec 14 22:35:42 MST 2016
| Date         : Mon Jul  3 16:51:43 2017
| Host         : HyperSilicon running 64-bit CentOS release 6.4 (Final)
| Command      : upgrade_ip
| Device       : xc7v2000tflg1925-1
------------------------------------------------------------------------------------

Upgrade Log for IP 'b2000t_c2c_bram_jack_120_0_0'

1. Summary
----------

SUCCESS in the update of b2000t_c2c_bram_jack_120_0_0 (user.org:user:jack_120:1.1 (Rev. 8)) to current project options.






Copyright 1986-2016 Xilinx, Inc. All Rights Reserved.
------------------------------------------------------------------------------------
| Tool Version : Vivado v.2016.4 (lin64) Build 1733598 Wed Dec 14 22:35:42 MST 2016
| Date         : Mon Jul  3 15:37:14 2017
| Host         : HyperSilicon running 64-bit CentOS release 6.4 (Final)
| Command      : upgrade_ip
| Device       : xc7v2000tflg1925-1
------------------------------------------------------------------------------------

Upgrade Log for IP 'b2000t_c2c_bram_jack_120_0_1'

1. Summary
----------

SUCCESS in the update of b2000t_c2c_bram_jack_120_0_1 (user.org:user:jack_120:1.1 (Rev. 8)) to current project options.






Copyright 1986-2016 Xilinx, Inc. All Rights Reserved.
------------------------------------------------------------------------------------
| Tool Version : Vivado v.2016.4 (lin64) Build 1733598 Wed Dec 14 22:35:42 MST 2016
| Date         : Mon Jul  3 15:37:13 2017
| Host         : HyperSilicon running 64-bit CentOS release 6.4 (Final)
| Command      : upgrade_ip
| Device       : xc7v2000tflg1925-1
------------------------------------------------------------------------------------

Upgrade Log for IP 'b2000t_c2c_bram_jack_120_0_0'

1. Summary
----------

SUCCESS in the update of b2000t_c2c_bram_jack_120_0_0 (user.org:user:jack_120:1.1 (Rev. 8)) to current project options.






Copyright 1986-2016 Xilinx, Inc. All Rights Reserved.
------------------------------------------------------------------------------------
| Tool Version : Vivado v.2016.4 (lin64) Build 1733598 Wed Dec 14 22:35:42 MST 2016
| Date         : Mon Jul  3 15:12:58 2017
| Host         : HyperSilicon running 64-bit CentOS release 6.4 (Final)
| Command      : upgrade_ip
| Device       : xc7v2000tflg1925-1
------------------------------------------------------------------------------------

Upgrade Log for IP 'b2000t_c2c_bram_jack_120_0_1'

1. Summary
----------

SUCCESS in the update of b2000t_c2c_bram_jack_120_0_1 (user.org:user:jack_120:1.1 (Rev. 8)) to current project options.






Copyright 1986-2016 Xilinx, Inc. All Rights Reserved.
------------------------------------------------------------------------------------
| Tool Version : Vivado v.2016.4 (lin64) Build 1733598 Wed Dec 14 22:35:42 MST 2016
| Date         : Mon Jul  3 15:12:58 2017
| Host         : HyperSilicon running 64-bit CentOS release 6.4 (Final)
| Command      : upgrade_ip
| Device       : xc7v2000tflg1925-1
------------------------------------------------------------------------------------

Upgrade Log for IP 'b2000t_c2c_bram_jack_120_0_0'

1. Summary
----------

SUCCESS in the update of b2000t_c2c_bram_jack_120_0_0 (user.org:user:jack_120:1.1 (Rev. 8)) to current project options.






Copyright 1986-2016 Xilinx, Inc. All Rights Reserved.
------------------------------------------------------------------------------------
| Tool Version : Vivado v.2016.4 (lin64) Build 1733598 Wed Dec 14 22:35:42 MST 2016
| Date         : Mon Jul  3 14:36:24 2017
| Host         : HyperSilicon running 64-bit CentOS release 6.4 (Final)
| Command      : upgrade_ip
| Device       : xc7v2000tflg1925-1
------------------------------------------------------------------------------------

Upgrade Log for IP 'b2000t_c2c_bram_jack_120_0_1'

1. Summary
----------

SUCCESS in the upgrade of b2000t_c2c_bram_jack_120_0_1 (user.org:user:jack_120:1.1) from (Rev. 7) to (Rev. 8)






Copyright 1986-2016 Xilinx, Inc. All Rights Reserved.
------------------------------------------------------------------------------------
| Tool Version : Vivado v.2016.4 (lin64) Build 1733598 Wed Dec 14 22:35:42 MST 2016
| Date         : Mon Jul  3 14:36:23 2017
| Host         : HyperSilicon running 64-bit CentOS release 6.4 (Final)
| Command      : upgrade_ip
| Device       : xc7v2000tflg1925-1
------------------------------------------------------------------------------------

Upgrade Log for IP 'b2000t_c2c_bram_jack_120_0_0'

1. Summary
----------

SUCCESS in the upgrade of b2000t_c2c_bram_jack_120_0_0 (user.org:user:jack_120:1.1) from (Rev. 7) to (Rev. 8)






Copyright 1986-2016 Xilinx, Inc. All Rights Reserved.
------------------------------------------------------------------------------------
| Tool Version : Vivado v.2016.4 (lin64) Build 1733598 Wed Dec 14 22:35:42 MST 2016
| Date         : Mon Jul  3 14:13:10 2017
| Host         : HyperSilicon running 64-bit CentOS release 6.4 (Final)
| Command      : upgrade_ip
| Device       : xc7v2000tflg1925-1
------------------------------------------------------------------------------------

Upgrade Log for IP 'b2000t_c2c_bram_jack_120_0_1'

1. Summary
----------

SUCCESS in the update of b2000t_c2c_bram_jack_120_0_1 (user.org:user:jack_120:1.1 (Rev. 7)) to current project options.






Copyright 1986-2016 Xilinx, Inc. All Rights Reserved.
------------------------------------------------------------------------------------
| Tool Version : Vivado v.2016.4 (lin64) Build 1733598 Wed Dec 14 22:35:42 MST 2016
| Date         : Mon Jul  3 14:13:10 2017
| Host         : HyperSilicon running 64-bit CentOS release 6.4 (Final)
| Command      : upgrade_ip
| Device       : xc7v2000tflg1925-1
------------------------------------------------------------------------------------

Upgrade Log for IP 'b2000t_c2c_bram_jack_120_0_0'

1. Summary
----------

SUCCESS in the update of b2000t_c2c_bram_jack_120_0_0 (user.org:user:jack_120:1.1 (Rev. 7)) to current project options.






Copyright 1986-2016 Xilinx, Inc. All Rights Reserved.
------------------------------------------------------------------------------------
| Tool Version : Vivado v.2016.4 (lin64) Build 1733598 Wed Dec 14 22:35:42 MST 2016
| Date         : Mon Jul  3 12:57:21 2017
| Host         : HyperSilicon running 64-bit CentOS release 6.4 (Final)
| Command      : upgrade_ip
| Device       : xc7v2000tflg1925-1
------------------------------------------------------------------------------------

Upgrade Log for IP 'b2000t_c2c_bram_dut_120_1_0'

1. Summary
----------

SUCCESS in the upgrade of b2000t_c2c_bram_dut_120_1_0 from user.org:user:dut_120:1.1 (Rev. 4) to user.org:user:dut_120:1.2 (Rev. 6)






Copyright 1986-2016 Xilinx, Inc. All Rights Reserved.
------------------------------------------------------------------------------------
| Tool Version : Vivado v.2016.4 (lin64) Build 1733598 Wed Dec 14 22:35:42 MST 2016
| Date         : Mon Jul  3 12:57:20 2017
| Host         : HyperSilicon running 64-bit CentOS release 6.4 (Final)
| Command      : upgrade_ip
| Device       : xc7v2000tflg1925-1
------------------------------------------------------------------------------------

Upgrade Log for IP 'b2000t_c2c_bram_dut_120_0_0'

1. Summary
----------

SUCCESS in the upgrade of b2000t_c2c_bram_dut_120_0_0 from user.org:user:dut_120:1.1 (Rev. 4) to user.org:user:dut_120:1.2 (Rev. 6)






Copyright 1986-2016 Xilinx, Inc. All Rights Reserved.
------------------------------------------------------------------------------------
| Tool Version : Vivado v.2016.4 (lin64) Build 1733598 Wed Dec 14 22:35:42 MST 2016
| Date         : Mon Jul  3 11:46:15 2017
| Host         : HyperSilicon running 64-bit CentOS release 6.4 (Final)
| Command      : upgrade_ip
| Device       : xc7v2000tflg1925-1
------------------------------------------------------------------------------------

Upgrade Log for IP 'b2000t_c2c_bram_dut_120_1_0'

1. Summary
----------

SUCCESS in the update of b2000t_c2c_bram_dut_120_1_0 (user.org:user:dut_120:1.1 (Rev. 4)) to current project options.






Copyright 1986-2016 Xilinx, Inc. All Rights Reserved.
------------------------------------------------------------------------------------
| Tool Version : Vivado v.2016.4 (lin64) Build 1733598 Wed Dec 14 22:35:42 MST 2016
| Date         : Mon Jul  3 11:46:15 2017
| Host         : HyperSilicon running 64-bit CentOS release 6.4 (Final)
| Command      : upgrade_ip
| Device       : xc7v2000tflg1925-1
------------------------------------------------------------------------------------

Upgrade Log for IP 'b2000t_c2c_bram_dut_120_0_0'

1. Summary
----------

SUCCESS in the update of b2000t_c2c_bram_dut_120_0_0 (user.org:user:dut_120:1.1 (Rev. 4)) to current project options.






Copyright 1986-2016 Xilinx, Inc. All Rights Reserved.
------------------------------------------------------------------------------------
| Tool Version : Vivado v.2016.4 (lin64) Build 1733598 Wed Dec 14 22:35:42 MST 2016
| Date         : Mon Jul  3 09:45:54 2017
| Host         : HyperSilicon running 64-bit CentOS release 6.4 (Final)
| Command      : upgrade_ip
| Device       : xc7v2000tflg1925-1
------------------------------------------------------------------------------------

Upgrade Log for IP 'b2000t_c2c_bram_jack_120_0_1'

1. Summary
----------

SUCCESS in the update of b2000t_c2c_bram_jack_120_0_1 (user.org:user:jack_120:1.1 (Rev. 7)) to current project options.






Copyright 1986-2016 Xilinx, Inc. All Rights Reserved.
------------------------------------------------------------------------------------
| Tool Version : Vivado v.2016.4 (lin64) Build 1733598 Wed Dec 14 22:35:42 MST 2016
| Date         : Mon Jul  3 09:45:54 2017
| Host         : HyperSilicon running 64-bit CentOS release 6.4 (Final)
| Command      : upgrade_ip
| Device       : xc7v2000tflg1925-1
------------------------------------------------------------------------------------

Upgrade Log for IP 'b2000t_c2c_bram_jack_120_0_0'

1. Summary
----------

SUCCESS in the update of b2000t_c2c_bram_jack_120_0_0 (user.org:user:jack_120:1.1 (Rev. 7)) to current project options.






Copyright 1986-2016 Xilinx, Inc. All Rights Reserved.
------------------------------------------------------------------------------------
| Tool Version : Vivado v.2016.4 (lin64) Build 1733598 Wed Dec 14 22:35:42 MST 2016
| Date         : Fri Jun 30 19:15:31 2017
| Host         : HyperSilicon running 64-bit CentOS release 6.4 (Final)
| Command      : upgrade_ip
| Device       : xc7v2000tflg1925-1
------------------------------------------------------------------------------------

Upgrade Log for IP 'b2000t_c2c_bram_dut_120_1_0'

1. Summary
----------

SUCCESS in the update of b2000t_c2c_bram_dut_120_1_0 (user.org:user:dut_120:1.1 (Rev. 4)) to current project options.






Copyright 1986-2016 Xilinx, Inc. All Rights Reserved.
------------------------------------------------------------------------------------
| Tool Version : Vivado v.2016.4 (lin64) Build 1733598 Wed Dec 14 22:35:42 MST 2016
| Date         : Fri Jun 30 19:15:31 2017
| Host         : HyperSilicon running 64-bit CentOS release 6.4 (Final)
| Command      : upgrade_ip
| Device       : xc7v2000tflg1925-1
------------------------------------------------------------------------------------

Upgrade Log for IP 'b2000t_c2c_bram_dut_120_0_0'

1. Summary
----------

SUCCESS in the update of b2000t_c2c_bram_dut_120_0_0 (user.org:user:dut_120:1.1 (Rev. 4)) to current project options.






Copyright 1986-2016 Xilinx, Inc. All Rights Reserved.
------------------------------------------------------------------------------------
| Tool Version : Vivado v.2016.4 (lin64) Build 1733598 Wed Dec 14 22:35:42 MST 2016
| Date         : Fri Jun 30 18:05:11 2017
| Host         : HyperSilicon running 64-bit CentOS release 6.4 (Final)
| Command      : upgrade_ip
| Device       : xc7v2000tflg1925-1
------------------------------------------------------------------------------------

Upgrade Log for IP 'b2000t_c2c_bram_jack_120_0_1'

1. Summary
----------

SUCCESS in the upgrade of b2000t_c2c_bram_jack_120_0_1 (user.org:user:jack_120:1.1) from (Rev. 6) to (Rev. 7)






Copyright 1986-2016 Xilinx, Inc. All Rights Reserved.
------------------------------------------------------------------------------------
| Tool Version : Vivado v.2016.4 (lin64) Build 1733598 Wed Dec 14 22:35:42 MST 2016
| Date         : Fri Jun 30 18:05:11 2017
| Host         : HyperSilicon running 64-bit CentOS release 6.4 (Final)
| Command      : upgrade_ip
| Device       : xc7v2000tflg1925-1
------------------------------------------------------------------------------------

Upgrade Log for IP 'b2000t_c2c_bram_jack_120_0_0'

1. Summary
----------

SUCCESS in the upgrade of b2000t_c2c_bram_jack_120_0_0 (user.org:user:jack_120:1.1) from (Rev. 6) to (Rev. 7)






Copyright 1986-2016 Xilinx, Inc. All Rights Reserved.
------------------------------------------------------------------------------------
| Tool Version : Vivado v.2016.4 (lin64) Build 1733598 Wed Dec 14 22:35:42 MST 2016
| Date         : Fri Jun 30 17:07:04 2017
| Host         : HyperSilicon running 64-bit CentOS release 6.4 (Final)
| Command      : upgrade_ip
| Device       : xc7v2000tflg1925-1
------------------------------------------------------------------------------------

Upgrade Log for IP 'b2000t_c2c_bram_jack_120_0_1'

1. Summary
----------

SUCCESS in the upgrade of b2000t_c2c_bram_jack_120_0_1 from user.org:user:jack_120:1.0 (Rev. 4) to user.org:user:jack_120:1.1 (Rev. 6)






Copyright 1986-2016 Xilinx, Inc. All Rights Reserved.
------------------------------------------------------------------------------------
| Tool Version : Vivado v.2016.4 (lin64) Build 1733598 Wed Dec 14 22:35:42 MST 2016
| Date         : Fri Jun 30 17:07:04 2017
| Host         : HyperSilicon running 64-bit CentOS release 6.4 (Final)
| Command      : upgrade_ip
| Device       : xc7v2000tflg1925-1
------------------------------------------------------------------------------------

Upgrade Log for IP 'b2000t_c2c_bram_jack_120_0_0'

1. Summary
----------

SUCCESS in the upgrade of b2000t_c2c_bram_jack_120_0_0 from user.org:user:jack_120:1.0 (Rev. 4) to user.org:user:jack_120:1.1 (Rev. 6)






Copyright 1986-2016 Xilinx, Inc. All Rights Reserved.
------------------------------------------------------------------------------------
| Tool Version : Vivado v.2016.4 (lin64) Build 1733598 Wed Dec 14 22:35:42 MST 2016
| Date         : Fri Jun 30 17:07:04 2017
| Host         : HyperSilicon running 64-bit CentOS release 6.4 (Final)
| Command      : upgrade_ip
| Device       : xc7v2000tflg1925-1
------------------------------------------------------------------------------------

Upgrade Log for IP 'b2000t_c2c_bram_dut_120_1_0'

1. Summary
----------

SUCCESS in the upgrade of b2000t_c2c_bram_dut_120_1_0 from user.org:user:dut_120:1.0 (Rev. 2) to user.org:user:dut_120:1.1 (Rev. 4)






Copyright 1986-2016 Xilinx, Inc. All Rights Reserved.
------------------------------------------------------------------------------------
| Tool Version : Vivado v.2016.4 (lin64) Build 1733598 Wed Dec 14 22:35:42 MST 2016
| Date         : Fri Jun 30 17:07:04 2017
| Host         : HyperSilicon running 64-bit CentOS release 6.4 (Final)
| Command      : upgrade_ip
| Device       : xc7v2000tflg1925-1
------------------------------------------------------------------------------------

Upgrade Log for IP 'b2000t_c2c_bram_dut_120_0_0'

1. Summary
----------

SUCCESS in the upgrade of b2000t_c2c_bram_dut_120_0_0 from user.org:user:dut_120:1.0 (Rev. 2) to user.org:user:dut_120:1.1 (Rev. 4)






Copyright 1986-2016 Xilinx, Inc. All Rights Reserved.
------------------------------------------------------------------------------------
| Tool Version : Vivado v.2016.4 (lin64) Build 1733598 Wed Dec 14 22:35:42 MST 2016
| Date         : Fri Jun 30 16:48:48 2017
| Host         : HyperSilicon running 64-bit CentOS release 6.4 (Final)
| Command      : upgrade_ip
| Device       : xc7v2000tflg1925-1
------------------------------------------------------------------------------------

Upgrade Log for IP 'b2000t_c2c_bram_dut_120_1_0'

1. Summary
----------

SUCCESS in the update of b2000t_c2c_bram_dut_120_1_0 (user.org:user:dut_120:1.0 (Rev. 2)) to current project options.






Copyright 1986-2016 Xilinx, Inc. All Rights Reserved.
------------------------------------------------------------------------------------
| Tool Version : Vivado v.2016.4 (lin64) Build 1733598 Wed Dec 14 22:35:42 MST 2016
| Date         : Fri Jun 30 16:48:48 2017
| Host         : HyperSilicon running 64-bit CentOS release 6.4 (Final)
| Command      : upgrade_ip
| Device       : xc7v2000tflg1925-1
------------------------------------------------------------------------------------

Upgrade Log for IP 'b2000t_c2c_bram_dut_120_0_0'

1. Summary
----------

SUCCESS in the update of b2000t_c2c_bram_dut_120_0_0 (user.org:user:dut_120:1.0 (Rev. 2)) to current project options.






Copyright 1986-2016 Xilinx, Inc. All Rights Reserved.
------------------------------------------------------------------------------------
| Tool Version : Vivado v.2016.4 (lin64) Build 1733598 Wed Dec 14 22:35:42 MST 2016
| Date         : Fri Jun 30 16:27:41 2017
| Host         : HyperSilicon running 64-bit CentOS release 6.4 (Final)
| Command      : upgrade_ip
| Device       : xc7v2000tflg1925-1
------------------------------------------------------------------------------------

Upgrade Log for IP 'b2000t_c2c_bram_jack_120_0_1'

1. Summary
----------

SUCCESS in the upgrade of b2000t_c2c_bram_jack_120_0_1 (user.org:user:jack_120:1.0) from (Rev. 3) to (Rev. 4)






Copyright 1986-2016 Xilinx, Inc. All Rights Reserved.
------------------------------------------------------------------------------------
| Tool Version : Vivado v.2016.4 (lin64) Build 1733598 Wed Dec 14 22:35:42 MST 2016
| Date         : Fri Jun 30 16:27:41 2017
| Host         : HyperSilicon running 64-bit CentOS release 6.4 (Final)
| Command      : upgrade_ip
| Device       : xc7v2000tflg1925-1
------------------------------------------------------------------------------------

Upgrade Log for IP 'b2000t_c2c_bram_jack_120_0_0'

1. Summary
----------

SUCCESS in the upgrade of b2000t_c2c_bram_jack_120_0_0 (user.org:user:jack_120:1.0) from (Rev. 3) to (Rev. 4)






Copyright 1986-2016 Xilinx, Inc. All Rights Reserved.
------------------------------------------------------------------------------------
| Tool Version : Vivado v.2016.4 (lin64) Build 1733598 Wed Dec 14 22:35:42 MST 2016
| Date         : Fri Jun 30 16:27:41 2017
| Host         : HyperSilicon running 64-bit CentOS release 6.4 (Final)
| Command      : upgrade_ip
| Device       : xc7v2000tflg1925-1
------------------------------------------------------------------------------------

Upgrade Log for IP 'b2000t_c2c_bram_dut_120_1_0'

1. Summary
----------

SUCCESS in the update of b2000t_c2c_bram_dut_120_1_0 (user.org:user:dut_120:1.0 (Rev. 2)) to current project options.






Copyright 1986-2016 Xilinx, Inc. All Rights Reserved.
------------------------------------------------------------------------------------
| Tool Version : Vivado v.2016.4 (lin64) Build 1733598 Wed Dec 14 22:35:42 MST 2016
| Date         : Fri Jun 30 16:27:41 2017
| Host         : HyperSilicon running 64-bit CentOS release 6.4 (Final)
| Command      : upgrade_ip
| Device       : xc7v2000tflg1925-1
------------------------------------------------------------------------------------

Upgrade Log for IP 'b2000t_c2c_bram_dut_120_0_0'

1. Summary
----------

SUCCESS in the update of b2000t_c2c_bram_dut_120_0_0 (user.org:user:dut_120:1.0 (Rev. 2)) to current project options.






Copyright 1986-2016 Xilinx, Inc. All Rights Reserved.
------------------------------------------------------------------------------------
| Tool Version : Vivado v.2016.4 (lin64) Build 1733598 Wed Dec 14 22:35:42 MST 2016
| Date         : Fri Jun 30 11:30:44 2017
| Host         : HyperSilicon running 64-bit CentOS release 6.4 (Final)
| Command      : upgrade_ip
| Device       : xc7v2000tflg1925-1
------------------------------------------------------------------------------------

Upgrade Log for IP 'b2000t_c2c_bram_jack_120_0_1'

1. Summary
----------

SUCCESS in the upgrade of b2000t_c2c_bram_jack_120_0_1 (user.org:user:jack_120:1.0) from (Rev. 2) to (Rev. 3)






Copyright 1986-2016 Xilinx, Inc. All Rights Reserved.
------------------------------------------------------------------------------------
| Tool Version : Vivado v.2016.4 (lin64) Build 1733598 Wed Dec 14 22:35:42 MST 2016
| Date         : Fri Jun 30 11:30:44 2017
| Host         : HyperSilicon running 64-bit CentOS release 6.4 (Final)
| Command      : upgrade_ip
| Device       : xc7v2000tflg1925-1
------------------------------------------------------------------------------------

Upgrade Log for IP 'b2000t_c2c_bram_jack_120_0_0'

1. Summary
----------

SUCCESS in the upgrade of b2000t_c2c_bram_jack_120_0_0 (user.org:user:jack_120:1.0) from (Rev. 2) to (Rev. 3)






Copyright 1986-2016 Xilinx, Inc. All Rights Reserved.
------------------------------------------------------------------------------------
| Tool Version : Vivado v.2016.4 (lin64) Build 1733598 Wed Dec 14 22:35:42 MST 2016
| Date         : Fri Jun 30 11:29:03 2017
| Host         : HyperSilicon running 64-bit CentOS release 6.4 (Final)
| Command      : upgrade_ip
| Device       : xc7v2000tflg1925-1
------------------------------------------------------------------------------------

Upgrade Log for IP 'b2000t_c2c_bram_dut_120_1_0'

1. Summary
----------

SUCCESS in the update of b2000t_c2c_bram_dut_120_1_0 (user.org:user:dut_120:1.0 (Rev. 2)) to current project options.






Copyright 1986-2016 Xilinx, Inc. All Rights Reserved.
------------------------------------------------------------------------------------
| Tool Version : Vivado v.2016.4 (lin64) Build 1733598 Wed Dec 14 22:35:42 MST 2016
| Date         : Fri Jun 30 11:29:03 2017
| Host         : HyperSilicon running 64-bit CentOS release 6.4 (Final)
| Command      : upgrade_ip
| Device       : xc7v2000tflg1925-1
------------------------------------------------------------------------------------

Upgrade Log for IP 'b2000t_c2c_bram_dut_120_0_0'

1. Summary
----------

SUCCESS in the update of b2000t_c2c_bram_dut_120_0_0 (user.org:user:dut_120:1.0 (Rev. 2)) to current project options.






Copyright 1986-2016 Xilinx, Inc. All Rights Reserved.
------------------------------------------------------------------------------------
| Tool Version : Vivado v.2016.4 (lin64) Build 1733598 Wed Dec 14 22:35:42 MST 2016
| Date         : Fri Jun 30 11:04:45 2017
| Host         : HyperSilicon running 64-bit CentOS release 6.4 (Final)
| Command      : upgrade_ip
| Device       : xc7v2000tflg1925-1
------------------------------------------------------------------------------------

Upgrade Log for IP 'b2000t_c2c_bram_jack_120_0_1'

1. Summary
----------

SUCCESS in the update of b2000t_c2c_bram_jack_120_0_1 (user.org:user:jack_120:1.0 (Rev. 2)) to current project options.






Copyright 1986-2016 Xilinx, Inc. All Rights Reserved.
------------------------------------------------------------------------------------
| Tool Version : Vivado v.2016.4 (lin64) Build 1733598 Wed Dec 14 22:35:42 MST 2016
| Date         : Fri Jun 30 11:04:45 2017
| Host         : HyperSilicon running 64-bit CentOS release 6.4 (Final)
| Command      : upgrade_ip
| Device       : xc7v2000tflg1925-1
------------------------------------------------------------------------------------

Upgrade Log for IP 'b2000t_c2c_bram_jack_120_0_0'

1. Summary
----------

SUCCESS in the update of b2000t_c2c_bram_jack_120_0_0 (user.org:user:jack_120:1.0 (Rev. 2)) to current project options.






Copyright 1986-2016 Xilinx, Inc. All Rights Reserved.
------------------------------------------------------------------------------------
| Tool Version : Vivado v.2016.4 (lin64) Build 1733598 Wed Dec 14 22:35:42 MST 2016
| Date         : Fri Jun 30 10:53:10 2017
| Host         : HyperSilicon running 64-bit CentOS release 6.4 (Final)
| Command      : upgrade_ip
| Device       : xc7v2000tflg1925-1
------------------------------------------------------------------------------------

Upgrade Log for IP 'b2000t_c2c_bram_dut_120_1_0'

1. Summary
----------

SUCCESS in the update of b2000t_c2c_bram_dut_120_1_0 (user.org:user:dut_120:1.0 (Rev. 2)) to current project options.






Copyright 1986-2016 Xilinx, Inc. All Rights Reserved.
------------------------------------------------------------------------------------
| Tool Version : Vivado v.2016.4 (lin64) Build 1733598 Wed Dec 14 22:35:42 MST 2016
| Date         : Fri Jun 30 10:53:10 2017
| Host         : HyperSilicon running 64-bit CentOS release 6.4 (Final)
| Command      : upgrade_ip
| Device       : xc7v2000tflg1925-1
------------------------------------------------------------------------------------

Upgrade Log for IP 'b2000t_c2c_bram_dut_120_0_0'

1. Summary
----------

SUCCESS in the update of b2000t_c2c_bram_dut_120_0_0 (user.org:user:dut_120:1.0 (Rev. 2)) to current project options.






Copyright 1986-2016 Xilinx, Inc. All Rights Reserved.
------------------------------------------------------------------------------------
| Tool Version : Vivado v.2016.4 (lin64) Build 1733598 Wed Dec 14 22:35:42 MST 2016
| Date         : Fri Jun 30 10:10:50 2017
| Host         : HyperSilicon running 64-bit CentOS release 6.4 (Final)
| Command      : upgrade_ip
| Device       : xc7v2000tflg1925-1
------------------------------------------------------------------------------------

Upgrade Log for IP 'b2000t_c2c_bram_dut_120_1_0'

1. Summary
----------

SUCCESS in the update of b2000t_c2c_bram_dut_120_1_0 (user.org:user:dut_120:1.0 (Rev. 2)) to current project options.






Copyright 1986-2016 Xilinx, Inc. All Rights Reserved.
------------------------------------------------------------------------------------
| Tool Version : Vivado v.2016.4 (lin64) Build 1733598 Wed Dec 14 22:35:42 MST 2016
| Date         : Fri Jun 30 10:10:50 2017
| Host         : HyperSilicon running 64-bit CentOS release 6.4 (Final)
| Command      : upgrade_ip
| Device       : xc7v2000tflg1925-1
------------------------------------------------------------------------------------

Upgrade Log for IP 'b2000t_c2c_bram_dut_120_0_0'

1. Summary
----------

SUCCESS in the update of b2000t_c2c_bram_dut_120_0_0 (user.org:user:dut_120:1.0 (Rev. 2)) to current project options.






Copyright 1986-2016 Xilinx, Inc. All Rights Reserved.
------------------------------------------------------------------------------------
| Tool Version : Vivado v.2016.4 (lin64) Build 1733598 Wed Dec 14 22:35:42 MST 2016
| Date         : Thu Jun 29 19:51:58 2017
| Host         : HyperSilicon running 64-bit CentOS release 6.4 (Final)
| Command      : upgrade_ip
| Device       : xc7v2000tflg1925-1
------------------------------------------------------------------------------------

Upgrade Log for IP 'b2000t_c2c_bram_jack_120_0_1'

1. Summary
----------

SUCCESS in the upgrade of b2000t_c2c_bram_jack_120_0_1 (user.org:user:jack_120:1.0) from (Rev. 3) to (Rev. 2)






Copyright 1986-2016 Xilinx, Inc. All Rights Reserved.
------------------------------------------------------------------------------------
| Tool Version : Vivado v.2016.4 (lin64) Build 1733598 Wed Dec 14 22:35:42 MST 2016
| Date         : Thu Jun 29 19:51:57 2017
| Host         : HyperSilicon running 64-bit CentOS release 6.4 (Final)
| Command      : upgrade_ip
| Device       : xc7v2000tflg1925-1
------------------------------------------------------------------------------------

Upgrade Log for IP 'b2000t_c2c_bram_jack_120_0_0'

1. Summary
----------

SUCCESS in the upgrade of b2000t_c2c_bram_jack_120_0_0 (user.org:user:jack_120:1.0) from (Rev. 3) to (Rev. 2)






Copyright 1986-2016 Xilinx, Inc. All Rights Reserved.
------------------------------------------------------------------------------------
| Tool Version : Vivado v.2016.4 (lin64) Build 1733598 Wed Dec 14 22:35:42 MST 2016
| Date         : Thu Jun 29 19:31:32 2017
| Host         : HyperSilicon running 64-bit CentOS release 6.4 (Final)
| Command      : upgrade_ip
| Device       : xc7v2000tflg1925-1
------------------------------------------------------------------------------------

Upgrade Log for IP 'b2000t_c2c_bram_jack_120_0_1'

1. Summary
----------

SUCCESS in the update of b2000t_c2c_bram_jack_120_0_1 (user.org:user:jack_120:1.0 (Rev. 3)) to current project options.






Copyright 1986-2016 Xilinx, Inc. All Rights Reserved.
------------------------------------------------------------------------------------
| Tool Version : Vivado v.2016.4 (lin64) Build 1733598 Wed Dec 14 22:35:42 MST 2016
| Date         : Thu Jun 29 19:31:32 2017
| Host         : HyperSilicon running 64-bit CentOS release 6.4 (Final)
| Command      : upgrade_ip
| Device       : xc7v2000tflg1925-1
------------------------------------------------------------------------------------

Upgrade Log for IP 'b2000t_c2c_bram_jack_120_0_0'

1. Summary
----------

SUCCESS in the update of b2000t_c2c_bram_jack_120_0_0 (user.org:user:jack_120:1.0 (Rev. 3)) to current project options.






Copyright 1986-2016 Xilinx, Inc. All Rights Reserved.
------------------------------------------------------------------------------------
| Tool Version : Vivado v.2016.4 (lin64) Build 1733598 Wed Dec 14 22:35:42 MST 2016
| Date         : Thu Jun 29 10:05:52 2017
| Host         : HyperSilicon running 64-bit CentOS release 6.4 (Final)
| Command      : upgrade_ip
| Device       : xc7v2000tflg1925-1
------------------------------------------------------------------------------------

Upgrade Log for IP 'b2000t_c2c_bram_jack_120_0_1'

1. Summary
----------

CAUTION (success, with warnings) in the upgrade of b2000t_c2c_bram_jack_120_0_1 (user.org:user:jack_120:1.0) from (Rev. 4) to (Rev. 3)

After upgrade, an IP may have parameter and port differences compared to the original customization. Please review the parameters within the IP customization GUI to ensure proper functionality. Also, please review the updated IP instantiation template to ensure proper connectivity, and update your design if required.

2. Connection Warnings
----------------------

Detected external port differences while upgrading 'b2000t_c2c_bram_jack_120_0_1'. These changes may impact your design.


-Upgrade has added port 'pin_a'

-Upgrade has added port 'pin_b'







Copyright 1986-2016 Xilinx, Inc. All Rights Reserved.
------------------------------------------------------------------------------------
| Tool Version : Vivado v.2016.4 (lin64) Build 1733598 Wed Dec 14 22:35:42 MST 2016
| Date         : Thu Jun 29 10:05:52 2017
| Host         : HyperSilicon running 64-bit CentOS release 6.4 (Final)
| Command      : upgrade_ip
| Device       : xc7v2000tflg1925-1
------------------------------------------------------------------------------------

Upgrade Log for IP 'b2000t_c2c_bram_jack_120_0_0'

1. Summary
----------

CAUTION (success, with warnings) in the upgrade of b2000t_c2c_bram_jack_120_0_0 (user.org:user:jack_120:1.0) from (Rev. 4) to (Rev. 3)

After upgrade, an IP may have parameter and port differences compared to the original customization. Please review the parameters within the IP customization GUI to ensure proper functionality. Also, please review the updated IP instantiation template to ensure proper connectivity, and update your design if required.

2. Connection Warnings
----------------------

Detected external port differences while upgrading 'b2000t_c2c_bram_jack_120_0_0'. These changes may impact your design.


-Upgrade has added port 'pin_a'

-Upgrade has added port 'pin_b'







Copyright 1986-2016 Xilinx, Inc. All Rights Reserved.
------------------------------------------------------------------------------------
| Tool Version : Vivado v.2016.4 (lin64) Build 1733598 Wed Dec 14 22:35:42 MST 2016
| Date         : Wed Jun 28 15:35:47 2017
| Host         : HyperSilicon running 64-bit CentOS release 6.4 (Final)
| Command      : upgrade_ip
| Device       : xc7v2000tflg1925-1
------------------------------------------------------------------------------------

Upgrade Log for IP 'b2000t_c2c_bram_dut_120_1_0'

1. Summary
----------

SUCCESS in the update of b2000t_c2c_bram_dut_120_1_0 (user.org:user:dut_120:1.0 (Rev. 2)) to current project options.






Copyright 1986-2016 Xilinx, Inc. All Rights Reserved.
------------------------------------------------------------------------------------
| Tool Version : Vivado v.2016.4 (lin64) Build 1733598 Wed Dec 14 22:35:42 MST 2016
| Date         : Wed Jun 28 15:35:47 2017
| Host         : HyperSilicon running 64-bit CentOS release 6.4 (Final)
| Command      : upgrade_ip
| Device       : xc7v2000tflg1925-1
------------------------------------------------------------------------------------

Upgrade Log for IP 'b2000t_c2c_bram_dut_120_0_0'

1. Summary
----------

SUCCESS in the update of b2000t_c2c_bram_dut_120_0_0 (user.org:user:dut_120:1.0 (Rev. 2)) to current project options.






Copyright 1986-2016 Xilinx, Inc. All Rights Reserved.
------------------------------------------------------------------------------------
| Tool Version : Vivado v.2016.4 (lin64) Build 1733598 Wed Dec 14 22:35:42 MST 2016
| Date         : Wed Jun 28 15:08:23 2017
| Host         : HyperSilicon running 64-bit CentOS release 6.4 (Final)
| Command      : upgrade_ip
| Device       : xc7v2000tflg1925-1
------------------------------------------------------------------------------------

Upgrade Log for IP 'b2000t_c2c_bram_dut_120_1_0'

1. Summary
----------

SUCCESS in the update of b2000t_c2c_bram_dut_120_1_0 (user.org:user:dut_120:1.0 (Rev. 2)) to current project options.






Copyright 1986-2016 Xilinx, Inc. All Rights Reserved.
------------------------------------------------------------------------------------
| Tool Version : Vivado v.2016.4 (lin64) Build 1733598 Wed Dec 14 22:35:42 MST 2016
| Date         : Wed Jun 28 15:08:23 2017
| Host         : HyperSilicon running 64-bit CentOS release 6.4 (Final)
| Command      : upgrade_ip
| Device       : xc7v2000tflg1925-1
------------------------------------------------------------------------------------

Upgrade Log for IP 'b2000t_c2c_bram_dut_120_0_0'

1. Summary
----------

SUCCESS in the update of b2000t_c2c_bram_dut_120_0_0 (user.org:user:dut_120:1.0 (Rev. 2)) to current project options.






Copyright 1986-2016 Xilinx, Inc. All Rights Reserved.
------------------------------------------------------------------------------------
| Tool Version : Vivado v.2016.4 (lin64) Build 1733598 Wed Dec 14 22:35:42 MST 2016
| Date         : Wed Jun 28 13:57:49 2017
| Host         : HyperSilicon running 64-bit CentOS release 6.4 (Final)
| Command      : upgrade_ip
| Device       : xc7v2000tflg1925-1
------------------------------------------------------------------------------------

Upgrade Log for IP 'b2000t_c2c_bram_jack_120_0_1'

1. Summary
----------

SUCCESS in the upgrade of b2000t_c2c_bram_jack_120_0_1 (user.org:user:jack_120:1.0) from (Rev. 2) to (Rev. 4)






Copyright 1986-2016 Xilinx, Inc. All Rights Reserved.
------------------------------------------------------------------------------------
| Tool Version : Vivado v.2016.4 (lin64) Build 1733598 Wed Dec 14 22:35:42 MST 2016
| Date         : Wed Jun 28 13:57:49 2017
| Host         : HyperSilicon running 64-bit CentOS release 6.4 (Final)
| Command      : upgrade_ip
| Device       : xc7v2000tflg1925-1
------------------------------------------------------------------------------------

Upgrade Log for IP 'b2000t_c2c_bram_jack_120_0_0'

1. Summary
----------

SUCCESS in the upgrade of b2000t_c2c_bram_jack_120_0_0 (user.org:user:jack_120:1.0) from (Rev. 2) to (Rev. 4)






Copyright 1986-2016 Xilinx, Inc. All Rights Reserved.
------------------------------------------------------------------------------------
| Tool Version : Vivado v.2016.4 (lin64) Build 1733598 Wed Dec 14 22:35:42 MST 2016
| Date         : Wed Jun 28 13:57:49 2017
| Host         : HyperSilicon running 64-bit CentOS release 6.4 (Final)
| Command      : upgrade_ip
| Device       : xc7v2000tflg1925-1
------------------------------------------------------------------------------------

Upgrade Log for IP 'b2000t_c2c_bram_dut_120_1_0'

1. Summary
----------

SUCCESS in the update of b2000t_c2c_bram_dut_120_1_0 (user.org:user:dut_120:1.0 (Rev. 2)) to current project options.






Copyright 1986-2016 Xilinx, Inc. All Rights Reserved.
------------------------------------------------------------------------------------
| Tool Version : Vivado v.2016.4 (lin64) Build 1733598 Wed Dec 14 22:35:42 MST 2016
| Date         : Wed Jun 28 13:57:49 2017
| Host         : HyperSilicon running 64-bit CentOS release 6.4 (Final)
| Command      : upgrade_ip
| Device       : xc7v2000tflg1925-1
------------------------------------------------------------------------------------

Upgrade Log for IP 'b2000t_c2c_bram_dut_120_0_0'

1. Summary
----------

SUCCESS in the update of b2000t_c2c_bram_dut_120_0_0 (user.org:user:dut_120:1.0 (Rev. 2)) to current project options.






Copyright 1986-2016 Xilinx, Inc. All Rights Reserved.
------------------------------------------------------------------------------------
| Tool Version : Vivado v.2016.4 (lin64) Build 1733598 Wed Dec 14 22:35:42 MST 2016
| Date         : Tue Jun 27 20:39:48 2017
| Host         : HyperSilicon running 64-bit CentOS release 6.4 (Final)
| Command      : upgrade_ip
| Device       : xc7v2000tflg1925-1
------------------------------------------------------------------------------------

Upgrade Log for IP 'b2000t_c2c_bram_dut_120_1_0'

1. Summary
----------

SUCCESS in the update of b2000t_c2c_bram_dut_120_1_0 (user.org:user:dut_120:1.0 (Rev. 2)) to current project options.






Copyright 1986-2016 Xilinx, Inc. All Rights Reserved.
------------------------------------------------------------------------------------
| Tool Version : Vivado v.2016.4 (lin64) Build 1733598 Wed Dec 14 22:35:42 MST 2016
| Date         : Tue Jun 27 20:39:48 2017
| Host         : HyperSilicon running 64-bit CentOS release 6.4 (Final)
| Command      : upgrade_ip
| Device       : xc7v2000tflg1925-1
------------------------------------------------------------------------------------

Upgrade Log for IP 'b2000t_c2c_bram_dut_120_0_0'

1. Summary
----------

SUCCESS in the update of b2000t_c2c_bram_dut_120_0_0 (user.org:user:dut_120:1.0 (Rev. 2)) to current project options.






Copyright 1986-2016 Xilinx, Inc. All Rights Reserved.
------------------------------------------------------------------------------------
| Tool Version : Vivado v.2016.4 (lin64) Build 1733598 Wed Dec 14 22:35:42 MST 2016
| Date         : Tue Jun 27 20:00:37 2017
| Host         : HyperSilicon running 64-bit CentOS release 6.4 (Final)
| Command      : upgrade_ip
| Device       : xc7v2000tflg1925-1
------------------------------------------------------------------------------------

Upgrade Log for IP 'b2000t_c2c_bram_dut_120_1_0'

1. Summary
----------

SUCCESS in the update of b2000t_c2c_bram_dut_120_1_0 (user.org:user:dut_120:1.0 (Rev. 2)) to current project options.






Copyright 1986-2016 Xilinx, Inc. All Rights Reserved.
------------------------------------------------------------------------------------
| Tool Version : Vivado v.2016.4 (lin64) Build 1733598 Wed Dec 14 22:35:42 MST 2016
| Date         : Tue Jun 27 20:00:37 2017
| Host         : HyperSilicon running 64-bit CentOS release 6.4 (Final)
| Command      : upgrade_ip
| Device       : xc7v2000tflg1925-1
------------------------------------------------------------------------------------

Upgrade Log for IP 'b2000t_c2c_bram_dut_120_0_0'

1. Summary
----------

SUCCESS in the update of b2000t_c2c_bram_dut_120_0_0 (user.org:user:dut_120:1.0 (Rev. 2)) to current project options.






Copyright 1986-2016 Xilinx, Inc. All Rights Reserved.
------------------------------------------------------------------------------------
| Tool Version : Vivado v.2016.4 (lin64) Build 1733598 Wed Dec 14 22:35:42 MST 2016
| Date         : Tue Jun 27 19:14:42 2017
| Host         : HyperSilicon running 64-bit CentOS release 6.4 (Final)
| Command      : upgrade_ip
| Device       : xc7v2000tflg1925-1
------------------------------------------------------------------------------------

Upgrade Log for IP 'b2000t_c2c_bram_jack_120_0_1'

1. Summary
----------

SUCCESS in the update of b2000t_c2c_bram_jack_120_0_1 (user.org:user:jack_120:1.0 (Rev. 2)) to current project options.






Copyright 1986-2016 Xilinx, Inc. All Rights Reserved.
------------------------------------------------------------------------------------
| Tool Version : Vivado v.2016.4 (lin64) Build 1733598 Wed Dec 14 22:35:42 MST 2016
| Date         : Tue Jun 27 19:14:42 2017
| Host         : HyperSilicon running 64-bit CentOS release 6.4 (Final)
| Command      : upgrade_ip
| Device       : xc7v2000tflg1925-1
------------------------------------------------------------------------------------

Upgrade Log for IP 'b2000t_c2c_bram_jack_120_0_0'

1. Summary
----------

SUCCESS in the update of b2000t_c2c_bram_jack_120_0_0 (user.org:user:jack_120:1.0 (Rev. 2)) to current project options.






Copyright 1986-2016 Xilinx, Inc. All Rights Reserved.
------------------------------------------------------------------------------------
| Tool Version : Vivado v.2016.4 (lin64) Build 1733598 Wed Dec 14 22:35:42 MST 2016
| Date         : Tue Jun 27 19:14:42 2017
| Host         : HyperSilicon running 64-bit CentOS release 6.4 (Final)
| Command      : upgrade_ip
| Device       : xc7v2000tflg1925-1
------------------------------------------------------------------------------------

Upgrade Log for IP 'b2000t_c2c_bram_dut_120_1_0'

1. Summary
----------

SUCCESS in the upgrade of b2000t_c2c_bram_dut_120_1_0 (user.org:user:dut_120:1.0) from (Rev. 3) to (Rev. 2)






Copyright 1986-2016 Xilinx, Inc. All Rights Reserved.
------------------------------------------------------------------------------------
| Tool Version : Vivado v.2016.4 (lin64) Build 1733598 Wed Dec 14 22:35:42 MST 2016
| Date         : Tue Jun 27 19:14:42 2017
| Host         : HyperSilicon running 64-bit CentOS release 6.4 (Final)
| Command      : upgrade_ip
| Device       : xc7v2000tflg1925-1
------------------------------------------------------------------------------------

Upgrade Log for IP 'b2000t_c2c_bram_dut_120_0_0'

1. Summary
----------

SUCCESS in the upgrade of b2000t_c2c_bram_dut_120_0_0 (user.org:user:dut_120:1.0) from (Rev. 3) to (Rev. 2)






Copyright 1986-2016 Xilinx, Inc. All Rights Reserved.
------------------------------------------------------------------------------------
| Tool Version : Vivado v.2016.4 (lin64) Build 1733598 Wed Dec 14 22:35:42 MST 2016
| Date         : Tue Jun 27 17:00:48 2017
| Host         : HyperSilicon running 64-bit CentOS release 6.4 (Final)
| Command      : upgrade_ip
| Device       : xc7v2000tflg1925-1
------------------------------------------------------------------------------------

Upgrade Log for IP 'b2000t_c2c_bram_jack_120_0_1'

1. Summary
----------

CAUTION (success, with warnings) in the update of b2000t_c2c_bram_jack_120_0_1 (user.org:user:jack_120:1.0 (Rev. 2)) to current project options.

After upgrade, an IP may have parameter and port differences compared to the original customization. Please review the parameters within the IP customization GUI to ensure proper functionality. Also, please review the updated IP instantiation template to ensure proper connectivity, and update your design if required.

2. Connection Warnings
----------------------

Detected external port differences while upgrading 'b2000t_c2c_bram_jack_120_0_1'. These changes may impact your design.


-Upgraded port 'a_in' width 60 differs from original width 120

-Upgraded port 'a_out' width 60 differs from original width 120

-Upgraded port 'b_in' width 60 differs from original width 120

-Upgraded port 'b_out' width 60 differs from original width 120

-Upgraded port 'mode' width 60 differs from original width 120







Copyright 1986-2016 Xilinx, Inc. All Rights Reserved.
------------------------------------------------------------------------------------
| Tool Version : Vivado v.2016.4 (lin64) Build 1733598 Wed Dec 14 22:35:42 MST 2016
| Date         : Tue Jun 27 17:00:48 2017
| Host         : HyperSilicon running 64-bit CentOS release 6.4 (Final)
| Command      : upgrade_ip
| Device       : xc7v2000tflg1925-1
------------------------------------------------------------------------------------

Upgrade Log for IP 'b2000t_c2c_bram_jack_120_0_0'

1. Summary
----------

CAUTION (success, with warnings) in the update of b2000t_c2c_bram_jack_120_0_0 (user.org:user:jack_120:1.0 (Rev. 2)) to current project options.

After upgrade, an IP may have parameter and port differences compared to the original customization. Please review the parameters within the IP customization GUI to ensure proper functionality. Also, please review the updated IP instantiation template to ensure proper connectivity, and update your design if required.

2. Connection Warnings
----------------------

Detected external port differences while upgrading 'b2000t_c2c_bram_jack_120_0_0'. These changes may impact your design.


-Upgraded port 'a_in' width 60 differs from original width 120

-Upgraded port 'a_out' width 60 differs from original width 120

-Upgraded port 'b_in' width 60 differs from original width 120

-Upgraded port 'b_out' width 60 differs from original width 120

-Upgraded port 'mode' width 60 differs from original width 120







Copyright 1986-2016 Xilinx, Inc. All Rights Reserved.
------------------------------------------------------------------------------------
| Tool Version : Vivado v.2016.4 (lin64) Build 1733598 Wed Dec 14 22:35:42 MST 2016
| Date         : Tue Jun 27 17:00:48 2017
| Host         : HyperSilicon running 64-bit CentOS release 6.4 (Final)
| Command      : upgrade_ip
| Device       : xc7v2000tflg1925-1
------------------------------------------------------------------------------------

Upgrade Log for IP 'b2000t_c2c_bram_dut_120_1_0'

1. Summary
----------

CAUTION (success, with warnings) in the update of b2000t_c2c_bram_dut_120_1_0 (user.org:user:dut_120:1.0 (Rev. 3)) to current project options.

After upgrade, an IP may have parameter and port differences compared to the original customization. Please review the parameters within the IP customization GUI to ensure proper functionality. Also, please review the updated IP instantiation template to ensure proper connectivity, and update your design if required.

2. Connection Warnings
----------------------

Detected external port differences while upgrading 'b2000t_c2c_bram_dut_120_1_0'. These changes may impact your design.


-Upgraded port 'a_in' width 60 differs from original width 120

-Upgraded port 'a_out' width 60 differs from original width 120

-Upgraded port 'b_in' width 60 differs from original width 120

-Upgraded port 'b_out' width 60 differs from original width 120







Copyright 1986-2016 Xilinx, Inc. All Rights Reserved.
------------------------------------------------------------------------------------
| Tool Version : Vivado v.2016.4 (lin64) Build 1733598 Wed Dec 14 22:35:42 MST 2016
| Date         : Tue Jun 27 17:00:48 2017
| Host         : HyperSilicon running 64-bit CentOS release 6.4 (Final)
| Command      : upgrade_ip
| Device       : xc7v2000tflg1925-1
------------------------------------------------------------------------------------

Upgrade Log for IP 'b2000t_c2c_bram_dut_120_0_0'

1. Summary
----------

CAUTION (success, with warnings) in the update of b2000t_c2c_bram_dut_120_0_0 (user.org:user:dut_120:1.0 (Rev. 3)) to current project options.

After upgrade, an IP may have parameter and port differences compared to the original customization. Please review the parameters within the IP customization GUI to ensure proper functionality. Also, please review the updated IP instantiation template to ensure proper connectivity, and update your design if required.

2. Connection Warnings
----------------------

Detected external port differences while upgrading 'b2000t_c2c_bram_dut_120_0_0'. These changes may impact your design.


-Upgraded port 'a_in' width 60 differs from original width 120

-Upgraded port 'a_out' width 60 differs from original width 120

-Upgraded port 'b_in' width 60 differs from original width 120

-Upgraded port 'b_out' width 60 differs from original width 120







Copyright 1986-2016 Xilinx, Inc. All Rights Reserved.
------------------------------------------------------------------------------------
| Tool Version : Vivado v.2016.4 (lin64) Build 1733598 Wed Dec 14 22:35:42 MST 2016
| Date         : Tue Jun 27 14:24:21 2017
| Host         : HyperSilicon running 64-bit CentOS release 6.4 (Final)
| Command      : upgrade_ip
| Device       : xc7v2000tflg1925-1
------------------------------------------------------------------------------------

Upgrade Log for IP 'b2000t_c2c_bram_dut_120_1_0'

1. Summary
----------

SUCCESS in the upgrade of b2000t_c2c_bram_dut_120_1_0 (user.org:user:dut_120:1.0) from (Rev. 2) to (Rev. 3)






Copyright 1986-2016 Xilinx, Inc. All Rights Reserved.
------------------------------------------------------------------------------------
| Tool Version : Vivado v.2016.4 (lin64) Build 1733598 Wed Dec 14 22:35:42 MST 2016
| Date         : Tue Jun 27 14:24:21 2017
| Host         : HyperSilicon running 64-bit CentOS release 6.4 (Final)
| Command      : upgrade_ip
| Device       : xc7v2000tflg1925-1
------------------------------------------------------------------------------------

Upgrade Log for IP 'b2000t_c2c_bram_dut_120_0_0'

1. Summary
----------

SUCCESS in the upgrade of b2000t_c2c_bram_dut_120_0_0 (user.org:user:dut_120:1.0) from (Rev. 2) to (Rev. 3)






Copyright 1986-2016 Xilinx, Inc. All Rights Reserved.
------------------------------------------------------------------------------------
| Tool Version : Vivado v.2016.4 (lin64) Build 1733598 Wed Dec 14 22:35:42 MST 2016
| Date         : Tue Jun 27 13:58:12 2017
| Host         : HyperSilicon running 64-bit CentOS release 6.4 (Final)
| Command      : upgrade_ip
| Device       : xc7v2000tflg1925-1
------------------------------------------------------------------------------------

Upgrade Log for IP 'b2000t_c2c_bram_dut_120_1_0'

1. Summary
----------

SUCCESS in the update of b2000t_c2c_bram_dut_120_1_0 (user.org:user:dut_120:1.0 (Rev. 2)) to current project options.






Copyright 1986-2016 Xilinx, Inc. All Rights Reserved.
------------------------------------------------------------------------------------
| Tool Version : Vivado v.2016.4 (lin64) Build 1733598 Wed Dec 14 22:35:42 MST 2016
| Date         : Tue Jun 27 13:58:12 2017
| Host         : HyperSilicon running 64-bit CentOS release 6.4 (Final)
| Command      : upgrade_ip
| Device       : xc7v2000tflg1925-1
------------------------------------------------------------------------------------

Upgrade Log for IP 'b2000t_c2c_bram_dut_120_0_0'

1. Summary
----------

SUCCESS in the update of b2000t_c2c_bram_dut_120_0_0 (user.org:user:dut_120:1.0 (Rev. 2)) to current project options.






Copyright 1986-2016 Xilinx, Inc. All Rights Reserved.
------------------------------------------------------------------------------------
| Tool Version : Vivado v.2016.4 (lin64) Build 1733598 Wed Dec 14 22:35:42 MST 2016
| Date         : Wed Jun 21 17:46:16 2017
| Host         : HyperSilicon running 64-bit CentOS release 6.4 (Final)
| Command      : upgrade_ip
| Device       : xc7v2000tflg1925-1
------------------------------------------------------------------------------------

Upgrade Log for IP 'b2000t_c2c_bram_dut_0_0'

1. Summary
----------

SUCCESS in the upgrade of b2000t_c2c_bram_dut_0_0 (user.org:user:dut:1.0) from (Rev. 8) to (Rev. 10)






Copyright 1986-2016 Xilinx, Inc. All Rights Reserved.
------------------------------------------------------------------------------------
| Tool Version : Vivado v.2016.4 (lin64) Build 1733598 Wed Dec 14 22:35:42 MST 2016
| Date         : Wed Jun 21 17:14:33 2017
| Host         : HyperSilicon running 64-bit CentOS release 6.4 (Final)
| Command      : upgrade_ip
| Device       : xc7v2000tflg1925-1
------------------------------------------------------------------------------------

Upgrade Log for IP 'b2000t_c2c_bram_dut_0_0'

1. Summary
----------

SUCCESS in the upgrade of b2000t_c2c_bram_dut_0_0 (user.org:user:dut:1.0) from (Rev. 7) to (Rev. 8)






Copyright 1986-2016 Xilinx, Inc. All Rights Reserved.
------------------------------------------------------------------------------------
| Tool Version : Vivado v.2016.4 (lin64) Build 1733598 Wed Dec 14 22:35:42 MST 2016
| Date         : Wed Jun 21 16:43:46 2017
| Host         : HyperSilicon running 64-bit CentOS release 6.4 (Final)
| Command      : upgrade_ip
| Device       : xc7v2000tflg1925-1
------------------------------------------------------------------------------------

Upgrade Log for IP 'b2000t_c2c_bram_dut_0_0'

1. Summary
----------

SUCCESS in the upgrade of b2000t_c2c_bram_dut_0_0 (user.org:user:dut:1.0) from (Rev. 6) to (Rev. 7)






Copyright 1986-2016 Xilinx, Inc. All Rights Reserved.
------------------------------------------------------------------------------------
| Tool Version : Vivado v.2016.4 (lin64) Build 1733598 Wed Dec 14 22:35:42 MST 2016
| Date         : Wed Jun 21 16:19:43 2017
| Host         : HyperSilicon running 64-bit CentOS release 6.4 (Final)
| Command      : upgrade_ip
| Device       : xc7v2000tflg1925-1
------------------------------------------------------------------------------------

Upgrade Log for IP 'b2000t_c2c_bram_dut_0_0'

1. Summary
----------

CAUTION (success, with warnings) in the upgrade of b2000t_c2c_bram_dut_0_0 (user.org:user:dut:1.0) from (Rev. 5) to (Rev. 6)

After upgrade, an IP may have parameter and port differences compared to the original customization. Please review the parameters within the IP customization GUI to ensure proper functionality. Also, please review the updated IP instantiation template to ensure proper connectivity, and update your design if required.

2. Interface Information
------------------------

Detected external interface differences while upgrading 'b2000t_c2c_bram_dut_0_0'.


-Upgrade has removed interface 'rstn'

-Upgrade has added interface 'rst' (xilinx.com:signal:reset:1.0)


3. Connection Warnings
----------------------

Detected external port differences while upgrading 'b2000t_c2c_bram_dut_0_0'. These changes may impact your design.


-Upgrade has removed port 'rstn'

-Upgrade has added port 'rst'







Copyright 1986-2016 Xilinx, Inc. All Rights Reserved.
------------------------------------------------------------------------------------
| Tool Version : Vivado v.2016.4 (lin64) Build 1733598 Wed Dec 14 22:35:42 MST 2016
| Date         : Wed Jun 21 16:05:56 2017
| Host         : HyperSilicon running 64-bit CentOS release 6.4 (Final)
| Command      : upgrade_ip
| Device       : xc7v2000tflg1925-1
------------------------------------------------------------------------------------

Upgrade Log for IP 'b2000t_c2c_bram_dut_0_0'

1. Summary
----------

SUCCESS in the upgrade of b2000t_c2c_bram_dut_0_0 (user.org:user:dut:1.0) from (Rev. 4) to (Rev. 5)






Copyright 1986-2016 Xilinx, Inc. All Rights Reserved.
------------------------------------------------------------------------------------
| Tool Version : Vivado v.2016.4 (lin64) Build 1733598 Wed Dec 14 22:35:42 MST 2016
| Date         : Wed Jun 21 15:27:34 2017
| Host         : HyperSilicon running 64-bit CentOS release 6.4 (Final)
| Command      : upgrade_ip
| Device       : xc7v2000tflg1925-1
------------------------------------------------------------------------------------

Upgrade Log for IP 'b2000t_c2c_bram_dut_0_0'

1. Summary
----------

SUCCESS in the upgrade of b2000t_c2c_bram_dut_0_0 (user.org:user:dut:1.0) from (Rev. 2) to (Rev. 4)






Copyright 1986-2016 Xilinx, Inc. All Rights Reserved.
------------------------------------------------------------------------------------
| Tool Version : Vivado v.2016.4 (lin64) Build 1733598 Wed Dec 14 22:35:42 MST 2016
| Date         : Tue Jun 20 18:52:52 2017
| Host         : HyperSilicon running 64-bit CentOS release 6.4 (Final)
| Command      : upgrade_ip
| Device       : xc7v2000tflg1925-1
------------------------------------------------------------------------------------

Upgrade Log for IP 'b2000t_c2c_bram_jack_0_0'

1. Summary
----------

CAUTION (success, with warnings) in the upgrade of b2000t_c2c_bram_jack_0_0 from user.org:user:jack:1.1 (Rev. 7) to user.org:user:jack:1.2 (Rev. 4)

After upgrade, an IP may have parameter and port differences compared to the original customization. Please review the parameters within the IP customization GUI to ensure proper functionality. Also, please review the updated IP instantiation template to ensure proper connectivity, and update your design if required.

2. Connection Warnings
----------------------

Detected external port differences while upgrading 'b2000t_c2c_bram_jack_0_0'. These changes may impact your design.


-Upgrade has added port 'mode'







Copyright 1986-2016 Xilinx, Inc. All Rights Reserved.
------------------------------------------------------------------------------------
| Tool Version : Vivado v.2016.4 (lin64) Build 1733598 Wed Dec 14 22:35:42 MST 2016
| Date         : Tue Jun 20 18:47:41 2017
| Host         : HyperSilicon running 64-bit CentOS release 6.4 (Final)
| Command      : upgrade_ip
| Device       : xc7v2000tflg1925-1
------------------------------------------------------------------------------------

Upgrade Log for IP 'b2000t_c2c_bram_jack_0_0'

1. Summary
----------

SUCCESS in the upgrade of b2000t_c2c_bram_jack_0_0 from user.org:user:jack:1.0 (Rev. 5) to user.org:user:jack:1.1 (Rev. 7)






Copyright 1986-2016 Xilinx, Inc. All Rights Reserved.
------------------------------------------------------------------------------------
| Tool Version : Vivado v.2016.4 (lin64) Build 1733598 Wed Dec 14 22:35:42 MST 2016
| Date         : Tue Jun 20 18:38:08 2017
| Host         : HyperSilicon running 64-bit CentOS release 6.4 (Final)
| Command      : upgrade_ip
| Device       : xc7v2000tflg1925-1
------------------------------------------------------------------------------------

Upgrade Log for IP 'b2000t_c2c_bram_jack_0_0'

1. Summary
----------

SUCCESS in the upgrade of b2000t_c2c_bram_jack_0_0 (user.org:user:jack:1.0) from (Rev. 3) to (Rev. 5)

