#-----------------------------------------------------------
# Vivado v2016.4 (64-bit)
# SW Build 1733598 on Wed Dec 14 22:35:42 MST 2016
# IP Build 1731160 on Wed Dec 14 23:47:21 MST 2016
# Start of session at: Fri Jun 30 15:30:33 2017
# Process ID: 76062
# Current directory: /home/wesleyguo/github/vivado/vivado/2000t_c2c_bram/b2000t_c2c_bram
# Command line: vivado
# Log file: /home/wesleyguo/github/vivado/vivado/2000t_c2c_bram/b2000t_c2c_bram/vivado.log
# Journal file: /home/wesleyguo/github/vivado/vivado/2000t_c2c_bram/b2000t_c2c_bram/vivado.jou
#-----------------------------------------------------------
start_gui
open_project /home/wesleyguo/github/vivado/vivado/ip/dut/jack_120/jack/jack.xpr
Scanning sources...
Finished scanning sources
INFO: [IP_Flow 19-234] Refreshing IP repositories
INFO: [IP_Flow 19-1700] Loaded user IP repository '/home/wesleyguo/github/vivado/vivado/ip/dut/jack_120/jack/jack.srcs/sources_1/imports/sources_1'.
INFO: [IP_Flow 19-2313] Loaded Vivado IP repository '/home/vivado/vivado201604/Vivado/2016.4/data/ip'.
ipx::open_ipxact_file /home/wesleyguo/github/vivado/vivado/ip/dut/jack_120/jack/jack.srcs/sources_1/imports/sources_1/component.xml
set_property core_revision 4 [ipx::current_core]
ipx::create_xgui_files [ipx::current_core]
ipx::update_checksums [ipx::current_core]
ipx::save_core [ipx::current_core]
update_ip_catalog -rebuild -repo_path /home/wesleyguo/github/vivado/vivado/ip/dut/jack_120/jack/jack.srcs/sources_1/imports/sources_1
INFO: [IP_Flow 19-725] Reloaded user IP repository '/home/wesleyguo/github/vivado/vivado/ip/dut/jack_120/jack/jack.srcs/sources_1/imports/sources_1'
reset_run impl_1
launch_runs impl_1 -jobs 24
[Fri Jun 30 15:38:04 2017] Launched impl_1...
Run output will be captured here: /home/wesleyguo/github/vivado/vivado/ip/dut/jack_120/jack/jack.runs/impl_1/runme.log
set_property version 1.1 [ipx::current_core]
set_property display_name jack_120_v1_1 [ipx::current_core]
set_property description jack_120_v1_1 [ipx::current_core]
set_property core_revision 5 [ipx::current_core]
ipx::create_xgui_files [ipx::current_core]
ipx::update_checksums [ipx::current_core]
ipx::save_core [ipx::current_core]
update_ip_catalog -rebuild -repo_path /home/wesleyguo/github/vivado/vivado/ip/dut/jack_120/jack/jack.srcs/sources_1/imports/sources_1
INFO: [IP_Flow 19-725] Reloaded user IP repository '/home/wesleyguo/github/vivado/vivado/ip/dut/jack_120/jack/jack.srcs/sources_1/imports/sources_1'
set_property core_revision 6 [ipx::current_core]
ipx::create_xgui_files [ipx::current_core]
ipx::update_checksums [ipx::current_core]
ipx::save_core [ipx::current_core]
update_ip_catalog -rebuild -repo_path /home/wesleyguo/github/vivado/vivado/ip/dut/jack_120/jack/jack.srcs/sources_1/imports/sources_1
INFO: [IP_Flow 19-725] Reloaded user IP repository '/home/wesleyguo/github/vivado/vivado/ip/dut/jack_120/jack/jack.srcs/sources_1/imports/sources_1'
set_property core_revision 7 [ipx::current_core]
ipx::create_xgui_files [ipx::current_core]
ipx::update_checksums [ipx::current_core]
ipx::save_core [ipx::current_core]
update_ip_catalog -rebuild -repo_path /home/wesleyguo/github/vivado/vivado/ip/dut/jack_120/jack/jack.srcs/sources_1/imports/sources_1
INFO: [IP_Flow 19-725] Reloaded user IP repository '/home/wesleyguo/github/vivado/vivado/ip/dut/jack_120/jack/jack.srcs/sources_1/imports/sources_1'
exit
INFO: [Common 17-206] Exiting Vivado at Fri Jun 30 19:36:27 2017...
