
*** Running vivado
    with args -log zynq_iic_processing_system7_0_0.vds -m64 -product Vivado -mode batch -messageDb vivado.pb -notrace -source zynq_iic_processing_system7_0_0.tcl


****** Vivado v2016.4 (64-bit)
  **** SW Build 1733598 on Wed Dec 14 22:35:42 MST 2016
  **** IP Build 1731160 on Wed Dec 14 23:47:21 MST 2016
    ** Copyright 1986-2016 Xilinx, Inc. All Rights Reserved.

source zynq_iic_processing_system7_0_0.tcl -notrace
Starting RTL Elaboration : Time (s): cpu = 00:00:09 ; elapsed = 00:00:09 . Memory (MB): peak = 1222.188 ; gain = 206.996 ; free physical = 99699 ; free virtual = 199221
INFO: [Synth 8-638] synthesizing module 'zynq_iic_processing_system7_0_0' [/home/nandykong/zynq_iic/zynq_iic.srcs/sources_1/bd/zynq_iic/ip/zynq_iic_processing_system7_0_0/synth/zynq_iic_processing_system7_0_0.v:60]
INFO: [Synth 8-638] synthesizing module 'processing_system7_v5_5_processing_system7' [/home/nandykong/zynq_iic/zynq_iic.srcs/sources_1/bd/zynq_iic/ip/zynq_iic_processing_system7_0_0/hdl/verilog/processing_system7_v5_5_processing_system7.v:162]
INFO: [Synth 8-638] synthesizing module 'BUFG' [/home/vivado/vivado201604/Vivado/2016.4/scripts/rt/data/unisim_comp.v:607]
INFO: [Synth 8-256] done synthesizing module 'BUFG' (1#1) [/home/vivado/vivado201604/Vivado/2016.4/scripts/rt/data/unisim_comp.v:607]
INFO: [Synth 8-638] synthesizing module 'BIBUF' [/home/vivado/vivado201604/Vivado/2016.4/scripts/rt/data/unisim_comp.v:268]
INFO: [Synth 8-256] done synthesizing module 'BIBUF' (2#1) [/home/vivado/vivado201604/Vivado/2016.4/scripts/rt/data/unisim_comp.v:268]
INFO: [Synth 8-638] synthesizing module 'PS7' [/home/vivado/vivado201604/Vivado/2016.4/scripts/rt/data/unisim_comp.v:33182]
INFO: [Synth 8-256] done synthesizing module 'PS7' (3#1) [/home/vivado/vivado201604/Vivado/2016.4/scripts/rt/data/unisim_comp.v:33182]
INFO: [Synth 8-256] done synthesizing module 'processing_system7_v5_5_processing_system7' (4#1) [/home/nandykong/zynq_iic/zynq_iic.srcs/sources_1/bd/zynq_iic/ip/zynq_iic_processing_system7_0_0/hdl/verilog/processing_system7_v5_5_processing_system7.v:162]
INFO: [Synth 8-256] done synthesizing module 'zynq_iic_processing_system7_0_0' (5#1) [/home/nandykong/zynq_iic/zynq_iic.srcs/sources_1/bd/zynq_iic/ip/zynq_iic_processing_system7_0_0/synth/zynq_iic_processing_system7_0_0.v:60]
Finished RTL Elaboration : Time (s): cpu = 00:00:10 ; elapsed = 00:00:10 . Memory (MB): peak = 1262.664 ; gain = 247.473 ; free physical = 99657 ; free virtual = 199180
Finished RTL Optimization Phase 1 : Time (s): cpu = 00:00:10 ; elapsed = 00:00:10 . Memory (MB): peak = 1262.664 ; gain = 247.473 ; free physical = 99657 ; free virtual = 199180
INFO: [Device 21-403] Loading part xc7z045ffg900-1
Constraint Validation Runtime : Time (s): cpu = 00:00:00.03 ; elapsed = 00:00:00.02 . Memory (MB): peak = 1605.504 ; gain = 0.004 ; free physical = 99414 ; free virtual = 198937
Finished Constraint Validation : Time (s): cpu = 00:00:22 ; elapsed = 00:00:23 . Memory (MB): peak = 1605.504 ; gain = 590.312 ; free physical = 99413 ; free virtual = 198937
Finished Loading Part and Timing Information : Time (s): cpu = 00:00:22 ; elapsed = 00:00:23 . Memory (MB): peak = 1605.504 ; gain = 590.312 ; free physical = 99413 ; free virtual = 198937
Finished applying 'set_property' XDC Constraints : Time (s): cpu = 00:00:23 ; elapsed = 00:00:24 . Memory (MB): peak = 1605.504 ; gain = 590.312 ; free physical = 99413 ; free virtual = 198937
Finished RTL Optimization Phase 2 : Time (s): cpu = 00:00:23 ; elapsed = 00:00:24 . Memory (MB): peak = 1605.504 ; gain = 590.312 ; free physical = 99411 ; free virtual = 198934
Finished Cross Boundary and Area Optimization : Time (s): cpu = 00:00:24 ; elapsed = 00:00:24 . Memory (MB): peak = 1605.504 ; gain = 590.312 ; free physical = 99395 ; free virtual = 198918
Finished Applying XDC Timing Constraints : Time (s): cpu = 00:00:32 ; elapsed = 00:00:33 . Memory (MB): peak = 1748.496 ; gain = 733.305 ; free physical = 99215 ; free virtual = 198738
Finished Timing Optimization : Time (s): cpu = 00:00:32 ; elapsed = 00:00:33 . Memory (MB): peak = 1768.504 ; gain = 753.312 ; free physical = 99195 ; free virtual = 198718
Finished Technology Mapping : Time (s): cpu = 00:00:34 ; elapsed = 00:00:35 . Memory (MB): peak = 1776.512 ; gain = 761.320 ; free physical = 99187 ; free virtual = 198710
Finished IO Insertion : Time (s): cpu = 00:00:35 ; elapsed = 00:00:36 . Memory (MB): peak = 1776.516 ; gain = 761.324 ; free physical = 99187 ; free virtual = 198710
Finished Renaming Generated Instances : Time (s): cpu = 00:00:35 ; elapsed = 00:00:36 . Memory (MB): peak = 1776.516 ; gain = 761.324 ; free physical = 99187 ; free virtual = 198710
Finished Rebuilding User Hierarchy : Time (s): cpu = 00:00:35 ; elapsed = 00:00:36 . Memory (MB): peak = 1776.516 ; gain = 761.324 ; free physical = 99187 ; free virtual = 198710
Finished Renaming Generated Ports : Time (s): cpu = 00:00:35 ; elapsed = 00:00:36 . Memory (MB): peak = 1776.516 ; gain = 761.324 ; free physical = 99187 ; free virtual = 198710
Finished Handling Custom Attributes : Time (s): cpu = 00:00:35 ; elapsed = 00:00:36 . Memory (MB): peak = 1776.516 ; gain = 761.324 ; free physical = 99187 ; free virtual = 198710
Finished Renaming Generated Nets : Time (s): cpu = 00:00:35 ; elapsed = 00:00:36 . Memory (MB): peak = 1776.516 ; gain = 761.324 ; free physical = 99187 ; free virtual = 198710

Report Cell Usage: 
+------+------+------+
|      |Cell  |Count |
+------+------+------+
|1     |BIBUF |   130|
|2     |BUFG  |     1|
|3     |LUT1  |   112|
|4     |PS7   |     1|
+------+------+------+
Finished Writing Synthesis Report : Time (s): cpu = 00:00:36 ; elapsed = 00:00:36 . Memory (MB): peak = 1776.516 ; gain = 761.324 ; free physical = 99187 ; free virtual = 198710
synth_design: Time (s): cpu = 00:00:34 ; elapsed = 00:00:35 . Memory (MB): peak = 1794.516 ; gain = 684.820 ; free physical = 99172 ; free virtual = 198695
