
*** Running vivado
    with args -log jtag_axi_axi_chip2chip_0_0.vds -m64 -product Vivado -mode batch -messageDb vivado.pb -notrace -source jtag_axi_axi_chip2chip_0_0.tcl


****** Vivado v2016.4 (64-bit)
  **** SW Build 1733598 on Wed Dec 14 22:35:42 MST 2016
  **** IP Build 1731160 on Wed Dec 14 23:47:21 MST 2016
    ** Copyright 1986-2016 Xilinx, Inc. All Rights Reserved.

source jtag_axi_axi_chip2chip_0_0.tcl -notrace
Starting RTL Elaboration : Time (s): cpu = 00:00:11 ; elapsed = 00:00:11 . Memory (MB): peak = 1251.902 ; gain = 236.711 ; free physical = 85821 ; free virtual = 193560
INFO: [Synth 8-638] synthesizing module 'jtag_axi_axi_chip2chip_0_0' [/home/wesleyguo/github/vivado/vivado/jtag_c2c/jtag_c2c/jtag_c2c.srcs/sources_1/bd/jtag_axi/ip/jtag_axi_axi_chip2chip_0_0/synth/jtag_axi_axi_chip2chip_0_0.v:58]
INFO: [Synth 8-256] done synthesizing module 'jtag_axi_axi_chip2chip_0_0' (47#1) [/home/wesleyguo/github/vivado/vivado/jtag_c2c/jtag_c2c/jtag_c2c.srcs/sources_1/bd/jtag_axi/ip/jtag_axi_axi_chip2chip_0_0/synth/jtag_axi_axi_chip2chip_0_0.v:58]
Finished RTL Elaboration : Time (s): cpu = 00:02:41 ; elapsed = 00:02:42 . Memory (MB): peak = 1499.680 ; gain = 484.488 ; free physical = 86442 ; free virtual = 194204
Finished RTL Optimization Phase 1 : Time (s): cpu = 00:02:41 ; elapsed = 00:02:43 . Memory (MB): peak = 1499.680 ; gain = 484.488 ; free physical = 86435 ; free virtual = 194204
INFO: [Device 21-403] Loading part xc7z045ffv900-2
Constraint Validation Runtime : Time (s): cpu = 00:00:00.07 ; elapsed = 00:00:00.04 . Memory (MB): peak = 1754.223 ; gain = 0.004 ; free physical = 86210 ; free virtual = 193959
Finished Constraint Validation : Time (s): cpu = 00:02:58 ; elapsed = 00:02:59 . Memory (MB): peak = 1754.223 ; gain = 739.031 ; free physical = 86204 ; free virtual = 193954
Finished Loading Part and Timing Information : Time (s): cpu = 00:02:58 ; elapsed = 00:02:59 . Memory (MB): peak = 1754.223 ; gain = 739.031 ; free physical = 86204 ; free virtual = 193954
Finished applying 'set_property' XDC Constraints : Time (s): cpu = 00:02:58 ; elapsed = 00:02:59 . Memory (MB): peak = 1754.223 ; gain = 739.031 ; free physical = 86184 ; free virtual = 193953
Finished RTL Optimization Phase 2 : Time (s): cpu = 00:03:00 ; elapsed = 00:03:01 . Memory (MB): peak = 1754.223 ; gain = 739.031 ; free physical = 86200 ; free virtual = 193949
Finished Cross Boundary and Area Optimization : Time (s): cpu = 00:03:13 ; elapsed = 00:03:14 . Memory (MB): peak = 1754.223 ; gain = 739.031 ; free physical = 86107 ; free virtual = 193856
---------------------------------------------------------------------------------
Start ROM, RAM, DSP and Shift Register Reporting
---------------------------------------------------------------------------------

Distributed RAM: Preliminary Mapping  Report (see note below)
+----------------------+------------------------------------------------------------------------------------------------------------------------------------------------------------------------------------+----------------+----------------------+---------------+
|Module Name           | RTL Object                                                                                                                                                                         | Inference      | Size (Depth x Width) | Primitives    | 
+----------------------+------------------------------------------------------------------------------------------------------------------------------------------------------------------------------------+----------------+----------------------+---------------+
|axi_chip2chip_v4_2_11 | master_fpga_gen.axi_chip2chip_master_inst/axi_chip2chip_b_fifo_inst/axi_chip2chip_async_fifo_inst/U0/inst_fifo_gen/gconvfifo.rf/grf.rf/gntv_or_sync_fifo.mem/gdm.dm_gen.dm/RAM_reg | User Attribute | 256 x 9              | RAM64M x 12   | 
+----------------------+------------------------------------------------------------------------------------------------------------------------------------------------------------------------------------+----------------+----------------------+---------------+

Note: The table above is a preliminary report that shows the Distributed RAMs at the current stage of the synthesis flow. Some Distributed RAMs may be reimplemented as non Distributed RAM primitives later in the synthesis flow. Multiple instantiated RAMs are reported only once.
---------------------------------------------------------------------------------
Finished ROM, RAM, DSP and Shift Register Reporting
---------------------------------------------------------------------------------
Finished Applying XDC Timing Constraints : Time (s): cpu = 00:03:21 ; elapsed = 00:03:23 . Memory (MB): peak = 1762.551 ; gain = 747.359 ; free physical = 85991 ; free virtual = 193741
Finished Timing Optimization : Time (s): cpu = 00:03:22 ; elapsed = 00:03:23 . Memory (MB): peak = 1765.551 ; gain = 750.359 ; free physical = 85984 ; free virtual = 193734
Finished Technology Mapping : Time (s): cpu = 00:03:23 ; elapsed = 00:03:24 . Memory (MB): peak = 1797.918 ; gain = 782.727 ; free physical = 85919 ; free virtual = 193669
Finished IO Insertion : Time (s): cpu = 00:03:23 ; elapsed = 00:03:25 . Memory (MB): peak = 1797.922 ; gain = 782.730 ; free physical = 85919 ; free virtual = 193669
Finished Renaming Generated Instances : Time (s): cpu = 00:03:23 ; elapsed = 00:03:25 . Memory (MB): peak = 1797.922 ; gain = 782.730 ; free physical = 85919 ; free virtual = 193669
Finished Rebuilding User Hierarchy : Time (s): cpu = 00:03:24 ; elapsed = 00:03:25 . Memory (MB): peak = 1797.922 ; gain = 782.730 ; free physical = 85919 ; free virtual = 193669
Finished Renaming Generated Ports : Time (s): cpu = 00:03:24 ; elapsed = 00:03:25 . Memory (MB): peak = 1797.922 ; gain = 782.730 ; free physical = 85919 ; free virtual = 193669
Finished Handling Custom Attributes : Time (s): cpu = 00:03:24 ; elapsed = 00:03:25 . Memory (MB): peak = 1797.922 ; gain = 782.730 ; free physical = 85919 ; free virtual = 193669
Finished Renaming Generated Nets : Time (s): cpu = 00:03:24 ; elapsed = 00:03:25 . Memory (MB): peak = 1797.922 ; gain = 782.730 ; free physical = 85919 ; free virtual = 193669

Report Cell Usage: 
+------+---------+------+
|      |Cell     |Count |
+------+---------+------+
|1     |CARRY4   |    27|
|2     |LUT1     |    56|
|3     |LUT2     |   188|
|4     |LUT3     |   207|
|5     |LUT4     |   199|
|6     |LUT5     |   127|
|7     |LUT6     |   277|
|8     |MUXCY    |    40|
|9     |RAM64M   |    12|
|10    |RAMB36E1 |     4|
|11    |SRLC32E  |     4|
|12    |FDCE     |   507|
|13    |FDPE     |   127|
|14    |FDRE     |  1188|
|15    |FDSE     |    31|
+------+---------+------+
Finished Writing Synthesis Report : Time (s): cpu = 00:03:24 ; elapsed = 00:03:25 . Memory (MB): peak = 1797.922 ; gain = 782.730 ; free physical = 85919 ; free virtual = 193669
synth_design: Time (s): cpu = 00:03:27 ; elapsed = 00:03:29 . Memory (MB): peak = 2343.168 ; gain = 1205.762 ; free physical = 85169 ; free virtual = 192918
