Copyright 1986-2016 Xilinx, Inc. All Rights Reserved.
----------------------------------------------------------------------------------------------
| Tool Version : Vivado v.2016.4 (lin64) Build 1733598 Wed Dec 14 22:35:42 MST 2016
| Date         : Fri Jun 30 18:52:08 2017
| Host         : HyperSilicon running 64-bit CentOS release 6.4 (Final)
| Command      : report_clock_utilization -file jtag_axi_wrapper_clock_utilization_routed.rpt
| Design       : jtag_axi_wrapper
| Device       : 7z045-ffv900
| Speed File   : -2  PRODUCTION 1.11 2014-09-11
----------------------------------------------------------------------------------------------

Clock Utilization Report

Table of Contents
-----------------
1. Clock Primitive Utilization
2. Global Clock Resources
3. Global Clock Source Details
4. Clock Regions: Key Resource Utilization
5. Clock Regions : Global Clock Summary
6. Cell Type Counts per Global Clock: Region X1Y0
7. Cell Type Counts per Global Clock: Region X1Y1
8. Cell Type Counts per Global Clock: Region X0Y2
9. Cell Type Counts per Global Clock: Region X1Y2
10. Cell Type Counts per Global Clock: Region X0Y3
11. Cell Type Counts per Global Clock: Region X1Y3
12. Cell Type Counts per Global Clock: Region X0Y4
13. Cell Type Counts per Global Clock: Region X1Y4
14. Cell Type Counts per Global Clock: Region X0Y5
15. Cell Type Counts per Global Clock: Region X1Y5
16. Cell Type Counts per Global Clock: Region X0Y6
17. Load Cell Placement Summary for Global Clock g0
18. Load Cell Placement Summary for Global Clock g1
19. Load Cell Placement Summary for Global Clock g2
20. Load Cell Placement Summary for Global Clock g3
21. Load Cell Placement Summary for Global Clock g4
22. Load Cell Placement Summary for Global Clock g5
23. Load Cell Placement Summary for Global Clock g6
24. Load Cell Placement Summary for Global Clock g7

1. Clock Primitive Utilization
------------------------------

+----------+------+-----------+-----+--------------+--------+
| Type     | Used | Available | LOC | Clock Region | Pblock |
+----------+------+-----------+-----+--------------+--------+
| BUFGCTRL |    8 |        32 |   0 |            0 |      0 |
| BUFH     |    0 |       168 |   0 |            0 |      0 |
| BUFIO    |    0 |        32 |   0 |            0 |      0 |
| BUFMR    |    0 |        16 |   0 |            0 |      0 |
| BUFR     |    0 |        32 |   0 |            0 |      0 |
| MMCM     |    2 |         8 |   0 |            0 |      0 |
| PLL      |    0 |         8 |   0 |            0 |      0 |
+----------+------+-----------+-----+--------------+--------+


2. Global Clock Resources
-------------------------

+-----------+-----------+-----------------+------------+----------------+--------------+------+-------------------+-------------------+-------------+-----------------+--------------+---------------------------------------------------------------------------------------------------------------------------------------------------------------------------------------------------+--------------------------------------------------------------------------------------------------------------------------+-----------------------------------------------------------------------------------------------------------------------------+
| Global Id | Source Id | Driver Type/Pin | Constraint | Site           | Clock Region | Root | Clock Delay Group | Load Clock Region | Clock Loads | Non-Clock Loads | Clock Period | Clock                                                                                                                                                                                             | Driver Pin                                                                                                               | Net                                                                                                                         |
+-----------+-----------+-----------------+------------+----------------+--------------+------+-------------------+-------------------+-------------+-----------------+--------------+---------------------------------------------------------------------------------------------------------------------------------------------------------------------------------------------------+--------------------------------------------------------------------------------------------------------------------------+-----------------------------------------------------------------------------------------------------------------------------+
| g0        | src0      | BUFG/O          | None       | BUFGCTRL_X0Y16 | n/a          |      |                   |                 6 |       10090 |               0 |        6.667 | clk_out1_jtag_axi_clk_wiz_0                                                                                                                                                                       | jtag_axi_i/clk_wiz/inst/clkout1_buf/O                                                                                    | jtag_axi_i/clk_wiz/inst/clk_out1                                                                                            |
| g1        | src1      | BUFG/O          | None       | BUFGCTRL_X0Y0  | n/a          |      |                   |                 7 |        1794 |               0 |       10.240 | user_clk_i                                                                                                                                                                                        | jtag_axi_i/aurora_64b66b_0/inst/clock_module_i/user_clk_net_i/O                                                          | jtag_axi_i/aurora_64b66b_0/inst/clock_module_i/user_clk_i_0                                                                 |
| g2        | src2      | BUFGCTRL/O      | None       | BUFGCTRL_X0Y1  | n/a          |      |                   |                 6 |         605 |               0 |        5.120 | jtag_axi_i/aurora_64b66b_0/inst/jtag_axi_aurora_64b66b_0_0_core_i/jtag_axi_aurora_64b66b_0_0_wrapper_i/jtag_axi_aurora_64b66b_0_0_multi_gt_i/jtag_axi_aurora_64b66b_0_0_gtx_inst/gtxe2_i/RXOUTCLK | jtag_axi_i/aurora_64b66b_0/inst/jtag_axi_aurora_64b66b_0_0_core_i/jtag_axi_aurora_64b66b_0_0_wrapper_i/rxrecclk_bufg_i/O | jtag_axi_i/aurora_64b66b_0/inst/jtag_axi_aurora_64b66b_0_0_core_i/jtag_axi_aurora_64b66b_0_0_wrapper_i/rxrecclk_to_fabric_i |
| g3        | src3      | BUFG/O          | None       | BUFGCTRL_X0Y3  | n/a          |      |                   |                 2 |         369 |               0 |       33.000 | dbg_hub/inst/SWITCH_N_EXT_BSCAN.bscan_inst/SERIES7_BSCAN.bscan_inst/TCK                                                                                                                           | dbg_hub/inst/SWITCH_N_EXT_BSCAN.u_bufg_icon_tck/O                                                                        | dbg_hub/inst/itck_i                                                                                                         |
| g4        | src4      | BUFG/O          | None       | BUFGCTRL_X0Y17 | n/a          |      |                   |                 5 |         301 |               0 |       10.000 | INIT_DIFF_CLK_clk_p                                                                                                                                                                               | jtag_axi_i/aurora_64b66b_0/inst/clock_module_i/initclk_bufg_i/O                                                          | jtag_axi_i/aurora_64b66b_0/inst/clock_module_i/INIT_CLK_i                                                                   |
| g5        | src1      | BUFG/O          | None       | BUFGCTRL_X0Y2  | n/a          |      |                   |                 1 |          34 |               0 |        5.120 | sync_clk_i                                                                                                                                                                                        | jtag_axi_i/aurora_64b66b_0/inst/clock_module_i/sync_clock_net_i/O                                                        | jtag_axi_i/aurora_64b66b_0/inst/clock_module_i/sync_clk_i_0                                                                 |
| g6        | src2      | BUFG/O          | None       | BUFGCTRL_X0Y4  | n/a          |      |                   |                 1 |           1 |               0 |        5.120 | jtag_axi_i/aurora_64b66b_0/inst/jtag_axi_aurora_64b66b_0_0_core_i/jtag_axi_aurora_64b66b_0_0_wrapper_i/jtag_axi_aurora_64b66b_0_0_multi_gt_i/jtag_axi_aurora_64b66b_0_0_gtx_inst/gtxe2_i/TXOUTCLK | jtag_axi_i/aurora_64b66b_0/inst/clock_module_i/txout_clock_net_i/O                                                       | jtag_axi_i/aurora_64b66b_0/inst/clock_module_i/clk_in_i                                                                     |
| g7        | src0      | BUFG/O          | None       | BUFGCTRL_X0Y18 | n/a          |      |                   |                 1 |           1 |               0 |       20.000 | clkfbout_jtag_axi_clk_wiz_0                                                                                                                                                                       | jtag_axi_i/clk_wiz/inst/clkf_buf/O                                                                                       | jtag_axi_i/clk_wiz/inst/clkfbout_buf_jtag_axi_clk_wiz_0                                                                     |
+-----------+-----------+-----------------+------------+----------------+--------------+------+-------------------+-------------------+-------------+-----------------+--------------+---------------------------------------------------------------------------------------------------------------------------------------------------------------------------------------------------+--------------------------------------------------------------------------------------------------------------------------+-----------------------------------------------------------------------------------------------------------------------------+
* Clock Loads column represents the clock pin loads (pin count)
** Non-Clock Loads column represents the non-clock pin loads (pin count)


3. Global Clock Source Details
------------------------------

+-----------+-----------+------------------------+--------------------+--------------------+--------------+-------------+-----------------+---------------------+---------------------------------------------------------------------------------------------------------------------------------------------------------------------------------------------------+---------------------------------------------------------------------------------------------------------------------------------------------------------------------------------------------------+------------------------------------------------------------------------------------------------------------------------------------------------------------------------------------------------------+
| Source Id | Global Id | Driver Type/Pin        | Constraint         | Site               | Clock Region | Clock Loads | Non-Clock Loads | Source Clock Period | Source Clock                                                                                                                                                                                      | Driver Pin                                                                                                                                                                                        | Net                                                                                                                                                                                                  |
+-----------+-----------+------------------------+--------------------+--------------------+--------------+-------------+-----------------+---------------------+---------------------------------------------------------------------------------------------------------------------------------------------------------------------------------------------------+---------------------------------------------------------------------------------------------------------------------------------------------------------------------------------------------------+------------------------------------------------------------------------------------------------------------------------------------------------------------------------------------------------------+
| src0      | g0        | MMCME2_ADV/CLKOUT0     | None               | MMCME2_ADV_X1Y5    | X1Y5         |           1 |               0 |               6.667 | clk_out1_jtag_axi_clk_wiz_0                                                                                                                                                                       | jtag_axi_i/clk_wiz/inst/mmcm_adv_inst/CLKOUT0                                                                                                                                                     | jtag_axi_i/clk_wiz/inst/clk_out1_jtag_axi_clk_wiz_0                                                                                                                                                  |
| src0      | g7        | MMCME2_ADV/CLKFBOUT    | None               | MMCME2_ADV_X1Y5    | X1Y5         |           1 |               0 |              20.000 | clkfbout_jtag_axi_clk_wiz_0                                                                                                                                                                       | jtag_axi_i/clk_wiz/inst/mmcm_adv_inst/CLKFBOUT                                                                                                                                                    | jtag_axi_i/clk_wiz/inst/clkfbout_jtag_axi_clk_wiz_0                                                                                                                                                  |
| src1      | g5        | MMCME2_ADV/CLKOUT1     | None               | MMCME2_ADV_X0Y2    | X0Y2         |           1 |               0 |               5.120 | sync_clk_i                                                                                                                                                                                        | jtag_axi_i/aurora_64b66b_0/inst/clock_module_i/mmcm_adv_inst/CLKOUT1                                                                                                                              | jtag_axi_i/aurora_64b66b_0/inst/clock_module_i/sync_clk_i                                                                                                                                            |
| src1      | g1        | MMCME2_ADV/CLKOUT0     | None               | MMCME2_ADV_X0Y2    | X0Y2         |           1 |               0 |              10.240 | user_clk_i                                                                                                                                                                                        | jtag_axi_i/aurora_64b66b_0/inst/clock_module_i/mmcm_adv_inst/CLKOUT0                                                                                                                              | jtag_axi_i/aurora_64b66b_0/inst/clock_module_i/user_clk_i                                                                                                                                            |
| src2      | g2        | GTXE2_CHANNEL/RXOUTCLK | GTXE2_CHANNEL_X0Y4 | GTXE2_CHANNEL_X0Y4 | X1Y1         |           1 |               0 |               5.120 | jtag_axi_i/aurora_64b66b_0/inst/jtag_axi_aurora_64b66b_0_0_core_i/jtag_axi_aurora_64b66b_0_0_wrapper_i/jtag_axi_aurora_64b66b_0_0_multi_gt_i/jtag_axi_aurora_64b66b_0_0_gtx_inst/gtxe2_i/RXOUTCLK | jtag_axi_i/aurora_64b66b_0/inst/jtag_axi_aurora_64b66b_0_0_core_i/jtag_axi_aurora_64b66b_0_0_wrapper_i/jtag_axi_aurora_64b66b_0_0_multi_gt_i/jtag_axi_aurora_64b66b_0_0_gtx_inst/gtxe2_i/RXOUTCLK | jtag_axi_i/aurora_64b66b_0/inst/jtag_axi_aurora_64b66b_0_0_core_i/jtag_axi_aurora_64b66b_0_0_wrapper_i/jtag_axi_aurora_64b66b_0_0_multi_gt_i/jtag_axi_aurora_64b66b_0_0_gtx_inst/rxrecclk_from_gtx_i |
| src2      | g6        | GTXE2_CHANNEL/TXOUTCLK | GTXE2_CHANNEL_X0Y4 | GTXE2_CHANNEL_X0Y4 | X1Y1         |           1 |               0 |               5.120 | jtag_axi_i/aurora_64b66b_0/inst/jtag_axi_aurora_64b66b_0_0_core_i/jtag_axi_aurora_64b66b_0_0_wrapper_i/jtag_axi_aurora_64b66b_0_0_multi_gt_i/jtag_axi_aurora_64b66b_0_0_gtx_inst/gtxe2_i/TXOUTCLK | jtag_axi_i/aurora_64b66b_0/inst/jtag_axi_aurora_64b66b_0_0_core_i/jtag_axi_aurora_64b66b_0_0_wrapper_i/jtag_axi_aurora_64b66b_0_0_multi_gt_i/jtag_axi_aurora_64b66b_0_0_gtx_inst/gtxe2_i/TXOUTCLK | jtag_axi_i/aurora_64b66b_0/inst/jtag_axi_aurora_64b66b_0_0_core_i/jtag_axi_aurora_64b66b_0_0_wrapper_i/jtag_axi_aurora_64b66b_0_0_multi_gt_i/jtag_axi_aurora_64b66b_0_0_gtx_inst/tx_out_clk          |
| src3      | g3        | BSCANE2/TCK            | None               | BSCAN_X0Y0         | X1Y5         |           1 |               0 |              33.000 | dbg_hub/inst/SWITCH_N_EXT_BSCAN.bscan_inst/SERIES7_BSCAN.bscan_inst/TCK                                                                                                                           | dbg_hub/inst/SWITCH_N_EXT_BSCAN.bscan_inst/SERIES7_BSCAN.bscan_inst/TCK                                                                                                                           | dbg_hub/inst/SWITCH_N_EXT_BSCAN.bscan_inst/tck_bs                                                                                                                                                    |
| src4      | g4        | IBUFDS/O               | IOB_X1Y272         | IOB_X1Y272         | X1Y5         |           1 |               0 |              10.000 | INIT_DIFF_CLK_clk_p                                                                                                                                                                               | jtag_axi_i/aurora_64b66b_0/inst/clock_module_i/IBUFDS_INIT_CLK/O                                                                                                                                  | jtag_axi_i/aurora_64b66b_0/inst/clock_module_i/INIT_CLK_IN                                                                                                                                           |
+-----------+-----------+------------------------+--------------------+--------------------+--------------+-------------+-----------------+---------------------+---------------------------------------------------------------------------------------------------------------------------------------------------------------------------------------------------+---------------------------------------------------------------------------------------------------------------------------------------------------------------------------------------------------+------------------------------------------------------------------------------------------------------------------------------------------------------------------------------------------------------+
* Clock Loads column represents the clock pin loads (pin count)
** Non-Clock Loads column represents the non-clock pin loads (pin count)


4. Clock Regions: Key Resource Utilization
------------------------------------------

+-------------------+--------------+--------------+--------------+--------------+--------------+--------------+--------------+--------------+--------------+--------------+--------------+--------------+--------------+--------------+--------------+
|                   | Global Clock |     BUFRs    |    BUFMRs    |    BUFIOs    |     MMCM     |      PLL     |      GT      |      PCI     |    ILOGIC    |    OLOGIC    |      FF      |     LUTM     |    RAMB18    |    RAMB36    |    DSP48E2   |
+-------------------+------+-------+------+-------+------+-------+------+-------+------+-------+------+-------+------+-------+------+-------+------+-------+------+-------+------+-------+------+-------+------+-------+------+-------+------+-------+
| Clock Region Name | Used | Avail | Used | Avail | Used | Avail | Used | Avail | Used | Avail | Used | Avail | Used | Avail | Used | Avail | Used | Avail | Used | Avail | Used | Avail | Used | Avail | Used | Avail | Used | Avail | Used | Avail |
+-------------------+------+-------+------+-------+------+-------+------+-------+------+-------+------+-------+------+-------+------+-------+------+-------+------+-------+------+-------+------+-------+------+-------+------+-------+------+-------+
| X0Y0              |    0 |    12 |    0 |     4 |    0 |     2 |    0 |     4 |    0 |     1 |    0 |     1 |    0 |     0 |    0 |     0 |    0 |    50 |    0 |    50 |    0 |  4500 |    0 |  1600 |    0 |    80 |    0 |    40 |    0 |    80 |
| X1Y0              |    1 |    12 |    0 |     0 |    0 |     0 |    0 |     0 |    0 |     0 |    0 |     0 |    0 |     4 |    0 |     0 |    0 |     0 |    0 |     0 |    8 |  3700 |    8 |  1050 |    0 |    80 |    0 |    40 |    0 |    60 |
| X0Y1              |    0 |    12 |    0 |     4 |    0 |     2 |    0 |     4 |    0 |     1 |    0 |     1 |    0 |     0 |    0 |     0 |    0 |    50 |    0 |    50 |    0 |  4500 |    0 |  1600 |    0 |    80 |    0 |    40 |    0 |    80 |
| X1Y1              |    5 |    12 |    0 |     0 |    0 |     0 |    0 |     0 |    0 |     0 |    0 |     0 |    1 |     4 |    0 |     0 |    0 |     0 |    0 |     0 |  559 |  3700 |  243 |  1050 |    0 |    80 |    0 |    40 |    0 |    60 |
| X0Y2              |    1 |    12 |    0 |     4 |    0 |     2 |    0 |     4 |    1 |     1 |    0 |     1 |    0 |     0 |    0 |     0 |    0 |    50 |    0 |    50 |    0 |  4500 |    0 |  1600 |    0 |    80 |    0 |    40 |    0 |    80 |
| X1Y2              |    2 |    12 |    0 |     0 |    0 |     0 |    0 |     0 |    0 |     0 |    0 |     0 |    0 |     4 |    0 |     0 |    0 |     0 |    0 |     0 |  150 |  3700 |   39 |  1050 |    0 |    80 |    0 |    40 |    0 |    60 |
| X0Y3              |    3 |    12 |    0 |     4 |    0 |     2 |    0 |     4 |    0 |     1 |    0 |     1 |    0 |     0 |    0 |     0 |    0 |    50 |    0 |    50 |   89 |  4500 |   26 |  1600 |    0 |    80 |    0 |    40 |    0 |    80 |
| X1Y3              |    3 |    12 |    0 |     0 |    0 |     0 |    0 |     0 |    0 |     0 |    0 |     0 |    0 |     4 |    0 |     1 |    0 |     0 |    0 |     0 |  340 |  3550 |  136 |  1000 |    0 |    70 |    0 |    35 |    0 |    60 |
| X0Y4              |    3 |    12 |    0 |     4 |    0 |     2 |    0 |     4 |    0 |     1 |    0 |     1 |    0 |     0 |    0 |     0 |    0 |    50 |    0 |    50 | 2311 |  4500 | 1155 |  1600 |    0 |    80 |   19 |    40 |    0 |    80 |
| X1Y4              |    4 |    12 |    0 |     4 |    0 |     2 |    0 |     4 |    0 |     1 |    0 |     1 |    0 |     0 |    0 |     0 |    0 |    50 |    0 |    50 |  238 |  4100 |  148 |  1150 |    0 |   100 |    2 |    50 |    0 |    60 |
| X0Y5              |    3 |    12 |    0 |     0 |    0 |     0 |    0 |     0 |    0 |     0 |    0 |     0 |    0 |     0 |    0 |     0 |    0 |     0 |    0 |     0 | 8066 |  3200 | 2624 |  1000 |    0 |    40 |   11 |    20 |    0 |    40 |
| X1Y5              |    3 |    12 |    0 |     4 |    0 |     2 |    0 |     4 |    1 |     1 |    0 |     1 |    0 |     0 |    0 |     0 |    0 |    50 |    0 |    50 |  180 |  3500 |   92 |  1150 |    0 |   100 |    1 |    50 |    0 |    60 |
| X0Y6              |    1 |    12 |    0 |     0 |    0 |     0 |    0 |     0 |    0 |     0 |    0 |     0 |    0 |     0 |    0 |     0 |    0 |     0 |    0 |     0 |   98 |  3200 |   46 |  1000 |    0 |    40 |    0 |    20 |    0 |    40 |
| X1Y6              |    0 |    12 |    0 |     4 |    0 |     2 |    0 |     4 |    0 |     1 |    0 |     1 |    0 |     0 |    0 |     0 |    0 |    50 |    0 |    50 |    0 |  3500 |    0 |  1150 |    0 |   100 |    0 |    50 |    0 |    60 |
+-------------------+------+-------+------+-------+------+-------+------+-------+------+-------+------+-------+------+-------+------+-------+------+-------+------+-------+------+-------+------+-------+------+-------+------+-------+------+-------+
* Global Clock column represents track count; while other columns represents cell counts


5. Clock Regions : Global Clock Summary
---------------------------------------

+----+----+----+
|    | X0 | X1 |
+----+----+----+
| Y6 |  1 |  0 |
| Y5 |  3 |  3 |
| Y4 |  3 |  4 |
| Y3 |  3 |  3 |
| Y2 |  1 |  2 |
| Y1 |  0 |  5 |
| Y0 |  0 |  1 |
+----+----+----+


6. Cell Type Counts per Global Clock: Region X1Y0
-------------------------------------------------

+-----------+-------+-----------------+------------+-------------+-----------------+----+--------+------+-----+----+------+-----+---------+-----------------------------------------------------------+
| Global Id | Track | Driver Type/Pin | Constraint | Clock Loads | Non-Clock Loads | FF | LUTRAM | RAMB | DSP | GT | MMCM | PLL | Hard IP | Net                                                       |
+-----------+-------+-----------------+------------+-------------+-----------------+----+--------+------+-----+----+------+-----+---------+-----------------------------------------------------------+
| g4        | n/a   | BUFG/O          | None       |           8 |               0 |  8 |      0 |    0 |   0 |  0 |    0 |   0 |       0 | jtag_axi_i/aurora_64b66b_0/inst/clock_module_i/INIT_CLK_i |
+-----------+-------+-----------------+------------+-------------+-----------------+----+--------+------+-----+----+------+-----+---------+-----------------------------------------------------------+
* Clock Loads column represents the clock pin loads (pin count)
** Non-Clock Loads column represents the non-clock pin loads (pin count)
*** Columns FF, LUTRAM, RAMB through 'Hard IP' represents load cell counts


7. Cell Type Counts per Global Clock: Region X1Y1
-------------------------------------------------

+-----------+-------+-----------------+------------+-------------+-----------------+-----+--------+------+-----+----+------+-----+---------+-----------------------------------------------------------------------------------------------------------------------------+
| Global Id | Track | Driver Type/Pin | Constraint | Clock Loads | Non-Clock Loads | FF  | LUTRAM | RAMB | DSP | GT | MMCM | PLL | Hard IP | Net                                                                                                                         |
+-----------+-------+-----------------+------------+-------------+-----------------+-----+--------+------+-----+----+------+-----+---------+-----------------------------------------------------------------------------------------------------------------------------+
| g0        | n/a   | BUFG/O          | None       |           2 |               0 |   0 |      0 |    0 |   0 |  1 |    0 |   0 |       0 | jtag_axi_i/clk_wiz/inst/clk_out1                                                                                            |
| g1        | n/a   | BUFG/O          | None       |         277 |               0 | 276 |      0 |    0 |   0 |  1 |    0 |   0 |       0 | jtag_axi_i/aurora_64b66b_0/inst/clock_module_i/user_clk_i_0                                                                 |
| g2        | n/a   | BUFGCTRL/O      | None       |          92 |               0 |  58 |     33 |    0 |   0 |  1 |    0 |   0 |       0 | jtag_axi_i/aurora_64b66b_0/inst/jtag_axi_aurora_64b66b_0_0_core_i/jtag_axi_aurora_64b66b_0_0_wrapper_i/rxrecclk_to_fabric_i |
| g4        | n/a   | BUFG/O          | None       |         194 |               0 | 192 |      0 |    0 |   0 |  1 |    0 |   0 |       0 | jtag_axi_i/aurora_64b66b_0/inst/clock_module_i/INIT_CLK_i                                                                   |
| g5        | n/a   | BUFG/O          | None       |          34 |               0 |  33 |      0 |    0 |   0 |  1 |    0 |   0 |       0 | jtag_axi_i/aurora_64b66b_0/inst/clock_module_i/sync_clk_i_0                                                                 |
+-----------+-------+-----------------+------------+-------------+-----------------+-----+--------+------+-----+----+------+-----+---------+-----------------------------------------------------------------------------------------------------------------------------+
* Clock Loads column represents the clock pin loads (pin count)
** Non-Clock Loads column represents the non-clock pin loads (pin count)
*** Columns FF, LUTRAM, RAMB through 'Hard IP' represents load cell counts


8. Cell Type Counts per Global Clock: Region X0Y2
-------------------------------------------------

+-----------+-------+-----------------+------------+-------------+-----------------+----+--------+------+-----+----+------+-----+---------+---------------------------------------------------------+
| Global Id | Track | Driver Type/Pin | Constraint | Clock Loads | Non-Clock Loads | FF | LUTRAM | RAMB | DSP | GT | MMCM | PLL | Hard IP | Net                                                     |
+-----------+-------+-----------------+------------+-------------+-----------------+----+--------+------+-----+----+------+-----+---------+---------------------------------------------------------+
| g6        | n/a   | BUFG/O          | None       |           1 |               0 |  0 |      0 |    0 |   0 |  0 |    1 |   0 |       0 | jtag_axi_i/aurora_64b66b_0/inst/clock_module_i/clk_in_i |
+-----------+-------+-----------------+------------+-------------+-----------------+----+--------+------+-----+----+------+-----+---------+---------------------------------------------------------+
* Clock Loads column represents the clock pin loads (pin count)
** Non-Clock Loads column represents the non-clock pin loads (pin count)
*** Columns FF, LUTRAM, RAMB through 'Hard IP' represents load cell counts


9. Cell Type Counts per Global Clock: Region X1Y2
-------------------------------------------------

+-----------+-------+-----------------+------------+-------------+-----------------+-----+--------+------+-----+----+------+-----+---------+-----------------------------------------------------------------------------------------------------------------------------+
| Global Id | Track | Driver Type/Pin | Constraint | Clock Loads | Non-Clock Loads | FF  | LUTRAM | RAMB | DSP | GT | MMCM | PLL | Hard IP | Net                                                                                                                         |
+-----------+-------+-----------------+------------+-------------+-----------------+-----+--------+------+-----+----+------+-----+---------+-----------------------------------------------------------------------------------------------------------------------------+
| g1        | n/a   | BUFG/O          | None       |         110 |               0 | 110 |      0 |    0 |   0 |  0 |    0 |   0 |       0 | jtag_axi_i/aurora_64b66b_0/inst/clock_module_i/user_clk_i_0                                                                 |
| g2        | n/a   | BUFGCTRL/O      | None       |          43 |               0 |  40 |      3 |    0 |   0 |  0 |    0 |   0 |       0 | jtag_axi_i/aurora_64b66b_0/inst/jtag_axi_aurora_64b66b_0_0_core_i/jtag_axi_aurora_64b66b_0_0_wrapper_i/rxrecclk_to_fabric_i |
+-----------+-------+-----------------+------------+-------------+-----------------+-----+--------+------+-----+----+------+-----+---------+-----------------------------------------------------------------------------------------------------------------------------+
* Clock Loads column represents the clock pin loads (pin count)
** Non-Clock Loads column represents the non-clock pin loads (pin count)
*** Columns FF, LUTRAM, RAMB through 'Hard IP' represents load cell counts


10. Cell Type Counts per Global Clock: Region X0Y3
--------------------------------------------------

+-----------+-------+-----------------+------------+-------------+-----------------+----+--------+------+-----+----+------+-----+---------+-----------------------------------------------------------------------------------------------------------------------------+
| Global Id | Track | Driver Type/Pin | Constraint | Clock Loads | Non-Clock Loads | FF | LUTRAM | RAMB | DSP | GT | MMCM | PLL | Hard IP | Net                                                                                                                         |
+-----------+-------+-----------------+------------+-------------+-----------------+----+--------+------+-----+----+------+-----+---------+-----------------------------------------------------------------------------------------------------------------------------+
| g1        | n/a   | BUFG/O          | None       |          83 |               0 | 83 |      0 |    0 |   0 |  0 |    0 |   0 |       0 | jtag_axi_i/aurora_64b66b_0/inst/clock_module_i/user_clk_i_0                                                                 |
| g2        | n/a   | BUFGCTRL/O      | None       |           4 |               0 |  4 |      0 |    0 |   0 |  0 |    0 |   0 |       0 | jtag_axi_i/aurora_64b66b_0/inst/jtag_axi_aurora_64b66b_0_0_core_i/jtag_axi_aurora_64b66b_0_0_wrapper_i/rxrecclk_to_fabric_i |
| g4        | n/a   | BUFG/O          | None       |           6 |               0 |  2 |      4 |    0 |   0 |  0 |    0 |   0 |       0 | jtag_axi_i/aurora_64b66b_0/inst/clock_module_i/INIT_CLK_i                                                                   |
+-----------+-------+-----------------+------------+-------------+-----------------+----+--------+------+-----+----+------+-----+---------+-----------------------------------------------------------------------------------------------------------------------------+
* Clock Loads column represents the clock pin loads (pin count)
** Non-Clock Loads column represents the non-clock pin loads (pin count)
*** Columns FF, LUTRAM, RAMB through 'Hard IP' represents load cell counts


11. Cell Type Counts per Global Clock: Region X1Y3
--------------------------------------------------

+-----------+-------+-----------------+------------+-------------+-----------------+-----+--------+------+-----+----+------+-----+---------+-----------------------------------------------------------------------------------------------------------------------------+
| Global Id | Track | Driver Type/Pin | Constraint | Clock Loads | Non-Clock Loads | FF  | LUTRAM | RAMB | DSP | GT | MMCM | PLL | Hard IP | Net                                                                                                                         |
+-----------+-------+-----------------+------------+-------------+-----------------+-----+--------+------+-----+----+------+-----+---------+-----------------------------------------------------------------------------------------------------------------------------+
| g1        | n/a   | BUFG/O          | None       |         101 |               0 | 101 |      0 |    0 |   0 |  0 |    0 |   0 |       0 | jtag_axi_i/aurora_64b66b_0/inst/clock_module_i/user_clk_i_0                                                                 |
| g2        | n/a   | BUFGCTRL/O      | None       |         151 |               0 | 151 |      0 |    0 |   0 |  0 |    0 |   0 |       0 | jtag_axi_i/aurora_64b66b_0/inst/jtag_axi_aurora_64b66b_0_0_core_i/jtag_axi_aurora_64b66b_0_0_wrapper_i/rxrecclk_to_fabric_i |
| g4        | n/a   | BUFG/O          | None       |          90 |               0 |  88 |      2 |    0 |   0 |  0 |    0 |   0 |       0 | jtag_axi_i/aurora_64b66b_0/inst/clock_module_i/INIT_CLK_i                                                                   |
+-----------+-------+-----------------+------------+-------------+-----------------+-----+--------+------+-----+----+------+-----+---------+-----------------------------------------------------------------------------------------------------------------------------+
* Clock Loads column represents the clock pin loads (pin count)
** Non-Clock Loads column represents the non-clock pin loads (pin count)
*** Columns FF, LUTRAM, RAMB through 'Hard IP' represents load cell counts


12. Cell Type Counts per Global Clock: Region X0Y4
--------------------------------------------------

+-----------+-------+-----------------+------------+-------------+-----------------+------+--------+------+-----+----+------+-----+---------+-----------------------------------------------------------------------------------------------------------------------------+
| Global Id | Track | Driver Type/Pin | Constraint | Clock Loads | Non-Clock Loads | FF   | LUTRAM | RAMB | DSP | GT | MMCM | PLL | Hard IP | Net                                                                                                                         |
+-----------+-------+-----------------+------------+-------------+-----------------+------+--------+------+-----+----+------+-----+---------+-----------------------------------------------------------------------------------------------------------------------------+
| g0        | n/a   | BUFG/O          | None       |        1367 |               0 | 1102 |    246 |   19 |   0 |  0 |    0 |   0 |       0 | jtag_axi_i/clk_wiz/inst/clk_out1                                                                                            |
| g1        | n/a   | BUFG/O          | None       |        1123 |               0 | 1117 |      3 |    3 |   0 |  0 |    0 |   0 |       0 | jtag_axi_i/aurora_64b66b_0/inst/clock_module_i/user_clk_i_0                                                                 |
| g2        | n/a   | BUFGCTRL/O      | None       |         109 |               0 |   92 |     17 |    0 |   0 |  0 |    0 |   0 |       0 | jtag_axi_i/aurora_64b66b_0/inst/jtag_axi_aurora_64b66b_0_0_core_i/jtag_axi_aurora_64b66b_0_0_wrapper_i/rxrecclk_to_fabric_i |
+-----------+-------+-----------------+------------+-------------+-----------------+------+--------+------+-----+----+------+-----+---------+-----------------------------------------------------------------------------------------------------------------------------+
* Clock Loads column represents the clock pin loads (pin count)
** Non-Clock Loads column represents the non-clock pin loads (pin count)
*** Columns FF, LUTRAM, RAMB through 'Hard IP' represents load cell counts


13. Cell Type Counts per Global Clock: Region X1Y4
--------------------------------------------------

+-----------+-------+-----------------+------------+-------------+-----------------+-----+--------+------+-----+----+------+-----+---------+-----------------------------------------------------------------------------------------------------------------------------+
| Global Id | Track | Driver Type/Pin | Constraint | Clock Loads | Non-Clock Loads | FF  | LUTRAM | RAMB | DSP | GT | MMCM | PLL | Hard IP | Net                                                                                                                         |
+-----------+-------+-----------------+------------+-------------+-----------------+-----+--------+------+-----+----+------+-----+---------+-----------------------------------------------------------------------------------------------------------------------------+
| g0        | n/a   | BUFG/O          | None       |          17 |               0 |   8 |      8 |    1 |   0 |  0 |    0 |   0 |       0 | jtag_axi_i/clk_wiz/inst/clk_out1                                                                                            |
| g1        | n/a   | BUFG/O          | None       |          48 |               0 |  47 |      0 |    1 |   0 |  0 |    0 |   0 |       0 | jtag_axi_i/aurora_64b66b_0/inst/clock_module_i/user_clk_i_0                                                                 |
| g2        | n/a   | BUFGCTRL/O      | None       |         205 |               0 | 180 |     24 |    1 |   0 |  0 |    0 |   0 |       0 | jtag_axi_i/aurora_64b66b_0/inst/jtag_axi_aurora_64b66b_0_0_core_i/jtag_axi_aurora_64b66b_0_0_wrapper_i/rxrecclk_to_fabric_i |
| g4        | n/a   | BUFG/O          | None       |           3 |               0 |   3 |      0 |    0 |   0 |  0 |    0 |   0 |       0 | jtag_axi_i/aurora_64b66b_0/inst/clock_module_i/INIT_CLK_i                                                                   |
+-----------+-------+-----------------+------------+-------------+-----------------+-----+--------+------+-----+----+------+-----+---------+-----------------------------------------------------------------------------------------------------------------------------+
* Clock Loads column represents the clock pin loads (pin count)
** Non-Clock Loads column represents the non-clock pin loads (pin count)
*** Columns FF, LUTRAM, RAMB through 'Hard IP' represents load cell counts


14. Cell Type Counts per Global Clock: Region X0Y5
--------------------------------------------------

+-----------+-------+-----------------+------------+-------------+-----------------+------+--------+------+-----+----+------+-----+---------+-------------------------------------------------------------+
| Global Id | Track | Driver Type/Pin | Constraint | Clock Loads | Non-Clock Loads | FF   | LUTRAM | RAMB | DSP | GT | MMCM | PLL | Hard IP | Net                                                         |
+-----------+-------+-----------------+------------+-------------+-----------------+------+--------+------+-----+----+------+-----+---------+-------------------------------------------------------------+
| g0        | n/a   | BUFG/O          | None       |        8083 |               0 | 7800 |    271 |   11 |   0 |  0 |    0 |   0 |       0 | jtag_axi_i/clk_wiz/inst/clk_out1                            |
| g1        | n/a   | BUFG/O          | None       |          40 |               0 |   39 |      0 |    1 |   0 |  0 |    0 |   0 |       0 | jtag_axi_i/aurora_64b66b_0/inst/clock_module_i/user_clk_i_0 |
| g3        | n/a   | BUFG/O          | None       |         227 |               0 |  227 |      0 |    0 |   0 |  0 |    0 |   0 |       0 | dbg_hub/inst/itck_i                                         |
+-----------+-------+-----------------+------------+-------------+-----------------+------+--------+------+-----+----+------+-----+---------+-------------------------------------------------------------+
* Clock Loads column represents the clock pin loads (pin count)
** Non-Clock Loads column represents the non-clock pin loads (pin count)
*** Columns FF, LUTRAM, RAMB through 'Hard IP' represents load cell counts


15. Cell Type Counts per Global Clock: Region X1Y5
--------------------------------------------------

+-----------+-------+-----------------+------------+-------------+-----------------+-----+--------+------+-----+----+------+-----+---------+---------------------------------------------------------+
| Global Id | Track | Driver Type/Pin | Constraint | Clock Loads | Non-Clock Loads | FF  | LUTRAM | RAMB | DSP | GT | MMCM | PLL | Hard IP | Net                                                     |
+-----------+-------+-----------------+------------+-------------+-----------------+-----+--------+------+-----+----+------+-----+---------+---------------------------------------------------------+
| g0        | n/a   | BUFG/O          | None       |          50 |               0 |  41 |      8 |    1 |   0 |  0 |    0 |   0 |       0 | jtag_axi_i/clk_wiz/inst/clk_out1                        |
| g3        | n/a   | BUFG/O          | None       |         139 |               0 | 139 |      0 |    0 |   0 |  0 |    0 |   0 |       0 | dbg_hub/inst/itck_i                                     |
| g7        | n/a   | BUFG/O          | None       |           1 |               0 |   0 |      0 |    0 |   0 |  0 |    1 |   0 |       0 | jtag_axi_i/clk_wiz/inst/clkfbout_buf_jtag_axi_clk_wiz_0 |
+-----------+-------+-----------------+------------+-------------+-----------------+-----+--------+------+-----+----+------+-----+---------+---------------------------------------------------------+
* Clock Loads column represents the clock pin loads (pin count)
** Non-Clock Loads column represents the non-clock pin loads (pin count)
*** Columns FF, LUTRAM, RAMB through 'Hard IP' represents load cell counts


16. Cell Type Counts per Global Clock: Region X0Y6
--------------------------------------------------

+-----------+-------+-----------------+------------+-------------+-----------------+----+--------+------+-----+----+------+-----+---------+----------------------------------+
| Global Id | Track | Driver Type/Pin | Constraint | Clock Loads | Non-Clock Loads | FF | LUTRAM | RAMB | DSP | GT | MMCM | PLL | Hard IP | Net                              |
+-----------+-------+-----------------+------------+-------------+-----------------+----+--------+------+-----+----+------+-----+---------+----------------------------------+
| g0        | n/a   | BUFG/O          | None       |          99 |               0 | 98 |      0 |    0 |   0 |  0 |    0 |   0 |       0 | jtag_axi_i/clk_wiz/inst/clk_out1 |
+-----------+-------+-----------------+------------+-------------+-----------------+----+--------+------+-----+----+------+-----+---------+----------------------------------+
* Clock Loads column represents the clock pin loads (pin count)
** Non-Clock Loads column represents the non-clock pin loads (pin count)
*** Columns FF, LUTRAM, RAMB through 'Hard IP' represents load cell counts


17. Load Cell Placement Summary for Global Clock g0
---------------------------------------------------

+-----------+-----------------+-------------------+-----------------------------+-------------+---------------+----------+-------------+----------+----------------+----------+----------------------------------+
| Global Id | Driver Type/Pin | Driver Region (D) | Clock                       | Period (ns) | Waveform (ns) | Root (R) | Slice Loads | IO Loads | Clocking Loads | GT Loads | Net                              |
+-----------+-----------------+-------------------+-----------------------------+-------------+---------------+----------+-------------+----------+----------------+----------+----------------------------------+
| g0        | BUFG/O          | n/a               | clk_out1_jtag_axi_clk_wiz_0 |       6.667 | {0.000 3.333} |          |        9616 |        0 |              0 |        2 | jtag_axi_i/clk_wiz/inst/clk_out1 |
+-----------+-----------------+-------------------+-----------------------------+-------------+---------------+----------+-------------+----------+----------------+----------+----------------------------------+
* Slice Loads column represents load cell count of all cell types other than IO, GT and clock resources
** IO Loads column represents load cell count of IO types
*** Clocking Loads column represents load cell count that are clock resources (global clock buffer, MMCM, PLL, etc)
**** GT Loads column represents load cell count of GT types


+----+-------+-----+
|    | X0    | X1  |
+----+-------+-----+
| Y6 |    99 |   0 |
| Y5 |  8083 |  50 |
| Y4 |  1367 |  17 |
| Y3 |     0 |   0 |
| Y2 |     0 |   0 |
| Y1 |     0 |   2 |
| Y0 |     0 |   0 |
+----+-------+-----+


18. Load Cell Placement Summary for Global Clock g1
---------------------------------------------------

+-----------+-----------------+-------------------+------------+-------------+---------------+----------+-------------+----------+----------------+----------+-------------------------------------------------------------+
| Global Id | Driver Type/Pin | Driver Region (D) | Clock      | Period (ns) | Waveform (ns) | Root (R) | Slice Loads | IO Loads | Clocking Loads | GT Loads | Net                                                         |
+-----------+-----------------+-------------------+------------+-------------+---------------+----------+-------------+----------+----------------+----------+-------------------------------------------------------------+
| g1        | BUFG/O          | n/a               | user_clk_i |      10.240 | {0.000 5.120} |          |        1781 |        0 |              0 |        1 | jtag_axi_i/aurora_64b66b_0/inst/clock_module_i/user_clk_i_0 |
+-----------+-----------------+-------------------+------------+-------------+---------------+----------+-------------+----------+----------------+----------+-------------------------------------------------------------+
* Slice Loads column represents load cell count of all cell types other than IO, GT and clock resources
** IO Loads column represents load cell count of IO types
*** Clocking Loads column represents load cell count that are clock resources (global clock buffer, MMCM, PLL, etc)
**** GT Loads column represents load cell count of GT types


+----+-------+------+
|    | X0    | X1   |
+----+-------+------+
| Y6 |     0 |    0 |
| Y5 |    40 |    0 |
| Y4 |  1123 |   48 |
| Y3 |    83 |  101 |
| Y2 |     0 |  110 |
| Y1 |     0 |  277 |
| Y0 |     0 |    0 |
+----+-------+------+


19. Load Cell Placement Summary for Global Clock g2
---------------------------------------------------

+-----------+-----------------+-------------------+---------------------------------------------------------------------------------------------------------------------------------------------------------------------------------------------------+-------------+---------------+----------+-------------+----------+----------------+----------+-----------------------------------------------------------------------------------------------------------------------------+
| Global Id | Driver Type/Pin | Driver Region (D) | Clock                                                                                                                                                                                             | Period (ns) | Waveform (ns) | Root (R) | Slice Loads | IO Loads | Clocking Loads | GT Loads | Net                                                                                                                         |
+-----------+-----------------+-------------------+---------------------------------------------------------------------------------------------------------------------------------------------------------------------------------------------------+-------------+---------------+----------+-------------+----------+----------------+----------+-----------------------------------------------------------------------------------------------------------------------------+
| g2        | BUFGCTRL/O      | n/a               | jtag_axi_i/aurora_64b66b_0/inst/jtag_axi_aurora_64b66b_0_0_core_i/jtag_axi_aurora_64b66b_0_0_wrapper_i/jtag_axi_aurora_64b66b_0_0_multi_gt_i/jtag_axi_aurora_64b66b_0_0_gtx_inst/gtxe2_i/RXOUTCLK |       5.120 | {0.000 2.560} |          |         603 |        0 |              0 |        1 | jtag_axi_i/aurora_64b66b_0/inst/jtag_axi_aurora_64b66b_0_0_core_i/jtag_axi_aurora_64b66b_0_0_wrapper_i/rxrecclk_to_fabric_i |
+-----------+-----------------+-------------------+---------------------------------------------------------------------------------------------------------------------------------------------------------------------------------------------------+-------------+---------------+----------+-------------+----------+----------------+----------+-----------------------------------------------------------------------------------------------------------------------------+
* Slice Loads column represents load cell count of all cell types other than IO, GT and clock resources
** IO Loads column represents load cell count of IO types
*** Clocking Loads column represents load cell count that are clock resources (global clock buffer, MMCM, PLL, etc)
**** GT Loads column represents load cell count of GT types


+----+------+------+
|    | X0   | X1   |
+----+------+------+
| Y6 |    0 |    0 |
| Y5 |    0 |    0 |
| Y4 |  109 |  205 |
| Y3 |    4 |  151 |
| Y2 |    0 |   43 |
| Y1 |    0 |   92 |
| Y0 |    0 |    0 |
+----+------+------+


20. Load Cell Placement Summary for Global Clock g3
---------------------------------------------------

+-----------+-----------------+-------------------+-------------------------------------------------------------------------+-------------+----------------+----------+-------------+----------+----------------+----------+---------------------+
| Global Id | Driver Type/Pin | Driver Region (D) | Clock                                                                   | Period (ns) | Waveform (ns)  | Root (R) | Slice Loads | IO Loads | Clocking Loads | GT Loads | Net                 |
+-----------+-----------------+-------------------+-------------------------------------------------------------------------+-------------+----------------+----------+-------------+----------+----------------+----------+---------------------+
| g3        | BUFG/O          | n/a               | dbg_hub/inst/SWITCH_N_EXT_BSCAN.bscan_inst/SERIES7_BSCAN.bscan_inst/TCK |      33.000 | {0.000 16.500} |          |         366 |        0 |              0 |        0 | dbg_hub/inst/itck_i |
+-----------+-----------------+-------------------+-------------------------------------------------------------------------+-------------+----------------+----------+-------------+----------+----------------+----------+---------------------+
* Slice Loads column represents load cell count of all cell types other than IO, GT and clock resources
** IO Loads column represents load cell count of IO types
*** Clocking Loads column represents load cell count that are clock resources (global clock buffer, MMCM, PLL, etc)
**** GT Loads column represents load cell count of GT types


+----+------+------+
|    | X0   | X1   |
+----+------+------+
| Y6 |    0 |    0 |
| Y5 |  227 |  139 |
| Y4 |    0 |    0 |
| Y3 |    0 |    0 |
| Y2 |    0 |    0 |
| Y1 |    0 |    0 |
| Y0 |    0 |    0 |
+----+------+------+


21. Load Cell Placement Summary for Global Clock g4
---------------------------------------------------

+-----------+-----------------+-------------------+---------------------+-------------+---------------+----------+-------------+----------+----------------+----------+-----------------------------------------------------------+
| Global Id | Driver Type/Pin | Driver Region (D) | Clock               | Period (ns) | Waveform (ns) | Root (R) | Slice Loads | IO Loads | Clocking Loads | GT Loads | Net                                                       |
+-----------+-----------------+-------------------+---------------------+-------------+---------------+----------+-------------+----------+----------------+----------+-----------------------------------------------------------+
| g4        | BUFG/O          | n/a               | INIT_DIFF_CLK_clk_p |      10.000 | {0.000 5.000} |          |         299 |        0 |              0 |        2 | jtag_axi_i/aurora_64b66b_0/inst/clock_module_i/INIT_CLK_i |
+-----------+-----------------+-------------------+---------------------+-------------+---------------+----------+-------------+----------+----------------+----------+-----------------------------------------------------------+
* Slice Loads column represents load cell count of all cell types other than IO, GT and clock resources
** IO Loads column represents load cell count of IO types
*** Clocking Loads column represents load cell count that are clock resources (global clock buffer, MMCM, PLL, etc)
**** GT Loads column represents load cell count of GT types


+----+----+------+
|    | X0 | X1   |
+----+----+------+
| Y6 |  0 |    0 |
| Y5 |  0 |    0 |
| Y4 |  0 |    3 |
| Y3 |  6 |   90 |
| Y2 |  0 |    0 |
| Y1 |  0 |  194 |
| Y0 |  0 |    8 |
+----+----+------+


22. Load Cell Placement Summary for Global Clock g5
---------------------------------------------------

+-----------+-----------------+-------------------+------------+-------------+---------------+----------+-------------+----------+----------------+----------+-------------------------------------------------------------+
| Global Id | Driver Type/Pin | Driver Region (D) | Clock      | Period (ns) | Waveform (ns) | Root (R) | Slice Loads | IO Loads | Clocking Loads | GT Loads | Net                                                         |
+-----------+-----------------+-------------------+------------+-------------+---------------+----------+-------------+----------+----------------+----------+-------------------------------------------------------------+
| g5        | BUFG/O          | n/a               | sync_clk_i |       5.120 | {0.000 2.560} |          |          33 |        0 |              0 |        1 | jtag_axi_i/aurora_64b66b_0/inst/clock_module_i/sync_clk_i_0 |
+-----------+-----------------+-------------------+------------+-------------+---------------+----------+-------------+----------+----------------+----------+-------------------------------------------------------------+
* Slice Loads column represents load cell count of all cell types other than IO, GT and clock resources
** IO Loads column represents load cell count of IO types
*** Clocking Loads column represents load cell count that are clock resources (global clock buffer, MMCM, PLL, etc)
**** GT Loads column represents load cell count of GT types


+----+----+-----+
|    | X0 | X1  |
+----+----+-----+
| Y6 |  0 |   0 |
| Y5 |  0 |   0 |
| Y4 |  0 |   0 |
| Y3 |  0 |   0 |
| Y2 |  0 |   0 |
| Y1 |  0 |  34 |
| Y0 |  0 |   0 |
+----+----+-----+


23. Load Cell Placement Summary for Global Clock g6
---------------------------------------------------

+-----------+-----------------+-------------------+---------------------------------------------------------------------------------------------------------------------------------------------------------------------------------------------------+-------------+---------------+----------+-------------+----------+----------------+----------+---------------------------------------------------------+
| Global Id | Driver Type/Pin | Driver Region (D) | Clock                                                                                                                                                                                             | Period (ns) | Waveform (ns) | Root (R) | Slice Loads | IO Loads | Clocking Loads | GT Loads | Net                                                     |
+-----------+-----------------+-------------------+---------------------------------------------------------------------------------------------------------------------------------------------------------------------------------------------------+-------------+---------------+----------+-------------+----------+----------------+----------+---------------------------------------------------------+
| g6        | BUFG/O          | n/a               | jtag_axi_i/aurora_64b66b_0/inst/jtag_axi_aurora_64b66b_0_0_core_i/jtag_axi_aurora_64b66b_0_0_wrapper_i/jtag_axi_aurora_64b66b_0_0_multi_gt_i/jtag_axi_aurora_64b66b_0_0_gtx_inst/gtxe2_i/TXOUTCLK |       5.120 | {0.000 2.560} |          |           0 |        0 |              1 |        0 | jtag_axi_i/aurora_64b66b_0/inst/clock_module_i/clk_in_i |
+-----------+-----------------+-------------------+---------------------------------------------------------------------------------------------------------------------------------------------------------------------------------------------------+-------------+---------------+----------+-------------+----------+----------------+----------+---------------------------------------------------------+
* Slice Loads column represents load cell count of all cell types other than IO, GT and clock resources
** IO Loads column represents load cell count of IO types
*** Clocking Loads column represents load cell count that are clock resources (global clock buffer, MMCM, PLL, etc)
**** GT Loads column represents load cell count of GT types


+----+----+----+
|    | X0 | X1 |
+----+----+----+
| Y6 |  0 |  0 |
| Y5 |  0 |  0 |
| Y4 |  0 |  0 |
| Y3 |  0 |  0 |
| Y2 |  1 |  0 |
| Y1 |  0 |  0 |
| Y0 |  0 |  0 |
+----+----+----+


24. Load Cell Placement Summary for Global Clock g7
---------------------------------------------------

+-----------+-----------------+-------------------+-----------------------------+-------------+----------------+----------+-------------+----------+----------------+----------+---------------------------------------------------------+
| Global Id | Driver Type/Pin | Driver Region (D) | Clock                       | Period (ns) | Waveform (ns)  | Root (R) | Slice Loads | IO Loads | Clocking Loads | GT Loads | Net                                                     |
+-----------+-----------------+-------------------+-----------------------------+-------------+----------------+----------+-------------+----------+----------------+----------+---------------------------------------------------------+
| g7        | BUFG/O          | n/a               | clkfbout_jtag_axi_clk_wiz_0 |      20.000 | {0.000 10.000} |          |           0 |        0 |              1 |        0 | jtag_axi_i/clk_wiz/inst/clkfbout_buf_jtag_axi_clk_wiz_0 |
+-----------+-----------------+-------------------+-----------------------------+-------------+----------------+----------+-------------+----------+----------------+----------+---------------------------------------------------------+
* Slice Loads column represents load cell count of all cell types other than IO, GT and clock resources
** IO Loads column represents load cell count of IO types
*** Clocking Loads column represents load cell count that are clock resources (global clock buffer, MMCM, PLL, etc)
**** GT Loads column represents load cell count of GT types


+----+----+----+
|    | X0 | X1 |
+----+----+----+
| Y6 |  0 |  0 |
| Y5 |  0 |  1 |
| Y4 |  0 |  0 |
| Y3 |  0 |  0 |
| Y2 |  0 |  0 |
| Y1 |  0 |  0 |
| Y0 |  0 |  0 |
+----+----+----+



# Location of BUFG Primitives 
set_property LOC BUFGCTRL_X0Y18 [get_cells jtag_axi_i/clk_wiz/inst/clkf_buf]
set_property LOC BUFGCTRL_X0Y16 [get_cells jtag_axi_i/clk_wiz/inst/clkout1_buf]
set_property LOC BUFGCTRL_X0Y1 [get_cells jtag_axi_i/aurora_64b66b_0/inst/jtag_axi_aurora_64b66b_0_0_core_i/jtag_axi_aurora_64b66b_0_0_wrapper_i/rxrecclk_bufg_i]
set_property LOC BUFGCTRL_X0Y0 [get_cells jtag_axi_i/aurora_64b66b_0/inst/clock_module_i/user_clk_net_i]
set_property LOC BUFGCTRL_X0Y2 [get_cells jtag_axi_i/aurora_64b66b_0/inst/clock_module_i/sync_clock_net_i]
set_property LOC BUFGCTRL_X0Y4 [get_cells jtag_axi_i/aurora_64b66b_0/inst/clock_module_i/txout_clock_net_i]
set_property LOC BUFGCTRL_X0Y17 [get_cells jtag_axi_i/aurora_64b66b_0/inst/clock_module_i/initclk_bufg_i]
set_property LOC BUFGCTRL_X0Y3 [get_cells dbg_hub/inst/SWITCH_N_EXT_BSCAN.u_bufg_icon_tck]

# Location of IO Primitives which is load of clock spine

# Location of clock ports
set_property LOC IOB_X1Y271 [get_ports INIT_DIFF_CLK_clk_n]
set_property LOC IOB_X1Y272 [get_ports INIT_DIFF_CLK_clk_p]
set_property LOC IOB_X1Y273 [get_ports diff_clock_rtl_clk_n]
set_property LOC IOB_X1Y274 [get_ports diff_clock_rtl_clk_p]

# Clock net "jtag_axi_i/clk_wiz/inst/clk_out1" driven by instance "jtag_axi_i/clk_wiz/inst/clkout1_buf" located at site "BUFGCTRL_X0Y16"
#startgroup
create_pblock {CLKAG_jtag_axi_i/clk_wiz/inst/clk_out1}
add_cells_to_pblock [get_pblocks  {CLKAG_jtag_axi_i/clk_wiz/inst/clk_out1}] [get_cells -filter { PRIMITIVE_GROUP != I/O && IS_PRIMITIVE==1 && PRIMITIVE_LEVEL !=INTERNAL } -of_object [get_pins -filter {DIRECTION==IN} -of_objects [get_nets -hierarchical -filter {PARENT=="jtag_axi_i/clk_wiz/inst/clk_out1"}]]]
resize_pblock [get_pblocks {CLKAG_jtag_axi_i/clk_wiz/inst/clk_out1}] -add {CLOCKREGION_X0Y4:CLOCKREGION_X0Y4 CLOCKREGION_X0Y5:CLOCKREGION_X0Y5 CLOCKREGION_X0Y6:CLOCKREGION_X0Y6 CLOCKREGION_X1Y1:CLOCKREGION_X1Y1 CLOCKREGION_X1Y4:CLOCKREGION_X1Y4 CLOCKREGION_X1Y5:CLOCKREGION_X1Y5}
#endgroup

# Clock net "jtag_axi_i/aurora_64b66b_0/inst/jtag_axi_aurora_64b66b_0_0_core_i/jtag_axi_aurora_64b66b_0_0_wrapper_i/rxrecclk_to_fabric_i" driven by instance "jtag_axi_i/aurora_64b66b_0/inst/jtag_axi_aurora_64b66b_0_0_core_i/jtag_axi_aurora_64b66b_0_0_wrapper_i/rxrecclk_bufg_i" located at site "BUFGCTRL_X0Y1"
#startgroup
create_pblock {CLKAG_jtag_axi_i/aurora_64b66b_0/inst/jtag_axi_aurora_64b66b_0_0_core_i/jtag_axi_aurora_64b66b_0_0_wrapper_i/rxrecclk_to_fabric_i}
add_cells_to_pblock [get_pblocks  {CLKAG_jtag_axi_i/aurora_64b66b_0/inst/jtag_axi_aurora_64b66b_0_0_core_i/jtag_axi_aurora_64b66b_0_0_wrapper_i/rxrecclk_to_fabric_i}] [get_cells -filter { PRIMITIVE_GROUP != I/O && IS_PRIMITIVE==1 && PRIMITIVE_LEVEL !=INTERNAL } -of_object [get_pins -filter {DIRECTION==IN} -of_objects [get_nets -hierarchical -filter {PARENT=="jtag_axi_i/aurora_64b66b_0/inst/jtag_axi_aurora_64b66b_0_0_core_i/jtag_axi_aurora_64b66b_0_0_wrapper_i/rxrecclk_to_fabric_i"}]]]
resize_pblock [get_pblocks {CLKAG_jtag_axi_i/aurora_64b66b_0/inst/jtag_axi_aurora_64b66b_0_0_core_i/jtag_axi_aurora_64b66b_0_0_wrapper_i/rxrecclk_to_fabric_i}] -add {CLOCKREGION_X0Y3:CLOCKREGION_X0Y3 CLOCKREGION_X0Y4:CLOCKREGION_X0Y4 CLOCKREGION_X1Y1:CLOCKREGION_X1Y1 CLOCKREGION_X1Y2:CLOCKREGION_X1Y2 CLOCKREGION_X1Y3:CLOCKREGION_X1Y3 CLOCKREGION_X1Y4:CLOCKREGION_X1Y4}
#endgroup

# Clock net "jtag_axi_i/aurora_64b66b_0/inst/clock_module_i/user_clk_i_0" driven by instance "jtag_axi_i/aurora_64b66b_0/inst/clock_module_i/user_clk_net_i" located at site "BUFGCTRL_X0Y0"
#startgroup
create_pblock {CLKAG_jtag_axi_i/aurora_64b66b_0/inst/clock_module_i/user_clk_i_0}
add_cells_to_pblock [get_pblocks  {CLKAG_jtag_axi_i/aurora_64b66b_0/inst/clock_module_i/user_clk_i_0}] [get_cells -filter { PRIMITIVE_GROUP != I/O && IS_PRIMITIVE==1 && PRIMITIVE_LEVEL !=INTERNAL } -of_object [get_pins -filter {DIRECTION==IN} -of_objects [get_nets -hierarchical -filter {PARENT=="jtag_axi_i/aurora_64b66b_0/inst/clock_module_i/user_clk_i_0"}]]]
resize_pblock [get_pblocks {CLKAG_jtag_axi_i/aurora_64b66b_0/inst/clock_module_i/user_clk_i_0}] -add {CLOCKREGION_X0Y3:CLOCKREGION_X0Y3 CLOCKREGION_X0Y4:CLOCKREGION_X0Y4 CLOCKREGION_X0Y5:CLOCKREGION_X0Y5 CLOCKREGION_X1Y1:CLOCKREGION_X1Y1 CLOCKREGION_X1Y2:CLOCKREGION_X1Y2 CLOCKREGION_X1Y3:CLOCKREGION_X1Y3 CLOCKREGION_X1Y4:CLOCKREGION_X1Y4}
#endgroup

# Clock net "jtag_axi_i/aurora_64b66b_0/inst/clock_module_i/sync_clk_i_0" driven by instance "jtag_axi_i/aurora_64b66b_0/inst/clock_module_i/sync_clock_net_i" located at site "BUFGCTRL_X0Y2"
#startgroup
create_pblock {CLKAG_jtag_axi_i/aurora_64b66b_0/inst/clock_module_i/sync_clk_i_0}
add_cells_to_pblock [get_pblocks  {CLKAG_jtag_axi_i/aurora_64b66b_0/inst/clock_module_i/sync_clk_i_0}] [get_cells -filter { PRIMITIVE_GROUP != I/O && IS_PRIMITIVE==1 && PRIMITIVE_LEVEL !=INTERNAL } -of_object [get_pins -filter {DIRECTION==IN} -of_objects [get_nets -hierarchical -filter {PARENT=="jtag_axi_i/aurora_64b66b_0/inst/clock_module_i/sync_clk_i_0"}]]]
resize_pblock [get_pblocks {CLKAG_jtag_axi_i/aurora_64b66b_0/inst/clock_module_i/sync_clk_i_0}] -add {CLOCKREGION_X1Y1:CLOCKREGION_X1Y1}
#endgroup

# Clock net "jtag_axi_i/aurora_64b66b_0/inst/clock_module_i/INIT_CLK_i" driven by instance "jtag_axi_i/aurora_64b66b_0/inst/clock_module_i/initclk_bufg_i" located at site "BUFGCTRL_X0Y17"
#startgroup
create_pblock {CLKAG_jtag_axi_i/aurora_64b66b_0/inst/clock_module_i/INIT_CLK_i}
add_cells_to_pblock [get_pblocks  {CLKAG_jtag_axi_i/aurora_64b66b_0/inst/clock_module_i/INIT_CLK_i}] [get_cells -filter { PRIMITIVE_GROUP != I/O && IS_PRIMITIVE==1 && PRIMITIVE_LEVEL !=INTERNAL } -of_object [get_pins -filter {DIRECTION==IN} -of_objects [get_nets -hierarchical -filter {PARENT=="jtag_axi_i/aurora_64b66b_0/inst/clock_module_i/INIT_CLK_i"}]]]
resize_pblock [get_pblocks {CLKAG_jtag_axi_i/aurora_64b66b_0/inst/clock_module_i/INIT_CLK_i}] -add {CLOCKREGION_X0Y3:CLOCKREGION_X0Y3 CLOCKREGION_X1Y0:CLOCKREGION_X1Y0 CLOCKREGION_X1Y1:CLOCKREGION_X1Y1 CLOCKREGION_X1Y3:CLOCKREGION_X1Y3 CLOCKREGION_X1Y4:CLOCKREGION_X1Y4}
#endgroup

# Clock net "dbg_hub/inst/itck_i" driven by instance "dbg_hub/inst/SWITCH_N_EXT_BSCAN.u_bufg_icon_tck" located at site "BUFGCTRL_X0Y3"
#startgroup
create_pblock {CLKAG_dbg_hub/inst/itck_i}
add_cells_to_pblock [get_pblocks  {CLKAG_dbg_hub/inst/itck_i}] [get_cells -filter { PRIMITIVE_GROUP != I/O && IS_PRIMITIVE==1 && PRIMITIVE_LEVEL !=INTERNAL } -of_object [get_pins -filter {DIRECTION==IN} -of_objects [get_nets -hierarchical -filter {PARENT=="dbg_hub/inst/itck_i"}]]]
resize_pblock [get_pblocks {CLKAG_dbg_hub/inst/itck_i}] -add {CLOCKREGION_X0Y5:CLOCKREGION_X0Y5 CLOCKREGION_X1Y5:CLOCKREGION_X1Y5}
#endgroup
