Copyright 1986-2016 Xilinx, Inc. All Rights Reserved.
---------------------------------------------------------------------------------------------------------------------------------------
| Tool Version : Vivado v.2016.4 (lin64) Build 1733598 Wed Dec 14 22:35:42 MST 2016
| Date         : Fri Jun 23 19:25:40 2017
| Host         : HyperSilicon running 64-bit CentOS release 6.4 (Final)
| Command      : report_methodology -file jtag_axi_wrapper_methodology_drc_routed.rpt -rpx jtag_axi_wrapper_methodology_drc_routed.rpx
| Design       : jtag_axi_wrapper
| Device       : xc7z045ffv900-2
| Speed File   : -2
| Design State : Routed
---------------------------------------------------------------------------------------------------------------------------------------

Report Methodology

Table of Contents
-----------------
1. REPORT SUMMARY
2. REPORT DETAILS

1. REPORT SUMMARY
-----------------
            Netlist: netlist
          Floorplan: design_1
      Design limits: <entire design considered>
             Max violations: <unlimited>
             Violations found: 56
+-----------+----------+--------------------------------------------------------+------------+
| Rule      | Severity | Description                                            | Violations |
+-----------+----------+--------------------------------------------------------+------------+
| PDRC-190  | Warning  | Suboptimally placed synchronized register chain        | 41         |
| TIMING-6  | Warning  | No common primary clock between related clocks         | 2          |
| TIMING-7  | Warning  | No common node between related clocks                  | 2          |
| TIMING-9  | Warning  | Unknown CDC Logic                                      | 1          |
| TIMING-16 | Warning  | Large setup violation                                  | 6          |
| TIMING-18 | Warning  | Missing input or output delay                          | 2          |
| XDCC-1    | Warning  | Scoped Clock constraint overwritten with the same name | 1          |
| XDCC-7    | Warning  | Scoped Clock constraint overwritten on the same source | 1          |
+-----------+----------+--------------------------------------------------------+------------+

2. REPORT DETAILS
-----------------
PDRC-190#1 Warning
Suboptimally placed synchronized register chain  
The FDPE cell jtag_axi_i/axi_chip2chip_0/inst/master_fpga_gen.axi_chip2chip_master_inst/axi_chip2chip_ar_fifo_inst/axi_chip2chip_async_fifo_inst/U0/inst_fifo_gen/gconvfifo.rf/grf.rf/rstblk/ngwrdrst.grst.g7serrst.rst_wr_reg2_reg in site SLICE_X47Y179 is part of a synchronized register chain that is suboptimally placed as the load FDRE cell jtag_axi_i/axi_chip2chip_0/inst/master_fpga_gen.axi_chip2chip_master_inst/axi_chip2chip_ar_fifo_inst/axi_chip2chip_async_fifo_inst/U0/inst_fifo_gen/gconvfifo.rf/grf.rf/rstblk/ngwrdrst.grst.g7serrst.gsckt_wrst.garst_sync[1].arst_sync_inst/Q_reg_reg[0] is not placed in the same (SLICE) site.
Related violations: <none>

PDRC-190#2 Warning
Suboptimally placed synchronized register chain  
The FDPE cell jtag_axi_i/axi_chip2chip_0/inst/master_fpga_gen.axi_chip2chip_master_inst/axi_chip2chip_aw_fifo_inst/axi_chip2chip_async_fifo_inst/U0/inst_fifo_gen/gconvfifo.rf/grf.rf/rstblk/ngwrdrst.grst.g7serrst.rst_wr_reg2_reg in site SLICE_X40Y187 is part of a synchronized register chain that is suboptimally placed as the load FDRE cell jtag_axi_i/axi_chip2chip_0/inst/master_fpga_gen.axi_chip2chip_master_inst/axi_chip2chip_aw_fifo_inst/axi_chip2chip_async_fifo_inst/U0/inst_fifo_gen/gconvfifo.rf/grf.rf/rstblk/ngwrdrst.grst.g7serrst.gsckt_wrst.garst_sync[1].arst_sync_inst/Q_reg_reg[0] is not placed in the same (SLICE) site.
Related violations: <none>

PDRC-190#3 Warning
Suboptimally placed synchronized register chain  
The FDPE cell jtag_axi_i/axi_chip2chip_0/inst/master_fpga_gen.axi_chip2chip_master_inst/axi_chip2chip_r_fifo_inst/axi_chip2chip_async_fifo_inst/U0/inst_fifo_gen/gconvfifo.rf/grf.rf/rstblk/ngwrdrst.grst.g7serrst.rst_wr_reg2_reg in site SLICE_X65Y187 is part of a synchronized register chain that is suboptimally placed as the load FDRE cell jtag_axi_i/axi_chip2chip_0/inst/master_fpga_gen.axi_chip2chip_master_inst/axi_chip2chip_r_fifo_inst/axi_chip2chip_async_fifo_inst/U0/inst_fifo_gen/gconvfifo.rf/grf.rf/rstblk/ngwrdrst.grst.g7serrst.gsckt_wrst.garst_sync[1].arst_sync_inst/Q_reg_reg[0] is not placed in the same (SLICE) site.
Related violations: <none>

PDRC-190#4 Warning
Suboptimally placed synchronized register chain  
The FDPE cell jtag_axi_i/axi_chip2chip_0/inst/master_fpga_gen.axi_chip2chip_master_inst/axi_chip2chip_w_fifo_inst/axi_chip2chip_async_fifo_inst/U0/inst_fifo_gen/gconvfifo.rf/grf.rf/rstblk/ngwrdrst.grst.g7serrst.rst_wr_reg2_reg in site SLICE_X48Y188 is part of a synchronized register chain that is suboptimally placed as the load FDRE cell jtag_axi_i/axi_chip2chip_0/inst/master_fpga_gen.axi_chip2chip_master_inst/axi_chip2chip_w_fifo_inst/axi_chip2chip_async_fifo_inst/U0/inst_fifo_gen/gconvfifo.rf/grf.rf/rstblk/ngwrdrst.grst.g7serrst.gsckt_wrst.garst_sync[1].arst_sync_inst/Q_reg_reg[0] is not placed in the same (SLICE) site.
Related violations: <none>

PDRC-190#5 Warning
Suboptimally placed synchronized register chain  
The FDPE cell jtag_axi_i/axi_chip2chip_0/inst/master_fpga_gen.axi_chip2chip_master_phy_inst/axi_chip2chip_phy_init_inst/auro_phy_init.aurora_rst_out_r2_reg in site SLICE_X89Y185 is part of a synchronized register chain that is suboptimally placed as the load FDRE cell jtag_axi_i/aurora_64b66b_0/inst/reset_pb_sync/stg1_jtag_axi_aurora_64b66b_0_0_cdc_to_reg is not placed in the same (SLICE) site.
Related violations: <none>

PDRC-190#6 Warning
Suboptimally placed synchronized register chain  
The FDPE cell jtag_axi_i/axi_chip2chip_1/inst/master_fpga_gen.axi_chip2chip_master_inst/axi_chip2chip_ar_fifo_inst/axi_chip2chip_async_fifo_inst/U0/inst_fifo_gen/gconvfifo.rf/grf.rf/rstblk/ngwrdrst.grst.g7serrst.rst_wr_reg2_reg in site SLICE_X37Y172 is part of a synchronized register chain that is suboptimally placed as the load FDRE cell jtag_axi_i/axi_chip2chip_1/inst/master_fpga_gen.axi_chip2chip_master_inst/axi_chip2chip_ar_fifo_inst/axi_chip2chip_async_fifo_inst/U0/inst_fifo_gen/gconvfifo.rf/grf.rf/rstblk/ngwrdrst.grst.g7serrst.gsckt_wrst.garst_sync[1].arst_sync_inst/Q_reg_reg[0] is not placed in the same (SLICE) site.
Related violations: <none>

PDRC-190#7 Warning
Suboptimally placed synchronized register chain  
The FDPE cell jtag_axi_i/axi_chip2chip_1/inst/master_fpga_gen.axi_chip2chip_master_inst/axi_chip2chip_aw_fifo_inst/axi_chip2chip_async_fifo_inst/U0/inst_fifo_gen/gconvfifo.rf/grf.rf/rstblk/ngwrdrst.grst.g7serrst.rst_wr_reg2_reg in site SLICE_X34Y182 is part of a synchronized register chain that is suboptimally placed as the load FDRE cell jtag_axi_i/axi_chip2chip_1/inst/master_fpga_gen.axi_chip2chip_master_inst/axi_chip2chip_aw_fifo_inst/axi_chip2chip_async_fifo_inst/U0/inst_fifo_gen/gconvfifo.rf/grf.rf/rstblk/ngwrdrst.grst.g7serrst.gsckt_wrst.garst_sync[1].arst_sync_inst/Q_reg_reg[0] is not placed in the same (SLICE) site.
Related violations: <none>

PDRC-190#8 Warning
Suboptimally placed synchronized register chain  
The FDPE cell jtag_axi_i/axi_chip2chip_1/inst/master_fpga_gen.axi_chip2chip_master_inst/axi_chip2chip_r_fifo_inst/axi_chip2chip_async_fifo_inst/U0/inst_fifo_gen/gconvfifo.rf/grf.rf/rstblk/ngwrdrst.grst.g7serrst.rst_wr_reg2_reg in site SLICE_X64Y178 is part of a synchronized register chain that is suboptimally placed as the load FDRE cell jtag_axi_i/axi_chip2chip_1/inst/master_fpga_gen.axi_chip2chip_master_inst/axi_chip2chip_r_fifo_inst/axi_chip2chip_async_fifo_inst/U0/inst_fifo_gen/gconvfifo.rf/grf.rf/rstblk/ngwrdrst.grst.g7serrst.gsckt_wrst.garst_sync[1].arst_sync_inst/Q_reg_reg[0] is not placed in the same (SLICE) site.
Related violations: <none>

PDRC-190#9 Warning
Suboptimally placed synchronized register chain  
The FDPE cell jtag_axi_i/axi_chip2chip_1/inst/master_fpga_gen.axi_chip2chip_master_inst/axi_chip2chip_w_fifo_inst/axi_chip2chip_async_fifo_inst/U0/inst_fifo_gen/gconvfifo.rf/grf.rf/rstblk/ngwrdrst.grst.g7serrst.rst_wr_reg2_reg in site SLICE_X47Y177 is part of a synchronized register chain that is suboptimally placed as the load FDRE cell jtag_axi_i/axi_chip2chip_1/inst/master_fpga_gen.axi_chip2chip_master_inst/axi_chip2chip_w_fifo_inst/axi_chip2chip_async_fifo_inst/U0/inst_fifo_gen/gconvfifo.rf/grf.rf/rstblk/ngwrdrst.grst.g7serrst.gsckt_wrst.garst_sync[1].arst_sync_inst/Q_reg_reg[0] is not placed in the same (SLICE) site.
Related violations: <none>

PDRC-190#10 Warning
Suboptimally placed synchronized register chain  
The FDPE cell jtag_axi_i/axi_chip2chip_1/inst/master_fpga_gen.axi_chip2chip_master_phy_inst/axi_chip2chip_phy_init_inst/auro_phy_init.aurora_rst_out_r2_reg in site SLICE_X73Y171 is part of a synchronized register chain that is suboptimally placed as the load FDRE cell jtag_axi_i/aurora_64b66b_1/inst/reset_pb_sync/stg1_jtag_axi_aurora_64b66b_0_1_cdc_to_reg is not placed in the same (SLICE) site.
Related violations: <none>

PDRC-190#11 Warning
Suboptimally placed synchronized register chain  
The FDRE cell dbg_hub/inst/CORE_XSDB.UUT_MASTER/U_ICON_INTERFACE/U_CMD2/stat_reg_reg[0] in site SLICE_X104Y197 is part of a synchronized register chain that is suboptimally placed as the load FDRE cell dbg_hub/inst/CORE_XSDB.UUT_MASTER/U_ICON_INTERFACE/U_CMD2/stat_reg_1_reg[0] is not placed in the same (SLICE) site.
Related violations: <none>

PDRC-190#12 Warning
Suboptimally placed synchronized register chain  
The FDRE cell dbg_hub/inst/CORE_XSDB.UUT_MASTER/U_ICON_INTERFACE/U_CMD2/stat_reg_reg[1] in site SLICE_X104Y195 is part of a synchronized register chain that is suboptimally placed as the load FDRE cell dbg_hub/inst/CORE_XSDB.UUT_MASTER/U_ICON_INTERFACE/U_CMD2/stat_reg_1_reg[1] is not placed in the same (SLICE) site.
Related violations: <none>

PDRC-190#13 Warning
Suboptimally placed synchronized register chain  
The FDRE cell dbg_hub/inst/CORE_XSDB.UUT_MASTER/U_ICON_INTERFACE/U_CMD2/stat_reg_reg[2] in site SLICE_X106Y197 is part of a synchronized register chain that is suboptimally placed as the load FDRE cell dbg_hub/inst/CORE_XSDB.UUT_MASTER/U_ICON_INTERFACE/U_CMD2/stat_reg_1_reg[2] is not placed in the same (SLICE) site.
Related violations: <none>

PDRC-190#14 Warning
Suboptimally placed synchronized register chain  
The FDRE cell dbg_hub/inst/CORE_XSDB.UUT_MASTER/U_ICON_INTERFACE/U_CMD2/stat_reg_reg[3] in site SLICE_X105Y197 is part of a synchronized register chain that is suboptimally placed as the load FDRE cell dbg_hub/inst/CORE_XSDB.UUT_MASTER/U_ICON_INTERFACE/U_CMD2/stat_reg_1_reg[3] is not placed in the same (SLICE) site.
Related violations: <none>

PDRC-190#15 Warning
Suboptimally placed synchronized register chain  
The FDRE cell dbg_hub/inst/CORE_XSDB.UUT_MASTER/U_ICON_INTERFACE/U_CMD3/stat_reg_reg[0] in site SLICE_X106Y195 is part of a synchronized register chain that is suboptimally placed as the load FDRE cell dbg_hub/inst/CORE_XSDB.UUT_MASTER/U_ICON_INTERFACE/U_CMD3/stat_reg_1_reg[0] is not placed in the same (SLICE) site.
Related violations: <none>

PDRC-190#16 Warning
Suboptimally placed synchronized register chain  
The FDRE cell dbg_hub/inst/CORE_XSDB.UUT_MASTER/U_ICON_INTERFACE/U_CMD3/stat_reg_reg[1] in site SLICE_X107Y194 is part of a synchronized register chain that is suboptimally placed as the load FDRE cell dbg_hub/inst/CORE_XSDB.UUT_MASTER/U_ICON_INTERFACE/U_CMD3/stat_reg_1_reg[1] is not placed in the same (SLICE) site.
Related violations: <none>

PDRC-190#17 Warning
Suboptimally placed synchronized register chain  
The FDRE cell dbg_hub/inst/CORE_XSDB.UUT_MASTER/U_ICON_INTERFACE/U_CMD3/stat_reg_reg[2] in site SLICE_X107Y196 is part of a synchronized register chain that is suboptimally placed as the load FDRE cell dbg_hub/inst/CORE_XSDB.UUT_MASTER/U_ICON_INTERFACE/U_CMD3/stat_reg_1_reg[2] is not placed in the same (SLICE) site.
Related violations: <none>

PDRC-190#18 Warning
Suboptimally placed synchronized register chain  
The FDRE cell dbg_hub/inst/CORE_XSDB.UUT_MASTER/U_ICON_INTERFACE/U_CMD3/stat_reg_reg[3] in site SLICE_X109Y197 is part of a synchronized register chain that is suboptimally placed as the load FDRE cell dbg_hub/inst/CORE_XSDB.UUT_MASTER/U_ICON_INTERFACE/U_CMD3/stat_reg_1_reg[3] is not placed in the same (SLICE) site.
Related violations: <none>

PDRC-190#19 Warning
Suboptimally placed synchronized register chain  
The FDRE cell dbg_hub/inst/CORE_XSDB.UUT_MASTER/U_ICON_INTERFACE/U_CMD3/stat_reg_reg[4] in site SLICE_X109Y195 is part of a synchronized register chain that is suboptimally placed as the load FDRE cell dbg_hub/inst/CORE_XSDB.UUT_MASTER/U_ICON_INTERFACE/U_CMD3/stat_reg_1_reg[4] is not placed in the same (SLICE) site.
Related violations: <none>

PDRC-190#20 Warning
Suboptimally placed synchronized register chain  
The FDRE cell dbg_hub/inst/CORE_XSDB.UUT_MASTER/U_ICON_INTERFACE/U_CMD3/stat_reg_reg[5] in site SLICE_X108Y196 is part of a synchronized register chain that is suboptimally placed as the load FDRE cell dbg_hub/inst/CORE_XSDB.UUT_MASTER/U_ICON_INTERFACE/U_CMD3/stat_reg_1_reg[5] is not placed in the same (SLICE) site.
Related violations: <none>

PDRC-190#21 Warning
Suboptimally placed synchronized register chain  
The FDRE cell dbg_hub/inst/CORE_XSDB.UUT_MASTER/U_ICON_INTERFACE/U_CMD4/shift_reg_in_reg[12] in site SLICE_X110Y194 is part of a synchronized register chain that is suboptimally placed as the load FDRE cell dbg_hub/inst/CORE_XSDB.UUT_MASTER/U_ICON_INTERFACE/U_CMD4/shift_reg_in_reg[11] is not placed in the same (SLICE) site.
Related violations: <none>

PDRC-190#22 Warning
Suboptimally placed synchronized register chain  
The FDRE cell dbg_hub/inst/CORE_XSDB.UUT_MASTER/U_ICON_INTERFACE/U_CMD4/shift_reg_in_reg[20] in site SLICE_X110Y193 is part of a synchronized register chain that is suboptimally placed as the load FDRE cell dbg_hub/inst/CORE_XSDB.UUT_MASTER/U_ICON_INTERFACE/U_CMD4/shift_reg_in_reg[19] is not placed in the same (SLICE) site.
Related violations: <none>

PDRC-190#23 Warning
Suboptimally placed synchronized register chain  
The FDRE cell dbg_hub/inst/CORE_XSDB.UUT_MASTER/U_ICON_INTERFACE/U_CMD4/shift_reg_in_reg[4] in site SLICE_X110Y195 is part of a synchronized register chain that is suboptimally placed as the load FDRE cell dbg_hub/inst/CORE_XSDB.UUT_MASTER/U_ICON_INTERFACE/U_CMD4/shift_reg_in_reg[3] is not placed in the same (SLICE) site.
Related violations: <none>

PDRC-190#24 Warning
Suboptimally placed synchronized register chain  
The FDRE cell dbg_hub/inst/CORE_XSDB.UUT_MASTER/U_ICON_INTERFACE/U_CMD5/shift_reg_in_reg[10] in site SLICE_X95Y197 is part of a synchronized register chain that is suboptimally placed as the load FDRE cell dbg_hub/inst/CORE_XSDB.UUT_MASTER/U_ICON_INTERFACE/U_CMD5/shift_reg_in_reg[9] is not placed in the same (SLICE) site.
Related violations: <none>

PDRC-190#25 Warning
Suboptimally placed synchronized register chain  
The FDRE cell dbg_hub/inst/CORE_XSDB.UUT_MASTER/U_ICON_INTERFACE/U_CMD5/shift_reg_in_reg[2] in site SLICE_X95Y198 is part of a synchronized register chain that is suboptimally placed as the load FDRE cell dbg_hub/inst/CORE_XSDB.UUT_MASTER/U_ICON_INTERFACE/U_CMD5/shift_reg_in_reg[1] is not placed in the same (SLICE) site.
Related violations: <none>

PDRC-190#26 Warning
Suboptimally placed synchronized register chain  
The FDRE cell dbg_hub/inst/CORE_XSDB.UUT_MASTER/U_ICON_INTERFACE/U_CMD7_CTL/shift_reg_in_reg[0] in site SLICE_X108Y200 is part of a synchronized register chain that is suboptimally placed as the load FDRE cell dbg_hub/inst/CORE_XSDB.UUT_MASTER/U_ICON_INTERFACE/U_CMD7_STAT/stat_reg_reg[0] is not placed in the same (SLICE) site.
Related violations: <none>

PDRC-190#27 Warning
Suboptimally placed synchronized register chain  
The FDRE cell dbg_hub/inst/CORE_XSDB.UUT_MASTER/U_ICON_INTERFACE/U_CMD7_STAT/stat_reg_reg[0] in site SLICE_X108Y201 is part of a synchronized register chain that is suboptimally placed as the load FDRE cell dbg_hub/inst/CORE_XSDB.UUT_MASTER/U_ICON_INTERFACE/U_CMD7_STAT/stat_reg_1_reg[0] is not placed in the same (SLICE) site.
Related violations: <none>

PDRC-190#28 Warning
Suboptimally placed synchronized register chain  
The FDRE cell jtag_axi_i/aurora_64b66b_0/inst/jtag_axi_aurora_64b66b_0_0_core_i/jtag_axi_aurora_64b66b_0_0_wrapper_i/jtag_axi_aurora_64b66b_0_0_multi_gt_i/jtag_axi_aurora_64b66b_0_0_gtx_inst/data_sync_reg6 in site SLICE_X162Y49 is part of a synchronized register chain that is suboptimally placed as the load FDRE cell jtag_axi_i/aurora_64b66b_0/inst/jtag_axi_aurora_64b66b_0_0_core_i/jtag_axi_aurora_64b66b_0_0_wrapper_i/jtag_axi_aurora_64b66b_0_0_multi_gt_i/jtag_axi_aurora_64b66b_0_0_gtx_inst/ack_sync_reg1 is not placed in the same (SLICE) site.
Related violations: <none>

PDRC-190#29 Warning
Suboptimally placed synchronized register chain  
The FDRE cell jtag_axi_i/aurora_64b66b_0/inst/jtag_axi_aurora_64b66b_0_0_core_i/jtag_axi_aurora_64b66b_0_0_wrapper_i/rxresetfsm_i/time_out_wait_bypass_reg in site SLICE_X145Y55 is part of a synchronized register chain that is suboptimally placed as the load FDRE cell jtag_axi_i/aurora_64b66b_0/inst/jtag_axi_aurora_64b66b_0_0_core_i/jtag_axi_aurora_64b66b_0_0_wrapper_i/rxresetfsm_i/u_rst_sync_time_out_wait_bypass/stg1_jtag_axi_aurora_64b66b_0_0_cdc_to_reg is not placed in the same (SLICE) site.
Related violations: <none>

PDRC-190#30 Warning
Suboptimally placed synchronized register chain  
The FDRE cell jtag_axi_i/aurora_64b66b_0/inst/jtag_axi_aurora_64b66b_0_0_core_i/jtag_axi_aurora_64b66b_0_0_wrapper_i/u_cdc_gt_cplllock_i/s_level_out_d5_reg in site SLICE_X157Y56 is part of a synchronized register chain that is suboptimally placed as the load FDRE cell jtag_axi_i/aurora_64b66b_0/inst/jtag_axi_aurora_64b66b_0_0_core_i/jtag_axi_aurora_64b66b_0_0_wrapper_i/txresetfsm_i/u_rst_sync_plllock/stg1_jtag_axi_aurora_64b66b_0_0_cdc_to_reg is not placed in the same (SLICE) site.
Related violations: <none>

PDRC-190#31 Warning
Suboptimally placed synchronized register chain  
The FDRE cell jtag_axi_i/aurora_64b66b_1/inst/jtag_axi_aurora_64b66b_0_1_wrapper_i/jtag_axi_aurora_64b66b_0_1_multi_gt_i/jtag_axi_aurora_64b66b_0_1_gtx_inst/data_sync_reg6 in site SLICE_X161Y49 is part of a synchronized register chain that is suboptimally placed as the load FDRE cell jtag_axi_i/aurora_64b66b_1/inst/jtag_axi_aurora_64b66b_0_1_wrapper_i/jtag_axi_aurora_64b66b_0_1_multi_gt_i/jtag_axi_aurora_64b66b_0_1_gtx_inst/ack_sync_reg1 is not placed in the same (SLICE) site.
Related violations: <none>

PDRC-190#32 Warning
Suboptimally placed synchronized register chain  
The FDRE cell jtag_axi_i/aurora_64b66b_1/inst/jtag_axi_aurora_64b66b_0_1_wrapper_i/rxresetfsm_i/time_out_wait_bypass_reg in site SLICE_X149Y80 is part of a synchronized register chain that is suboptimally placed as the load FDRE cell jtag_axi_i/aurora_64b66b_1/inst/jtag_axi_aurora_64b66b_0_1_wrapper_i/rxresetfsm_i/u_rst_sync_time_out_wait_bypass/stg1_jtag_axi_aurora_64b66b_0_1_cdc_to_reg is not placed in the same (SLICE) site.
Related violations: <none>

PDRC-190#33 Warning
Suboptimally placed synchronized register chain  
The FDRE cell jtag_axi_i/aurora_64b66b_1/inst/jtag_axi_aurora_64b66b_0_1_wrapper_i/u_cdc_gt_cplllock_i/s_level_out_d5_reg in site SLICE_X160Y80 is part of a synchronized register chain that is suboptimally placed as the load FDRE cell jtag_axi_i/aurora_64b66b_1/inst/jtag_axi_aurora_64b66b_0_1_wrapper_i/txresetfsm_i/u_rst_sync_plllock/stg1_jtag_axi_aurora_64b66b_0_1_cdc_to_reg is not placed in the same (SLICE) site.
Related violations: <none>

PDRC-190#34 Warning
Suboptimally placed synchronized register chain  
The FDRE cell jtag_axi_i/axi_chip2chip_0/inst/master_fpga_gen.axi_chip2chip_master_inst/axi_chip2chip_ar_fifo_inst/axi_chip2chip_async_fifo_inst/U0/inst_fifo_gen/gconvfifo.rf/grf.rf/rstblk/ngwrdrst.grst.g7serrst.gsckt_wrst.gic_rst.garst_sync_ic[3].rd_rst_inst/Q_reg_reg[0] in site SLICE_X49Y179 is part of a synchronized register chain that is suboptimally placed as the load FDRE cell jtag_axi_i/axi_chip2chip_0/inst/master_fpga_gen.axi_chip2chip_master_inst/axi_chip2chip_ar_fifo_inst/axi_chip2chip_async_fifo_inst/U0/inst_fifo_gen/gconvfifo.rf/grf.rf/rstblk/ngwrdrst.grst.g7serrst.gsckt_wrst.gic_rst.garst_sync_ic[1].rd_rst_wr_inst/Q_reg_reg[0] is not placed in the same (SLICE) site.
Related violations: <none>

PDRC-190#35 Warning
Suboptimally placed synchronized register chain  
The FDRE cell jtag_axi_i/axi_chip2chip_0/inst/master_fpga_gen.axi_chip2chip_master_inst/axi_chip2chip_aw_fifo_inst/axi_chip2chip_async_fifo_inst/U0/inst_fifo_gen/gconvfifo.rf/grf.rf/rstblk/ngwrdrst.grst.g7serrst.gsckt_wrst.gic_rst.garst_sync_ic[3].rd_rst_inst/Q_reg_reg[0] in site SLICE_X41Y188 is part of a synchronized register chain that is suboptimally placed as the load FDRE cell jtag_axi_i/axi_chip2chip_0/inst/master_fpga_gen.axi_chip2chip_master_inst/axi_chip2chip_aw_fifo_inst/axi_chip2chip_async_fifo_inst/U0/inst_fifo_gen/gconvfifo.rf/grf.rf/rstblk/ngwrdrst.grst.g7serrst.gsckt_wrst.gic_rst.garst_sync_ic[1].rd_rst_wr_inst/Q_reg_reg[0] is not placed in the same (SLICE) site.
Related violations: <none>

PDRC-190#36 Warning
Suboptimally placed synchronized register chain  
The FDRE cell jtag_axi_i/axi_chip2chip_0/inst/master_fpga_gen.axi_chip2chip_master_inst/axi_chip2chip_r_fifo_inst/axi_chip2chip_async_fifo_inst/U0/inst_fifo_gen/gconvfifo.rf/grf.rf/rstblk/ngwrdrst.grst.g7serrst.gsckt_wrst.gic_rst.garst_sync_ic[3].rd_rst_inst/Q_reg_reg[0] in site SLICE_X67Y188 is part of a synchronized register chain that is suboptimally placed as the load FDRE cell jtag_axi_i/axi_chip2chip_0/inst/master_fpga_gen.axi_chip2chip_master_inst/axi_chip2chip_r_fifo_inst/axi_chip2chip_async_fifo_inst/U0/inst_fifo_gen/gconvfifo.rf/grf.rf/rstblk/ngwrdrst.grst.g7serrst.gsckt_wrst.gic_rst.garst_sync_ic[1].rd_rst_wr_inst/Q_reg_reg[0] is not placed in the same (SLICE) site.
Related violations: <none>

PDRC-190#37 Warning
Suboptimally placed synchronized register chain  
The FDRE cell jtag_axi_i/axi_chip2chip_0/inst/master_fpga_gen.axi_chip2chip_master_inst/axi_chip2chip_w_fifo_inst/axi_chip2chip_async_fifo_inst/U0/inst_fifo_gen/gconvfifo.rf/grf.rf/rstblk/ngwrdrst.grst.g7serrst.gsckt_wrst.gic_rst.garst_sync_ic[3].rd_rst_inst/Q_reg_reg[0] in site SLICE_X51Y188 is part of a synchronized register chain that is suboptimally placed as the load FDRE cell jtag_axi_i/axi_chip2chip_0/inst/master_fpga_gen.axi_chip2chip_master_inst/axi_chip2chip_w_fifo_inst/axi_chip2chip_async_fifo_inst/U0/inst_fifo_gen/gconvfifo.rf/grf.rf/rstblk/ngwrdrst.grst.g7serrst.gsckt_wrst.gic_rst.garst_sync_ic[1].rd_rst_wr_inst/Q_reg_reg[0] is not placed in the same (SLICE) site.
Related violations: <none>

PDRC-190#38 Warning
Suboptimally placed synchronized register chain  
The FDRE cell jtag_axi_i/axi_chip2chip_1/inst/master_fpga_gen.axi_chip2chip_master_inst/axi_chip2chip_ar_fifo_inst/axi_chip2chip_async_fifo_inst/U0/inst_fifo_gen/gconvfifo.rf/grf.rf/rstblk/ngwrdrst.grst.g7serrst.gsckt_wrst.gic_rst.garst_sync_ic[3].rd_rst_inst/Q_reg_reg[0] in site SLICE_X36Y173 is part of a synchronized register chain that is suboptimally placed as the load FDRE cell jtag_axi_i/axi_chip2chip_1/inst/master_fpga_gen.axi_chip2chip_master_inst/axi_chip2chip_ar_fifo_inst/axi_chip2chip_async_fifo_inst/U0/inst_fifo_gen/gconvfifo.rf/grf.rf/rstblk/ngwrdrst.grst.g7serrst.gsckt_wrst.gic_rst.garst_sync_ic[1].rd_rst_wr_inst/Q_reg_reg[0] is not placed in the same (SLICE) site.
Related violations: <none>

PDRC-190#39 Warning
Suboptimally placed synchronized register chain  
The FDRE cell jtag_axi_i/axi_chip2chip_1/inst/master_fpga_gen.axi_chip2chip_master_inst/axi_chip2chip_aw_fifo_inst/axi_chip2chip_async_fifo_inst/U0/inst_fifo_gen/gconvfifo.rf/grf.rf/rstblk/ngwrdrst.grst.g7serrst.gsckt_wrst.gic_rst.garst_sync_ic[3].rd_rst_inst/Q_reg_reg[0] in site SLICE_X37Y183 is part of a synchronized register chain that is suboptimally placed as the load FDRE cell jtag_axi_i/axi_chip2chip_1/inst/master_fpga_gen.axi_chip2chip_master_inst/axi_chip2chip_aw_fifo_inst/axi_chip2chip_async_fifo_inst/U0/inst_fifo_gen/gconvfifo.rf/grf.rf/rstblk/ngwrdrst.grst.g7serrst.gsckt_wrst.gic_rst.garst_sync_ic[1].rd_rst_wr_inst/Q_reg_reg[0] is not placed in the same (SLICE) site.
Related violations: <none>

PDRC-190#40 Warning
Suboptimally placed synchronized register chain  
The FDRE cell jtag_axi_i/axi_chip2chip_1/inst/master_fpga_gen.axi_chip2chip_master_inst/axi_chip2chip_r_fifo_inst/axi_chip2chip_async_fifo_inst/U0/inst_fifo_gen/gconvfifo.rf/grf.rf/rstblk/ngwrdrst.grst.g7serrst.gsckt_wrst.gic_rst.garst_sync_ic[3].rd_rst_inst/Q_reg_reg[0] in site SLICE_X61Y175 is part of a synchronized register chain that is suboptimally placed as the load FDRE cell jtag_axi_i/axi_chip2chip_1/inst/master_fpga_gen.axi_chip2chip_master_inst/axi_chip2chip_r_fifo_inst/axi_chip2chip_async_fifo_inst/U0/inst_fifo_gen/gconvfifo.rf/grf.rf/rstblk/ngwrdrst.grst.g7serrst.gsckt_wrst.gic_rst.garst_sync_ic[1].rd_rst_wr_inst/Q_reg_reg[0] is not placed in the same (SLICE) site.
Related violations: <none>

PDRC-190#41 Warning
Suboptimally placed synchronized register chain  
The FDRE cell jtag_axi_i/axi_chip2chip_1/inst/master_fpga_gen.axi_chip2chip_master_inst/axi_chip2chip_w_fifo_inst/axi_chip2chip_async_fifo_inst/U0/inst_fifo_gen/gconvfifo.rf/grf.rf/rstblk/ngwrdrst.grst.g7serrst.gsckt_wrst.gic_rst.garst_sync_ic[3].rd_rst_inst/Q_reg_reg[0] in site SLICE_X49Y177 is part of a synchronized register chain that is suboptimally placed as the load FDRE cell jtag_axi_i/axi_chip2chip_1/inst/master_fpga_gen.axi_chip2chip_master_inst/axi_chip2chip_w_fifo_inst/axi_chip2chip_async_fifo_inst/U0/inst_fifo_gen/gconvfifo.rf/grf.rf/rstblk/ngwrdrst.grst.g7serrst.gsckt_wrst.gic_rst.garst_sync_ic[1].rd_rst_wr_inst/Q_reg_reg[0] is not placed in the same (SLICE) site.
Related violations: <none>

TIMING-6#1 Warning
No common primary clock between related clocks  
The clocks clk_out1_jtag_axi_clk_wiz_0 and user_clk_i are related (timed together) but they have no common primary clock. The design could fail in hardware. To find a timing path between these clocks, run the following command: report_timing -from [get_clocks clk_out1_jtag_axi_clk_wiz_0] -to [get_clocks user_clk_i]
Related violations: <none>

TIMING-6#2 Warning
No common primary clock between related clocks  
The clocks user_clk_i and clk_out1_jtag_axi_clk_wiz_0 are related (timed together) but they have no common primary clock. The design could fail in hardware. To find a timing path between these clocks, run the following command: report_timing -from [get_clocks user_clk_i] -to [get_clocks clk_out1_jtag_axi_clk_wiz_0]
Related violations: <none>

TIMING-7#1 Warning
No common node between related clocks  
The clocks clk_out1_jtag_axi_clk_wiz_0 and user_clk_i are related (timed together) but they have no common node. The design could fail in hardware. To find a timing path between these clocks, run the following command: report_timing -from [get_clocks clk_out1_jtag_axi_clk_wiz_0] -to [get_clocks user_clk_i]
Related violations: <none>

TIMING-7#2 Warning
No common node between related clocks  
The clocks user_clk_i and clk_out1_jtag_axi_clk_wiz_0 are related (timed together) but they have no common node. The design could fail in hardware. To find a timing path between these clocks, run the following command: report_timing -from [get_clocks user_clk_i] -to [get_clocks clk_out1_jtag_axi_clk_wiz_0]
Related violations: <none>

TIMING-9#1 Warning
Unknown CDC Logic  
One or more asynchronous Clock Domain Crossing has been detected between 2 clock domains through a set_false_path or a set_clock_groups or set_max_delay -datapath_only constraint but no double-registers logic synchronizer has been found on the side of the capture clock. It is recommended to run report_cdc for a complete and detailed CDC coverage
Related violations: <none>

TIMING-16#1 Warning
Large setup violation  
There is a large setup violation of -3.524 ns between jtag_axi_i/system_ila/inst/ila_lib/inst/ila_core_inst/u_ila_regs/reg_1a/I_EN_CTL_EQ1.U_CTL/xsdb_reg_reg[3]/C (clocked by clk_out1_jtag_axi_clk_wiz_0) and jtag_axi_i/system_ila/inst/ila_lib/inst/ila_core_inst/en_adv_trigger_2_reg/D (clocked by user_clk_i). Large setup violations at the end of those stages might be difficult to fix during the post-placement implementation flow and could be the result of non-optimal XDC constraints or non-optimal design architecture
Related violations: <none>

TIMING-16#2 Warning
Large setup violation  
There is a large setup violation of -3.605 ns between jtag_axi_i/system_ila/inst/ila_lib/inst/ila_core_inst/u_ila_reset_ctrl/asyncrounous_transfer.arm_out_transfer_inst/dout_reg1_reg/C (clocked by clk_out1_jtag_axi_clk_wiz_0) and jtag_axi_i/system_ila/inst/ila_lib/inst/ila_core_inst/u_ila_reset_ctrl/asyncrounous_transfer.arm_out_transfer_inst/temp_reg0_reg/D (clocked by user_clk_i). Large setup violations at the end of those stages might be difficult to fix during the post-placement implementation flow and could be the result of non-optimal XDC constraints or non-optimal design architecture
Related violations: <none>

TIMING-16#3 Warning
Large setup violation  
There is a large setup violation of -3.712 ns between jtag_axi_i/system_ila/inst/ila_lib/inst/ila_core_inst/u_ila_regs/reg_15/I_EN_CTL_EQ1.U_CTL/xsdb_reg_reg[2]/C (clocked by clk_out1_jtag_axi_clk_wiz_0) and jtag_axi_i/system_ila/inst/ila_lib/inst/ila_core_inst/use_probe_debug_circuit_2_reg/D (clocked by user_clk_i). Large setup violations at the end of those stages might be difficult to fix during the post-placement implementation flow and could be the result of non-optimal XDC constraints or non-optimal design architecture
Related violations: <none>

TIMING-16#4 Warning
Large setup violation  
There is a large setup violation of -4.487 ns between jtag_axi_i/system_ila/inst/ila_lib/inst/ila_core_inst/u_ila_reset_ctrl/asyncrounous_transfer.halt_out_transfer_inst/dout_reg1_reg/C (clocked by clk_out1_jtag_axi_clk_wiz_0) and jtag_axi_i/system_ila/inst/ila_lib/inst/ila_core_inst/u_ila_reset_ctrl/asyncrounous_transfer.halt_out_transfer_inst/temp_reg0_reg/D (clocked by user_clk_i). Large setup violations at the end of those stages might be difficult to fix during the post-placement implementation flow and could be the result of non-optimal XDC constraints or non-optimal design architecture
Related violations: <none>

TIMING-16#5 Warning
Large setup violation  
There is a large setup violation of -8.207 ns between jtag_axi_i/system_ila/inst/ila_lib/inst/ila_core_inst/u_ila_reset_ctrl/asyncrounous_transfer.arm_in_transfer_inst/dout_reg1_reg/C (clocked by user_clk_i) and jtag_axi_i/system_ila/inst/ila_lib/inst/ila_core_inst/u_ila_reset_ctrl/asyncrounous_transfer.arm_in_transfer_inst/temp_reg0_reg/D (clocked by clk_out1_jtag_axi_clk_wiz_0). Large setup violations at the end of those stages might be difficult to fix during the post-placement implementation flow and could be the result of non-optimal XDC constraints or non-optimal design architecture
Related violations: <none>

TIMING-16#6 Warning
Large setup violation  
There is a large setup violation of -8.213 ns between jtag_axi_i/system_ila/inst/ila_lib/inst/ila_core_inst/u_ila_reset_ctrl/asyncrounous_transfer.halt_in_transfer_inst/dout_reg1_reg/C (clocked by user_clk_i) and jtag_axi_i/system_ila/inst/ila_lib/inst/ila_core_inst/u_ila_reset_ctrl/asyncrounous_transfer.halt_in_transfer_inst/temp_reg0_reg/D (clocked by clk_out1_jtag_axi_clk_wiz_0). Large setup violations at the end of those stages might be difficult to fix during the post-placement implementation flow and could be the result of non-optimal XDC constraints or non-optimal design architecture
Related violations: <none>

TIMING-18#1 Warning
Missing input or output delay  
An input delay is missing on ext_reset_in relative to clock(s) VIRTUAL_clk_out1_jtag_axi_clk_wiz_0 
Related violations: <none>

TIMING-18#2 Warning
Missing input or output delay  
An input delay is missing on pma_init_in relative to clock(s) INIT_DIFF_CLK_clk_p 
Related violations: <none>

XDCC-1#1 Warning
Scoped Clock constraint overwritten with the same name  
A new clock constraint create_clock overrides a previous scoped clock constraint with the same name. It is not recommended to override a scoped (typically an IP) clock constraint and could result in unexpected behaviors.
New: create_clock -period 10.000 [get_ports diff_clock_rtl_clk_p] (Source: /home/wesleyguo/github/vivado/vivado/jtag_c2c/jtag_c2c/jtag_c2c.srcs/constrs_1/new/jtag_axi.xdc (Line: 19))
Previous: create_clock -period 10.000 [get_ports diff_clock_rtl_clk_p] (Source: /home/wesleyguo/github/vivado/vivado/jtag_c2c/jtag_c2c/jtag_c2c.srcs/sources_1/bd/jtag_axi/ip/jtag_axi_clk_wiz_0/jtag_axi_clk_wiz_0.xdc (Line: 56))
Related violations: <none>

XDCC-7#1 Warning
Scoped Clock constraint overwritten on the same source  
A new clock constraint create_clock overrides a previous scoped clock constraint defined on the same source. It is not recommended to override a scoped (typically an IP) clock constraint and could result in unexpected behaviors.
New: create_clock -period 10.000 [get_ports diff_clock_rtl_clk_p] (Source: /home/wesleyguo/github/vivado/vivado/jtag_c2c/jtag_c2c/jtag_c2c.srcs/constrs_1/new/jtag_axi.xdc (Line: 19))
Previous: create_clock -period 10.000 [get_ports diff_clock_rtl_clk_p] (Source: /home/wesleyguo/github/vivado/vivado/jtag_c2c/jtag_c2c/jtag_c2c.srcs/sources_1/bd/jtag_axi/ip/jtag_axi_clk_wiz_0/jtag_axi_clk_wiz_0.xdc (Line: 56))
Related violations: <none>


