
*** Running vivado
    with args -log b2000t_c2c_bram_wrapper.vds -m64 -product Vivado -mode batch -messageDb vivado.pb -notrace -source b2000t_c2c_bram_wrapper.tcl


****** Vivado v2016.4 (64-bit)
  **** SW Build 1733598 on Wed Dec 14 22:35:42 MST 2016
  **** IP Build 1731160 on Wed Dec 14 23:47:21 MST 2016
    ** Copyright 1986-2016 Xilinx, Inc. All Rights Reserved.

source b2000t_c2c_bram_wrapper.tcl -notrace
INFO: [IP_Flow 19-234] Refreshing IP repositories
INFO: [IP_Flow 19-1700] Loaded user IP repository '/home/wesleyguo/github/vivado/vivado/ip/dut/gpio_loopback'.
INFO: [IP_Flow 19-1700] Loaded user IP repository '/home/wesleyguo/github/vivado/vivado/ip/dut/gpio_loopback_120'.
INFO: [IP_Flow 19-1700] Loaded user IP repository '/home/wesleyguo/github/vivado/vivado/ip/dut/jack_120'.
INFO: [IP_Flow 19-1700] Loaded user IP repository '/home/wesleyguo/github/vivado/vivado/ip/dut/jack'.
INFO: [IP_Flow 19-2313] Loaded Vivado IP repository '/home/vivado/vivado201604/Vivado/2016.4/data/ip'.
add_files: Time (s): cpu = 00:00:11 ; elapsed = 00:00:11 . Memory (MB): peak = 1270.000 ; gain = 185.305 ; free physical = 67835 ; free virtual = 176181
Command: synth_design -top b2000t_c2c_bram_wrapper -part xc7v2000tflg1925-1
Starting synth_design
Attempting to get a license for feature 'Synthesis' and/or device 'xc7v2000t'
INFO: [Common 17-349] Got license for feature 'Synthesis' and/or device 'xc7v2000t'
INFO: Launching helper process for spawning children vivado processes
INFO: Helper process launched with PID 77782 
---------------------------------------------------------------------------------
Starting RTL Elaboration : Time (s): cpu = 00:00:19 ; elapsed = 00:00:20 . Memory (MB): peak = 1371.492 ; gain = 356.301 ; free physical = 67767 ; free virtual = 176113
---------------------------------------------------------------------------------
INFO: [Synth 8-638] synthesizing module 'b2000t_c2c_bram_wrapper' [/home/wesleyguo/github/vivado/vivado/2000t_c2c_bram/b2000t_c2c_bram/b2000t_c2c_bram.srcs/sources_1/bd/b2000t_c2c_bram/hdl/b2000t_c2c_bram_wrapper.v:12]
INFO: [Synth 8-638] synthesizing module 'b2000t_c2c_bram' [/home/wesleyguo/github/vivado/vivado/2000t_c2c_bram/b2000t_c2c_bram/b2000t_c2c_bram.srcs/sources_1/bd/b2000t_c2c_bram/hdl/b2000t_c2c_bram.v:13]
INFO: [Synth 8-638] synthesizing module 'b2000t_c2c_bram_aurora_64b66b_0_0' [/home/wesleyguo/github/vivado/vivado/2000t_c2c_bram/b2000t_c2c_bram/b2000t_c2c_bram.runs/synth_1/.Xil/Vivado-75220-HyperSilicon/realtime/b2000t_c2c_bram_aurora_64b66b_0_0_stub.v:6]
INFO: [Synth 8-256] done synthesizing module 'b2000t_c2c_bram_aurora_64b66b_0_0' (1#1) [/home/wesleyguo/github/vivado/vivado/2000t_c2c_bram/b2000t_c2c_bram/b2000t_c2c_bram.runs/synth_1/.Xil/Vivado-75220-HyperSilicon/realtime/b2000t_c2c_bram_aurora_64b66b_0_0_stub.v:6]
WARNING: [Synth 8-350] instance 'aurora_64b66b_0' of module 'b2000t_c2c_bram_aurora_64b66b_0_0' requires 35 connections, but only 27 given [/home/wesleyguo/github/vivado/vivado/2000t_c2c_bram/b2000t_c2c_bram/b2000t_c2c_bram.srcs/sources_1/bd/b2000t_c2c_bram/hdl/b2000t_c2c_bram.v:515]
INFO: [Synth 8-638] synthesizing module 'b2000t_c2c_bram_aurora_64b66b_0_1' [/home/wesleyguo/github/vivado/vivado/2000t_c2c_bram/b2000t_c2c_bram/b2000t_c2c_bram.runs/synth_1/.Xil/Vivado-75220-HyperSilicon/realtime/b2000t_c2c_bram_aurora_64b66b_0_1_stub.v:6]
INFO: [Synth 8-256] done synthesizing module 'b2000t_c2c_bram_aurora_64b66b_0_1' (2#1) [/home/wesleyguo/github/vivado/vivado/2000t_c2c_bram/b2000t_c2c_bram/b2000t_c2c_bram.runs/synth_1/.Xil/Vivado-75220-HyperSilicon/realtime/b2000t_c2c_bram_aurora_64b66b_0_1_stub.v:6]
WARNING: [Synth 8-350] instance 'aurora_64b66b_1' of module 'b2000t_c2c_bram_aurora_64b66b_0_1' requires 30 connections, but only 23 given [/home/wesleyguo/github/vivado/vivado/2000t_c2c_bram/b2000t_c2c_bram/b2000t_c2c_bram.srcs/sources_1/bd/b2000t_c2c_bram/hdl/b2000t_c2c_bram.v:543]
INFO: [Synth 8-638] synthesizing module 'b2000t_c2c_bram_axi_bram_ctrl_0_0' [/home/wesleyguo/github/vivado/vivado/2000t_c2c_bram/b2000t_c2c_bram/b2000t_c2c_bram.runs/synth_1/.Xil/Vivado-75220-HyperSilicon/realtime/b2000t_c2c_bram_axi_bram_ctrl_0_0_stub.v:6]
INFO: [Synth 8-256] done synthesizing module 'b2000t_c2c_bram_axi_bram_ctrl_0_0' (3#1) [/home/wesleyguo/github/vivado/vivado/2000t_c2c_bram/b2000t_c2c_bram/b2000t_c2c_bram.runs/synth_1/.Xil/Vivado-75220-HyperSilicon/realtime/b2000t_c2c_bram_axi_bram_ctrl_0_0_stub.v:6]
INFO: [Synth 8-638] synthesizing module 'b2000t_c2c_bram_axi_bram_ctrl_1_0' [/home/wesleyguo/github/vivado/vivado/2000t_c2c_bram/b2000t_c2c_bram/b2000t_c2c_bram.runs/synth_1/.Xil/Vivado-75220-HyperSilicon/realtime/b2000t_c2c_bram_axi_bram_ctrl_1_0_stub.v:6]
INFO: [Synth 8-256] done synthesizing module 'b2000t_c2c_bram_axi_bram_ctrl_1_0' (4#1) [/home/wesleyguo/github/vivado/vivado/2000t_c2c_bram/b2000t_c2c_bram/b2000t_c2c_bram.runs/synth_1/.Xil/Vivado-75220-HyperSilicon/realtime/b2000t_c2c_bram_axi_bram_ctrl_1_0_stub.v:6]
INFO: [Synth 8-638] synthesizing module 'b2000t_c2c_bram_axi_bram_ctrl_1_bram_1' [/home/wesleyguo/github/vivado/vivado/2000t_c2c_bram/b2000t_c2c_bram/b2000t_c2c_bram.runs/synth_1/.Xil/Vivado-75220-HyperSilicon/realtime/b2000t_c2c_bram_axi_bram_ctrl_1_bram_1_stub.v:6]
INFO: [Synth 8-256] done synthesizing module 'b2000t_c2c_bram_axi_bram_ctrl_1_bram_1' (5#1) [/home/wesleyguo/github/vivado/vivado/2000t_c2c_bram/b2000t_c2c_bram/b2000t_c2c_bram.runs/synth_1/.Xil/Vivado-75220-HyperSilicon/realtime/b2000t_c2c_bram_axi_bram_ctrl_1_bram_1_stub.v:6]
INFO: [Synth 8-638] synthesizing module 'b2000t_c2c_bram_axi_bram_ctrl_0_1' [/home/wesleyguo/github/vivado/vivado/2000t_c2c_bram/b2000t_c2c_bram/b2000t_c2c_bram.runs/synth_1/.Xil/Vivado-75220-HyperSilicon/realtime/b2000t_c2c_bram_axi_bram_ctrl_0_1_stub.v:6]
INFO: [Synth 8-256] done synthesizing module 'b2000t_c2c_bram_axi_bram_ctrl_0_1' (6#1) [/home/wesleyguo/github/vivado/vivado/2000t_c2c_bram/b2000t_c2c_bram/b2000t_c2c_bram.runs/synth_1/.Xil/Vivado-75220-HyperSilicon/realtime/b2000t_c2c_bram_axi_bram_ctrl_0_1_stub.v:6]
INFO: [Synth 8-638] synthesizing module 'b2000t_c2c_bram_axi_bram_ctrl_2_0' [/home/wesleyguo/github/vivado/vivado/2000t_c2c_bram/b2000t_c2c_bram/b2000t_c2c_bram.runs/synth_1/.Xil/Vivado-75220-HyperSilicon/realtime/b2000t_c2c_bram_axi_bram_ctrl_2_0_stub.v:6]
INFO: [Synth 8-256] done synthesizing module 'b2000t_c2c_bram_axi_bram_ctrl_2_0' (7#1) [/home/wesleyguo/github/vivado/vivado/2000t_c2c_bram/b2000t_c2c_bram/b2000t_c2c_bram.runs/synth_1/.Xil/Vivado-75220-HyperSilicon/realtime/b2000t_c2c_bram_axi_bram_ctrl_2_0_stub.v:6]
INFO: [Synth 8-638] synthesizing module 'b2000t_c2c_bram_axi_bram_ctrl_3_0' [/home/wesleyguo/github/vivado/vivado/2000t_c2c_bram/b2000t_c2c_bram/b2000t_c2c_bram.runs/synth_1/.Xil/Vivado-75220-HyperSilicon/realtime/b2000t_c2c_bram_axi_bram_ctrl_3_0_stub.v:6]
INFO: [Synth 8-256] done synthesizing module 'b2000t_c2c_bram_axi_bram_ctrl_3_0' (8#1) [/home/wesleyguo/github/vivado/vivado/2000t_c2c_bram/b2000t_c2c_bram/b2000t_c2c_bram.runs/synth_1/.Xil/Vivado-75220-HyperSilicon/realtime/b2000t_c2c_bram_axi_bram_ctrl_3_0_stub.v:6]
INFO: [Synth 8-638] synthesizing module 'b2000t_c2c_bram_axi_bram_ctrl_2_1' [/home/wesleyguo/github/vivado/vivado/2000t_c2c_bram/b2000t_c2c_bram/b2000t_c2c_bram.runs/synth_1/.Xil/Vivado-75220-HyperSilicon/realtime/b2000t_c2c_bram_axi_bram_ctrl_2_1_stub.v:6]
INFO: [Synth 8-256] done synthesizing module 'b2000t_c2c_bram_axi_bram_ctrl_2_1' (9#1) [/home/wesleyguo/github/vivado/vivado/2000t_c2c_bram/b2000t_c2c_bram/b2000t_c2c_bram.runs/synth_1/.Xil/Vivado-75220-HyperSilicon/realtime/b2000t_c2c_bram_axi_bram_ctrl_2_1_stub.v:6]
INFO: [Synth 8-638] synthesizing module 'b2000t_c2c_bram_axi_chip2chip_0_0' [/home/wesleyguo/github/vivado/vivado/2000t_c2c_bram/b2000t_c2c_bram/b2000t_c2c_bram.runs/synth_1/.Xil/Vivado-75220-HyperSilicon/realtime/b2000t_c2c_bram_axi_chip2chip_0_0_stub.v:6]
INFO: [Synth 8-256] done synthesizing module 'b2000t_c2c_bram_axi_chip2chip_0_0' (10#1) [/home/wesleyguo/github/vivado/vivado/2000t_c2c_bram/b2000t_c2c_bram/b2000t_c2c_bram.runs/synth_1/.Xil/Vivado-75220-HyperSilicon/realtime/b2000t_c2c_bram_axi_chip2chip_0_0_stub.v:6]
WARNING: [Synth 8-350] instance 'axi_chip2chip_0' of module 'b2000t_c2c_bram_axi_chip2chip_0_0' requires 49 connections, but only 47 given [/home/wesleyguo/github/vivado/vivado/2000t_c2c_bram/b2000t_c2c_bram/b2000t_c2c_bram.srcs/sources_1/bd/b2000t_c2c_bram/hdl/b2000t_c2c_bram.v:866]
INFO: [Synth 8-638] synthesizing module 'b2000t_c2c_bram_axi_chip2chip_0_1' [/home/wesleyguo/github/vivado/vivado/2000t_c2c_bram/b2000t_c2c_bram/b2000t_c2c_bram.runs/synth_1/.Xil/Vivado-75220-HyperSilicon/realtime/b2000t_c2c_bram_axi_chip2chip_0_1_stub.v:6]
INFO: [Synth 8-256] done synthesizing module 'b2000t_c2c_bram_axi_chip2chip_0_1' (11#1) [/home/wesleyguo/github/vivado/vivado/2000t_c2c_bram/b2000t_c2c_bram/b2000t_c2c_bram.runs/synth_1/.Xil/Vivado-75220-HyperSilicon/realtime/b2000t_c2c_bram_axi_chip2chip_0_1_stub.v:6]
WARNING: [Synth 8-350] instance 'axi_chip2chip_1' of module 'b2000t_c2c_bram_axi_chip2chip_0_1' requires 49 connections, but only 47 given [/home/wesleyguo/github/vivado/vivado/2000t_c2c_bram/b2000t_c2c_bram/b2000t_c2c_bram.srcs/sources_1/bd/b2000t_c2c_bram/hdl/b2000t_c2c_bram.v:914]
INFO: [Synth 8-638] synthesizing module 'b2000t_c2c_bram_axi_mem_intercon_0' [/home/wesleyguo/github/vivado/vivado/2000t_c2c_bram/b2000t_c2c_bram/b2000t_c2c_bram.srcs/sources_1/bd/b2000t_c2c_bram/hdl/b2000t_c2c_bram.v:1511]
INFO: [Synth 8-638] synthesizing module 'm00_couplers_imp_1QKQ509' [/home/wesleyguo/github/vivado/vivado/2000t_c2c_bram/b2000t_c2c_bram/b2000t_c2c_bram.srcs/sources_1/bd/b2000t_c2c_bram/hdl/b2000t_c2c_bram.v:3851]
INFO: [Synth 8-256] done synthesizing module 'm00_couplers_imp_1QKQ509' (12#1) [/home/wesleyguo/github/vivado/vivado/2000t_c2c_bram/b2000t_c2c_bram/b2000t_c2c_bram.srcs/sources_1/bd/b2000t_c2c_bram/hdl/b2000t_c2c_bram.v:3851]
INFO: [Synth 8-638] synthesizing module 'm01_couplers_imp_IVRB2V' [/home/wesleyguo/github/vivado/vivado/2000t_c2c_bram/b2000t_c2c_bram/b2000t_c2c_bram.srcs/sources_1/bd/b2000t_c2c_bram/hdl/b2000t_c2c_bram.v:4109]
INFO: [Synth 8-256] done synthesizing module 'm01_couplers_imp_IVRB2V' (13#1) [/home/wesleyguo/github/vivado/vivado/2000t_c2c_bram/b2000t_c2c_bram/b2000t_c2c_bram.srcs/sources_1/bd/b2000t_c2c_bram/hdl/b2000t_c2c_bram.v:4109]
INFO: [Synth 8-638] synthesizing module 'm02_couplers_imp_VLHTOK' [/home/wesleyguo/github/vivado/vivado/2000t_c2c_bram/b2000t_c2c_bram/b2000t_c2c_bram.srcs/sources_1/bd/b2000t_c2c_bram/hdl/b2000t_c2c_bram.v:4367]
INFO: [Synth 8-256] done synthesizing module 'm02_couplers_imp_VLHTOK' (14#1) [/home/wesleyguo/github/vivado/vivado/2000t_c2c_bram/b2000t_c2c_bram/b2000t_c2c_bram.srcs/sources_1/bd/b2000t_c2c_bram/hdl/b2000t_c2c_bram.v:4367]
INFO: [Synth 8-638] synthesizing module 'm03_couplers_imp_1MXSO0A' [/home/wesleyguo/github/vivado/vivado/2000t_c2c_bram/b2000t_c2c_bram/b2000t_c2c_bram.srcs/sources_1/bd/b2000t_c2c_bram/hdl/b2000t_c2c_bram.v:4625]
INFO: [Synth 8-256] done synthesizing module 'm03_couplers_imp_1MXSO0A' (15#1) [/home/wesleyguo/github/vivado/vivado/2000t_c2c_bram/b2000t_c2c_bram/b2000t_c2c_bram.srcs/sources_1/bd/b2000t_c2c_bram/hdl/b2000t_c2c_bram.v:4625]
INFO: [Synth 8-638] synthesizing module 'm04_couplers_imp_7A19NM' [/home/wesleyguo/github/vivado/vivado/2000t_c2c_bram/b2000t_c2c_bram/b2000t_c2c_bram.srcs/sources_1/bd/b2000t_c2c_bram/hdl/b2000t_c2c_bram.v:4883]
INFO: [Synth 8-256] done synthesizing module 'm04_couplers_imp_7A19NM' (16#1) [/home/wesleyguo/github/vivado/vivado/2000t_c2c_bram/b2000t_c2c_bram/b2000t_c2c_bram.srcs/sources_1/bd/b2000t_c2c_bram/hdl/b2000t_c2c_bram.v:4883]
INFO: [Synth 8-638] synthesizing module 'm05_couplers_imp_1H6Q04S' [/home/wesleyguo/github/vivado/vivado/2000t_c2c_bram/b2000t_c2c_bram/b2000t_c2c_bram.srcs/sources_1/bd/b2000t_c2c_bram/hdl/b2000t_c2c_bram.v:5141]
INFO: [Synth 8-256] done synthesizing module 'm05_couplers_imp_1H6Q04S' (17#1) [/home/wesleyguo/github/vivado/vivado/2000t_c2c_bram/b2000t_c2c_bram/b2000t_c2c_bram.srcs/sources_1/bd/b2000t_c2c_bram/hdl/b2000t_c2c_bram.v:5141]
INFO: [Synth 8-638] synthesizing module 's00_couplers_imp_1HLGBLT' [/home/wesleyguo/github/vivado/vivado/2000t_c2c_bram/b2000t_c2c_bram/b2000t_c2c_bram.srcs/sources_1/bd/b2000t_c2c_bram/hdl/b2000t_c2c_bram.v:5399]
INFO: [Synth 8-256] done synthesizing module 's00_couplers_imp_1HLGBLT' (18#1) [/home/wesleyguo/github/vivado/vivado/2000t_c2c_bram/b2000t_c2c_bram/b2000t_c2c_bram.srcs/sources_1/bd/b2000t_c2c_bram/hdl/b2000t_c2c_bram.v:5399]
INFO: [Synth 8-638] synthesizing module 's01_couplers_imp_RX7FM7' [/home/wesleyguo/github/vivado/vivado/2000t_c2c_bram/b2000t_c2c_bram/b2000t_c2c_bram.srcs/sources_1/bd/b2000t_c2c_bram/hdl/b2000t_c2c_bram.v:5615]
INFO: [Synth 8-256] done synthesizing module 's01_couplers_imp_RX7FM7' (19#1) [/home/wesleyguo/github/vivado/vivado/2000t_c2c_bram/b2000t_c2c_bram/b2000t_c2c_bram.srcs/sources_1/bd/b2000t_c2c_bram/hdl/b2000t_c2c_bram.v:5615]
INFO: [Synth 8-638] synthesizing module 's02_couplers_imp_MK7BFG' [/home/wesleyguo/github/vivado/vivado/2000t_c2c_bram/b2000t_c2c_bram/b2000t_c2c_bram.srcs/sources_1/bd/b2000t_c2c_bram/hdl/b2000t_c2c_bram.v:5887]
INFO: [Synth 8-256] done synthesizing module 's02_couplers_imp_MK7BFG' (20#1) [/home/wesleyguo/github/vivado/vivado/2000t_c2c_bram/b2000t_c2c_bram/b2000t_c2c_bram.srcs/sources_1/bd/b2000t_c2c_bram/hdl/b2000t_c2c_bram.v:5887]
INFO: [Synth 8-638] synthesizing module 'b2000t_c2c_bram_xbar_0' [/home/wesleyguo/github/vivado/vivado/2000t_c2c_bram/b2000t_c2c_bram/b2000t_c2c_bram.runs/synth_1/.Xil/Vivado-75220-HyperSilicon/realtime/b2000t_c2c_bram_xbar_0_stub.v:6]
INFO: [Synth 8-256] done synthesizing module 'b2000t_c2c_bram_xbar_0' (21#1) [/home/wesleyguo/github/vivado/vivado/2000t_c2c_bram/b2000t_c2c_bram/b2000t_c2c_bram.runs/synth_1/.Xil/Vivado-75220-HyperSilicon/realtime/b2000t_c2c_bram_xbar_0_stub.v:6]
WARNING: [Synth 8-350] instance 'xbar' of module 'b2000t_c2c_bram_xbar_0' requires 78 connections, but only 74 given [/home/wesleyguo/github/vivado/vivado/2000t_c2c_bram/b2000t_c2c_bram/b2000t_c2c_bram.srcs/sources_1/bd/b2000t_c2c_bram/hdl/b2000t_c2c_bram.v:3774]
INFO: [Synth 8-256] done synthesizing module 'b2000t_c2c_bram_axi_mem_intercon_0' (22#1) [/home/wesleyguo/github/vivado/vivado/2000t_c2c_bram/b2000t_c2c_bram/b2000t_c2c_bram.srcs/sources_1/bd/b2000t_c2c_bram/hdl/b2000t_c2c_bram.v:1511]
INFO: [Synth 8-638] synthesizing module 'b2000t_c2c_bram_blk_mem_gen_0_0' [/home/wesleyguo/github/vivado/vivado/2000t_c2c_bram/b2000t_c2c_bram/b2000t_c2c_bram.runs/synth_1/.Xil/Vivado-75220-HyperSilicon/realtime/b2000t_c2c_bram_blk_mem_gen_0_0_stub.v:6]
INFO: [Synth 8-256] done synthesizing module 'b2000t_c2c_bram_blk_mem_gen_0_0' (23#1) [/home/wesleyguo/github/vivado/vivado/2000t_c2c_bram/b2000t_c2c_bram/b2000t_c2c_bram.runs/synth_1/.Xil/Vivado-75220-HyperSilicon/realtime/b2000t_c2c_bram_blk_mem_gen_0_0_stub.v:6]
INFO: [Synth 8-638] synthesizing module 'b2000t_c2c_bram_clk_wiz_0' [/home/wesleyguo/github/vivado/vivado/2000t_c2c_bram/b2000t_c2c_bram/b2000t_c2c_bram.runs/synth_1/.Xil/Vivado-75220-HyperSilicon/realtime/b2000t_c2c_bram_clk_wiz_0_stub.v:5]
INFO: [Synth 8-256] done synthesizing module 'b2000t_c2c_bram_clk_wiz_0' (24#1) [/home/wesleyguo/github/vivado/vivado/2000t_c2c_bram/b2000t_c2c_bram/b2000t_c2c_bram.runs/synth_1/.Xil/Vivado-75220-HyperSilicon/realtime/b2000t_c2c_bram_clk_wiz_0_stub.v:5]
INFO: [Synth 8-638] synthesizing module 'b2000t_c2c_bram_dut_0_0' [/home/wesleyguo/github/vivado/vivado/2000t_c2c_bram/b2000t_c2c_bram/b2000t_c2c_bram.runs/synth_1/.Xil/Vivado-75220-HyperSilicon/realtime/b2000t_c2c_bram_dut_0_0_stub.v:6]
INFO: [Synth 8-256] done synthesizing module 'b2000t_c2c_bram_dut_0_0' (25#1) [/home/wesleyguo/github/vivado/vivado/2000t_c2c_bram/b2000t_c2c_bram/b2000t_c2c_bram.runs/synth_1/.Xil/Vivado-75220-HyperSilicon/realtime/b2000t_c2c_bram_dut_0_0_stub.v:6]
WARNING: [Synth 8-689] width (12) of port connection 'addr' does not match port width (32) of module 'b2000t_c2c_bram_dut_0_0' [/home/wesleyguo/github/vivado/vivado/2000t_c2c_bram/b2000t_c2c_bram/b2000t_c2c_bram.srcs/sources_1/bd/b2000t_c2c_bram/hdl/b2000t_c2c_bram.v:1313]
INFO: [Synth 8-638] synthesizing module 'b2000t_c2c_bram_dut_0_1' [/home/wesleyguo/github/vivado/vivado/2000t_c2c_bram/b2000t_c2c_bram/b2000t_c2c_bram.runs/synth_1/.Xil/Vivado-75220-HyperSilicon/realtime/b2000t_c2c_bram_dut_0_1_stub.v:6]
INFO: [Synth 8-256] done synthesizing module 'b2000t_c2c_bram_dut_0_1' (26#1) [/home/wesleyguo/github/vivado/vivado/2000t_c2c_bram/b2000t_c2c_bram/b2000t_c2c_bram.runs/synth_1/.Xil/Vivado-75220-HyperSilicon/realtime/b2000t_c2c_bram_dut_0_1_stub.v:6]
WARNING: [Synth 8-689] width (12) of port connection 'addr' does not match port width (32) of module 'b2000t_c2c_bram_dut_0_1' [/home/wesleyguo/github/vivado/vivado/2000t_c2c_bram/b2000t_c2c_bram/b2000t_c2c_bram.srcs/sources_1/bd/b2000t_c2c_bram/hdl/b2000t_c2c_bram.v:1327]
INFO: [Synth 8-638] synthesizing module 'b2000t_c2c_bram_dut_120_0_0' [/home/wesleyguo/github/vivado/vivado/2000t_c2c_bram/b2000t_c2c_bram/b2000t_c2c_bram.runs/synth_1/.Xil/Vivado-75220-HyperSilicon/realtime/b2000t_c2c_bram_dut_120_0_0_stub.v:6]
INFO: [Synth 8-256] done synthesizing module 'b2000t_c2c_bram_dut_120_0_0' (27#1) [/home/wesleyguo/github/vivado/vivado/2000t_c2c_bram/b2000t_c2c_bram/b2000t_c2c_bram.runs/synth_1/.Xil/Vivado-75220-HyperSilicon/realtime/b2000t_c2c_bram_dut_120_0_0_stub.v:6]
WARNING: [Synth 8-689] width (12) of port connection 'addr' does not match port width (32) of module 'b2000t_c2c_bram_dut_120_0_0' [/home/wesleyguo/github/vivado/vivado/2000t_c2c_bram/b2000t_c2c_bram/b2000t_c2c_bram.srcs/sources_1/bd/b2000t_c2c_bram/hdl/b2000t_c2c_bram.v:1341]
INFO: [Synth 8-638] synthesizing module 'b2000t_c2c_bram_dut_120_1_0' [/home/wesleyguo/github/vivado/vivado/2000t_c2c_bram/b2000t_c2c_bram/b2000t_c2c_bram.runs/synth_1/.Xil/Vivado-75220-HyperSilicon/realtime/b2000t_c2c_bram_dut_120_1_0_stub.v:6]
INFO: [Synth 8-256] done synthesizing module 'b2000t_c2c_bram_dut_120_1_0' (28#1) [/home/wesleyguo/github/vivado/vivado/2000t_c2c_bram/b2000t_c2c_bram/b2000t_c2c_bram.runs/synth_1/.Xil/Vivado-75220-HyperSilicon/realtime/b2000t_c2c_bram_dut_120_1_0_stub.v:6]
WARNING: [Synth 8-689] width (12) of port connection 'addr' does not match port width (32) of module 'b2000t_c2c_bram_dut_120_1_0' [/home/wesleyguo/github/vivado/vivado/2000t_c2c_bram/b2000t_c2c_bram/b2000t_c2c_bram.srcs/sources_1/bd/b2000t_c2c_bram/hdl/b2000t_c2c_bram.v:1355]
INFO: [Synth 8-638] synthesizing module 'b2000t_c2c_bram_jack_0_0' [/home/wesleyguo/github/vivado/vivado/2000t_c2c_bram/b2000t_c2c_bram/b2000t_c2c_bram.runs/synth_1/.Xil/Vivado-75220-HyperSilicon/realtime/b2000t_c2c_bram_jack_0_0_stub.v:6]
INFO: [Synth 8-256] done synthesizing module 'b2000t_c2c_bram_jack_0_0' (29#1) [/home/wesleyguo/github/vivado/vivado/2000t_c2c_bram/b2000t_c2c_bram/b2000t_c2c_bram.runs/synth_1/.Xil/Vivado-75220-HyperSilicon/realtime/b2000t_c2c_bram_jack_0_0_stub.v:6]
INFO: [Synth 8-638] synthesizing module 'b2000t_c2c_bram_jack_0_1' [/home/wesleyguo/github/vivado/vivado/2000t_c2c_bram/b2000t_c2c_bram/b2000t_c2c_bram.runs/synth_1/.Xil/Vivado-75220-HyperSilicon/realtime/b2000t_c2c_bram_jack_0_1_stub.v:6]
INFO: [Synth 8-256] done synthesizing module 'b2000t_c2c_bram_jack_0_1' (30#1) [/home/wesleyguo/github/vivado/vivado/2000t_c2c_bram/b2000t_c2c_bram/b2000t_c2c_bram.runs/synth_1/.Xil/Vivado-75220-HyperSilicon/realtime/b2000t_c2c_bram_jack_0_1_stub.v:6]
INFO: [Synth 8-638] synthesizing module 'b2000t_c2c_bram_jack_120_0_0' [/home/wesleyguo/github/vivado/vivado/2000t_c2c_bram/b2000t_c2c_bram/b2000t_c2c_bram.runs/synth_1/.Xil/Vivado-75220-HyperSilicon/realtime/b2000t_c2c_bram_jack_120_0_0_stub.v:6]
INFO: [Synth 8-256] done synthesizing module 'b2000t_c2c_bram_jack_120_0_0' (31#1) [/home/wesleyguo/github/vivado/vivado/2000t_c2c_bram/b2000t_c2c_bram/b2000t_c2c_bram.runs/synth_1/.Xil/Vivado-75220-HyperSilicon/realtime/b2000t_c2c_bram_jack_120_0_0_stub.v:6]
INFO: [Synth 8-638] synthesizing module 'b2000t_c2c_bram_jack_120_0_1' [/home/wesleyguo/github/vivado/vivado/2000t_c2c_bram/b2000t_c2c_bram/b2000t_c2c_bram.runs/synth_1/.Xil/Vivado-75220-HyperSilicon/realtime/b2000t_c2c_bram_jack_120_0_1_stub.v:6]
INFO: [Synth 8-256] done synthesizing module 'b2000t_c2c_bram_jack_120_0_1' (32#1) [/home/wesleyguo/github/vivado/vivado/2000t_c2c_bram/b2000t_c2c_bram/b2000t_c2c_bram.runs/synth_1/.Xil/Vivado-75220-HyperSilicon/realtime/b2000t_c2c_bram_jack_120_0_1_stub.v:6]
INFO: [Synth 8-638] synthesizing module 'b2000t_c2c_bram_jtag_axi_0_0' [/home/wesleyguo/github/vivado/vivado/2000t_c2c_bram/b2000t_c2c_bram/b2000t_c2c_bram.runs/synth_1/.Xil/Vivado-75220-HyperSilicon/realtime/b2000t_c2c_bram_jtag_axi_0_0_stub.v:6]
INFO: [Synth 8-256] done synthesizing module 'b2000t_c2c_bram_jtag_axi_0_0' (33#1) [/home/wesleyguo/github/vivado/vivado/2000t_c2c_bram/b2000t_c2c_bram/b2000t_c2c_bram.runs/synth_1/.Xil/Vivado-75220-HyperSilicon/realtime/b2000t_c2c_bram_jtag_axi_0_0_stub.v:6]
INFO: [Synth 8-638] synthesizing module 'b2000t_c2c_bram_rst_clk_wiz_100M_0' [/home/wesleyguo/github/vivado/vivado/2000t_c2c_bram/b2000t_c2c_bram/b2000t_c2c_bram.runs/synth_1/.Xil/Vivado-75220-HyperSilicon/realtime/b2000t_c2c_bram_rst_clk_wiz_100M_0_stub.v:6]
INFO: [Synth 8-256] done synthesizing module 'b2000t_c2c_bram_rst_clk_wiz_100M_0' (34#1) [/home/wesleyguo/github/vivado/vivado/2000t_c2c_bram/b2000t_c2c_bram/b2000t_c2c_bram.runs/synth_1/.Xil/Vivado-75220-HyperSilicon/realtime/b2000t_c2c_bram_rst_clk_wiz_100M_0_stub.v:6]
WARNING: [Synth 8-350] instance 'rst_clk_wiz_100M' of module 'b2000t_c2c_bram_rst_clk_wiz_100M_0' requires 10 connections, but only 7 given [/home/wesleyguo/github/vivado/vivado/2000t_c2c_bram/b2000t_c2c_bram/b2000t_c2c_bram.srcs/sources_1/bd/b2000t_c2c_bram/hdl/b2000t_c2c_bram.v:1437]
WARNING: [Synth 8-4446] all outputs are unconnected for this instance and logic may be removed [/home/wesleyguo/github/vivado/vivado/2000t_c2c_bram/b2000t_c2c_bram/b2000t_c2c_bram.srcs/sources_1/bd/b2000t_c2c_bram/hdl/b2000t_c2c_bram.v:1445]
INFO: [Synth 8-638] synthesizing module 'b2000t_c2c_bram_system_ila_0' [/home/wesleyguo/github/vivado/vivado/2000t_c2c_bram/b2000t_c2c_bram/b2000t_c2c_bram.runs/synth_1/.Xil/Vivado-75220-HyperSilicon/realtime/b2000t_c2c_bram_system_ila_0_stub.v:6]
INFO: [Synth 8-256] done synthesizing module 'b2000t_c2c_bram_system_ila_0' (35#1) [/home/wesleyguo/github/vivado/vivado/2000t_c2c_bram/b2000t_c2c_bram/b2000t_c2c_bram.runs/synth_1/.Xil/Vivado-75220-HyperSilicon/realtime/b2000t_c2c_bram_system_ila_0_stub.v:6]
WARNING: [Synth 8-4446] all outputs are unconnected for this instance and logic may be removed [/home/wesleyguo/github/vivado/vivado/2000t_c2c_bram/b2000t_c2c_bram/b2000t_c2c_bram.srcs/sources_1/bd/b2000t_c2c_bram/hdl/b2000t_c2c_bram.v:1476]
INFO: [Synth 8-638] synthesizing module 'b2000t_c2c_bram_system_ila2_0' [/home/wesleyguo/github/vivado/vivado/2000t_c2c_bram/b2000t_c2c_bram/b2000t_c2c_bram.runs/synth_1/.Xil/Vivado-75220-HyperSilicon/realtime/b2000t_c2c_bram_system_ila2_0_stub.v:6]
INFO: [Synth 8-256] done synthesizing module 'b2000t_c2c_bram_system_ila2_0' (36#1) [/home/wesleyguo/github/vivado/vivado/2000t_c2c_bram/b2000t_c2c_bram/b2000t_c2c_bram.runs/synth_1/.Xil/Vivado-75220-HyperSilicon/realtime/b2000t_c2c_bram_system_ila2_0_stub.v:6]
WARNING: [Synth 8-689] width (12) of port connection 'probe12' does not match port width (13) of module 'b2000t_c2c_bram_system_ila2_0' [/home/wesleyguo/github/vivado/vivado/2000t_c2c_bram/b2000t_c2c_bram/b2000t_c2c_bram.srcs/sources_1/bd/b2000t_c2c_bram/hdl/b2000t_c2c_bram.v:1482]
INFO: [Synth 8-638] synthesizing module 'b2000t_c2c_bram_vio_0_0' [/home/wesleyguo/github/vivado/vivado/2000t_c2c_bram/b2000t_c2c_bram/b2000t_c2c_bram.runs/synth_1/.Xil/Vivado-75220-HyperSilicon/realtime/b2000t_c2c_bram_vio_0_0_stub.v:6]
INFO: [Synth 8-256] done synthesizing module 'b2000t_c2c_bram_vio_0_0' (37#1) [/home/wesleyguo/github/vivado/vivado/2000t_c2c_bram/b2000t_c2c_bram/b2000t_c2c_bram.runs/synth_1/.Xil/Vivado-75220-HyperSilicon/realtime/b2000t_c2c_bram_vio_0_0_stub.v:6]
INFO: [Synth 8-638] synthesizing module 'b2000t_c2c_bram_xlconstant_0_0' [/home/wesleyguo/github/vivado/vivado/2000t_c2c_bram/b2000t_c2c_bram/b2000t_c2c_bram.runs/synth_1/.Xil/Vivado-75220-HyperSilicon/realtime/b2000t_c2c_bram_xlconstant_0_0_stub.v:5]
INFO: [Synth 8-256] done synthesizing module 'b2000t_c2c_bram_xlconstant_0_0' (38#1) [/home/wesleyguo/github/vivado/vivado/2000t_c2c_bram/b2000t_c2c_bram/b2000t_c2c_bram.runs/synth_1/.Xil/Vivado-75220-HyperSilicon/realtime/b2000t_c2c_bram_xlconstant_0_0_stub.v:5]
INFO: [Synth 8-256] done synthesizing module 'b2000t_c2c_bram' (39#1) [/home/wesleyguo/github/vivado/vivado/2000t_c2c_bram/b2000t_c2c_bram/b2000t_c2c_bram.srcs/sources_1/bd/b2000t_c2c_bram/hdl/b2000t_c2c_bram.v:13]
INFO: [Synth 8-256] done synthesizing module 'b2000t_c2c_bram_wrapper' (40#1) [/home/wesleyguo/github/vivado/vivado/2000t_c2c_bram/b2000t_c2c_bram/b2000t_c2c_bram.srcs/sources_1/bd/b2000t_c2c_bram/hdl/b2000t_c2c_bram_wrapper.v:12]
WARNING: [Synth 8-3331] design s02_couplers_imp_MK7BFG has unconnected port M_ACLK
WARNING: [Synth 8-3331] design s02_couplers_imp_MK7BFG has unconnected port M_ARESETN
WARNING: [Synth 8-3331] design s02_couplers_imp_MK7BFG has unconnected port S_ACLK
WARNING: [Synth 8-3331] design s02_couplers_imp_MK7BFG has unconnected port S_ARESETN
WARNING: [Synth 8-3331] design s01_couplers_imp_RX7FM7 has unconnected port M_ACLK
WARNING: [Synth 8-3331] design s01_couplers_imp_RX7FM7 has unconnected port M_ARESETN
WARNING: [Synth 8-3331] design s01_couplers_imp_RX7FM7 has unconnected port S_ACLK
WARNING: [Synth 8-3331] design s01_couplers_imp_RX7FM7 has unconnected port S_ARESETN
WARNING: [Synth 8-3331] design s00_couplers_imp_1HLGBLT has unconnected port M_ACLK
WARNING: [Synth 8-3331] design s00_couplers_imp_1HLGBLT has unconnected port M_ARESETN
WARNING: [Synth 8-3331] design s00_couplers_imp_1HLGBLT has unconnected port S_ACLK
WARNING: [Synth 8-3331] design s00_couplers_imp_1HLGBLT has unconnected port S_ARESETN
WARNING: [Synth 8-3331] design m05_couplers_imp_1H6Q04S has unconnected port M_ACLK
WARNING: [Synth 8-3331] design m05_couplers_imp_1H6Q04S has unconnected port M_ARESETN
WARNING: [Synth 8-3331] design m05_couplers_imp_1H6Q04S has unconnected port S_ACLK
WARNING: [Synth 8-3331] design m05_couplers_imp_1H6Q04S has unconnected port S_ARESETN
WARNING: [Synth 8-3331] design m04_couplers_imp_7A19NM has unconnected port M_ACLK
WARNING: [Synth 8-3331] design m04_couplers_imp_7A19NM has unconnected port M_ARESETN
WARNING: [Synth 8-3331] design m04_couplers_imp_7A19NM has unconnected port S_ACLK
WARNING: [Synth 8-3331] design m04_couplers_imp_7A19NM has unconnected port S_ARESETN
WARNING: [Synth 8-3331] design m03_couplers_imp_1MXSO0A has unconnected port M_ACLK
WARNING: [Synth 8-3331] design m03_couplers_imp_1MXSO0A has unconnected port M_ARESETN
WARNING: [Synth 8-3331] design m03_couplers_imp_1MXSO0A has unconnected port S_ACLK
WARNING: [Synth 8-3331] design m03_couplers_imp_1MXSO0A has unconnected port S_ARESETN
WARNING: [Synth 8-3331] design m02_couplers_imp_VLHTOK has unconnected port M_ACLK
WARNING: [Synth 8-3331] design m02_couplers_imp_VLHTOK has unconnected port M_ARESETN
WARNING: [Synth 8-3331] design m02_couplers_imp_VLHTOK has unconnected port S_ACLK
WARNING: [Synth 8-3331] design m02_couplers_imp_VLHTOK has unconnected port S_ARESETN
WARNING: [Synth 8-3331] design m01_couplers_imp_IVRB2V has unconnected port M_ACLK
WARNING: [Synth 8-3331] design m01_couplers_imp_IVRB2V has unconnected port M_ARESETN
WARNING: [Synth 8-3331] design m01_couplers_imp_IVRB2V has unconnected port S_ACLK
WARNING: [Synth 8-3331] design m01_couplers_imp_IVRB2V has unconnected port S_ARESETN
WARNING: [Synth 8-3331] design m00_couplers_imp_1QKQ509 has unconnected port M_ACLK
WARNING: [Synth 8-3331] design m00_couplers_imp_1QKQ509 has unconnected port M_ARESETN
WARNING: [Synth 8-3331] design m00_couplers_imp_1QKQ509 has unconnected port S_ACLK
WARNING: [Synth 8-3331] design m00_couplers_imp_1QKQ509 has unconnected port S_ARESETN
---------------------------------------------------------------------------------
Finished RTL Elaboration : Time (s): cpu = 00:00:20 ; elapsed = 00:00:21 . Memory (MB): peak = 1413.969 ; gain = 398.777 ; free physical = 67722 ; free virtual = 176069
---------------------------------------------------------------------------------

Report Check Netlist: 
+------+------------------+-------+---------+-------+------------------+
|      |Item              |Errors |Warnings |Status |Description       |
+------+------------------+-------+---------+-------+------------------+
|1     |multi_driven_nets |      0|        0|Passed |Multi driven nets |
+------+------------------+-------+---------+-------+------------------+
---------------------------------------------------------------------------------
Finished RTL Optimization Phase 1 : Time (s): cpu = 00:00:20 ; elapsed = 00:00:21 . Memory (MB): peak = 1413.969 ; gain = 398.777 ; free physical = 67722 ; free virtual = 176069
---------------------------------------------------------------------------------
WARNING: [Project 1-486] Could not resolve non-primitive black box cell 'b2000t_c2c_bram_aurora_64b66b_0_0' instantiated as 'b2000t_c2c_bram_i/aurora_64b66b_0' [/home/wesleyguo/github/vivado/vivado/2000t_c2c_bram/b2000t_c2c_bram/b2000t_c2c_bram.srcs/sources_1/bd/b2000t_c2c_bram/hdl/b2000t_c2c_bram.v:515]
WARNING: [Project 1-486] Could not resolve non-primitive black box cell 'b2000t_c2c_bram_aurora_64b66b_0_1' instantiated as 'b2000t_c2c_bram_i/aurora_64b66b_1' [/home/wesleyguo/github/vivado/vivado/2000t_c2c_bram/b2000t_c2c_bram/b2000t_c2c_bram.srcs/sources_1/bd/b2000t_c2c_bram/hdl/b2000t_c2c_bram.v:543]
WARNING: [Project 1-486] Could not resolve non-primitive black box cell 'b2000t_c2c_bram_axi_bram_ctrl_0_0' instantiated as 'b2000t_c2c_bram_i/axi_bram_ctrl_0' [/home/wesleyguo/github/vivado/vivado/2000t_c2c_bram/b2000t_c2c_bram/b2000t_c2c_bram.srcs/sources_1/bd/b2000t_c2c_bram/hdl/b2000t_c2c_bram.v:567]
WARNING: [Project 1-486] Could not resolve non-primitive black box cell 'b2000t_c2c_bram_axi_bram_ctrl_0_1' instantiated as 'b2000t_c2c_bram_i/axi_bram_ctrl_2' [/home/wesleyguo/github/vivado/vivado/2000t_c2c_bram/b2000t_c2c_bram/b2000t_c2c_bram.srcs/sources_1/bd/b2000t_c2c_bram/hdl/b2000t_c2c_bram.v:686]
WARNING: [Project 1-486] Could not resolve non-primitive black box cell 'b2000t_c2c_bram_axi_bram_ctrl_1_0' instantiated as 'b2000t_c2c_bram_i/axi_bram_ctrl_1' [/home/wesleyguo/github/vivado/vivado/2000t_c2c_bram/b2000t_c2c_bram/b2000t_c2c_bram.srcs/sources_1/bd/b2000t_c2c_bram/hdl/b2000t_c2c_bram.v:619]
WARNING: [Project 1-486] Could not resolve non-primitive black box cell 'b2000t_c2c_bram_axi_bram_ctrl_1_bram_1' instantiated as 'b2000t_c2c_bram_i/axi_bram_ctrl_1_bram' [/home/wesleyguo/github/vivado/vivado/2000t_c2c_bram/b2000t_c2c_bram/b2000t_c2c_bram.srcs/sources_1/bd/b2000t_c2c_bram/hdl/b2000t_c2c_bram.v:671]
WARNING: [Project 1-486] Could not resolve non-primitive black box cell 'b2000t_c2c_bram_axi_bram_ctrl_2_0' instantiated as 'b2000t_c2c_bram_i/axi_bram_ctrl_3' [/home/wesleyguo/github/vivado/vivado/2000t_c2c_bram/b2000t_c2c_bram/b2000t_c2c_bram.srcs/sources_1/bd/b2000t_c2c_bram/hdl/b2000t_c2c_bram.v:731]
WARNING: [Project 1-486] Could not resolve non-primitive black box cell 'b2000t_c2c_bram_axi_bram_ctrl_2_1' instantiated as 'b2000t_c2c_bram_i/axi_bram_ctrl_5' [/home/wesleyguo/github/vivado/vivado/2000t_c2c_bram/b2000t_c2c_bram/b2000t_c2c_bram.srcs/sources_1/bd/b2000t_c2c_bram/hdl/b2000t_c2c_bram.v:821]
WARNING: [Project 1-486] Could not resolve non-primitive black box cell 'b2000t_c2c_bram_axi_bram_ctrl_3_0' instantiated as 'b2000t_c2c_bram_i/axi_bram_ctrl_4' [/home/wesleyguo/github/vivado/vivado/2000t_c2c_bram/b2000t_c2c_bram/b2000t_c2c_bram.srcs/sources_1/bd/b2000t_c2c_bram/hdl/b2000t_c2c_bram.v:776]
WARNING: [Project 1-486] Could not resolve non-primitive black box cell 'b2000t_c2c_bram_axi_chip2chip_0_0' instantiated as 'b2000t_c2c_bram_i/axi_chip2chip_0' [/home/wesleyguo/github/vivado/vivado/2000t_c2c_bram/b2000t_c2c_bram/b2000t_c2c_bram.srcs/sources_1/bd/b2000t_c2c_bram/hdl/b2000t_c2c_bram.v:866]
WARNING: [Project 1-486] Could not resolve non-primitive black box cell 'b2000t_c2c_bram_axi_chip2chip_0_1' instantiated as 'b2000t_c2c_bram_i/axi_chip2chip_1' [/home/wesleyguo/github/vivado/vivado/2000t_c2c_bram/b2000t_c2c_bram/b2000t_c2c_bram.srcs/sources_1/bd/b2000t_c2c_bram/hdl/b2000t_c2c_bram.v:914]
WARNING: [Project 1-486] Could not resolve non-primitive black box cell 'b2000t_c2c_bram_blk_mem_gen_0_0' instantiated as 'b2000t_c2c_bram_i/blk_mem_gen_0' [/home/wesleyguo/github/vivado/vivado/2000t_c2c_bram/b2000t_c2c_bram/b2000t_c2c_bram.srcs/sources_1/bd/b2000t_c2c_bram/hdl/b2000t_c2c_bram.v:1288]
WARNING: [Project 1-486] Could not resolve non-primitive black box cell 'b2000t_c2c_bram_clk_wiz_0' instantiated as 'b2000t_c2c_bram_i/clk_wiz' [/home/wesleyguo/github/vivado/vivado/2000t_c2c_bram/b2000t_c2c_bram/b2000t_c2c_bram.srcs/sources_1/bd/b2000t_c2c_bram/hdl/b2000t_c2c_bram.v:1303]
WARNING: [Project 1-486] Could not resolve non-primitive black box cell 'b2000t_c2c_bram_dut_0_0' instantiated as 'b2000t_c2c_bram_i/dut_0' [/home/wesleyguo/github/vivado/vivado/2000t_c2c_bram/b2000t_c2c_bram/b2000t_c2c_bram.srcs/sources_1/bd/b2000t_c2c_bram/hdl/b2000t_c2c_bram.v:1309]
WARNING: [Project 1-486] Could not resolve non-primitive black box cell 'b2000t_c2c_bram_dut_0_1' instantiated as 'b2000t_c2c_bram_i/dut_1' [/home/wesleyguo/github/vivado/vivado/2000t_c2c_bram/b2000t_c2c_bram/b2000t_c2c_bram.srcs/sources_1/bd/b2000t_c2c_bram/hdl/b2000t_c2c_bram.v:1323]
WARNING: [Project 1-486] Could not resolve non-primitive black box cell 'b2000t_c2c_bram_dut_120_0_0' instantiated as 'b2000t_c2c_bram_i/dut_120_0' [/home/wesleyguo/github/vivado/vivado/2000t_c2c_bram/b2000t_c2c_bram/b2000t_c2c_bram.srcs/sources_1/bd/b2000t_c2c_bram/hdl/b2000t_c2c_bram.v:1337]
WARNING: [Project 1-486] Could not resolve non-primitive black box cell 'b2000t_c2c_bram_dut_120_1_0' instantiated as 'b2000t_c2c_bram_i/dut_120_1' [/home/wesleyguo/github/vivado/vivado/2000t_c2c_bram/b2000t_c2c_bram/b2000t_c2c_bram.srcs/sources_1/bd/b2000t_c2c_bram/hdl/b2000t_c2c_bram.v:1351]
WARNING: [Project 1-486] Could not resolve non-primitive black box cell 'b2000t_c2c_bram_jack_0_0' instantiated as 'b2000t_c2c_bram_i/jack_0' [/home/wesleyguo/github/vivado/vivado/2000t_c2c_bram/b2000t_c2c_bram/b2000t_c2c_bram.srcs/sources_1/bd/b2000t_c2c_bram/hdl/b2000t_c2c_bram.v:1365]
WARNING: [Project 1-486] Could not resolve non-primitive black box cell 'b2000t_c2c_bram_jack_0_1' instantiated as 'b2000t_c2c_bram_i/jack_1' [/home/wesleyguo/github/vivado/vivado/2000t_c2c_bram/b2000t_c2c_bram/b2000t_c2c_bram.srcs/sources_1/bd/b2000t_c2c_bram/hdl/b2000t_c2c_bram.v:1373]
WARNING: [Project 1-486] Could not resolve non-primitive black box cell 'b2000t_c2c_bram_jack_120_0_0' instantiated as 'b2000t_c2c_bram_i/jack_120_0' [/home/wesleyguo/github/vivado/vivado/2000t_c2c_bram/b2000t_c2c_bram/b2000t_c2c_bram.srcs/sources_1/bd/b2000t_c2c_bram/hdl/b2000t_c2c_bram.v:1381]
WARNING: [Project 1-486] Could not resolve non-primitive black box cell 'b2000t_c2c_bram_jack_120_0_1' instantiated as 'b2000t_c2c_bram_i/jack_120_1' [/home/wesleyguo/github/vivado/vivado/2000t_c2c_bram/b2000t_c2c_bram/b2000t_c2c_bram.srcs/sources_1/bd/b2000t_c2c_bram/hdl/b2000t_c2c_bram.v:1389]
WARNING: [Project 1-486] Could not resolve non-primitive black box cell 'b2000t_c2c_bram_jtag_axi_0_0' instantiated as 'b2000t_c2c_bram_i/jtag_axi_0' [/home/wesleyguo/github/vivado/vivado/2000t_c2c_bram/b2000t_c2c_bram/b2000t_c2c_bram.srcs/sources_1/bd/b2000t_c2c_bram/hdl/b2000t_c2c_bram.v:1397]
WARNING: [Project 1-486] Could not resolve non-primitive black box cell 'b2000t_c2c_bram_rst_clk_wiz_100M_0' instantiated as 'b2000t_c2c_bram_i/rst_clk_wiz_100M' [/home/wesleyguo/github/vivado/vivado/2000t_c2c_bram/b2000t_c2c_bram/b2000t_c2c_bram.srcs/sources_1/bd/b2000t_c2c_bram/hdl/b2000t_c2c_bram.v:1437]
WARNING: [Project 1-486] Could not resolve non-primitive black box cell 'b2000t_c2c_bram_system_ila2_0' instantiated as 'b2000t_c2c_bram_i/system_ila2' [/home/wesleyguo/github/vivado/vivado/2000t_c2c_bram/b2000t_c2c_bram/b2000t_c2c_bram.srcs/sources_1/bd/b2000t_c2c_bram/hdl/b2000t_c2c_bram.v:1476]
WARNING: [Project 1-486] Could not resolve non-primitive black box cell 'b2000t_c2c_bram_system_ila_0' instantiated as 'b2000t_c2c_bram_i/system_ila' [/home/wesleyguo/github/vivado/vivado/2000t_c2c_bram/b2000t_c2c_bram/b2000t_c2c_bram.srcs/sources_1/bd/b2000t_c2c_bram/hdl/b2000t_c2c_bram.v:1445]
WARNING: [Project 1-486] Could not resolve non-primitive black box cell 'b2000t_c2c_bram_vio_0_0' instantiated as 'b2000t_c2c_bram_i/vio_0' [/home/wesleyguo/github/vivado/vivado/2000t_c2c_bram/b2000t_c2c_bram/b2000t_c2c_bram.srcs/sources_1/bd/b2000t_c2c_bram/hdl/b2000t_c2c_bram.v:1491]
WARNING: [Project 1-486] Could not resolve non-primitive black box cell 'b2000t_c2c_bram_xbar_0' instantiated as 'b2000t_c2c_bram_i/axi_mem_intercon/xbar' [/home/wesleyguo/github/vivado/vivado/2000t_c2c_bram/b2000t_c2c_bram/b2000t_c2c_bram.srcs/sources_1/bd/b2000t_c2c_bram/hdl/b2000t_c2c_bram.v:3774]
WARNING: [Project 1-486] Could not resolve non-primitive black box cell 'b2000t_c2c_bram_xlconstant_0_0' instantiated as 'b2000t_c2c_bram_i/xlconstant_0' [/home/wesleyguo/github/vivado/vivado/2000t_c2c_bram/b2000t_c2c_bram/b2000t_c2c_bram.srcs/sources_1/bd/b2000t_c2c_bram/hdl/b2000t_c2c_bram.v:1507]
INFO: [Device 21-403] Loading part xc7v2000tflg1925-1
INFO: [Project 1-570] Preparing netlist for logic optimization

Processing XDC Constraints
Initializing timing engine
Parsing XDC File [/home/wesleyguo/github/vivado/vivado/2000t_c2c_bram/b2000t_c2c_bram/b2000t_c2c_bram.runs/synth_1/.Xil/Vivado-75220-HyperSilicon/dcp/b2000t_c2c_bram_axi_chip2chip_0_0_in_context.xdc] for cell 'b2000t_c2c_bram_i/axi_chip2chip_0'
Finished Parsing XDC File [/home/wesleyguo/github/vivado/vivado/2000t_c2c_bram/b2000t_c2c_bram/b2000t_c2c_bram.runs/synth_1/.Xil/Vivado-75220-HyperSilicon/dcp/b2000t_c2c_bram_axi_chip2chip_0_0_in_context.xdc] for cell 'b2000t_c2c_bram_i/axi_chip2chip_0'
Parsing XDC File [/home/wesleyguo/github/vivado/vivado/2000t_c2c_bram/b2000t_c2c_bram/b2000t_c2c_bram.runs/synth_1/.Xil/Vivado-75220-HyperSilicon/dcp_2/b2000t_c2c_bram_aurora_64b66b_0_0_in_context.xdc] for cell 'b2000t_c2c_bram_i/aurora_64b66b_0'
Finished Parsing XDC File [/home/wesleyguo/github/vivado/vivado/2000t_c2c_bram/b2000t_c2c_bram/b2000t_c2c_bram.runs/synth_1/.Xil/Vivado-75220-HyperSilicon/dcp_2/b2000t_c2c_bram_aurora_64b66b_0_0_in_context.xdc] for cell 'b2000t_c2c_bram_i/aurora_64b66b_0'
Parsing XDC File [/home/wesleyguo/github/vivado/vivado/2000t_c2c_bram/b2000t_c2c_bram/b2000t_c2c_bram.runs/synth_1/.Xil/Vivado-75220-HyperSilicon/dcp_3/b2000t_c2c_bram_blk_mem_gen_0_0_in_context.xdc] for cell 'b2000t_c2c_bram_i/blk_mem_gen_0'
Finished Parsing XDC File [/home/wesleyguo/github/vivado/vivado/2000t_c2c_bram/b2000t_c2c_bram/b2000t_c2c_bram.runs/synth_1/.Xil/Vivado-75220-HyperSilicon/dcp_3/b2000t_c2c_bram_blk_mem_gen_0_0_in_context.xdc] for cell 'b2000t_c2c_bram_i/blk_mem_gen_0'
Parsing XDC File [/home/wesleyguo/github/vivado/vivado/2000t_c2c_bram/b2000t_c2c_bram/b2000t_c2c_bram.runs/synth_1/.Xil/Vivado-75220-HyperSilicon/dcp_4/b2000t_c2c_bram_axi_bram_ctrl_0_0_in_context.xdc] for cell 'b2000t_c2c_bram_i/axi_bram_ctrl_0'
Finished Parsing XDC File [/home/wesleyguo/github/vivado/vivado/2000t_c2c_bram/b2000t_c2c_bram/b2000t_c2c_bram.runs/synth_1/.Xil/Vivado-75220-HyperSilicon/dcp_4/b2000t_c2c_bram_axi_bram_ctrl_0_0_in_context.xdc] for cell 'b2000t_c2c_bram_i/axi_bram_ctrl_0'
Parsing XDC File [/home/wesleyguo/github/vivado/vivado/2000t_c2c_bram/b2000t_c2c_bram/b2000t_c2c_bram.runs/synth_1/.Xil/Vivado-75220-HyperSilicon/dcp_5/b2000t_c2c_bram_clk_wiz_0_in_context.xdc] for cell 'b2000t_c2c_bram_i/clk_wiz'
Finished Parsing XDC File [/home/wesleyguo/github/vivado/vivado/2000t_c2c_bram/b2000t_c2c_bram/b2000t_c2c_bram.runs/synth_1/.Xil/Vivado-75220-HyperSilicon/dcp_5/b2000t_c2c_bram_clk_wiz_0_in_context.xdc] for cell 'b2000t_c2c_bram_i/clk_wiz'
Parsing XDC File [/home/wesleyguo/github/vivado/vivado/2000t_c2c_bram/b2000t_c2c_bram/b2000t_c2c_bram.runs/synth_1/.Xil/Vivado-75220-HyperSilicon/dcp_6/b2000t_c2c_bram_rst_clk_wiz_100M_0_in_context.xdc] for cell 'b2000t_c2c_bram_i/rst_clk_wiz_100M'
Finished Parsing XDC File [/home/wesleyguo/github/vivado/vivado/2000t_c2c_bram/b2000t_c2c_bram/b2000t_c2c_bram.runs/synth_1/.Xil/Vivado-75220-HyperSilicon/dcp_6/b2000t_c2c_bram_rst_clk_wiz_100M_0_in_context.xdc] for cell 'b2000t_c2c_bram_i/rst_clk_wiz_100M'
Parsing XDC File [/home/wesleyguo/github/vivado/vivado/2000t_c2c_bram/b2000t_c2c_bram/b2000t_c2c_bram.runs/synth_1/.Xil/Vivado-75220-HyperSilicon/dcp_7/b2000t_c2c_bram_vio_0_0_in_context.xdc] for cell 'b2000t_c2c_bram_i/vio_0'
Finished Parsing XDC File [/home/wesleyguo/github/vivado/vivado/2000t_c2c_bram/b2000t_c2c_bram/b2000t_c2c_bram.runs/synth_1/.Xil/Vivado-75220-HyperSilicon/dcp_7/b2000t_c2c_bram_vio_0_0_in_context.xdc] for cell 'b2000t_c2c_bram_i/vio_0'
Parsing XDC File [/home/wesleyguo/github/vivado/vivado/2000t_c2c_bram/b2000t_c2c_bram/b2000t_c2c_bram.runs/synth_1/.Xil/Vivado-75220-HyperSilicon/dcp_8/b2000t_c2c_bram_system_ila_0_in_context.xdc] for cell 'b2000t_c2c_bram_i/system_ila'
Finished Parsing XDC File [/home/wesleyguo/github/vivado/vivado/2000t_c2c_bram/b2000t_c2c_bram/b2000t_c2c_bram.runs/synth_1/.Xil/Vivado-75220-HyperSilicon/dcp_8/b2000t_c2c_bram_system_ila_0_in_context.xdc] for cell 'b2000t_c2c_bram_i/system_ila'
Parsing XDC File [/home/wesleyguo/github/vivado/vivado/2000t_c2c_bram/b2000t_c2c_bram/b2000t_c2c_bram.runs/synth_1/.Xil/Vivado-75220-HyperSilicon/dcp_9/b2000t_c2c_bram_jtag_axi_0_0_in_context.xdc] for cell 'b2000t_c2c_bram_i/jtag_axi_0'
Finished Parsing XDC File [/home/wesleyguo/github/vivado/vivado/2000t_c2c_bram/b2000t_c2c_bram/b2000t_c2c_bram.runs/synth_1/.Xil/Vivado-75220-HyperSilicon/dcp_9/b2000t_c2c_bram_jtag_axi_0_0_in_context.xdc] for cell 'b2000t_c2c_bram_i/jtag_axi_0'
Parsing XDC File [/home/wesleyguo/github/vivado/vivado/2000t_c2c_bram/b2000t_c2c_bram/b2000t_c2c_bram.runs/synth_1/.Xil/Vivado-75220-HyperSilicon/dcp_10/b2000t_c2c_bram_xbar_0_in_context.xdc] for cell 'b2000t_c2c_bram_i/axi_mem_intercon/xbar'
Finished Parsing XDC File [/home/wesleyguo/github/vivado/vivado/2000t_c2c_bram/b2000t_c2c_bram/b2000t_c2c_bram.runs/synth_1/.Xil/Vivado-75220-HyperSilicon/dcp_10/b2000t_c2c_bram_xbar_0_in_context.xdc] for cell 'b2000t_c2c_bram_i/axi_mem_intercon/xbar'
Parsing XDC File [/home/wesleyguo/github/vivado/vivado/2000t_c2c_bram/b2000t_c2c_bram/b2000t_c2c_bram.runs/synth_1/.Xil/Vivado-75220-HyperSilicon/dcp_11/b2000t_c2c_bram_xlconstant_0_0_in_context.xdc] for cell 'b2000t_c2c_bram_i/xlconstant_0'
Finished Parsing XDC File [/home/wesleyguo/github/vivado/vivado/2000t_c2c_bram/b2000t_c2c_bram/b2000t_c2c_bram.runs/synth_1/.Xil/Vivado-75220-HyperSilicon/dcp_11/b2000t_c2c_bram_xlconstant_0_0_in_context.xdc] for cell 'b2000t_c2c_bram_i/xlconstant_0'
Parsing XDC File [/home/wesleyguo/github/vivado/vivado/2000t_c2c_bram/b2000t_c2c_bram/b2000t_c2c_bram.runs/synth_1/.Xil/Vivado-75220-HyperSilicon/dcp_12/b2000t_c2c_bram_aurora_64b66b_0_1_in_context.xdc] for cell 'b2000t_c2c_bram_i/aurora_64b66b_1'
Finished Parsing XDC File [/home/wesleyguo/github/vivado/vivado/2000t_c2c_bram/b2000t_c2c_bram/b2000t_c2c_bram.runs/synth_1/.Xil/Vivado-75220-HyperSilicon/dcp_12/b2000t_c2c_bram_aurora_64b66b_0_1_in_context.xdc] for cell 'b2000t_c2c_bram_i/aurora_64b66b_1'
Parsing XDC File [/home/wesleyguo/github/vivado/vivado/2000t_c2c_bram/b2000t_c2c_bram/b2000t_c2c_bram.runs/synth_1/.Xil/Vivado-75220-HyperSilicon/dcp_13/b2000t_c2c_bram_axi_chip2chip_0_0_in_context.xdc] for cell 'b2000t_c2c_bram_i/axi_chip2chip_1'
Finished Parsing XDC File [/home/wesleyguo/github/vivado/vivado/2000t_c2c_bram/b2000t_c2c_bram/b2000t_c2c_bram.runs/synth_1/.Xil/Vivado-75220-HyperSilicon/dcp_13/b2000t_c2c_bram_axi_chip2chip_0_0_in_context.xdc] for cell 'b2000t_c2c_bram_i/axi_chip2chip_1'
Parsing XDC File [/home/wesleyguo/github/vivado/vivado/2000t_c2c_bram/b2000t_c2c_bram/b2000t_c2c_bram.runs/synth_1/.Xil/Vivado-75220-HyperSilicon/dcp_14/b2000t_c2c_bram_axi_bram_ctrl_1_0_in_context.xdc] for cell 'b2000t_c2c_bram_i/axi_bram_ctrl_1'
Finished Parsing XDC File [/home/wesleyguo/github/vivado/vivado/2000t_c2c_bram/b2000t_c2c_bram/b2000t_c2c_bram.runs/synth_1/.Xil/Vivado-75220-HyperSilicon/dcp_14/b2000t_c2c_bram_axi_bram_ctrl_1_0_in_context.xdc] for cell 'b2000t_c2c_bram_i/axi_bram_ctrl_1'
Parsing XDC File [/home/wesleyguo/github/vivado/vivado/2000t_c2c_bram/b2000t_c2c_bram/b2000t_c2c_bram.runs/synth_1/.Xil/Vivado-75220-HyperSilicon/dcp_15/b2000t_c2c_bram_blk_mem_gen_0_0_in_context.xdc] for cell 'b2000t_c2c_bram_i/axi_bram_ctrl_1_bram'
Finished Parsing XDC File [/home/wesleyguo/github/vivado/vivado/2000t_c2c_bram/b2000t_c2c_bram/b2000t_c2c_bram.runs/synth_1/.Xil/Vivado-75220-HyperSilicon/dcp_15/b2000t_c2c_bram_blk_mem_gen_0_0_in_context.xdc] for cell 'b2000t_c2c_bram_i/axi_bram_ctrl_1_bram'
Parsing XDC File [/home/wesleyguo/github/vivado/vivado/2000t_c2c_bram/b2000t_c2c_bram/b2000t_c2c_bram.runs/synth_1/.Xil/Vivado-75220-HyperSilicon/dcp_16/b2000t_c2c_bram_dut_0_0_in_context.xdc] for cell 'b2000t_c2c_bram_i/dut_0'
Finished Parsing XDC File [/home/wesleyguo/github/vivado/vivado/2000t_c2c_bram/b2000t_c2c_bram/b2000t_c2c_bram.runs/synth_1/.Xil/Vivado-75220-HyperSilicon/dcp_16/b2000t_c2c_bram_dut_0_0_in_context.xdc] for cell 'b2000t_c2c_bram_i/dut_0'
Parsing XDC File [/home/wesleyguo/github/vivado/vivado/2000t_c2c_bram/b2000t_c2c_bram/b2000t_c2c_bram.runs/synth_1/.Xil/Vivado-75220-HyperSilicon/dcp_17/b2000t_c2c_bram_axi_bram_ctrl_0_1_in_context.xdc] for cell 'b2000t_c2c_bram_i/axi_bram_ctrl_2'
Finished Parsing XDC File [/home/wesleyguo/github/vivado/vivado/2000t_c2c_bram/b2000t_c2c_bram/b2000t_c2c_bram.runs/synth_1/.Xil/Vivado-75220-HyperSilicon/dcp_17/b2000t_c2c_bram_axi_bram_ctrl_0_1_in_context.xdc] for cell 'b2000t_c2c_bram_i/axi_bram_ctrl_2'
Parsing XDC File [/home/wesleyguo/github/vivado/vivado/2000t_c2c_bram/b2000t_c2c_bram/b2000t_c2c_bram.runs/synth_1/.Xil/Vivado-75220-HyperSilicon/dcp_18/b2000t_c2c_bram_jack_0_0_in_context.xdc] for cell 'b2000t_c2c_bram_i/jack_0'
Finished Parsing XDC File [/home/wesleyguo/github/vivado/vivado/2000t_c2c_bram/b2000t_c2c_bram/b2000t_c2c_bram.runs/synth_1/.Xil/Vivado-75220-HyperSilicon/dcp_18/b2000t_c2c_bram_jack_0_0_in_context.xdc] for cell 'b2000t_c2c_bram_i/jack_0'
Parsing XDC File [/home/wesleyguo/github/vivado/vivado/2000t_c2c_bram/b2000t_c2c_bram/b2000t_c2c_bram.runs/synth_1/.Xil/Vivado-75220-HyperSilicon/dcp_19/b2000t_c2c_bram_system_ila2_0_in_context.xdc] for cell 'b2000t_c2c_bram_i/system_ila2'
Finished Parsing XDC File [/home/wesleyguo/github/vivado/vivado/2000t_c2c_bram/b2000t_c2c_bram/b2000t_c2c_bram.runs/synth_1/.Xil/Vivado-75220-HyperSilicon/dcp_19/b2000t_c2c_bram_system_ila2_0_in_context.xdc] for cell 'b2000t_c2c_bram_i/system_ila2'
Parsing XDC File [/home/wesleyguo/github/vivado/vivado/2000t_c2c_bram/b2000t_c2c_bram/b2000t_c2c_bram.runs/synth_1/.Xil/Vivado-75220-HyperSilicon/dcp_20/b2000t_c2c_bram_axi_bram_ctrl_2_0_in_context.xdc] for cell 'b2000t_c2c_bram_i/axi_bram_ctrl_3'
Finished Parsing XDC File [/home/wesleyguo/github/vivado/vivado/2000t_c2c_bram/b2000t_c2c_bram/b2000t_c2c_bram.runs/synth_1/.Xil/Vivado-75220-HyperSilicon/dcp_20/b2000t_c2c_bram_axi_bram_ctrl_2_0_in_context.xdc] for cell 'b2000t_c2c_bram_i/axi_bram_ctrl_3'
Parsing XDC File [/home/wesleyguo/github/vivado/vivado/2000t_c2c_bram/b2000t_c2c_bram/b2000t_c2c_bram.runs/synth_1/.Xil/Vivado-75220-HyperSilicon/dcp_21/b2000t_c2c_bram_dut_0_1_in_context.xdc] for cell 'b2000t_c2c_bram_i/dut_1'
Finished Parsing XDC File [/home/wesleyguo/github/vivado/vivado/2000t_c2c_bram/b2000t_c2c_bram/b2000t_c2c_bram.runs/synth_1/.Xil/Vivado-75220-HyperSilicon/dcp_21/b2000t_c2c_bram_dut_0_1_in_context.xdc] for cell 'b2000t_c2c_bram_i/dut_1'
Parsing XDC File [/home/wesleyguo/github/vivado/vivado/2000t_c2c_bram/b2000t_c2c_bram/b2000t_c2c_bram.runs/synth_1/.Xil/Vivado-75220-HyperSilicon/dcp_22/b2000t_c2c_bram_jack_0_1_in_context.xdc] for cell 'b2000t_c2c_bram_i/jack_1'
Finished Parsing XDC File [/home/wesleyguo/github/vivado/vivado/2000t_c2c_bram/b2000t_c2c_bram/b2000t_c2c_bram.runs/synth_1/.Xil/Vivado-75220-HyperSilicon/dcp_22/b2000t_c2c_bram_jack_0_1_in_context.xdc] for cell 'b2000t_c2c_bram_i/jack_1'
Parsing XDC File [/home/wesleyguo/github/vivado/vivado/2000t_c2c_bram/b2000t_c2c_bram/b2000t_c2c_bram.runs/synth_1/.Xil/Vivado-75220-HyperSilicon/dcp_23/b2000t_c2c_bram_axi_bram_ctrl_0_1_in_context.xdc] for cell 'b2000t_c2c_bram_i/axi_bram_ctrl_4'
Finished Parsing XDC File [/home/wesleyguo/github/vivado/vivado/2000t_c2c_bram/b2000t_c2c_bram/b2000t_c2c_bram.runs/synth_1/.Xil/Vivado-75220-HyperSilicon/dcp_23/b2000t_c2c_bram_axi_bram_ctrl_0_1_in_context.xdc] for cell 'b2000t_c2c_bram_i/axi_bram_ctrl_4'
Parsing XDC File [/home/wesleyguo/github/vivado/vivado/2000t_c2c_bram/b2000t_c2c_bram/b2000t_c2c_bram.runs/synth_1/.Xil/Vivado-75220-HyperSilicon/dcp_24/b2000t_c2c_bram_axi_bram_ctrl_0_1_in_context.xdc] for cell 'b2000t_c2c_bram_i/axi_bram_ctrl_5'
Finished Parsing XDC File [/home/wesleyguo/github/vivado/vivado/2000t_c2c_bram/b2000t_c2c_bram/b2000t_c2c_bram.runs/synth_1/.Xil/Vivado-75220-HyperSilicon/dcp_24/b2000t_c2c_bram_axi_bram_ctrl_0_1_in_context.xdc] for cell 'b2000t_c2c_bram_i/axi_bram_ctrl_5'
Parsing XDC File [/home/wesleyguo/github/vivado/vivado/2000t_c2c_bram/b2000t_c2c_bram/b2000t_c2c_bram.runs/synth_1/.Xil/Vivado-75220-HyperSilicon/dcp_25/b2000t_c2c_bram_dut_120_0_0_in_context.xdc] for cell 'b2000t_c2c_bram_i/dut_120_0'
Finished Parsing XDC File [/home/wesleyguo/github/vivado/vivado/2000t_c2c_bram/b2000t_c2c_bram/b2000t_c2c_bram.runs/synth_1/.Xil/Vivado-75220-HyperSilicon/dcp_25/b2000t_c2c_bram_dut_120_0_0_in_context.xdc] for cell 'b2000t_c2c_bram_i/dut_120_0'
Parsing XDC File [/home/wesleyguo/github/vivado/vivado/2000t_c2c_bram/b2000t_c2c_bram/b2000t_c2c_bram.runs/synth_1/.Xil/Vivado-75220-HyperSilicon/dcp_26/b2000t_c2c_bram_dut_120_1_0_in_context.xdc] for cell 'b2000t_c2c_bram_i/dut_120_1'
Finished Parsing XDC File [/home/wesleyguo/github/vivado/vivado/2000t_c2c_bram/b2000t_c2c_bram/b2000t_c2c_bram.runs/synth_1/.Xil/Vivado-75220-HyperSilicon/dcp_26/b2000t_c2c_bram_dut_120_1_0_in_context.xdc] for cell 'b2000t_c2c_bram_i/dut_120_1'
Parsing XDC File [/home/wesleyguo/github/vivado/vivado/2000t_c2c_bram/b2000t_c2c_bram/b2000t_c2c_bram.runs/synth_1/.Xil/Vivado-75220-HyperSilicon/dcp_27/b2000t_c2c_bram_jack_120_0_0_in_context.xdc] for cell 'b2000t_c2c_bram_i/jack_120_0'
Finished Parsing XDC File [/home/wesleyguo/github/vivado/vivado/2000t_c2c_bram/b2000t_c2c_bram/b2000t_c2c_bram.runs/synth_1/.Xil/Vivado-75220-HyperSilicon/dcp_27/b2000t_c2c_bram_jack_120_0_0_in_context.xdc] for cell 'b2000t_c2c_bram_i/jack_120_0'
Parsing XDC File [/home/wesleyguo/github/vivado/vivado/2000t_c2c_bram/b2000t_c2c_bram/b2000t_c2c_bram.runs/synth_1/.Xil/Vivado-75220-HyperSilicon/dcp_28/b2000t_c2c_bram_jack_120_0_1_in_context.xdc] for cell 'b2000t_c2c_bram_i/jack_120_1'
Finished Parsing XDC File [/home/wesleyguo/github/vivado/vivado/2000t_c2c_bram/b2000t_c2c_bram/b2000t_c2c_bram.runs/synth_1/.Xil/Vivado-75220-HyperSilicon/dcp_28/b2000t_c2c_bram_jack_120_0_1_in_context.xdc] for cell 'b2000t_c2c_bram_i/jack_120_1'
Parsing XDC File [/home/wesleyguo/github/vivado/vivado/2000t_c2c_bram/b2000t_c2c_bram/b2000t_c2c_bram.srcs/constrs_1/new/b2000t_c2c_bram.xdc]
WARNING: [Constraints 18-619] A clock with name 'CLK_IN1_D_clk_p' already exists, overwriting the previous clock with the same name. [/home/wesleyguo/github/vivado/vivado/2000t_c2c_bram/b2000t_c2c_bram/b2000t_c2c_bram.srcs/constrs_1/new/b2000t_c2c_bram.xdc:42]
Finished Parsing XDC File [/home/wesleyguo/github/vivado/vivado/2000t_c2c_bram/b2000t_c2c_bram/b2000t_c2c_bram.srcs/constrs_1/new/b2000t_c2c_bram.xdc]
INFO: [Project 1-236] Implementation specific constraints were found while reading constraint file [/home/wesleyguo/github/vivado/vivado/2000t_c2c_bram/b2000t_c2c_bram/b2000t_c2c_bram.srcs/constrs_1/new/b2000t_c2c_bram.xdc]. These constraints will be ignored for synthesis but will be used in implementation. Impacted constraints are listed in the file [.Xil/b2000t_c2c_bram_wrapper_propImpl.xdc].
Resolution: To avoid this warning, move constraints listed in [.Xil/b2000t_c2c_bram_wrapper_propImpl.xdc] to another XDC file and exclude this new file from synthesis with the used_in_synthesis property (File Properties dialog in GUI) and re-run elaboration/synthesis.
Parsing XDC File [/home/wesleyguo/github/vivado/vivado/2000t_c2c_bram/b2000t_c2c_bram/b2000t_c2c_bram.runs/synth_1/dont_touch.xdc]
Finished Parsing XDC File [/home/wesleyguo/github/vivado/vivado/2000t_c2c_bram/b2000t_c2c_bram/b2000t_c2c_bram.runs/synth_1/dont_touch.xdc]
Completed Processing XDC Constraints

INFO: [Project 1-111] Unisim Transformation Summary:
No Unisim elements were transformed.

Constraint Validation Runtime : Time (s): cpu = 00:00:00.01 ; elapsed = 00:00:00.01 . Memory (MB): peak = 2208.316 ; gain = 0.000 ; free physical = 67032 ; free virtual = 175389
WARNING: [Timing 38-316] Clock period '10.000' specified during out-of-context synthesis of instance 'b2000t_c2c_bram_i/aurora_64b66b_1' at clock pin 'drp_clk_in' is different from the actual clock period '6.667', this can lead to different synthesis results.
WARNING: [Timing 38-316] Clock period '20.000' specified during out-of-context synthesis of instance 'b2000t_c2c_bram_i/axi_bram_ctrl_1_bram' at clock pin 'clka' is different from the actual clock period '6.667', this can lead to different synthesis results.
WARNING: [Timing 38-316] Clock period '10.240' specified during out-of-context synthesis of instance 'b2000t_c2c_bram_i/axi_chip2chip_0' at clock pin 'axi_c2c_phy_clk' is different from the actual clock period '6.667', this can lead to different synthesis results.
WARNING: [Timing 38-316] Clock period '20.480' specified during out-of-context synthesis of instance 'b2000t_c2c_bram_i/axi_chip2chip_1' at clock pin 'axi_c2c_phy_clk' is different from the actual clock period '6.667', this can lead to different synthesis results.
WARNING: [Timing 38-316] Clock period '20.000' specified during out-of-context synthesis of instance 'b2000t_c2c_bram_i/blk_mem_gen_0' at clock pin 'clka' is different from the actual clock period '6.667', this can lead to different synthesis results.
WARNING: [Timing 38-316] Clock period '10.000' specified during out-of-context synthesis of instance 'b2000t_c2c_bram_i/jtag_axi_0' at clock pin 'aclk' is different from the actual clock period '6.667', this can lead to different synthesis results.
WARNING: [Timing 38-316] Clock period '10.000' specified during out-of-context synthesis of instance 'b2000t_c2c_bram_i/rst_clk_wiz_100M' at clock pin 'slowest_sync_clk' is different from the actual clock period '6.667', this can lead to different synthesis results.
---------------------------------------------------------------------------------
Finished Constraint Validation : Time (s): cpu = 00:00:57 ; elapsed = 00:00:59 . Memory (MB): peak = 2208.316 ; gain = 1193.125 ; free physical = 66960 ; free virtual = 175317
---------------------------------------------------------------------------------
---------------------------------------------------------------------------------
Start Loading Part and Timing Information
---------------------------------------------------------------------------------
Loading part: xc7v2000tflg1925-1
---------------------------------------------------------------------------------
Finished Loading Part and Timing Information : Time (s): cpu = 00:00:57 ; elapsed = 00:00:59 . Memory (MB): peak = 2208.316 ; gain = 1193.125 ; free physical = 66960 ; free virtual = 175317
---------------------------------------------------------------------------------
---------------------------------------------------------------------------------
Start Applying 'set_property' XDC Constraints
---------------------------------------------------------------------------------
Applied set_property IO_BUFFER_TYPE = NONE for GT_DIFF_REFCLK1_clk_n. (constraint file  /home/wesleyguo/github/vivado/vivado/2000t_c2c_bram/b2000t_c2c_bram/b2000t_c2c_bram.runs/synth_1/.Xil/Vivado-75220-HyperSilicon/dcp_2/b2000t_c2c_bram_aurora_64b66b_0_0_in_context.xdc, line 3).
Applied set_property CLOCK_BUFFER_TYPE = NONE for GT_DIFF_REFCLK1_clk_n. (constraint file  /home/wesleyguo/github/vivado/vivado/2000t_c2c_bram/b2000t_c2c_bram/b2000t_c2c_bram.runs/synth_1/.Xil/Vivado-75220-HyperSilicon/dcp_2/b2000t_c2c_bram_aurora_64b66b_0_0_in_context.xdc, line 4).
Applied set_property IO_BUFFER_TYPE = NONE for GT_DIFF_REFCLK1_clk_p. (constraint file  /home/wesleyguo/github/vivado/vivado/2000t_c2c_bram/b2000t_c2c_bram/b2000t_c2c_bram.runs/synth_1/.Xil/Vivado-75220-HyperSilicon/dcp_2/b2000t_c2c_bram_aurora_64b66b_0_0_in_context.xdc, line 5).
Applied set_property CLOCK_BUFFER_TYPE = NONE for GT_DIFF_REFCLK1_clk_p. (constraint file  /home/wesleyguo/github/vivado/vivado/2000t_c2c_bram/b2000t_c2c_bram/b2000t_c2c_bram.runs/synth_1/.Xil/Vivado-75220-HyperSilicon/dcp_2/b2000t_c2c_bram_aurora_64b66b_0_0_in_context.xdc, line 6).
Applied set_property IO_BUFFER_TYPE = NONE for INIT_DIFF_CLK_clk_n. (constraint file  /home/wesleyguo/github/vivado/vivado/2000t_c2c_bram/b2000t_c2c_bram/b2000t_c2c_bram.runs/synth_1/.Xil/Vivado-75220-HyperSilicon/dcp_2/b2000t_c2c_bram_aurora_64b66b_0_0_in_context.xdc, line 7).
Applied set_property CLOCK_BUFFER_TYPE = NONE for INIT_DIFF_CLK_clk_n. (constraint file  /home/wesleyguo/github/vivado/vivado/2000t_c2c_bram/b2000t_c2c_bram/b2000t_c2c_bram.runs/synth_1/.Xil/Vivado-75220-HyperSilicon/dcp_2/b2000t_c2c_bram_aurora_64b66b_0_0_in_context.xdc, line 8).
Applied set_property IO_BUFFER_TYPE = NONE for INIT_DIFF_CLK_clk_p. (constraint file  /home/wesleyguo/github/vivado/vivado/2000t_c2c_bram/b2000t_c2c_bram/b2000t_c2c_bram.runs/synth_1/.Xil/Vivado-75220-HyperSilicon/dcp_2/b2000t_c2c_bram_aurora_64b66b_0_0_in_context.xdc, line 9).
Applied set_property CLOCK_BUFFER_TYPE = NONE for INIT_DIFF_CLK_clk_p. (constraint file  /home/wesleyguo/github/vivado/vivado/2000t_c2c_bram/b2000t_c2c_bram/b2000t_c2c_bram.runs/synth_1/.Xil/Vivado-75220-HyperSilicon/dcp_2/b2000t_c2c_bram_aurora_64b66b_0_0_in_context.xdc, line 10).
Applied set_property IO_BUFFER_TYPE = NONE for CLK_IN1_D_clk_n. (constraint file  /home/wesleyguo/github/vivado/vivado/2000t_c2c_bram/b2000t_c2c_bram/b2000t_c2c_bram.runs/synth_1/.Xil/Vivado-75220-HyperSilicon/dcp_5/b2000t_c2c_bram_clk_wiz_0_in_context.xdc, line 3).
Applied set_property CLOCK_BUFFER_TYPE = NONE for CLK_IN1_D_clk_n. (constraint file  /home/wesleyguo/github/vivado/vivado/2000t_c2c_bram/b2000t_c2c_bram/b2000t_c2c_bram.runs/synth_1/.Xil/Vivado-75220-HyperSilicon/dcp_5/b2000t_c2c_bram_clk_wiz_0_in_context.xdc, line 4).
Applied set_property IO_BUFFER_TYPE = NONE for CLK_IN1_D_clk_p. (constraint file  /home/wesleyguo/github/vivado/vivado/2000t_c2c_bram/b2000t_c2c_bram/b2000t_c2c_bram.runs/synth_1/.Xil/Vivado-75220-HyperSilicon/dcp_5/b2000t_c2c_bram_clk_wiz_0_in_context.xdc, line 5).
Applied set_property CLOCK_BUFFER_TYPE = NONE for CLK_IN1_D_clk_p. (constraint file  /home/wesleyguo/github/vivado/vivado/2000t_c2c_bram/b2000t_c2c_bram/b2000t_c2c_bram.runs/synth_1/.Xil/Vivado-75220-HyperSilicon/dcp_5/b2000t_c2c_bram_clk_wiz_0_in_context.xdc, line 6).
Applied set_property DONT_TOUCH = true for b2000t_c2c_bram_i. (constraint file  auto generated constraint, line ).
Applied set_property DONT_TOUCH = true for b2000t_c2c_bram_i/aurora_64b66b_0. (constraint file  auto generated constraint, line ).
Applied set_property DONT_TOUCH = true for b2000t_c2c_bram_i/aurora_64b66b_1. (constraint file  auto generated constraint, line ).
Applied set_property DONT_TOUCH = true for b2000t_c2c_bram_i/axi_bram_ctrl_0. (constraint file  auto generated constraint, line ).
Applied set_property DONT_TOUCH = true for b2000t_c2c_bram_i/axi_bram_ctrl_1. (constraint file  auto generated constraint, line ).
Applied set_property DONT_TOUCH = true for b2000t_c2c_bram_i/axi_bram_ctrl_1_bram. (constraint file  auto generated constraint, line ).
Applied set_property DONT_TOUCH = true for b2000t_c2c_bram_i/axi_bram_ctrl_2. (constraint file  auto generated constraint, line ).
Applied set_property DONT_TOUCH = true for b2000t_c2c_bram_i/axi_bram_ctrl_3. (constraint file  auto generated constraint, line ).
Applied set_property DONT_TOUCH = true for b2000t_c2c_bram_i/axi_bram_ctrl_4. (constraint file  auto generated constraint, line ).
Applied set_property DONT_TOUCH = true for b2000t_c2c_bram_i/axi_bram_ctrl_5. (constraint file  auto generated constraint, line ).
Applied set_property DONT_TOUCH = true for b2000t_c2c_bram_i/axi_chip2chip_0. (constraint file  auto generated constraint, line ).
Applied set_property DONT_TOUCH = true for b2000t_c2c_bram_i/axi_chip2chip_1. (constraint file  auto generated constraint, line ).
Applied set_property DONT_TOUCH = true for b2000t_c2c_bram_i/axi_mem_intercon. (constraint file  auto generated constraint, line ).
Applied set_property DONT_TOUCH = true for b2000t_c2c_bram_i/axi_mem_intercon/xbar. (constraint file  auto generated constraint, line ).
Applied set_property DONT_TOUCH = true for b2000t_c2c_bram_i/blk_mem_gen_0. (constraint file  auto generated constraint, line ).
Applied set_property DONT_TOUCH = true for b2000t_c2c_bram_i/clk_wiz. (constraint file  auto generated constraint, line ).
Applied set_property DONT_TOUCH = true for b2000t_c2c_bram_i/dut_0. (constraint file  auto generated constraint, line ).
Applied set_property DONT_TOUCH = true for b2000t_c2c_bram_i/dut_1. (constraint file  auto generated constraint, line ).
Applied set_property DONT_TOUCH = true for b2000t_c2c_bram_i/dut_120_0. (constraint file  auto generated constraint, line ).
Applied set_property DONT_TOUCH = true for b2000t_c2c_bram_i/dut_120_1. (constraint file  auto generated constraint, line ).
Applied set_property DONT_TOUCH = true for b2000t_c2c_bram_i/jack_0. (constraint file  auto generated constraint, line ).
Applied set_property DONT_TOUCH = true for b2000t_c2c_bram_i/jack_1. (constraint file  auto generated constraint, line ).
Applied set_property DONT_TOUCH = true for b2000t_c2c_bram_i/jack_120_0. (constraint file  auto generated constraint, line ).
Applied set_property DONT_TOUCH = true for b2000t_c2c_bram_i/jack_120_1. (constraint file  auto generated constraint, line ).
Applied set_property DONT_TOUCH = true for b2000t_c2c_bram_i/jtag_axi_0. (constraint file  auto generated constraint, line ).
Applied set_property DONT_TOUCH = true for b2000t_c2c_bram_i/rst_clk_wiz_100M. (constraint file  auto generated constraint, line ).
Applied set_property DONT_TOUCH = true for b2000t_c2c_bram_i/system_ila. (constraint file  auto generated constraint, line ).
Applied set_property DONT_TOUCH = true for b2000t_c2c_bram_i/system_ila2. (constraint file  auto generated constraint, line ).
Applied set_property DONT_TOUCH = true for b2000t_c2c_bram_i/vio_0. (constraint file  auto generated constraint, line ).
Applied set_property DONT_TOUCH = true for b2000t_c2c_bram_i/xlconstant_0. (constraint file  auto generated constraint, line ).
---------------------------------------------------------------------------------
Finished applying 'set_property' XDC Constraints : Time (s): cpu = 00:00:58 ; elapsed = 00:00:59 . Memory (MB): peak = 2208.316 ; gain = 1193.125 ; free physical = 66959 ; free virtual = 175315
---------------------------------------------------------------------------------
---------------------------------------------------------------------------------
Finished RTL Optimization Phase 2 : Time (s): cpu = 00:00:58 ; elapsed = 00:00:59 . Memory (MB): peak = 2208.316 ; gain = 1193.125 ; free physical = 66956 ; free virtual = 175313
---------------------------------------------------------------------------------

Report RTL Partitions: 
+-+--------------+------------+----------+
| |RTL Partition |Replication |Instances |
+-+--------------+------------+----------+
+-+--------------+------------+----------+
---------------------------------------------------------------------------------
Start RTL Component Statistics 
---------------------------------------------------------------------------------
Detailed RTL Component Info : 
---------------------------------------------------------------------------------
Finished RTL Component Statistics 
---------------------------------------------------------------------------------
---------------------------------------------------------------------------------
Start RTL Hierarchical Component Statistics 
---------------------------------------------------------------------------------
Hierarchical RTL Component report 
---------------------------------------------------------------------------------
Finished RTL Hierarchical Component Statistics
---------------------------------------------------------------------------------
---------------------------------------------------------------------------------
Start Part Resource Summary
---------------------------------------------------------------------------------
Part Resources:
DSPs: 2160 (col length:60)
BRAMs: 2584 (col length: RAMB18 240 RAMB36 120)
---------------------------------------------------------------------------------
Finished Part Resource Summary
---------------------------------------------------------------------------------
---------------------------------------------------------------------------------
Start Cross Boundary and Area Optimization
---------------------------------------------------------------------------------
WARNING: [Synth 8-3331] design b2000t_c2c_bram_axi_mem_intercon_0 has unconnected port M00_ACLK
WARNING: [Synth 8-3331] design b2000t_c2c_bram_axi_mem_intercon_0 has unconnected port M00_ARESETN
WARNING: [Synth 8-3331] design b2000t_c2c_bram_axi_mem_intercon_0 has unconnected port M01_ACLK
WARNING: [Synth 8-3331] design b2000t_c2c_bram_axi_mem_intercon_0 has unconnected port M01_ARESETN
WARNING: [Synth 8-3331] design b2000t_c2c_bram_axi_mem_intercon_0 has unconnected port M02_ACLK
WARNING: [Synth 8-3331] design b2000t_c2c_bram_axi_mem_intercon_0 has unconnected port M02_ARESETN
WARNING: [Synth 8-3331] design b2000t_c2c_bram_axi_mem_intercon_0 has unconnected port M03_ACLK
WARNING: [Synth 8-3331] design b2000t_c2c_bram_axi_mem_intercon_0 has unconnected port M03_ARESETN
WARNING: [Synth 8-3331] design b2000t_c2c_bram_axi_mem_intercon_0 has unconnected port M04_ACLK
WARNING: [Synth 8-3331] design b2000t_c2c_bram_axi_mem_intercon_0 has unconnected port M04_ARESETN
WARNING: [Synth 8-3331] design b2000t_c2c_bram_axi_mem_intercon_0 has unconnected port M05_ACLK
WARNING: [Synth 8-3331] design b2000t_c2c_bram_axi_mem_intercon_0 has unconnected port M05_ARESETN
WARNING: [Synth 8-3331] design b2000t_c2c_bram_axi_mem_intercon_0 has unconnected port S00_ACLK
WARNING: [Synth 8-3331] design b2000t_c2c_bram_axi_mem_intercon_0 has unconnected port S00_ARESETN
WARNING: [Synth 8-3331] design b2000t_c2c_bram_axi_mem_intercon_0 has unconnected port S01_ACLK
WARNING: [Synth 8-3331] design b2000t_c2c_bram_axi_mem_intercon_0 has unconnected port S01_ARESETN
WARNING: [Synth 8-3331] design b2000t_c2c_bram_axi_mem_intercon_0 has unconnected port S02_ACLK
WARNING: [Synth 8-3331] design b2000t_c2c_bram_axi_mem_intercon_0 has unconnected port S02_ARESETN
---------------------------------------------------------------------------------
Finished Cross Boundary and Area Optimization : Time (s): cpu = 00:00:58 ; elapsed = 00:01:00 . Memory (MB): peak = 2208.316 ; gain = 1193.125 ; free physical = 66951 ; free virtual = 175308
---------------------------------------------------------------------------------

Report RTL Partitions: 
+-+--------------+------------+----------+
| |RTL Partition |Replication |Instances |
+-+--------------+------------+----------+
+-+--------------+------------+----------+
---------------------------------------------------------------------------------
Start Timing Optimization
---------------------------------------------------------------------------------
---------------------------------------------------------------------------------
Start Applying XDC Timing Constraints
---------------------------------------------------------------------------------
INFO: [Synth 8-5578] Moved timing constraint from pin 'b2000t_c2c_bram_i/aurora_64b66b_0/gt_refclk1_out' to pin 'b2000t_c2c_bram_i/aurora_64b66b_0/bbstub_gt_refclk1_out/O'
INFO: [Synth 8-5578] Moved timing constraint from pin 'b2000t_c2c_bram_i/aurora_64b66b_0/init_clk_out' to pin 'b2000t_c2c_bram_i/aurora_64b66b_0/bbstub_init_clk_out/O'
INFO: [Synth 8-5578] Moved timing constraint from pin 'b2000t_c2c_bram_i/axi_bram_ctrl_0/bram_clk_a' to pin 'b2000t_c2c_bram_i/axi_bram_ctrl_0/bbstub_bram_clk_a/O'
INFO: [Synth 8-5578] Moved timing constraint from pin 'b2000t_c2c_bram_i/axi_bram_ctrl_0/bram_clk_b' to pin 'b2000t_c2c_bram_i/axi_bram_ctrl_0/bbstub_bram_clk_b/O'
INFO: [Synth 8-5578] Moved timing constraint from pin 'b2000t_c2c_bram_i/clk_wiz/clk_out1' to pin 'b2000t_c2c_bram_i/clk_wiz/bbstub_clk_out1/O'
INFO: [Synth 8-5578] Moved timing constraint from pin 'b2000t_c2c_bram_i/axi_bram_ctrl_1/bram_clk_a' to pin 'b2000t_c2c_bram_i/axi_bram_ctrl_1/bbstub_bram_clk_a/O'
INFO: [Synth 8-5578] Moved timing constraint from pin 'b2000t_c2c_bram_i/axi_bram_ctrl_1/bram_clk_b' to pin 'b2000t_c2c_bram_i/axi_bram_ctrl_1/bbstub_bram_clk_b/O'
INFO: [Synth 8-5578] Moved timing constraint from pin 'b2000t_c2c_bram_i/axi_bram_ctrl_2/bram_clk_a' to pin 'b2000t_c2c_bram_i/axi_bram_ctrl_2/bbstub_bram_clk_a/O'
INFO: [Synth 8-5578] Moved timing constraint from pin 'b2000t_c2c_bram_i/axi_bram_ctrl_3/bram_clk_a' to pin 'b2000t_c2c_bram_i/axi_bram_ctrl_3/bbstub_bram_clk_a/O'
INFO: [Synth 8-5578] Moved timing constraint from pin 'b2000t_c2c_bram_i/axi_bram_ctrl_4/bram_clk_a' to pin 'b2000t_c2c_bram_i/axi_bram_ctrl_4/bbstub_bram_clk_a/O'
INFO: [Synth 8-5578] Moved timing constraint from pin 'b2000t_c2c_bram_i/axi_bram_ctrl_5/bram_clk_a' to pin 'b2000t_c2c_bram_i/axi_bram_ctrl_5/bbstub_bram_clk_a/O'
WARNING: [Synth 8-565] redefining clock 'CLK_IN1_D_clk_p'
INFO: [Synth 8-5819] Moved 11 constraints on hierarchical pins to their respective driving/loading pins
---------------------------------------------------------------------------------
Finished Applying XDC Timing Constraints : Time (s): cpu = 00:01:06 ; elapsed = 00:01:08 . Memory (MB): peak = 2208.316 ; gain = 1193.125 ; free physical = 66929 ; free virtual = 175286
---------------------------------------------------------------------------------
---------------------------------------------------------------------------------
Finished Timing Optimization : Time (s): cpu = 00:01:07 ; elapsed = 00:01:08 . Memory (MB): peak = 2208.316 ; gain = 1193.125 ; free physical = 66929 ; free virtual = 175285
---------------------------------------------------------------------------------

Report RTL Partitions: 
+-+--------------+------------+----------+
| |RTL Partition |Replication |Instances |
+-+--------------+------------+----------+
+-+--------------+------------+----------+
---------------------------------------------------------------------------------
Start Technology Mapping
---------------------------------------------------------------------------------
---------------------------------------------------------------------------------
Finished Technology Mapping : Time (s): cpu = 00:01:07 ; elapsed = 00:01:08 . Memory (MB): peak = 2208.316 ; gain = 1193.125 ; free physical = 66918 ; free virtual = 175274
---------------------------------------------------------------------------------

Report RTL Partitions: 
+-+--------------+------------+----------+
| |RTL Partition |Replication |Instances |
+-+--------------+------------+----------+
+-+--------------+------------+----------+
---------------------------------------------------------------------------------
Start IO Insertion
---------------------------------------------------------------------------------
---------------------------------------------------------------------------------
Start Flattening Before IO Insertion
---------------------------------------------------------------------------------
---------------------------------------------------------------------------------
Finished Flattening Before IO Insertion
---------------------------------------------------------------------------------
---------------------------------------------------------------------------------
Start Final Netlist Cleanup
---------------------------------------------------------------------------------
---------------------------------------------------------------------------------
Finished Final Netlist Cleanup
---------------------------------------------------------------------------------
---------------------------------------------------------------------------------
Finished IO Insertion : Time (s): cpu = 00:01:07 ; elapsed = 00:01:09 . Memory (MB): peak = 2208.316 ; gain = 1193.125 ; free physical = 66917 ; free virtual = 175273
---------------------------------------------------------------------------------

Report Check Netlist: 
+------+------------------+-------+---------+-------+------------------+
|      |Item              |Errors |Warnings |Status |Description       |
+------+------------------+-------+---------+-------+------------------+
|1     |multi_driven_nets |      0|        0|Passed |Multi driven nets |
+------+------------------+-------+---------+-------+------------------+
---------------------------------------------------------------------------------
Start Renaming Generated Instances
---------------------------------------------------------------------------------
---------------------------------------------------------------------------------
Finished Renaming Generated Instances : Time (s): cpu = 00:01:07 ; elapsed = 00:01:09 . Memory (MB): peak = 2208.316 ; gain = 1193.125 ; free physical = 66917 ; free virtual = 175273
---------------------------------------------------------------------------------

Report RTL Partitions: 
+-+--------------+------------+----------+
| |RTL Partition |Replication |Instances |
+-+--------------+------------+----------+
+-+--------------+------------+----------+
---------------------------------------------------------------------------------
Start Rebuilding User Hierarchy
---------------------------------------------------------------------------------
---------------------------------------------------------------------------------
Finished Rebuilding User Hierarchy : Time (s): cpu = 00:01:07 ; elapsed = 00:01:09 . Memory (MB): peak = 2208.316 ; gain = 1193.125 ; free physical = 66917 ; free virtual = 175273
---------------------------------------------------------------------------------
---------------------------------------------------------------------------------
Start Renaming Generated Ports
---------------------------------------------------------------------------------
---------------------------------------------------------------------------------
Finished Renaming Generated Ports : Time (s): cpu = 00:01:07 ; elapsed = 00:01:09 . Memory (MB): peak = 2208.316 ; gain = 1193.125 ; free physical = 66917 ; free virtual = 175273
---------------------------------------------------------------------------------
---------------------------------------------------------------------------------
Start Handling Custom Attributes
---------------------------------------------------------------------------------
---------------------------------------------------------------------------------
Finished Handling Custom Attributes : Time (s): cpu = 00:01:07 ; elapsed = 00:01:09 . Memory (MB): peak = 2208.316 ; gain = 1193.125 ; free physical = 66917 ; free virtual = 175273
---------------------------------------------------------------------------------
---------------------------------------------------------------------------------
Start Renaming Generated Nets
---------------------------------------------------------------------------------
---------------------------------------------------------------------------------
Finished Renaming Generated Nets : Time (s): cpu = 00:01:07 ; elapsed = 00:01:09 . Memory (MB): peak = 2208.316 ; gain = 1193.125 ; free physical = 66917 ; free virtual = 175273
---------------------------------------------------------------------------------
---------------------------------------------------------------------------------
Start Writing Synthesis Report
---------------------------------------------------------------------------------

Report BlackBoxes: 
+------+---------------------------------------+----------+
|      |BlackBox name                          |Instances |
+------+---------------------------------------+----------+
|1     |b2000t_c2c_bram_aurora_64b66b_0_0      |         1|
|2     |b2000t_c2c_bram_aurora_64b66b_0_1      |         1|
|3     |b2000t_c2c_bram_axi_bram_ctrl_0_0      |         1|
|4     |b2000t_c2c_bram_axi_bram_ctrl_1_0      |         1|
|5     |b2000t_c2c_bram_axi_bram_ctrl_1_bram_1 |         1|
|6     |b2000t_c2c_bram_axi_bram_ctrl_0_1      |         1|
|7     |b2000t_c2c_bram_axi_bram_ctrl_2_0      |         1|
|8     |b2000t_c2c_bram_axi_bram_ctrl_3_0      |         1|
|9     |b2000t_c2c_bram_axi_bram_ctrl_2_1      |         1|
|10    |b2000t_c2c_bram_axi_chip2chip_0_0      |         1|
|11    |b2000t_c2c_bram_axi_chip2chip_0_1      |         1|
|12    |b2000t_c2c_bram_xbar_0                 |         1|
|13    |b2000t_c2c_bram_blk_mem_gen_0_0        |         1|
|14    |b2000t_c2c_bram_clk_wiz_0              |         1|
|15    |b2000t_c2c_bram_dut_0_0                |         1|
|16    |b2000t_c2c_bram_dut_0_1                |         1|
|17    |b2000t_c2c_bram_dut_120_0_0            |         1|
|18    |b2000t_c2c_bram_dut_120_1_0            |         1|
|19    |b2000t_c2c_bram_jack_0_0               |         1|
|20    |b2000t_c2c_bram_jack_0_1               |         1|
|21    |b2000t_c2c_bram_jack_120_0_0           |         1|
|22    |b2000t_c2c_bram_jack_120_0_1           |         1|
|23    |b2000t_c2c_bram_jtag_axi_0_0           |         1|
|24    |b2000t_c2c_bram_rst_clk_wiz_100M_0     |         1|
|25    |b2000t_c2c_bram_system_ila_0           |         1|
|26    |b2000t_c2c_bram_system_ila2_0          |         1|
|27    |b2000t_c2c_bram_vio_0_0                |         1|
|28    |b2000t_c2c_bram_xlconstant_0_0         |         1|
+------+---------------------------------------+----------+

Report Cell Usage: 
+------+---------------------------------------+------+
|      |Cell                                   |Count |
+------+---------------------------------------+------+
|1     |b2000t_c2c_bram_aurora_64b66b_0_0      |     1|
|2     |b2000t_c2c_bram_aurora_64b66b_0_1      |     1|
|3     |b2000t_c2c_bram_axi_bram_ctrl_0_0      |     1|
|4     |b2000t_c2c_bram_axi_bram_ctrl_0_1      |     1|
|5     |b2000t_c2c_bram_axi_bram_ctrl_1_0      |     1|
|6     |b2000t_c2c_bram_axi_bram_ctrl_1_bram_1 |     1|
|7     |b2000t_c2c_bram_axi_bram_ctrl_2_0      |     1|
|8     |b2000t_c2c_bram_axi_bram_ctrl_2_1      |     1|
|9     |b2000t_c2c_bram_axi_bram_ctrl_3_0      |     1|
|10    |b2000t_c2c_bram_axi_chip2chip_0_0      |     1|
|11    |b2000t_c2c_bram_axi_chip2chip_0_1      |     1|
|12    |b2000t_c2c_bram_blk_mem_gen_0_0        |     1|
|13    |b2000t_c2c_bram_clk_wiz_0              |     1|
|14    |b2000t_c2c_bram_dut_0_0                |     1|
|15    |b2000t_c2c_bram_dut_0_1                |     1|
|16    |b2000t_c2c_bram_dut_120_0_0            |     1|
|17    |b2000t_c2c_bram_dut_120_1_0            |     1|
|18    |b2000t_c2c_bram_jack_0_0               |     1|
|19    |b2000t_c2c_bram_jack_0_1               |     1|
|20    |b2000t_c2c_bram_jack_120_0_0           |     1|
|21    |b2000t_c2c_bram_jack_120_0_1           |     1|
|22    |b2000t_c2c_bram_jtag_axi_0_0           |     1|
|23    |b2000t_c2c_bram_rst_clk_wiz_100M_0     |     1|
|24    |b2000t_c2c_bram_system_ila2_0          |     1|
|25    |b2000t_c2c_bram_system_ila_0           |     1|
|26    |b2000t_c2c_bram_vio_0_0                |     1|
|27    |b2000t_c2c_bram_xbar_0                 |     1|
|28    |b2000t_c2c_bram_xlconstant_0_0         |     1|
|29    |IBUF                                   |     5|
|30    |OBUF                                   |     9|
+------+---------------------------------------+------+

Report Instance Areas: 
+------+---------------------+-----------------------------------+------+
|      |Instance             |Module                             |Cells |
+------+---------------------+-----------------------------------+------+
|1     |top                  |                                   |  3939|
|2     |  b2000t_c2c_bram_i  |b2000t_c2c_bram                    |  3925|
|3     |    axi_mem_intercon |b2000t_c2c_bram_axi_mem_intercon_0 |  1272|
+------+---------------------+-----------------------------------+------+
---------------------------------------------------------------------------------
Finished Writing Synthesis Report : Time (s): cpu = 00:01:07 ; elapsed = 00:01:09 . Memory (MB): peak = 2208.316 ; gain = 1193.125 ; free physical = 66917 ; free virtual = 175273
---------------------------------------------------------------------------------
Synthesis finished with 0 errors, 0 critical warnings and 19 warnings.
Synthesis Optimization Runtime : Time (s): cpu = 00:00:20 ; elapsed = 00:00:20 . Memory (MB): peak = 2208.316 ; gain = 105.473 ; free physical = 66916 ; free virtual = 175273
Synthesis Optimization Complete : Time (s): cpu = 00:01:07 ; elapsed = 00:01:09 . Memory (MB): peak = 2208.316 ; gain = 1193.125 ; free physical = 66917 ; free virtual = 175274
INFO: [Project 1-571] Translating synthesized netlist
INFO: [Netlist 29-17] Analyzing 5 Unisim elements for replacement
INFO: [Netlist 29-28] Unisim Transformation completed in 0 CPU seconds
INFO: [Project 1-570] Preparing netlist for logic optimization
INFO: [Opt 31-138] Pushed 0 inverter(s) to 0 load pin(s).
INFO: [Project 1-111] Unisim Transformation Summary:
No Unisim elements were transformed.

INFO: [Common 17-83] Releasing license: Synthesis
112 Infos, 104 Warnings, 0 Critical Warnings and 0 Errors encountered.
synth_design completed successfully
synth_design: Time (s): cpu = 00:00:56 ; elapsed = 00:00:57 . Memory (MB): peak = 2208.316 ; gain = 938.316 ; free physical = 66893 ; free virtual = 175250
INFO: [Common 17-600] The following parameters have non-default value.
tcl.collectionResultDisplayLimit
INFO: [Common 17-1381] The checkpoint '/home/wesleyguo/github/vivado/vivado/2000t_c2c_bram/b2000t_c2c_bram/b2000t_c2c_bram.runs/synth_1/b2000t_c2c_bram_wrapper.dcp' has been generated.
report_utilization: Time (s): cpu = 00:00:00.12 ; elapsed = 00:00:00.17 . Memory (MB): peak = 2208.316 ; gain = 0.000 ; free physical = 66889 ; free virtual = 175246
INFO: [Common 17-206] Exiting Vivado at Wed Jun 28 18:04:58 2017...
