
*** Running vivado
    with args -log b2000t_c2c_bram_vio_0_0.vds -m64 -product Vivado -mode batch -messageDb vivado.pb -notrace -source b2000t_c2c_bram_vio_0_0.tcl


****** Vivado v2016.4 (64-bit)
  **** SW Build 1733598 on Wed Dec 14 22:35:42 MST 2016
  **** IP Build 1731160 on Wed Dec 14 23:47:21 MST 2016
    ** Copyright 1986-2016 Xilinx, Inc. All Rights Reserved.

source b2000t_c2c_bram_vio_0_0.tcl -notrace
Starting RTL Elaboration : Time (s): cpu = 00:00:10 ; elapsed = 00:00:10 . Memory (MB): peak = 1233.188 ; gain = 218.000 ; free physical = 95615 ; free virtual = 198098
INFO: [Synth 8-638] synthesizing module 'b2000t_c2c_bram_vio_0_0' [/home/wesleyguo/github/vivado/vivado/2000t_c2c_bram/b2000t_c2c_bram/b2000t_c2c_bram.srcs/sources_1/bd/b2000t_c2c_bram/ip/b2000t_c2c_bram_vio_0_0/synth/b2000t_c2c_bram_vio_0_0.v:59]
INFO: [Synth 8-256] done synthesizing module 'b2000t_c2c_bram_vio_0_0' (8#1) [/home/wesleyguo/github/vivado/vivado/2000t_c2c_bram/b2000t_c2c_bram/b2000t_c2c_bram.srcs/sources_1/bd/b2000t_c2c_bram/ip/b2000t_c2c_bram_vio_0_0/synth/b2000t_c2c_bram_vio_0_0.v:59]
Finished RTL Elaboration : Time (s): cpu = 00:00:15 ; elapsed = 00:00:15 . Memory (MB): peak = 1356.660 ; gain = 341.473 ; free physical = 95177 ; free virtual = 197661
Finished RTL Optimization Phase 1 : Time (s): cpu = 00:00:15 ; elapsed = 00:00:15 . Memory (MB): peak = 1356.660 ; gain = 341.473 ; free physical = 95176 ; free virtual = 197661
INFO: [Device 21-403] Loading part xc7v2000tflg1925-1
Constraint Validation Runtime : Time (s): cpu = 00:00:00.01 ; elapsed = 00:00:00.01 . Memory (MB): peak = 2069.180 ; gain = 0.004 ; free physical = 93478 ; free virtual = 195963
Finished Constraint Validation : Time (s): cpu = 00:00:51 ; elapsed = 00:00:52 . Memory (MB): peak = 2069.180 ; gain = 1053.992 ; free physical = 93351 ; free virtual = 195836
Finished Loading Part and Timing Information : Time (s): cpu = 00:00:51 ; elapsed = 00:00:52 . Memory (MB): peak = 2069.180 ; gain = 1053.992 ; free physical = 93351 ; free virtual = 195836
Finished applying 'set_property' XDC Constraints : Time (s): cpu = 00:00:51 ; elapsed = 00:00:52 . Memory (MB): peak = 2069.180 ; gain = 1053.992 ; free physical = 93351 ; free virtual = 195836
Finished RTL Optimization Phase 2 : Time (s): cpu = 00:00:51 ; elapsed = 00:00:52 . Memory (MB): peak = 2069.180 ; gain = 1053.992 ; free physical = 93351 ; free virtual = 195836
Finished Cross Boundary and Area Optimization : Time (s): cpu = 00:00:52 ; elapsed = 00:00:53 . Memory (MB): peak = 2069.180 ; gain = 1053.992 ; free physical = 93350 ; free virtual = 195835
Finished Applying XDC Timing Constraints : Time (s): cpu = 00:01:00 ; elapsed = 00:01:01 . Memory (MB): peak = 2069.180 ; gain = 1053.992 ; free physical = 93297 ; free virtual = 195782
Finished Timing Optimization : Time (s): cpu = 00:01:00 ; elapsed = 00:01:01 . Memory (MB): peak = 2069.180 ; gain = 1053.992 ; free physical = 93297 ; free virtual = 195782
Finished Technology Mapping : Time (s): cpu = 00:01:00 ; elapsed = 00:01:01 . Memory (MB): peak = 2069.180 ; gain = 1053.992 ; free physical = 93297 ; free virtual = 195782
Finished IO Insertion : Time (s): cpu = 00:01:00 ; elapsed = 00:01:02 . Memory (MB): peak = 2069.180 ; gain = 1053.992 ; free physical = 93297 ; free virtual = 195782
Finished Renaming Generated Instances : Time (s): cpu = 00:01:00 ; elapsed = 00:01:02 . Memory (MB): peak = 2069.180 ; gain = 1053.992 ; free physical = 93297 ; free virtual = 195782
Finished Rebuilding User Hierarchy : Time (s): cpu = 00:01:00 ; elapsed = 00:01:02 . Memory (MB): peak = 2069.180 ; gain = 1053.992 ; free physical = 93297 ; free virtual = 195782
Finished Renaming Generated Ports : Time (s): cpu = 00:01:00 ; elapsed = 00:01:02 . Memory (MB): peak = 2069.180 ; gain = 1053.992 ; free physical = 93297 ; free virtual = 195782
Finished Handling Custom Attributes : Time (s): cpu = 00:01:00 ; elapsed = 00:01:02 . Memory (MB): peak = 2069.180 ; gain = 1053.992 ; free physical = 93297 ; free virtual = 195782
Finished Renaming Generated Nets : Time (s): cpu = 00:01:00 ; elapsed = 00:01:02 . Memory (MB): peak = 2069.180 ; gain = 1053.992 ; free physical = 93297 ; free virtual = 195782

Report Cell Usage: 
+------+-----+------+
|      |Cell |Count |
+------+-----+------+
|1     |LUT1 |     1|
|2     |LUT2 |     5|
|3     |LUT3 |    29|
|4     |LUT4 |    11|
|5     |LUT5 |    11|
|6     |LUT6 |    25|
|7     |FDRE |   137|
|8     |FDSE |     7|
+------+-----+------+
Finished Writing Synthesis Report : Time (s): cpu = 00:01:00 ; elapsed = 00:01:02 . Memory (MB): peak = 2069.180 ; gain = 1053.992 ; free physical = 93297 ; free virtual = 195782
synth_design: Time (s): cpu = 00:01:00 ; elapsed = 00:01:00 . Memory (MB): peak = 2069.180 ; gain = 958.488 ; free physical = 93201 ; free virtual = 195686
