
*** Running vivado
    with args -log b2000t_c2c_bram_axi_chip2chip_0_0.vds -m64 -product Vivado -mode batch -messageDb vivado.pb -notrace -source b2000t_c2c_bram_axi_chip2chip_0_0.tcl


****** Vivado v2016.4 (64-bit)
  **** SW Build 1733598 on Wed Dec 14 22:35:42 MST 2016
  **** IP Build 1731160 on Wed Dec 14 23:47:21 MST 2016
    ** Copyright 1986-2016 Xilinx, Inc. All Rights Reserved.

source b2000t_c2c_bram_axi_chip2chip_0_0.tcl -notrace
Starting RTL Elaboration : Time (s): cpu = 00:00:15 ; elapsed = 00:00:16 . Memory (MB): peak = 1240.188 ; gain = 225.000 ; free physical = 82415 ; free virtual = 192257
INFO: [Synth 8-638] synthesizing module 'b2000t_c2c_bram_axi_chip2chip_0_0' [/home/wesleyguo/github/vivado/vivado/2000t_c2c_bram/b2000t_c2c_bram/b2000t_c2c_bram.srcs/sources_1/bd/b2000t_c2c_bram/ip/b2000t_c2c_bram_axi_chip2chip_0_0/synth/b2000t_c2c_bram_axi_chip2chip_0_0.v:58]
INFO: [Synth 8-256] done synthesizing module 'b2000t_c2c_bram_axi_chip2chip_0_0' (47#1) [/home/wesleyguo/github/vivado/vivado/2000t_c2c_bram/b2000t_c2c_bram/b2000t_c2c_bram.srcs/sources_1/bd/b2000t_c2c_bram/ip/b2000t_c2c_bram_axi_chip2chip_0_0/synth/b2000t_c2c_bram_axi_chip2chip_0_0.v:58]
Finished RTL Elaboration : Time (s): cpu = 00:03:10 ; elapsed = 00:03:11 . Memory (MB): peak = 1486.434 ; gain = 471.246 ; free physical = 87645 ; free virtual = 197531
Finished RTL Optimization Phase 1 : Time (s): cpu = 00:03:10 ; elapsed = 00:03:11 . Memory (MB): peak = 1486.434 ; gain = 471.246 ; free physical = 87644 ; free virtual = 197530
INFO: [Device 21-403] Loading part xc7v2000tflg1925-1
Constraint Validation Runtime : Time (s): cpu = 00:00:00.07 ; elapsed = 00:00:00.04 . Memory (MB): peak = 2120.477 ; gain = 0.004 ; free physical = 87144 ; free virtual = 197030
Finished Constraint Validation : Time (s): cpu = 00:03:50 ; elapsed = 00:03:52 . Memory (MB): peak = 2120.477 ; gain = 1105.289 ; free physical = 87143 ; free virtual = 197029
Finished Loading Part and Timing Information : Time (s): cpu = 00:03:50 ; elapsed = 00:03:52 . Memory (MB): peak = 2120.477 ; gain = 1105.289 ; free physical = 87143 ; free virtual = 197029
Finished applying 'set_property' XDC Constraints : Time (s): cpu = 00:03:50 ; elapsed = 00:03:52 . Memory (MB): peak = 2120.477 ; gain = 1105.289 ; free physical = 87143 ; free virtual = 197029
Finished RTL Optimization Phase 2 : Time (s): cpu = 00:03:53 ; elapsed = 00:03:55 . Memory (MB): peak = 2120.477 ; gain = 1105.289 ; free physical = 87140 ; free virtual = 197026
Finished Cross Boundary and Area Optimization : Time (s): cpu = 00:04:05 ; elapsed = 00:04:07 . Memory (MB): peak = 2120.477 ; gain = 1105.289 ; free physical = 87105 ; free virtual = 196991
---------------------------------------------------------------------------------
Start ROM, RAM, DSP and Shift Register Reporting
---------------------------------------------------------------------------------

Distributed RAM: Preliminary Mapping  Report (see note below)
+----------------------+----------------------------------------------------------------------------------------------------------------------------------------------------------------------------------+----------------+----------------------+---------------+
|Module Name           | RTL Object                                                                                                                                                                       | Inference      | Size (Depth x Width) | Primitives    | 
+----------------------+----------------------------------------------------------------------------------------------------------------------------------------------------------------------------------+----------------+----------------------+---------------+
|axi_chip2chip_v4_2_11 | slave_fpga_gen.axi_chip2chip_slave_inst/axi_chip2chip_b_fifo_inst/axi_chip2chip_async_fifo_inst/U0/inst_fifo_gen/gconvfifo.rf/grf.rf/gntv_or_sync_fifo.mem/gdm.dm_gen.dm/RAM_reg | User Attribute | 256 x 9              | RAM64M x 12   | 
+----------------------+----------------------------------------------------------------------------------------------------------------------------------------------------------------------------------+----------------+----------------------+---------------+

Note: The table above is a preliminary report that shows the Distributed RAMs at the current stage of the synthesis flow. Some Distributed RAMs may be reimplemented as non Distributed RAM primitives later in the synthesis flow. Multiple instantiated RAMs are reported only once.
---------------------------------------------------------------------------------
Finished ROM, RAM, DSP and Shift Register Reporting
---------------------------------------------------------------------------------
Finished Applying XDC Timing Constraints : Time (s): cpu = 00:04:13 ; elapsed = 00:04:15 . Memory (MB): peak = 2120.477 ; gain = 1105.289 ; free physical = 87067 ; free virtual = 196953
Finished Timing Optimization : Time (s): cpu = 00:04:14 ; elapsed = 00:04:16 . Memory (MB): peak = 2120.477 ; gain = 1105.289 ; free physical = 87064 ; free virtual = 196950
Finished Technology Mapping : Time (s): cpu = 00:04:15 ; elapsed = 00:04:17 . Memory (MB): peak = 2130.797 ; gain = 1115.609 ; free physical = 87031 ; free virtual = 196917
Finished IO Insertion : Time (s): cpu = 00:04:15 ; elapsed = 00:04:17 . Memory (MB): peak = 2130.801 ; gain = 1115.613 ; free physical = 87032 ; free virtual = 196917
Finished Renaming Generated Instances : Time (s): cpu = 00:04:15 ; elapsed = 00:04:17 . Memory (MB): peak = 2130.801 ; gain = 1115.613 ; free physical = 87032 ; free virtual = 196917
Finished Rebuilding User Hierarchy : Time (s): cpu = 00:04:16 ; elapsed = 00:04:18 . Memory (MB): peak = 2130.801 ; gain = 1115.613 ; free physical = 87032 ; free virtual = 196917
Finished Renaming Generated Ports : Time (s): cpu = 00:04:16 ; elapsed = 00:04:18 . Memory (MB): peak = 2130.801 ; gain = 1115.613 ; free physical = 87032 ; free virtual = 196917
Finished Handling Custom Attributes : Time (s): cpu = 00:04:16 ; elapsed = 00:04:18 . Memory (MB): peak = 2130.801 ; gain = 1115.613 ; free physical = 87032 ; free virtual = 196917
Finished Renaming Generated Nets : Time (s): cpu = 00:04:16 ; elapsed = 00:04:18 . Memory (MB): peak = 2130.801 ; gain = 1115.613 ; free physical = 87032 ; free virtual = 196917

Report Cell Usage: 
+------+---------+------+
|      |Cell     |Count |
+------+---------+------+
|1     |CARRY4   |    26|
|2     |LUT1     |    42|
|3     |LUT2     |   198|
|4     |LUT3     |   225|
|5     |LUT4     |   177|
|6     |LUT5     |   118|
|7     |LUT6     |   243|
|8     |MUXCY    |    40|
|9     |RAM64M   |    12|
|10    |RAMB36E1 |     4|
|11    |SRLC32E  |     4|
|12    |FDCE     |   512|
|13    |FDPE     |   128|
|14    |FDRE     |  1252|
|15    |FDSE     |    31|
+------+---------+------+
Finished Writing Synthesis Report : Time (s): cpu = 00:04:16 ; elapsed = 00:04:18 . Memory (MB): peak = 2130.801 ; gain = 1115.613 ; free physical = 87032 ; free virtual = 196917
get_clocks: Time (s): cpu = 00:00:17 ; elapsed = 00:00:17 . Memory (MB): peak = 2873.547 ; gain = 655.730 ; free physical = 86430 ; free virtual = 196315
synth_design: Time (s): cpu = 00:04:32 ; elapsed = 00:04:34 . Memory (MB): peak = 2876.547 ; gain = 1750.855 ; free physical = 86427 ; free virtual = 196312
